-- Selecting Windows SDK version 10.0.19041.0 to target Windows 10.0.19045.
-- The C compiler identification is MSVC 19.29.30154.0
-- The CXX compiler identification is MSVC 19.29.30154.0
-- Detecting C compiler ABI info
-- Detecting C compiler ABI info - done
-- Check for working C compiler: C:/Program Files (x86)/Microsoft Visual Studio/2019/BuildTools/VC/Tools/MSVC/14.29.30133/bin/Hostx64/x64/cl.exe - skipped
-- Detecting C compile features
-- Detecting C compile features - done
-- Detecting CXX compiler ABI info
-- Detecting CXX compiler ABI info - done
-- Check for working CXX compiler: C:/Program Files (x86)/Microsoft Visual Studio/2019/BuildTools/VC/Tools/MSVC/14.29.30133/bin/Hostx64/x64/cl.exe - skipped
-- Detecting CXX compile features
-- Detecting CXX compile features - done
CMake Error at CMakeLists.txt:19 (find_package):
  By not providing "Findament_cmake.cmake" in CMAKE_MODULE_PATH this project
  has asked CMake to find a package configuration file provided by
  "ament_cmake", but CMake did not find one.

  Could not find a package configuration file provided by "ament_cmake" with
  any of the following names:

    ament_cmakeConfig.cmake
    ament_cmake-config.cmake

  Add the installation prefix of "ament_cmake" to CMAKE_PREFIX_PATH or set
  "ament_cmake_DIR" to a directory containing one of the above files.  If
  "ament_cmake" provides a separate development package or SDK, be sure it
  has been installed.


-- Configuring incomplete, errors occurred!
See also "C:/Users/SSAFY/Desktop/git_clone/S11P21B209/ROS2/build/ssafy_msgs/CMakeFiles/CMakeOutput.log".
