[1.359s] Invoking command in 'C:\Users\SSAFY\Desktop\git_clone\S11P21B209\ROS2\src\my_package': PYTHONPATH=C:\Users\SSAFY\Desktop\git_clone\S11P21B209\ROS2\build\my_package\prefix_override;c:\python37\lib\site-packages\colcon_core\task\python\colcon_distutils_commands;C:\Users\SSAFY\Desktop\git_clone\S11P21B209\ROS2\install\my_package\Lib\site-packages;%PYTHONPATH% installDir=%installDir%
IntelliJ IDEA Community Edition=C:\Program Files\JetBrains\IntelliJ IDEA Community Edition 2024.2\bin; c:\python37\python.exe -W ignore:setup.py install is deprecated setup.py egg_info --egg-base ..\..\build\my_package build --build-base C:\Users\SSAFY\Desktop\git_clone\S11P21B209\ROS2\build\my_package\build install --record C:\Users\SSAFY\Desktop\git_clone\S11P21B209\ROS2\build\my_package\install.log --install-scripts $base/lib/my_package --single-version-externally-managed install_data
[1.641s] running egg_info
[1.656s] writing ..\..\build\my_package\my_package.egg-info\PKG-INFO
[1.656s] writing dependency_links to ..\..\build\my_package\my_package.egg-info\dependency_links.txt
[1.656s] writing entry points to ..\..\build\my_package\my_package.egg-info\entry_points.txt
[1.656s] writing requirements to ..\..\build\my_package\my_package.egg-info\requires.txt
[1.656s] writing top-level names to ..\..\build\my_package\my_package.egg-info\top_level.txt
[1.688s] reading manifest file '..\..\build\my_package\my_package.egg-info\SOURCES.txt'
[1.688s] writing manifest file '..\..\build\my_package\my_package.egg-info\SOURCES.txt'
[1.688s] running build
[1.688s] running build_py
[1.688s] copying my_package\a_star.py -> C:\Users\SSAFY\Desktop\git_clone\S11P21B209\ROS2\build\my_package\build\lib\my_package
[1.688s] copying my_package\a_star_local_path.py -> C:\Users\SSAFY\Desktop\git_clone\S11P21B209\ROS2\build\my_package\build\lib\my_package
[1.688s] copying my_package\data_socket.py -> C:\Users\SSAFY\Desktop\git_clone\S11P21B209\ROS2\build\my_package\build\lib\my_package
[1.688s] copying my_package\follow_the_carrot.py -> C:\Users\SSAFY\Desktop\git_clone\S11P21B209\ROS2\build\my_package\build\lib\my_package
[1.688s] copying my_package\load_map.py -> C:\Users\SSAFY\Desktop\git_clone\S11P21B209\ROS2\build\my_package\build\lib\my_package
[1.703s] copying my_package\my_node.py -> C:\Users\SSAFY\Desktop\git_clone\S11P21B209\ROS2\build\my_package\build\lib\my_package
[1.703s] copying my_package\odometry.py -> C:\Users\SSAFY\Desktop\git_clone\S11P21B209\ROS2\build\my_package\build\lib\my_package
[1.703s] copying my_package\path_publisher.py -> C:\Users\SSAFY\Desktop\git_clone\S11P21B209\ROS2\build\my_package\build\lib\my_package
[1.703s] copying my_package\publisher_member_function.py -> C:\Users\SSAFY\Desktop\git_clone\S11P21B209\ROS2\build\my_package\build\lib\my_package
[1.703s] copying my_package\run_localization.py -> C:\Users\SSAFY\Desktop\git_clone\S11P21B209\ROS2\build\my_package\build\lib\my_package
[1.703s] copying my_package\run_mapping.py -> C:\Users\SSAFY\Desktop\git_clone\S11P21B209\ROS2\build\my_package\build\lib\my_package
[1.703s] copying my_package\subscriber_member_function.py -> C:\Users\SSAFY\Desktop\git_clone\S11P21B209\ROS2\build\my_package\build\lib\my_package
[1.703s] copying my_package\utils.py -> C:\Users\SSAFY\Desktop\git_clone\S11P21B209\ROS2\build\my_package\build\lib\my_package
[1.703s] copying my_package\__init__.py -> C:\Users\SSAFY\Desktop\git_clone\S11P21B209\ROS2\build\my_package\build\lib\my_package
[1.703s] running install
[1.703s] running install_lib
[1.719s] copying C:\Users\SSAFY\Desktop\git_clone\S11P21B209\ROS2\build\my_package\build\lib\my_package\a_star.py -> C:\Users\SSAFY\Desktop\git_clone\S11P21B209\ROS2\install\my_package\Lib\site-packages\my_package
[1.719s] copying C:\Users\SSAFY\Desktop\git_clone\S11P21B209\ROS2\build\my_package\build\lib\my_package\a_star_local_path.py -> C:\Users\SSAFY\Desktop\git_clone\S11P21B209\ROS2\install\my_package\Lib\site-packages\my_package
[1.719s] copying C:\Users\SSAFY\Desktop\git_clone\S11P21B209\ROS2\build\my_package\build\lib\my_package\data_socket.py -> C:\Users\SSAFY\Desktop\git_clone\S11P21B209\ROS2\install\my_package\Lib\site-packages\my_package
[1.719s] copying C:\Users\SSAFY\Desktop\git_clone\S11P21B209\ROS2\build\my_package\build\lib\my_package\follow_the_carrot.py -> C:\Users\SSAFY\Desktop\git_clone\S11P21B209\ROS2\install\my_package\Lib\site-packages\my_package
[1.734s] copying C:\Users\SSAFY\Desktop\git_clone\S11P21B209\ROS2\build\my_package\build\lib\my_package\load_map.py -> C:\Users\SSAFY\Desktop\git_clone\S11P21B209\ROS2\install\my_package\Lib\site-packages\my_package
[1.734s] copying C:\Users\SSAFY\Desktop\git_clone\S11P21B209\ROS2\build\my_package\build\lib\my_package\my_node.py -> C:\Users\SSAFY\Desktop\git_clone\S11P21B209\ROS2\install\my_package\Lib\site-packages\my_package
[1.734s] copying C:\Users\SSAFY\Desktop\git_clone\S11P21B209\ROS2\build\my_package\build\lib\my_package\odometry.py -> C:\Users\SSAFY\Desktop\git_clone\S11P21B209\ROS2\install\my_package\Lib\site-packages\my_package
[1.734s] copying C:\Users\SSAFY\Desktop\git_clone\S11P21B209\ROS2\build\my_package\build\lib\my_package\path_publisher.py -> C:\Users\SSAFY\Desktop\git_clone\S11P21B209\ROS2\install\my_package\Lib\site-packages\my_package
[1.734s] copying C:\Users\SSAFY\Desktop\git_clone\S11P21B209\ROS2\build\my_package\build\lib\my_package\publisher_member_function.py -> C:\Users\SSAFY\Desktop\git_clone\S11P21B209\ROS2\install\my_package\Lib\site-packages\my_package
[1.734s] copying C:\Users\SSAFY\Desktop\git_clone\S11P21B209\ROS2\build\my_package\build\lib\my_package\run_localization.py -> C:\Users\SSAFY\Desktop\git_clone\S11P21B209\ROS2\install\my_package\Lib\site-packages\my_package
[1.734s] copying C:\Users\SSAFY\Desktop\git_clone\S11P21B209\ROS2\build\my_package\build\lib\my_package\run_mapping.py -> C:\Users\SSAFY\Desktop\git_clone\S11P21B209\ROS2\install\my_package\Lib\site-packages\my_package
[1.734s] copying C:\Users\SSAFY\Desktop\git_clone\S11P21B209\ROS2\build\my_package\build\lib\my_package\subscriber_member_function.py -> C:\Users\SSAFY\Desktop\git_clone\S11P21B209\ROS2\install\my_package\Lib\site-packages\my_package
[1.734s] copying C:\Users\SSAFY\Desktop\git_clone\S11P21B209\ROS2\build\my_package\build\lib\my_package\utils.py -> C:\Users\SSAFY\Desktop\git_clone\S11P21B209\ROS2\install\my_package\Lib\site-packages\my_package
[1.734s] copying C:\Users\SSAFY\Desktop\git_clone\S11P21B209\ROS2\build\my_package\build\lib\my_package\__init__.py -> C:\Users\SSAFY\Desktop\git_clone\S11P21B209\ROS2\install\my_package\Lib\site-packages\my_package
[1.750s] byte-compiling C:\Users\SSAFY\Desktop\git_clone\S11P21B209\ROS2\install\my_package\Lib\site-packages\my_package\a_star.py to a_star.cpython-37.pyc
[1.750s] byte-compiling C:\Users\SSAFY\Desktop\git_clone\S11P21B209\ROS2\install\my_package\Lib\site-packages\my_package\a_star_local_path.py to a_star_local_path.cpython-37.pyc
[1.750s] byte-compiling C:\Users\SSAFY\Desktop\git_clone\S11P21B209\ROS2\install\my_package\Lib\site-packages\my_package\data_socket.py to data_socket.cpython-37.pyc
[1.750s] byte-compiling C:\Users\SSAFY\Desktop\git_clone\S11P21B209\ROS2\install\my_package\Lib\site-packages\my_package\follow_the_carrot.py to follow_the_carrot.cpython-37.pyc
[1.750s] byte-compiling C:\Users\SSAFY\Desktop\git_clone\S11P21B209\ROS2\install\my_package\Lib\site-packages\my_package\load_map.py to load_map.cpython-37.pyc
[1.750s] byte-compiling C:\Users\SSAFY\Desktop\git_clone\S11P21B209\ROS2\install\my_package\Lib\site-packages\my_package\my_node.py to my_node.cpython-37.pyc
[1.750s] byte-compiling C:\Users\SSAFY\Desktop\git_clone\S11P21B209\ROS2\install\my_package\Lib\site-packages\my_package\odometry.py to odometry.cpython-37.pyc
[1.750s] byte-compiling C:\Users\SSAFY\Desktop\git_clone\S11P21B209\ROS2\install\my_package\Lib\site-packages\my_package\path_publisher.py to path_publisher.cpython-37.pyc
[1.766s] byte-compiling C:\Users\SSAFY\Desktop\git_clone\S11P21B209\ROS2\install\my_package\Lib\site-packages\my_package\publisher_member_function.py to publisher_member_function.cpython-37.pyc
[1.766s] byte-compiling C:\Users\SSAFY\Desktop\git_clone\S11P21B209\ROS2\install\my_package\Lib\site-packages\my_package\run_localization.py to run_localization.cpython-37.pyc
[1.766s] byte-compiling C:\Users\SSAFY\Desktop\git_clone\S11P21B209\ROS2\install\my_package\Lib\site-packages\my_package\run_mapping.py to run_mapping.cpython-37.pyc
[1.766s] byte-compiling C:\Users\SSAFY\Desktop\git_clone\S11P21B209\ROS2\install\my_package\Lib\site-packages\my_package\subscriber_member_function.py to subscriber_member_function.cpython-37.pyc
[1.766s] byte-compiling C:\Users\SSAFY\Desktop\git_clone\S11P21B209\ROS2\install\my_package\Lib\site-packages\my_package\utils.py to utils.cpython-37.pyc
[1.766s] byte-compiling C:\Users\SSAFY\Desktop\git_clone\S11P21B209\ROS2\install\my_package\Lib\site-packages\my_package\__init__.py to __init__.cpython-37.pyc
[1.766s] running install_data
[1.766s] copying resource\my_package -> C:\Users\SSAFY\Desktop\git_clone\S11P21B209\ROS2\install\my_package\share\ament_index\resource_index\packages
[1.766s] copying package.xml -> C:\Users\SSAFY\Desktop\git_clone\S11P21B209\ROS2\install\my_package\share\my_package
[1.766s] running install_egg_info
[1.797s] removing 'C:\Users\SSAFY\Desktop\git_clone\S11P21B209\ROS2\install\my_package\Lib\site-packages\my_package-0.0.0-py3.7.egg-info' (and everything under it)
[1.797s] Copying ..\..\build\my_package\my_package.egg-info to C:\Users\SSAFY\Desktop\git_clone\S11P21B209\ROS2\install\my_package\Lib\site-packages\my_package-0.0.0-py3.7.egg-info
[1.797s] running install_scripts
[1.969s] Installing a_star_global-script.py script to C:\Users\SSAFY\Desktop\git_clone\S11P21B209\ROS2\install\my_package\lib\my_package
[1.969s] Installing a_star_global.exe script to C:\Users\SSAFY\Desktop\git_clone\S11P21B209\ROS2\install\my_package\lib\my_package
[1.969s] Installing a_star_local-script.py script to C:\Users\SSAFY\Desktop\git_clone\S11P21B209\ROS2\install\my_package\lib\my_package
[1.969s] Installing a_star_local.exe script to C:\Users\SSAFY\Desktop\git_clone\S11P21B209\ROS2\install\my_package\lib\my_package
[1.969s] Installing ftc-script.py script to C:\Users\SSAFY\Desktop\git_clone\S11P21B209\ROS2\install\my_package\lib\my_package
[1.969s] Installing ftc.exe script to C:\Users\SSAFY\Desktop\git_clone\S11P21B209\ROS2\install\my_package\lib\my_package
[1.969s] Installing listner-script.py script to C:\Users\SSAFY\Desktop\git_clone\S11P21B209\ROS2\install\my_package\lib\my_package
[1.969s] Installing listner.exe script to C:\Users\SSAFY\Desktop\git_clone\S11P21B209\ROS2\install\my_package\lib\my_package
[1.969s] Installing load_map-script.py script to C:\Users\SSAFY\Desktop\git_clone\S11P21B209\ROS2\install\my_package\lib\my_package
[1.969s] Installing load_map.exe script to C:\Users\SSAFY\Desktop\git_clone\S11P21B209\ROS2\install\my_package\lib\my_package
[1.969s] Installing mapping-script.py script to C:\Users\SSAFY\Desktop\git_clone\S11P21B209\ROS2\install\my_package\lib\my_package
[1.969s] Installing mapping.exe script to C:\Users\SSAFY\Desktop\git_clone\S11P21B209\ROS2\install\my_package\lib\my_package
[1.969s] Installing my_node-script.py script to C:\Users\SSAFY\Desktop\git_clone\S11P21B209\ROS2\install\my_package\lib\my_package
[1.969s] Installing my_node.exe script to C:\Users\SSAFY\Desktop\git_clone\S11P21B209\ROS2\install\my_package\lib\my_package
[1.969s] Installing odom-script.py script to C:\Users\SSAFY\Desktop\git_clone\S11P21B209\ROS2\install\my_package\lib\my_package
[1.969s] Installing odom.exe script to C:\Users\SSAFY\Desktop\git_clone\S11P21B209\ROS2\install\my_package\lib\my_package
[1.969s] Installing talker-script.py script to C:\Users\SSAFY\Desktop\git_clone\S11P21B209\ROS2\install\my_package\lib\my_package
[1.969s] Installing talker.exe script to C:\Users\SSAFY\Desktop\git_clone\S11P21B209\ROS2\install\my_package\lib\my_package
[1.969s] writing list of installed files to 'C:\Users\SSAFY\Desktop\git_clone\S11P21B209\ROS2\build\my_package\install.log'
[1.969s] c:\python37\lib\site-packages\setuptools\dist.py:745: SetuptoolsDeprecationWarning: Invalid dash-separated options
[1.969s] !!
[1.969s] 
[1.969s]         ********************************************************************************
[1.969s]         Usage of dash-separated 'script-dir' will not be supported in future
[1.969s]         versions. Please use the underscore name 'script_dir' instead.
[1.969s] 
[1.969s]         This deprecation is overdue, please update your project and remove deprecated
[1.969s]         calls to avoid build errors in the future.
[1.969s] 
[1.969s]         See https://setuptools.pypa.io/en/latest/userguide/declarative_config.html for details.
[1.969s]         ********************************************************************************
[1.969s] 
[1.969s] !!
[1.969s]   opt = self.warn_dash_deprecation(opt, section)
[1.969s] Invoked command in 'C:\Users\SSAFY\Desktop\git_clone\S11P21B209\ROS2\src\my_package' returned '0': PYTHONPATH=C:\Users\SSAFY\Desktop\git_clone\S11P21B209\ROS2\build\my_package\prefix_override;c:\python37\lib\site-packages\colcon_core\task\python\colcon_distutils_commands;C:\Users\SSAFY\Desktop\git_clone\S11P21B209\ROS2\install\my_package\Lib\site-packages;%PYTHONPATH% installDir=%installDir%
IntelliJ IDEA Community Edition=C:\Program Files\JetBrains\IntelliJ IDEA Community Edition 2024.2\bin; c:\python37\python.exe -W ignore:setup.py install is deprecated setup.py egg_info --egg-base ..\..\build\my_package build --build-base C:\Users\SSAFY\Desktop\git_clone\S11P21B209\ROS2\build\my_package\build install --record C:\Users\SSAFY\Desktop\git_clone\S11P21B209\ROS2\build\my_package\install.log --install-scripts $base/lib/my_package --single-version-externally-managed install_data
