[1.110s] Invoking command in 'C:\Users\SSAFY\Desktop\git_clone\S11P21B209\ROS2\src\ssafy_bridge': PYTHONPATH=C:\Users\SSAFY\Desktop\git_clone\S11P21B209\ROS2\build\ssafy_bridge\prefix_override;c:\python37\lib\site-packages\colcon_core\task\python\colcon_distutils_commands;C:\Users\SSAFY\Desktop\git_clone\S11P21B209\ROS2\install\ssafy_bridge\Lib\site-packages;%PYTHONPATH% installDir=%installDir%
IntelliJ IDEA Community Edition=C:\Program Files\JetBrains\IntelliJ IDEA Community Edition 2024.2\bin; c:\python37\python.exe -W ignore:setup.py install is deprecated setup.py egg_info --egg-base ..\..\build\ssafy_bridge build --build-base C:\Users\SSAFY\Desktop\git_clone\S11P21B209\ROS2\build\ssafy_bridge\build install --record C:\Users\SSAFY\Desktop\git_clone\S11P21B209\ROS2\build\ssafy_bridge\install.log --install-scripts $base/lib/ssafy_bridge --single-version-externally-managed install_data
[1.375s] running egg_info
[1.391s] writing ..\..\build\ssafy_bridge\ssafy_bridge.egg-info\PKG-INFO
[1.391s] writing dependency_links to ..\..\build\ssafy_bridge\ssafy_bridge.egg-info\dependency_links.txt
[1.391s] writing entry points to ..\..\build\ssafy_bridge\ssafy_bridge.egg-info\entry_points.txt
[1.391s] writing requirements to ..\..\build\ssafy_bridge\ssafy_bridge.egg-info\requires.txt
[1.391s] writing top-level names to ..\..\build\ssafy_bridge\ssafy_bridge.egg-info\top_level.txt
[1.422s] reading manifest file '..\..\build\ssafy_bridge\ssafy_bridge.egg-info\SOURCES.txt'
[1.438s] writing manifest file '..\..\build\ssafy_bridge\ssafy_bridge.egg-info\SOURCES.txt'
[1.438s] running build
[1.438s] running build_py
[1.438s] running install
[1.438s] running install_lib
[1.453s] running install_data
[1.453s] running install_egg_info
[1.469s] removing 'C:\Users\SSAFY\Desktop\git_clone\S11P21B209\ROS2\install\ssafy_bridge\Lib\site-packages\ssafy_bridge-0.0.0-py3.7.egg-info' (and everything under it)
[1.469s] Copying ..\..\build\ssafy_bridge\ssafy_bridge.egg-info to C:\Users\SSAFY\Desktop\git_clone\S11P21B209\ROS2\install\ssafy_bridge\Lib\site-packages\ssafy_bridge-0.0.0-py3.7.egg-info
[1.469s] running install_scripts
[1.610s] Installing cam_viewer-script.py script to C:\Users\SSAFY\Desktop\git_clone\S11P21B209\ROS2\install\ssafy_bridge\lib\ssafy_bridge
[1.610s] Installing cam_viewer.exe script to C:\Users\SSAFY\Desktop\git_clone\S11P21B209\ROS2\install\ssafy_bridge\lib\ssafy_bridge
[1.610s] Installing sub_to_udp-script.py script to C:\Users\SSAFY\Desktop\git_clone\S11P21B209\ROS2\install\ssafy_bridge\lib\ssafy_bridge
[1.610s] Installing sub_to_udp.exe script to C:\Users\SSAFY\Desktop\git_clone\S11P21B209\ROS2\install\ssafy_bridge\lib\ssafy_bridge
[1.610s] Installing udp_to_cam-script.py script to C:\Users\SSAFY\Desktop\git_clone\S11P21B209\ROS2\install\ssafy_bridge\lib\ssafy_bridge
[1.610s] Installing udp_to_cam.exe script to C:\Users\SSAFY\Desktop\git_clone\S11P21B209\ROS2\install\ssafy_bridge\lib\ssafy_bridge
[1.610s] Installing udp_to_laser-script.py script to C:\Users\SSAFY\Desktop\git_clone\S11P21B209\ROS2\install\ssafy_bridge\lib\ssafy_bridge
[1.610s] Installing udp_to_laser.exe script to C:\Users\SSAFY\Desktop\git_clone\S11P21B209\ROS2\install\ssafy_bridge\lib\ssafy_bridge
[1.610s] Installing udp_to_pub-script.py script to C:\Users\SSAFY\Desktop\git_clone\S11P21B209\ROS2\install\ssafy_bridge\lib\ssafy_bridge
[1.625s] Installing udp_to_pub.exe script to C:\Users\SSAFY\Desktop\git_clone\S11P21B209\ROS2\install\ssafy_bridge\lib\ssafy_bridge
[1.625s] writing list of installed files to 'C:\Users\SSAFY\Desktop\git_clone\S11P21B209\ROS2\build\ssafy_bridge\install.log'
[1.625s] c:\python37\lib\site-packages\setuptools\dist.py:745: SetuptoolsDeprecationWarning: Invalid dash-separated options
[1.625s] !!
[1.625s] 
[1.625s]         ********************************************************************************
[1.625s]         Usage of dash-separated 'script-dir' will not be supported in future
[1.625s]         versions. Please use the underscore name 'script_dir' instead.
[1.625s] 
[1.625s]         This deprecation is overdue, please update your project and remove deprecated
[1.625s]         calls to avoid build errors in the future.
[1.625s] 
[1.625s]         See https://setuptools.pypa.io/en/latest/userguide/declarative_config.html for details.
[1.625s]         ********************************************************************************
[1.625s] 
[1.625s] !!
[1.625s]   opt = self.warn_dash_deprecation(opt, section)
[1.625s] Invoked command in 'C:\Users\SSAFY\Desktop\git_clone\S11P21B209\ROS2\src\ssafy_bridge' returned '0': PYTHONPATH=C:\Users\SSAFY\Desktop\git_clone\S11P21B209\ROS2\build\ssafy_bridge\prefix_override;c:\python37\lib\site-packages\colcon_core\task\python\colcon_distutils_commands;C:\Users\SSAFY\Desktop\git_clone\S11P21B209\ROS2\install\ssafy_bridge\Lib\site-packages;%PYTHONPATH% installDir=%installDir%
IntelliJ IDEA Community Edition=C:\Program Files\JetBrains\IntelliJ IDEA Community Edition 2024.2\bin; c:\python37\python.exe -W ignore:setup.py install is deprecated setup.py egg_info --egg-base ..\..\build\ssafy_bridge build --build-base C:\Users\SSAFY\Desktop\git_clone\S11P21B209\ROS2\build\ssafy_bridge\build install --record C:\Users\SSAFY\Desktop\git_clone\S11P21B209\ROS2\build\ssafy_bridge\install.log --install-scripts $base/lib/ssafy_bridge --single-version-externally-managed install_data
