[1.328s] Invoking command in 'C:\Users\SSAFY\Desktop\catkin_ws\src\my_package': PYTHONPATH=C:\Users\SSAFY\Desktop\catkin_ws\build\my_package\prefix_override;c:\python37\lib\site-packages\colcon_core\task\python\colcon_distutils_commands;C:\Users\SSAFY\Desktop\catkin_ws\install\my_package\Lib\site-packages;%PYTHONPATH% installDir=%installDir%
IntelliJ IDEA=C:\Program Files\JetBrains\IntelliJ IDEA 2024.1.4\bin;
IntelliJ IDEA Community Edition=C:\Program Files\JetBrains\IntelliJ IDEA Community Edition 2024.1.4\bin; c:\python37\python.exe -W ignore:setup.py install is deprecated setup.py egg_info --egg-base ..\..\build\my_package build --build-base C:\Users\SSAFY\Desktop\catkin_ws\build\my_package\build install --record C:\Users\SSAFY\Desktop\catkin_ws\build\my_package\install.log --install-scripts $base/lib/my_package --single-version-externally-managed install_data
[1.625s] running egg_info
[1.625s] creating ..\..\build\my_package\my_package.egg-info
[1.625s] writing ..\..\build\my_package\my_package.egg-info\PKG-INFO
[1.625s] writing dependency_links to ..\..\build\my_package\my_package.egg-info\dependency_links.txt
[1.625s] writing entry points to ..\..\build\my_package\my_package.egg-info\entry_points.txt
[1.641s] writing requirements to ..\..\build\my_package\my_package.egg-info\requires.txt
[1.641s] writing top-level names to ..\..\build\my_package\my_package.egg-info\top_level.txt
[1.641s] writing manifest file '..\..\build\my_package\my_package.egg-info\SOURCES.txt'
[1.657s] reading manifest file '..\..\build\my_package\my_package.egg-info\SOURCES.txt'
[1.657s] writing manifest file '..\..\build\my_package\my_package.egg-info\SOURCES.txt'
[1.657s] running build
[1.657s] running build_py
[1.657s] creating C:\Users\SSAFY\Desktop\catkin_ws\build\my_package\build
[1.657s] creating C:\Users\SSAFY\Desktop\catkin_ws\build\my_package\build\lib
[1.657s] creating C:\Users\SSAFY\Desktop\catkin_ws\build\my_package\build\lib\my_package
[1.657s] copying my_package\a_star.py -> C:\Users\SSAFY\Desktop\catkin_ws\build\my_package\build\lib\my_package
[1.657s] copying my_package\follow_the_carrot.py -> C:\Users\SSAFY\Desktop\catkin_ws\build\my_package\build\lib\my_package
[1.657s] copying my_package\load_map.py -> C:\Users\SSAFY\Desktop\catkin_ws\build\my_package\build\lib\my_package
[1.657s] copying my_package\my_node.py -> C:\Users\SSAFY\Desktop\catkin_ws\build\my_package\build\lib\my_package
[1.657s] copying my_package\odometry.py -> C:\Users\SSAFY\Desktop\catkin_ws\build\my_package\build\lib\my_package
[1.657s] copying my_package\path_publisher.py -> C:\Users\SSAFY\Desktop\catkin_ws\build\my_package\build\lib\my_package
[1.657s] copying my_package\publisher_member_function.py -> C:\Users\SSAFY\Desktop\catkin_ws\build\my_package\build\lib\my_package
[1.657s] copying my_package\subscriber_member_function.py -> C:\Users\SSAFY\Desktop\catkin_ws\build\my_package\build\lib\my_package
[1.657s] copying my_package\__init__.py -> C:\Users\SSAFY\Desktop\catkin_ws\build\my_package\build\lib\my_package
[1.657s] running install
[1.657s] running install_lib
[1.657s] creating C:\Users\SSAFY\Desktop\catkin_ws\install\my_package\Lib\site-packages\my_package
[1.657s] copying C:\Users\SSAFY\Desktop\catkin_ws\build\my_package\build\lib\my_package\a_star.py -> C:\Users\SSAFY\Desktop\catkin_ws\install\my_package\Lib\site-packages\my_package
[1.672s] copying C:\Users\SSAFY\Desktop\catkin_ws\build\my_package\build\lib\my_package\follow_the_carrot.py -> C:\Users\SSAFY\Desktop\catkin_ws\install\my_package\Lib\site-packages\my_package
[1.672s] copying C:\Users\SSAFY\Desktop\catkin_ws\build\my_package\build\lib\my_package\load_map.py -> C:\Users\SSAFY\Desktop\catkin_ws\install\my_package\Lib\site-packages\my_package
[1.672s] copying C:\Users\SSAFY\Desktop\catkin_ws\build\my_package\build\lib\my_package\my_node.py -> C:\Users\SSAFY\Desktop\catkin_ws\install\my_package\Lib\site-packages\my_package
[1.672s] copying C:\Users\SSAFY\Desktop\catkin_ws\build\my_package\build\lib\my_package\odometry.py -> C:\Users\SSAFY\Desktop\catkin_ws\install\my_package\Lib\site-packages\my_package
[1.672s] copying C:\Users\SSAFY\Desktop\catkin_ws\build\my_package\build\lib\my_package\path_publisher.py -> C:\Users\SSAFY\Desktop\catkin_ws\install\my_package\Lib\site-packages\my_package
[1.672s] copying C:\Users\SSAFY\Desktop\catkin_ws\build\my_package\build\lib\my_package\publisher_member_function.py -> C:\Users\SSAFY\Desktop\catkin_ws\install\my_package\Lib\site-packages\my_package
[1.672s] copying C:\Users\SSAFY\Desktop\catkin_ws\build\my_package\build\lib\my_package\subscriber_member_function.py -> C:\Users\SSAFY\Desktop\catkin_ws\install\my_package\Lib\site-packages\my_package
[1.672s] copying C:\Users\SSAFY\Desktop\catkin_ws\build\my_package\build\lib\my_package\__init__.py -> C:\Users\SSAFY\Desktop\catkin_ws\install\my_package\Lib\site-packages\my_package
[1.672s] byte-compiling C:\Users\SSAFY\Desktop\catkin_ws\install\my_package\Lib\site-packages\my_package\a_star.py to a_star.cpython-37.pyc
[1.688s] byte-compiling C:\Users\SSAFY\Desktop\catkin_ws\install\my_package\Lib\site-packages\my_package\follow_the_carrot.py to follow_the_carrot.cpython-37.pyc
[1.688s] byte-compiling C:\Users\SSAFY\Desktop\catkin_ws\install\my_package\Lib\site-packages\my_package\load_map.py to load_map.cpython-37.pyc
[1.688s] byte-compiling C:\Users\SSAFY\Desktop\catkin_ws\install\my_package\Lib\site-packages\my_package\my_node.py to my_node.cpython-37.pyc
[1.688s] byte-compiling C:\Users\SSAFY\Desktop\catkin_ws\install\my_package\Lib\site-packages\my_package\odometry.py to odometry.cpython-37.pyc
[1.688s] byte-compiling C:\Users\SSAFY\Desktop\catkin_ws\install\my_package\Lib\site-packages\my_package\path_publisher.py to path_publisher.cpython-37.pyc
[1.703s] byte-compiling C:\Users\SSAFY\Desktop\catkin_ws\install\my_package\Lib\site-packages\my_package\publisher_member_function.py to publisher_member_function.cpython-37.pyc
[1.703s] byte-compiling C:\Users\SSAFY\Desktop\catkin_ws\install\my_package\Lib\site-packages\my_package\subscriber_member_function.py to subscriber_member_function.cpython-37.pyc
[1.703s] byte-compiling C:\Users\SSAFY\Desktop\catkin_ws\install\my_package\Lib\site-packages\my_package\__init__.py to __init__.cpython-37.pyc
[1.703s] running install_data
[1.703s] creating C:\Users\SSAFY\Desktop\catkin_ws\install\my_package\share\ament_index
[1.703s] creating C:\Users\SSAFY\Desktop\catkin_ws\install\my_package\share\ament_index\resource_index
[1.703s] creating C:\Users\SSAFY\Desktop\catkin_ws\install\my_package\share\ament_index\resource_index\packages
[1.703s] copying resource\my_package -> C:\Users\SSAFY\Desktop\catkin_ws\install\my_package\share\ament_index\resource_index\packages
[1.703s] copying package.xml -> C:\Users\SSAFY\Desktop\catkin_ws\install\my_package\share\my_package
[1.703s] running install_egg_info
[1.703s] Copying ..\..\build\my_package\my_package.egg-info to C:\Users\SSAFY\Desktop\catkin_ws\install\my_package\Lib\site-packages\my_package-0.0.0-py3.7.egg-info
[1.719s] running install_scripts
[1.735s] Installing a_star-script.py script to C:\Users\SSAFY\Desktop\catkin_ws\install\my_package\lib\my_package
[1.735s] Installing a_star.exe script to C:\Users\SSAFY\Desktop\catkin_ws\install\my_package\lib\my_package
[1.735s] Installing ftc-script.py script to C:\Users\SSAFY\Desktop\catkin_ws\install\my_package\lib\my_package
[1.735s] Installing ftc.exe script to C:\Users\SSAFY\Desktop\catkin_ws\install\my_package\lib\my_package
[1.735s] Installing listner-script.py script to C:\Users\SSAFY\Desktop\catkin_ws\install\my_package\lib\my_package
[1.735s] Installing listner.exe script to C:\Users\SSAFY\Desktop\catkin_ws\install\my_package\lib\my_package
[1.735s] Installing load_map-script.py script to C:\Users\SSAFY\Desktop\catkin_ws\install\my_package\lib\my_package
[1.735s] Installing load_map.exe script to C:\Users\SSAFY\Desktop\catkin_ws\install\my_package\lib\my_package
[1.735s] Installing my_node-script.py script to C:\Users\SSAFY\Desktop\catkin_ws\install\my_package\lib\my_package
[1.735s] Installing my_node.exe script to C:\Users\SSAFY\Desktop\catkin_ws\install\my_package\lib\my_package
[1.735s] Installing odom-script.py script to C:\Users\SSAFY\Desktop\catkin_ws\install\my_package\lib\my_package
[1.735s] Installing odom.exe script to C:\Users\SSAFY\Desktop\catkin_ws\install\my_package\lib\my_package
[1.735s] Installing talker-script.py script to C:\Users\SSAFY\Desktop\catkin_ws\install\my_package\lib\my_package
[1.750s] Installing talker.exe script to C:\Users\SSAFY\Desktop\catkin_ws\install\my_package\lib\my_package
[1.750s] writing list of installed files to 'C:\Users\SSAFY\Desktop\catkin_ws\build\my_package\install.log'
[1.782s] Invoked command in 'C:\Users\SSAFY\Desktop\catkin_ws\src\my_package' returned '0': PYTHONPATH=C:\Users\SSAFY\Desktop\catkin_ws\build\my_package\prefix_override;c:\python37\lib\site-packages\colcon_core\task\python\colcon_distutils_commands;C:\Users\SSAFY\Desktop\catkin_ws\install\my_package\Lib\site-packages;%PYTHONPATH% installDir=%installDir%
IntelliJ IDEA=C:\Program Files\JetBrains\IntelliJ IDEA 2024.1.4\bin;
IntelliJ IDEA Community Edition=C:\Program Files\JetBrains\IntelliJ IDEA Community Edition 2024.1.4\bin; c:\python37\python.exe -W ignore:setup.py install is deprecated setup.py egg_info --egg-base ..\..\build\my_package build --build-base C:\Users\SSAFY\Desktop\catkin_ws\build\my_package\build install --record C:\Users\SSAFY\Desktop\catkin_ws\build\my_package\install.log --install-scripts $base/lib/my_package --single-version-externally-managed install_data
