[1.641s] Invoking command in 'C:\Users\SSAFY\Desktop\catkin_ws\src\my_package': PYTHONPATH=C:\Users\SSAFY\Desktop\catkin_ws\build\my_package\prefix_override;c:\python37\lib\site-packages\colcon_core\task\python\colcon_distutils_commands;C:\Users\SSAFY\Desktop\catkin_ws\install\my_package\Lib\site-packages;%PYTHONPATH% installDir=%installDir%
IntelliJ IDEA=C:\Program Files\JetBrains\IntelliJ IDEA 2024.1.4\bin;
IntelliJ IDEA Community Edition=C:\Program Files\JetBrains\IntelliJ IDEA Community Edition 2024.1.4\bin; c:\python37\python.exe -W ignore:setup.py install is deprecated setup.py egg_info --egg-base ..\..\build\my_package build --build-base C:\Users\SSAFY\Desktop\catkin_ws\build\my_package\build install --record C:\Users\SSAFY\Desktop\catkin_ws\build\my_package\install.log --install-scripts $base/lib/my_package --single-version-externally-managed install_data
[1.969s] running egg_info
[1.969s] writing ..\..\build\my_package\my_package.egg-info\PKG-INFO
[1.969s] writing dependency_links to ..\..\build\my_package\my_package.egg-info\dependency_links.txt
[1.969s] writing entry points to ..\..\build\my_package\my_package.egg-info\entry_points.txt
[1.969s] writing requirements to ..\..\build\my_package\my_package.egg-info\requires.txt
[1.969s] writing top-level names to ..\..\build\my_package\my_package.egg-info\top_level.txt
[1.985s] reading manifest file '..\..\build\my_package\my_package.egg-info\SOURCES.txt'
[1.985s] writing manifest file '..\..\build\my_package\my_package.egg-info\SOURCES.txt'
[1.985s] running build
[1.985s] running build_py
[1.985s] running install
[1.985s] running install_lib
[2.000s] running install_data
[2.000s] running install_egg_info
[2.000s] removing 'C:\Users\SSAFY\Desktop\catkin_ws\install\my_package\Lib\site-packages\my_package-0.0.0-py3.7.egg-info' (and everything under it)
[2.000s] Copying ..\..\build\my_package\my_package.egg-info to C:\Users\SSAFY\Desktop\catkin_ws\install\my_package\Lib\site-packages\my_package-0.0.0-py3.7.egg-info
[2.016s] running install_scripts
[2.031s] Installing a_star-script.py script to C:\Users\SSAFY\Desktop\catkin_ws\install\my_package\lib\my_package
[2.031s] Installing a_star.exe script to C:\Users\SSAFY\Desktop\catkin_ws\install\my_package\lib\my_package
[2.031s] Installing ftc-script.py script to C:\Users\SSAFY\Desktop\catkin_ws\install\my_package\lib\my_package
[2.031s] Installing ftc.exe script to C:\Users\SSAFY\Desktop\catkin_ws\install\my_package\lib\my_package
[2.031s] Installing listner-script.py script to C:\Users\SSAFY\Desktop\catkin_ws\install\my_package\lib\my_package
[2.031s] Installing listner.exe script to C:\Users\SSAFY\Desktop\catkin_ws\install\my_package\lib\my_package
[2.031s] Installing load_map-script.py script to C:\Users\SSAFY\Desktop\catkin_ws\install\my_package\lib\my_package
[2.031s] Installing load_map.exe script to C:\Users\SSAFY\Desktop\catkin_ws\install\my_package\lib\my_package
[2.031s] Installing my_node-script.py script to C:\Users\SSAFY\Desktop\catkin_ws\install\my_package\lib\my_package
[2.047s] Installing my_node.exe script to C:\Users\SSAFY\Desktop\catkin_ws\install\my_package\lib\my_package
[2.047s] Installing odom-script.py script to C:\Users\SSAFY\Desktop\catkin_ws\install\my_package\lib\my_package
[2.047s] Installing odom.exe script to C:\Users\SSAFY\Desktop\catkin_ws\install\my_package\lib\my_package
[2.047s] Installing talker-script.py script to C:\Users\SSAFY\Desktop\catkin_ws\install\my_package\lib\my_package
[2.047s] Installing talker.exe script to C:\Users\SSAFY\Desktop\catkin_ws\install\my_package\lib\my_package
[2.047s] writing list of installed files to 'C:\Users\SSAFY\Desktop\catkin_ws\build\my_package\install.log'
[2.094s] Invoked command in 'C:\Users\SSAFY\Desktop\catkin_ws\src\my_package' returned '0': PYTHONPATH=C:\Users\SSAFY\Desktop\catkin_ws\build\my_package\prefix_override;c:\python37\lib\site-packages\colcon_core\task\python\colcon_distutils_commands;C:\Users\SSAFY\Desktop\catkin_ws\install\my_package\Lib\site-packages;%PYTHONPATH% installDir=%installDir%
IntelliJ IDEA=C:\Program Files\JetBrains\IntelliJ IDEA 2024.1.4\bin;
IntelliJ IDEA Community Edition=C:\Program Files\JetBrains\IntelliJ IDEA Community Edition 2024.1.4\bin; c:\python37\python.exe -W ignore:setup.py install is deprecated setup.py egg_info --egg-base ..\..\build\my_package build --build-base C:\Users\SSAFY\Desktop\catkin_ws\build\my_package\build install --record C:\Users\SSAFY\Desktop\catkin_ws\build\my_package\install.log --install-scripts $base/lib/my_package --single-version-externally-managed install_data
