[1.641s] Invoking command in 'C:\Users\SSAFY\Desktop\catkin_ws\src\my_package': PYTHONPATH=C:\Users\SSAFY\Desktop\catkin_ws\build\my_package\prefix_override;c:\python37\lib\site-packages\colcon_core\task\python\colcon_distutils_commands;C:\Users\SSAFY\Desktop\catkin_ws\install\my_package\Lib\site-packages;%PYTHONPATH% installDir=%installDir%
IntelliJ IDEA=C:\Program Files\JetBrains\IntelliJ IDEA 2024.1.4\bin;
IntelliJ IDEA Community Edition=C:\Program Files\JetBrains\IntelliJ IDEA Community Edition 2024.1.4\bin; c:\python37\python.exe -W ignore:setup.py install is deprecated setup.py egg_info --egg-base ..\..\build\my_package build --build-base C:\Users\SSAFY\Desktop\catkin_ws\build\my_package\build install --record C:\Users\SSAFY\Desktop\catkin_ws\build\my_package\install.log --install-scripts $base/lib/my_package --single-version-externally-managed install_data
[1.938s] running egg_info
[1.938s] writing ..\..\build\my_package\my_package.egg-info\PKG-INFO
[1.938s] writing dependency_links to ..\..\build\my_package\my_package.egg-info\dependency_links.txt
[1.938s] writing entry points to ..\..\build\my_package\my_package.egg-info\entry_points.txt
[1.938s] writing requirements to ..\..\build\my_package\my_package.egg-info\requires.txt
[1.938s] writing top-level names to ..\..\build\my_package\my_package.egg-info\top_level.txt
[1.953s] reading manifest file '..\..\build\my_package\my_package.egg-info\SOURCES.txt'
[1.969s] writing manifest file '..\..\build\my_package\my_package.egg-info\SOURCES.txt'
[1.969s] running build
[1.969s] running build_py
[1.969s] copying my_package\run_mapping.py -> C:\Users\SSAFY\Desktop\catkin_ws\build\my_package\build\lib\my_package
[1.969s] running install
[1.969s] running install_lib
[1.969s] copying C:\Users\SSAFY\Desktop\catkin_ws\build\my_package\build\lib\my_package\run_mapping.py -> C:\Users\SSAFY\Desktop\catkin_ws\install\my_package\Lib\site-packages\my_package
[1.984s] byte-compiling C:\Users\SSAFY\Desktop\catkin_ws\install\my_package\Lib\site-packages\my_package\run_mapping.py to run_mapping.cpython-37.pyc
[1.984s] running install_data
[1.984s] running install_egg_info
[1.984s] removing 'C:\Users\SSAFY\Desktop\catkin_ws\install\my_package\Lib\site-packages\my_package-0.0.0-py3.7.egg-info' (and everything under it)
[2.000s] Copying ..\..\build\my_package\my_package.egg-info to C:\Users\SSAFY\Desktop\catkin_ws\install\my_package\Lib\site-packages\my_package-0.0.0-py3.7.egg-info
[2.000s] running install_scripts
[2.016s] Installing a_star_global-script.py script to C:\Users\SSAFY\Desktop\catkin_ws\install\my_package\lib\my_package
[2.016s] Installing a_star_global.exe script to C:\Users\SSAFY\Desktop\catkin_ws\install\my_package\lib\my_package
[2.016s] Installing a_star_local-script.py script to C:\Users\SSAFY\Desktop\catkin_ws\install\my_package\lib\my_package
[2.031s] Installing a_star_local.exe script to C:\Users\SSAFY\Desktop\catkin_ws\install\my_package\lib\my_package
[2.031s] Installing ftc-script.py script to C:\Users\SSAFY\Desktop\catkin_ws\install\my_package\lib\my_package
[2.031s] Installing ftc.exe script to C:\Users\SSAFY\Desktop\catkin_ws\install\my_package\lib\my_package
[2.031s] Installing listner-script.py script to C:\Users\SSAFY\Desktop\catkin_ws\install\my_package\lib\my_package
[2.031s] Installing listner.exe script to C:\Users\SSAFY\Desktop\catkin_ws\install\my_package\lib\my_package
[2.031s] Installing load_map-script.py script to C:\Users\SSAFY\Desktop\catkin_ws\install\my_package\lib\my_package
[2.031s] Installing load_map.exe script to C:\Users\SSAFY\Desktop\catkin_ws\install\my_package\lib\my_package
[2.031s] Installing my_node-script.py script to C:\Users\SSAFY\Desktop\catkin_ws\install\my_package\lib\my_package
[2.031s] Installing my_node.exe script to C:\Users\SSAFY\Desktop\catkin_ws\install\my_package\lib\my_package
[2.031s] Installing odom-script.py script to C:\Users\SSAFY\Desktop\catkin_ws\install\my_package\lib\my_package
[2.031s] Installing odom.exe script to C:\Users\SSAFY\Desktop\catkin_ws\install\my_package\lib\my_package
[2.031s] Installing talker-script.py script to C:\Users\SSAFY\Desktop\catkin_ws\install\my_package\lib\my_package
[2.031s] Installing talker.exe script to C:\Users\SSAFY\Desktop\catkin_ws\install\my_package\lib\my_package
[2.031s] writing list of installed files to 'C:\Users\SSAFY\Desktop\catkin_ws\build\my_package\install.log'
[2.031s]   File "C:\Users\SSAFY\Desktop\catkin_ws\install\my_package\Lib\site-packages\my_package\run_mapping.py", line 99
[2.031s]     self.map[avail_y[:-1], avail_x[:-1]] = line_iter[]
[2.031s]                                                      ^
[2.031s] SyntaxError: invalid syntax
[2.031s] 
[2.078s] Invoked command in 'C:\Users\SSAFY\Desktop\catkin_ws\src\my_package' returned '0': PYTHONPATH=C:\Users\SSAFY\Desktop\catkin_ws\build\my_package\prefix_override;c:\python37\lib\site-packages\colcon_core\task\python\colcon_distutils_commands;C:\Users\SSAFY\Desktop\catkin_ws\install\my_package\Lib\site-packages;%PYTHONPATH% installDir=%installDir%
IntelliJ IDEA=C:\Program Files\JetBrains\IntelliJ IDEA 2024.1.4\bin;
IntelliJ IDEA Community Edition=C:\Program Files\JetBrains\IntelliJ IDEA Community Edition 2024.1.4\bin; c:\python37\python.exe -W ignore:setup.py install is deprecated setup.py egg_info --egg-base ..\..\build\my_package build --build-base C:\Users\SSAFY\Desktop\catkin_ws\build\my_package\build install --record C:\Users\SSAFY\Desktop\catkin_ws\build\my_package\install.log --install-scripts $base/lib/my_package --single-version-externally-managed install_data
