C:\Users\SSAFY\Desktop\catkin_ws\install\my_package\Lib\site-packages\my_package\a_star.py
C:\Users\SSAFY\Desktop\catkin_ws\install\my_package\Lib\site-packages\my_package\a_star_local_path.py
C:\Users\SSAFY\Desktop\catkin_ws\install\my_package\Lib\site-packages\my_package\follow_the_carrot.py
C:\Users\SSAFY\Desktop\catkin_ws\install\my_package\Lib\site-packages\my_package\load_map.py
C:\Users\SSAFY\Desktop\catkin_ws\install\my_package\Lib\site-packages\my_package\my_node.py
C:\Users\SSAFY\Desktop\catkin_ws\install\my_package\Lib\site-packages\my_package\odometry.py
C:\Users\SSAFY\Desktop\catkin_ws\install\my_package\Lib\site-packages\my_package\path_publisher.py
C:\Users\SSAFY\Desktop\catkin_ws\install\my_package\Lib\site-packages\my_package\publisher_member_function.py
C:\Users\SSAFY\Desktop\catkin_ws\install\my_package\Lib\site-packages\my_package\run_localization.py
C:\Users\SSAFY\Desktop\catkin_ws\install\my_package\Lib\site-packages\my_package\run_mapping.py
C:\Users\SSAFY\Desktop\catkin_ws\install\my_package\Lib\site-packages\my_package\subscriber_member_function.py
C:\Users\SSAFY\Desktop\catkin_ws\install\my_package\Lib\site-packages\my_package\utils.py
C:\Users\SSAFY\Desktop\catkin_ws\install\my_package\Lib\site-packages\my_package\__init__.py
C:\Users\SSAFY\Desktop\catkin_ws\install\my_package\Lib\site-packages\my_package\__pycache__\a_star.cpython-37.pyc
C:\Users\SSAFY\Desktop\catkin_ws\install\my_package\Lib\site-packages\my_package\__pycache__\a_star_local_path.cpython-37.pyc
C:\Users\SSAFY\Desktop\catkin_ws\install\my_package\Lib\site-packages\my_package\__pycache__\follow_the_carrot.cpython-37.pyc
C:\Users\SSAFY\Desktop\catkin_ws\install\my_package\Lib\site-packages\my_package\__pycache__\load_map.cpython-37.pyc
C:\Users\SSAFY\Desktop\catkin_ws\install\my_package\Lib\site-packages\my_package\__pycache__\my_node.cpython-37.pyc
C:\Users\SSAFY\Desktop\catkin_ws\install\my_package\Lib\site-packages\my_package\__pycache__\odometry.cpython-37.pyc
C:\Users\SSAFY\Desktop\catkin_ws\install\my_package\Lib\site-packages\my_package\__pycache__\path_publisher.cpython-37.pyc
C:\Users\SSAFY\Desktop\catkin_ws\install\my_package\Lib\site-packages\my_package\__pycache__\publisher_member_function.cpython-37.pyc
C:\Users\SSAFY\Desktop\catkin_ws\install\my_package\Lib\site-packages\my_package\__pycache__\run_localization.cpython-37.pyc
C:\Users\SSAFY\Desktop\catkin_ws\install\my_package\Lib\site-packages\my_package\__pycache__\run_mapping.cpython-37.pyc
C:\Users\SSAFY\Desktop\catkin_ws\install\my_package\Lib\site-packages\my_package\__pycache__\subscriber_member_function.cpython-37.pyc
C:\Users\SSAFY\Desktop\catkin_ws\install\my_package\Lib\site-packages\my_package\__pycache__\utils.cpython-37.pyc
C:\Users\SSAFY\Desktop\catkin_ws\install\my_package\Lib\site-packages\my_package\__pycache__\__init__.cpython-37.pyc
C:\Users\SSAFY\Desktop\catkin_ws\install\my_package\share\ament_index\resource_index\packages\my_package
C:\Users\SSAFY\Desktop\catkin_ws\install\my_package\share\my_package\package.xml
C:\Users\SSAFY\Desktop\catkin_ws\install\my_package\Lib\site-packages\my_package-0.0.0-py3.7.egg-info\dependency_links.txt
C:\Users\SSAFY\Desktop\catkin_ws\install\my_package\Lib\site-packages\my_package-0.0.0-py3.7.egg-info\entry_points.txt
C:\Users\SSAFY\Desktop\catkin_ws\install\my_package\Lib\site-packages\my_package-0.0.0-py3.7.egg-info\PKG-INFO
C:\Users\SSAFY\Desktop\catkin_ws\install\my_package\Lib\site-packages\my_package-0.0.0-py3.7.egg-info\requires.txt
C:\Users\SSAFY\Desktop\catkin_ws\install\my_package\Lib\site-packages\my_package-0.0.0-py3.7.egg-info\SOURCES.txt
C:\Users\SSAFY\Desktop\catkin_ws\install\my_package\Lib\site-packages\my_package-0.0.0-py3.7.egg-info\top_level.txt
C:\Users\SSAFY\Desktop\catkin_ws\install\my_package\Lib\site-packages\my_package-0.0.0-py3.7.egg-info\zip-safe
C:\Users\SSAFY\Desktop\catkin_ws\install\my_package\lib\my_package\a_star_global-script.py
C:\Users\SSAFY\Desktop\catkin_ws\install\my_package\lib\my_package\a_star_global.exe
C:\Users\SSAFY\Desktop\catkin_ws\install\my_package\lib\my_package\a_star_local-script.py
C:\Users\SSAFY\Desktop\catkin_ws\install\my_package\lib\my_package\a_star_local.exe
C:\Users\SSAFY\Desktop\catkin_ws\install\my_package\lib\my_package\ftc-script.py
C:\Users\SSAFY\Desktop\catkin_ws\install\my_package\lib\my_package\ftc.exe
C:\Users\SSAFY\Desktop\catkin_ws\install\my_package\lib\my_package\listner-script.py
C:\Users\SSAFY\Desktop\catkin_ws\install\my_package\lib\my_package\listner.exe
C:\Users\SSAFY\Desktop\catkin_ws\install\my_package\lib\my_package\load_map-script.py
C:\Users\SSAFY\Desktop\catkin_ws\install\my_package\lib\my_package\load_map.exe
C:\Users\SSAFY\Desktop\catkin_ws\install\my_package\lib\my_package\mapping-script.py
C:\Users\SSAFY\Desktop\catkin_ws\install\my_package\lib\my_package\mapping.exe
C:\Users\SSAFY\Desktop\catkin_ws\install\my_package\lib\my_package\my_node-script.py
C:\Users\SSAFY\Desktop\catkin_ws\install\my_package\lib\my_package\my_node.exe
C:\Users\SSAFY\Desktop\catkin_ws\install\my_package\lib\my_package\odom-script.py
C:\Users\SSAFY\Desktop\catkin_ws\install\my_package\lib\my_package\odom.exe
C:\Users\SSAFY\Desktop\catkin_ws\install\my_package\lib\my_package\talker-script.py
C:\Users\SSAFY\Desktop\catkin_ws\install\my_package\lib\my_package\talker.exe
