[0.344s] Invoking command in 'C:\Users\SSAFY\Desktop\git_clone\S11P21B209\ROS2\build\ssafy_msgs': CL=/MP INCLUDE=%INCLUDE%
IntelliJ IDEA Community Edition=C:\Program Files\JetBrains\IntelliJ IDEA Community Edition 2024.2\bin; C:\Program Files\CMake\bin\cmake.EXE --build C:\Users\SSAFY\Desktop\git_clone\S11P21B209\ROS2\build\ssafy_msgs --config Release
[0.391s] CMake Error: The current CMakeCache.txt directory C:/Users/SSAFY/Desktop/git_clone/S11P21B209/ROS2/build/ssafy_msgs/CMakeCache.txt is different than the directory c:/Users/SSAFY/Desktop/catkin_ws/build/ssafy_msgs where CMakeCache.txt was created. This may result in binaries being created in the wrong place. If you are not sure, reedit the CMakeCache.txt
[0.563s] .NET Framework용 Microsoft (R) Build Engine 버전 16.11.2+f32259642
[0.563s] Copyright (C) Microsoft Corporation. All rights reserved.
[0.563s] 
[1.031s]   Checking Build System
[1.250s]   Building Custom Rule C:/Users/SSAFY/Desktop/catkin_ws/src/ssafy_msgs/CMakeLists.txt
[1.375s]   Building Custom Rule C:/Users/SSAFY/Desktop/catkin_ws/src/ssafy_msgs/CMakeLists.txt
[1.469s]   ssafy_msgs__rosidl_generator_c.vcxproj -> C:\Users\SSAFY\Desktop\catkin_ws\build\ssafy_msgs\Release\ssafy_msgs__rosidl_generator_c.dll
[1.547s]   Building Custom Rule C:/Users/SSAFY/Desktop/catkin_ws/src/ssafy_msgs/CMakeLists.txt
[1.594s]   ssafy_msgs__rosidl_typesupport_c.vcxproj -> C:\Users\SSAFY\Desktop\catkin_ws\build\ssafy_msgs\Release\ssafy_msgs__rosidl_typesupport_c.dll
[1.719s]   Building Custom Rule C:/Users/SSAFY/Desktop/catkin_ws/src/ssafy_msgs/CMakeLists.txt
[1.828s]   Building Custom Rule C:/Users/SSAFY/Desktop/catkin_ws/src/ssafy_msgs/CMakeLists.txt
[1.922s]   ssafy_msgs__rosidl_typesupport_connext_cpp.vcxproj -> C:\Users\SSAFY\Desktop\catkin_ws\build\ssafy_msgs\Release\ssafy_msgs__rosidl_typesupport_connext_cpp.dll
[1.985s]   Building Custom Rule C:/Users/SSAFY/Desktop/catkin_ws/src/ssafy_msgs/CMakeLists.txt
[2.078s]   ssafy_msgs__rosidl_typesupport_connext_c.vcxproj -> C:\Users\SSAFY\Desktop\catkin_ws\build\ssafy_msgs\Release\ssafy_msgs__rosidl_typesupport_connext_c.dll
[2.156s]   Building Custom Rule C:/Users/SSAFY/Desktop/catkin_ws/src/ssafy_msgs/CMakeLists.txt
[2.203s]   ssafy_msgs__rosidl_typesupport_cpp.vcxproj -> C:\Users\SSAFY\Desktop\catkin_ws\build\ssafy_msgs\Release\ssafy_msgs__rosidl_typesupport_cpp.dll
[2.313s]   Building Custom Rule C:/Users/SSAFY/Desktop/catkin_ws/src/ssafy_msgs/CMakeLists.txt
[2.360s]   ssafy_msgs__rosidl_typesupport_fastrtps_cpp.vcxproj -> C:\Users\SSAFY\Desktop\catkin_ws\build\ssafy_msgs\Release\ssafy_msgs__rosidl_typesupport_fastrtps_cpp.dll
[2.422s]   Building Custom Rule C:/Users/SSAFY/Desktop/catkin_ws/src/ssafy_msgs/CMakeLists.txt
[2.469s]   ssafy_msgs__rosidl_typesupport_fastrtps_c.vcxproj -> C:\Users\SSAFY\Desktop\catkin_ws\build\ssafy_msgs\Release\ssafy_msgs__rosidl_typesupport_fastrtps_c.dll
[2.547s]   Building Custom Rule C:/Users/SSAFY/Desktop/catkin_ws/src/ssafy_msgs/CMakeLists.txt
[2.625s]   ssafy_msgs__rosidl_typesupport_introspection_c.vcxproj -> C:\Users\SSAFY\Desktop\catkin_ws\build\ssafy_msgs\Release\ssafy_msgs__rosidl_typesupport_introspection_c.dll
[2.703s]   Building Custom Rule C:/Users/SSAFY/Desktop/catkin_ws/src/ssafy_msgs/CMakeLists.txt
[2.750s]   ssafy_msgs__rosidl_typesupport_introspection_cpp.vcxproj -> C:\Users\SSAFY\Desktop\catkin_ws\build\ssafy_msgs\Release\ssafy_msgs__rosidl_typesupport_introspection_cpp.dll
[2.922s]   Building Custom Rule C:/Users/SSAFY/Desktop/catkin_ws/src/ssafy_msgs/CMakeLists.txt
[3.047s]   Building Custom Rule C:/Users/SSAFY/Desktop/catkin_ws/src/ssafy_msgs/CMakeLists.txt
[3.141s]   ssafy_msgs__rosidl_typesupport_opensplice_cpp.vcxproj -> C:\Users\SSAFY\Desktop\catkin_ws\build\ssafy_msgs\Release\ssafy_msgs__rosidl_typesupport_opensplice_cpp.dll
[3.188s]   Building Custom Rule C:/Users/SSAFY/Desktop/catkin_ws/src/ssafy_msgs/CMakeLists.txt
[3.266s]   ssafy_msgs__rosidl_typesupport_opensplice_c.vcxproj -> C:\Users\SSAFY\Desktop\catkin_ws\build\ssafy_msgs\Release\ssafy_msgs__rosidl_typesupport_opensplice_c.dll
[3.360s]   Building Custom Rule C:/Users/SSAFY/Desktop/catkin_ws/src/ssafy_msgs/CMakeLists.txt
[3.547s]   Building Custom Rule C:/Users/SSAFY/Desktop/catkin_ws/src/ssafy_msgs/CMakeLists.txt
[3.610s]   ssafy_msgs__python.vcxproj -> C:\Users\SSAFY\Desktop\catkin_ws\build\ssafy_msgs\rosidl_generator_py\ssafy_msgs\ssafy_msgs__python.dll
[3.703s]   Building Custom Rule C:/Users/SSAFY/Desktop/catkin_ws/src/ssafy_msgs/CMakeLists.txt
[3.750s]   ssafy_msgs__rosidl_typesupport_c__pyext.vcxproj -> C:\Users\SSAFY\Desktop\catkin_ws\build\ssafy_msgs\rosidl_generator_py\ssafy_msgs\ssafy_msgs_s__rosidl_typesupport_c.pyd
[3.828s]   Building Custom Rule C:/Users/SSAFY/Desktop/catkin_ws/src/ssafy_msgs/CMakeLists.txt
[3.891s]   ssafy_msgs__rosidl_typesupport_connext_c__pyext.vcxproj -> C:\Users\SSAFY\Desktop\catkin_ws\build\ssafy_msgs\rosidl_generator_py\ssafy_msgs\ssafy_msgs_s__rosidl_typesupport_connext_c.pyd
[3.969s]   Building Custom Rule C:/Users/SSAFY/Desktop/catkin_ws/src/ssafy_msgs/CMakeLists.txt
[4.016s]   ssafy_msgs__rosidl_typesupport_fastrtps_c__pyext.vcxproj -> C:\Users\SSAFY\Desktop\catkin_ws\build\ssafy_msgs\rosidl_generator_py\ssafy_msgs\ssafy_msgs_s__rosidl_typesupport_fastrtps_c.pyd
[4.094s]   Building Custom Rule C:/Users/SSAFY/Desktop/catkin_ws/src/ssafy_msgs/CMakeLists.txt
[4.141s]   ssafy_msgs__rosidl_typesupport_introspection_c__pyext.vcxproj -> C:\Users\SSAFY\Desktop\catkin_ws\build\ssafy_msgs\rosidl_generator_py\ssafy_msgs\ssafy_msgs_s__rosidl_typesupport_introspection_c.pyd
[4.219s]   Building Custom Rule C:/Users/SSAFY/Desktop/catkin_ws/src/ssafy_msgs/CMakeLists.txt
[4.266s]   ssafy_msgs__rosidl_typesupport_opensplice_c__pyext.vcxproj -> C:\Users\SSAFY\Desktop\catkin_ws\build\ssafy_msgs\rosidl_generator_py\ssafy_msgs\ssafy_msgs_s__rosidl_typesupport_opensplice_c.pyd
[4.281s] C:\Program Files (x86)\Microsoft Visual Studio\2019\BuildTools\MSBuild\Microsoft\VC\v160\Microsoft.Cpp.WindowsSDK.targets(46,5): error MSB8036: Windows SDK 버전 10.0.22621.0을(를) 찾을 수 없습니다. 필요한 버전의 Windows SDK를 설치하거나, 솔루션을 마우스 오른쪽 단추로 클릭하고 [솔루션 대상 변경]을 선택하거나 프로젝트 속성 페이지에서 SDK 버전을 변경하세요. [C:\Users\SSAFY\Desktop\git_clone\S11P21B209\ROS2\build\ssafy_msgs\ALL_BUILD.vcxproj]
[4.297s] Invoked command in 'C:\Users\SSAFY\Desktop\git_clone\S11P21B209\ROS2\build\ssafy_msgs' returned '1': CL=/MP INCLUDE=%INCLUDE%
IntelliJ IDEA Community Edition=C:\Program Files\JetBrains\IntelliJ IDEA Community Edition 2024.2\bin; C:\Program Files\CMake\bin\cmake.EXE --build C:\Users\SSAFY\Desktop\git_clone\S11P21B209\ROS2\build\ssafy_msgs --config Release
