C:\Users\SSAFY\Desktop\git_clone\S11P21B209\ROS2\install\safety_package\Lib\site-packages\safety_package\__init__.py
C:\Users\SSAFY\Desktop\git_clone\S11P21B209\ROS2\install\safety_package\Lib\site-packages\safety_package\dynamic_window_approach.py
C:\Users\SSAFY\Desktop\git_clone\S11P21B209\ROS2\install\safety_package\Lib\site-packages\safety_package\a_star.py
C:\Users\SSAFY\Desktop\git_clone\S11P21B209\ROS2\install\safety_package\Lib\site-packages\safety_package\a_star_local_path.py
C:\Users\SSAFY\Desktop\git_clone\S11P21B209\ROS2\install\safety_package\Lib\site-packages\safety_package\data_socket.py
C:\Users\SSAFY\Desktop\git_clone\S11P21B209\ROS2\install\safety_package\Lib\site-packages\safety_package\dwa_local_path.py
C:\Users\SSAFY\Desktop\git_clone\S11P21B209\ROS2\install\safety_package\Lib\site-packages\safety_package\ex_calib.py
C:\Users\SSAFY\Desktop\git_clone\S11P21B209\ROS2\install\safety_package\Lib\site-packages\safety_package\follow_the_carrot.py
C:\Users\SSAFY\Desktop\git_clone\S11P21B209\ROS2\install\safety_package\Lib\site-packages\safety_package\load_map.py
C:\Users\SSAFY\Desktop\git_clone\S11P21B209\ROS2\install\safety_package\Lib\site-packages\safety_package\my_node.py
C:\Users\SSAFY\Desktop\git_clone\S11P21B209\ROS2\install\safety_package\Lib\site-packages\safety_package\odometry.py
C:\Users\SSAFY\Desktop\git_clone\S11P21B209\ROS2\install\safety_package\Lib\site-packages\safety_package\path_publisher.py
C:\Users\SSAFY\Desktop\git_clone\S11P21B209\ROS2\install\safety_package\Lib\site-packages\safety_package\path_tracking copy.py
C:\Users\SSAFY\Desktop\git_clone\S11P21B209\ROS2\install\safety_package\Lib\site-packages\safety_package\path_tracking.py
C:\Users\SSAFY\Desktop\git_clone\S11P21B209\ROS2\install\safety_package\Lib\site-packages\safety_package\publisher_member_function.py
C:\Users\SSAFY\Desktop\git_clone\S11P21B209\ROS2\install\safety_package\Lib\site-packages\safety_package\run_localization.py
C:\Users\SSAFY\Desktop\git_clone\S11P21B209\ROS2\install\safety_package\Lib\site-packages\safety_package\run_mapping.py
C:\Users\SSAFY\Desktop\git_clone\S11P21B209\ROS2\install\safety_package\Lib\site-packages\safety_package\subscriber_member_function.py
C:\Users\SSAFY\Desktop\git_clone\S11P21B209\ROS2\install\safety_package\Lib\site-packages\safety_package\utils.py
C:\Users\SSAFY\Desktop\git_clone\S11P21B209\ROS2\install\safety_package\Lib\site-packages\safety_package\__pycache__\__init__.cpython-37.pyc
C:\Users\SSAFY\Desktop\git_clone\S11P21B209\ROS2\install\safety_package\Lib\site-packages\safety_package\__pycache__\dynamic_window_approach.cpython-37.pyc
C:\Users\SSAFY\Desktop\git_clone\S11P21B209\ROS2\install\safety_package\Lib\site-packages\safety_package\__pycache__\a_star.cpython-37.pyc
C:\Users\SSAFY\Desktop\git_clone\S11P21B209\ROS2\install\safety_package\Lib\site-packages\safety_package\__pycache__\a_star_local_path.cpython-37.pyc
C:\Users\SSAFY\Desktop\git_clone\S11P21B209\ROS2\install\safety_package\Lib\site-packages\safety_package\__pycache__\data_socket.cpython-37.pyc
C:\Users\SSAFY\Desktop\git_clone\S11P21B209\ROS2\install\safety_package\Lib\site-packages\safety_package\__pycache__\dwa_local_path.cpython-37.pyc
C:\Users\SSAFY\Desktop\git_clone\S11P21B209\ROS2\install\safety_package\Lib\site-packages\safety_package\__pycache__\ex_calib.cpython-37.pyc
C:\Users\SSAFY\Desktop\git_clone\S11P21B209\ROS2\install\safety_package\Lib\site-packages\safety_package\__pycache__\follow_the_carrot.cpython-37.pyc
C:\Users\SSAFY\Desktop\git_clone\S11P21B209\ROS2\install\safety_package\Lib\site-packages\safety_package\__pycache__\load_map.cpython-37.pyc
C:\Users\SSAFY\Desktop\git_clone\S11P21B209\ROS2\install\safety_package\Lib\site-packages\safety_package\__pycache__\my_node.cpython-37.pyc
C:\Users\SSAFY\Desktop\git_clone\S11P21B209\ROS2\install\safety_package\Lib\site-packages\safety_package\__pycache__\odometry.cpython-37.pyc
C:\Users\SSAFY\Desktop\git_clone\S11P21B209\ROS2\install\safety_package\Lib\site-packages\safety_package\__pycache__\path_publisher.cpython-37.pyc
C:\Users\SSAFY\Desktop\git_clone\S11P21B209\ROS2\install\safety_package\Lib\site-packages\safety_package\__pycache__\path_tracking copy.cpython-37.pyc
C:\Users\SSAFY\Desktop\git_clone\S11P21B209\ROS2\install\safety_package\Lib\site-packages\safety_package\__pycache__\path_tracking.cpython-37.pyc
C:\Users\SSAFY\Desktop\git_clone\S11P21B209\ROS2\install\safety_package\Lib\site-packages\safety_package\__pycache__\publisher_member_function.cpython-37.pyc
C:\Users\SSAFY\Desktop\git_clone\S11P21B209\ROS2\install\safety_package\Lib\site-packages\safety_package\__pycache__\run_localization.cpython-37.pyc
C:\Users\SSAFY\Desktop\git_clone\S11P21B209\ROS2\install\safety_package\Lib\site-packages\safety_package\__pycache__\run_mapping.cpython-37.pyc
C:\Users\SSAFY\Desktop\git_clone\S11P21B209\ROS2\install\safety_package\Lib\site-packages\safety_package\__pycache__\subscriber_member_function.cpython-37.pyc
C:\Users\SSAFY\Desktop\git_clone\S11P21B209\ROS2\install\safety_package\Lib\site-packages\safety_package\__pycache__\utils.cpython-37.pyc
C:\Users\SSAFY\Desktop\git_clone\S11P21B209\ROS2\install\safety_package\share\ament_index\resource_index\packages\safety_package
C:\Users\SSAFY\Desktop\git_clone\S11P21B209\ROS2\install\safety_package\share\safety_package\package.xml
C:\Users\SSAFY\Desktop\git_clone\S11P21B209\ROS2\install\safety_package\Lib\site-packages\safety_package-0.0.0-py3.7.egg-info\dependency_links.txt
C:\Users\SSAFY\Desktop\git_clone\S11P21B209\ROS2\install\safety_package\Lib\site-packages\safety_package-0.0.0-py3.7.egg-info\entry_points.txt
C:\Users\SSAFY\Desktop\git_clone\S11P21B209\ROS2\install\safety_package\Lib\site-packages\safety_package-0.0.0-py3.7.egg-info\PKG-INFO
C:\Users\SSAFY\Desktop\git_clone\S11P21B209\ROS2\install\safety_package\Lib\site-packages\safety_package-0.0.0-py3.7.egg-info\requires.txt
C:\Users\SSAFY\Desktop\git_clone\S11P21B209\ROS2\install\safety_package\Lib\site-packages\safety_package-0.0.0-py3.7.egg-info\SOURCES.txt
C:\Users\SSAFY\Desktop\git_clone\S11P21B209\ROS2\install\safety_package\Lib\site-packages\safety_package-0.0.0-py3.7.egg-info\top_level.txt
C:\Users\SSAFY\Desktop\git_clone\S11P21B209\ROS2\install\safety_package\Lib\site-packages\safety_package-0.0.0-py3.7.egg-info\zip-safe
C:\Users\SSAFY\Desktop\git_clone\S11P21B209\ROS2\install\safety_package\lib\safety_package\a_star_global-script.py
C:\Users\SSAFY\Desktop\git_clone\S11P21B209\ROS2\install\safety_package\lib\safety_package\a_star_global.exe
C:\Users\SSAFY\Desktop\git_clone\S11P21B209\ROS2\install\safety_package\lib\safety_package\a_star_local-script.py
C:\Users\SSAFY\Desktop\git_clone\S11P21B209\ROS2\install\safety_package\lib\safety_package\a_star_local.exe
C:\Users\SSAFY\Desktop\git_clone\S11P21B209\ROS2\install\safety_package\lib\safety_package\calibration-script.py
C:\Users\SSAFY\Desktop\git_clone\S11P21B209\ROS2\install\safety_package\lib\safety_package\calibration.exe
C:\Users\SSAFY\Desktop\git_clone\S11P21B209\ROS2\install\safety_package\lib\safety_package\dwa_local-script.py
C:\Users\SSAFY\Desktop\git_clone\S11P21B209\ROS2\install\safety_package\lib\safety_package\dwa_local.exe
C:\Users\SSAFY\Desktop\git_clone\S11P21B209\ROS2\install\safety_package\lib\safety_package\ftc-script.py
C:\Users\SSAFY\Desktop\git_clone\S11P21B209\ROS2\install\safety_package\lib\safety_package\ftc.exe
C:\Users\SSAFY\Desktop\git_clone\S11P21B209\ROS2\install\safety_package\lib\safety_package\listner-script.py
C:\Users\SSAFY\Desktop\git_clone\S11P21B209\ROS2\install\safety_package\lib\safety_package\listner.exe
C:\Users\SSAFY\Desktop\git_clone\S11P21B209\ROS2\install\safety_package\lib\safety_package\load_map-script.py
C:\Users\SSAFY\Desktop\git_clone\S11P21B209\ROS2\install\safety_package\lib\safety_package\load_map.exe
C:\Users\SSAFY\Desktop\git_clone\S11P21B209\ROS2\install\safety_package\lib\safety_package\mapping-script.py
C:\Users\SSAFY\Desktop\git_clone\S11P21B209\ROS2\install\safety_package\lib\safety_package\mapping.exe
C:\Users\SSAFY\Desktop\git_clone\S11P21B209\ROS2\install\safety_package\lib\safety_package\my_node-script.py
C:\Users\SSAFY\Desktop\git_clone\S11P21B209\ROS2\install\safety_package\lib\safety_package\my_node.exe
C:\Users\SSAFY\Desktop\git_clone\S11P21B209\ROS2\install\safety_package\lib\safety_package\odom-script.py
C:\Users\SSAFY\Desktop\git_clone\S11P21B209\ROS2\install\safety_package\lib\safety_package\odom.exe
C:\Users\SSAFY\Desktop\git_clone\S11P21B209\ROS2\install\safety_package\lib\safety_package\talker-script.py
C:\Users\SSAFY\Desktop\git_clone\S11P21B209\ROS2\install\safety_package\lib\safety_package\talker.exe
C:\Users\SSAFY\Desktop\git_clone\S11P21B209\ROS2\install\safety_package\lib\safety_package\test_tracking-script.py
C:\Users\SSAFY\Desktop\git_clone\S11P21B209\ROS2\install\safety_package\lib\safety_package\test_tracking.exe
