[3.297s] Invoking command in 'C:\Users\SSAFY\Desktop\git_clone\S11P21B209\ROS2\build\my_package': PYTHONPATH=C:\Users\SSAFY\Desktop\git_clone\S11P21B209\ROS2\build\my_package\prefix_override;c:\python37\lib\site-packages\colcon_core\task\python\colcon_distutils_commands;C:\Users\SSAFY\Desktop\git_clone\S11P21B209\ROS2\install\my_package\Lib\site-packages;%PYTHONPATH% installDir=%installDir%
IntelliJ IDEA Community Edition=C:\Program Files\JetBrains\IntelliJ IDEA Community Edition 2024.2\bin; c:\python37\python.exe -W ignore:setup.py install is deprecated setup.py develop --editable --build-directory C:\Users\SSAFY\Desktop\git_clone\S11P21B209\ROS2\build\my_package\build --no-deps symlink_data
[4.453s] running develop
[4.937s] running egg_info
[4.968s] writing my_package.egg-info\PKG-INFO
[4.968s] writing dependency_links to my_package.egg-info\dependency_links.txt
[4.984s] writing entry points to my_package.egg-info\entry_points.txt
[4.984s] writing requirements to my_package.egg-info\requires.txt
[4.984s] writing top-level names to my_package.egg-info\top_level.txt
[5.109s] reading manifest file 'my_package.egg-info\SOURCES.txt'
[5.125s] writing manifest file 'my_package.egg-info\SOURCES.txt'
[5.172s] running build_ext
[5.172s] Creating C:\Users\SSAFY\Desktop\git_clone\S11P21B209\ROS2\install\my_package\Lib\site-packages\my-package.egg-link (link to .)
[5.172s] Installing a_star_global-script.py script to C:\Users\SSAFY\Desktop\git_clone\S11P21B209\ROS2\install\my_package/lib/my_package
[5.187s] Installing a_star_global.exe script to C:\Users\SSAFY\Desktop\git_clone\S11P21B209\ROS2\install\my_package/lib/my_package
[5.187s] Installing a_star_local-script.py script to C:\Users\SSAFY\Desktop\git_clone\S11P21B209\ROS2\install\my_package/lib/my_package
[5.187s] Installing a_star_local.exe script to C:\Users\SSAFY\Desktop\git_clone\S11P21B209\ROS2\install\my_package/lib/my_package
[5.187s] Installing ftc-script.py script to C:\Users\SSAFY\Desktop\git_clone\S11P21B209\ROS2\install\my_package/lib/my_package
[5.187s] Installing ftc.exe script to C:\Users\SSAFY\Desktop\git_clone\S11P21B209\ROS2\install\my_package/lib/my_package
[5.187s] Installing listner-script.py script to C:\Users\SSAFY\Desktop\git_clone\S11P21B209\ROS2\install\my_package/lib/my_package
[5.203s] Installing listner.exe script to C:\Users\SSAFY\Desktop\git_clone\S11P21B209\ROS2\install\my_package/lib/my_package
[5.203s] Installing load_map-script.py script to C:\Users\SSAFY\Desktop\git_clone\S11P21B209\ROS2\install\my_package/lib/my_package
[5.203s] Installing load_map.exe script to C:\Users\SSAFY\Desktop\git_clone\S11P21B209\ROS2\install\my_package/lib/my_package
[5.203s] Installing mapping-script.py script to C:\Users\SSAFY\Desktop\git_clone\S11P21B209\ROS2\install\my_package/lib/my_package
[5.218s] Installing mapping.exe script to C:\Users\SSAFY\Desktop\git_clone\S11P21B209\ROS2\install\my_package/lib/my_package
[5.218s] Installing my_node-script.py script to C:\Users\SSAFY\Desktop\git_clone\S11P21B209\ROS2\install\my_package/lib/my_package
[5.218s] Installing my_node.exe script to C:\Users\SSAFY\Desktop\git_clone\S11P21B209\ROS2\install\my_package/lib/my_package
[5.218s] Installing odom-script.py script to C:\Users\SSAFY\Desktop\git_clone\S11P21B209\ROS2\install\my_package/lib/my_package
[5.234s] Installing odom.exe script to C:\Users\SSAFY\Desktop\git_clone\S11P21B209\ROS2\install\my_package/lib/my_package
[5.234s] Installing talker-script.py script to C:\Users\SSAFY\Desktop\git_clone\S11P21B209\ROS2\install\my_package/lib/my_package
[5.234s] Installing talker.exe script to C:\Users\SSAFY\Desktop\git_clone\S11P21B209\ROS2\install\my_package/lib/my_package
[5.234s] 
[5.250s] Installed c:\users\ssafy\desktop\git_clone\s11p21b209\ros2\build\my_package
[5.250s] running symlink_data
[5.250s] c:\python37\lib\site-packages\setuptools\dist.py:745: SetuptoolsDeprecationWarning: Invalid dash-separated options
[5.250s] !!
[5.250s] 
[5.250s]         ********************************************************************************
[5.250s]         Usage of dash-separated 'script-dir' will not be supported in future
[5.250s]         versions. Please use the underscore name 'script_dir' instead.
[5.250s] 
[5.250s]         This deprecation is overdue, please update your project and remove deprecated
[5.250s]         calls to avoid build errors in the future.
[5.250s] 
[5.250s]         See https://setuptools.pypa.io/en/latest/userguide/declarative_config.html for details.
[5.250s]         ********************************************************************************
[5.250s] 
[5.250s] !!
[5.250s]   opt = self.warn_dash_deprecation(opt, section)
[5.250s] c:\python37\lib\site-packages\setuptools\command\develop.py:40: EasyInstallDeprecationWarning: easy_install command is deprecated.
[5.250s] !!
[5.250s] 
[5.250s]         ********************************************************************************
[5.250s]         Please avoid running ``setup.py`` and ``easy_install``.
[5.250s]         Instead, use pypa/build, pypa/installer or other
[5.250s]         standards-based tools.
[5.250s] 
[5.250s]         See https://github.com/pypa/setuptools/issues/917 for details.
[5.250s]         ********************************************************************************
[5.250s] 
[5.250s] !!
[5.250s]   easy_install.initialize_options(self)
[5.312s] Invoked command in 'C:\Users\SSAFY\Desktop\git_clone\S11P21B209\ROS2\build\my_package' returned '0': PYTHONPATH=C:\Users\SSAFY\Desktop\git_clone\S11P21B209\ROS2\build\my_package\prefix_override;c:\python37\lib\site-packages\colcon_core\task\python\colcon_distutils_commands;C:\Users\SSAFY\Desktop\git_clone\S11P21B209\ROS2\install\my_package\Lib\site-packages;%PYTHONPATH% installDir=%installDir%
IntelliJ IDEA Community Edition=C:\Program Files\JetBrains\IntelliJ IDEA Community Edition 2024.2\bin; c:\python37\python.exe -W ignore:setup.py install is deprecated setup.py develop --editable --build-directory C:\Users\SSAFY\Desktop\git_clone\S11P21B209\ROS2\build\my_package\build --no-deps symlink_data
