[0.272s] [34mcolcon[0m [1;30mDEBUG[0m [32mCommand line arguments: ['C:\\Python37\\Scripts\\colcon', 'build'][0m
[0.273s] [34mcolcon[0m [1;30mDEBUG[0m [32mParsed command line arguments: Namespace(ament_cmake_args=None, base_paths=['.'], build_base='build', catkin_cmake_args=None, catkin_skip_building_tests=False, cmake_args=None, cmake_clean_cache=False, cmake_clean_first=False, cmake_force_configure=False, cmake_target=None, cmake_target_skip_unavailable=False, continue_on_error=False, event_handlers=None, executor='parallel', ignore_user_meta=False, install_base='install', log_base=None, log_level=None, main=<bound method BuildVerb.main of <colcon_core.verb.build.BuildVerb object at 0x0000022EECF6F888>>, merge_install=False, metas=['./colcon.meta'], packages_above=None, packages_above_and_dependencies=None, packages_above_depth=None, packages_end=None, packages_ignore=None, packages_ignore_regex=None, packages_select=None, packages_select_build_failed=False, packages_select_by_dep=None, packages_select_regex=None, packages_select_test_failures=False, packages_skip=None, packages_skip_build_finished=False, packages_skip_by_dep=None, packages_skip_regex=None, packages_skip_test_passed=False, packages_skip_up_to=None, packages_start=None, packages_up_to=None, packages_up_to_regex=None, parallel_workers=12, paths=None, symlink_install=False, test_result_base=None, verb_extension=<colcon_core.verb.build.BuildVerb object at 0x0000022EECF6F888>, verb_name='build', verb_parser=<colcon_defaults.argument_parser.defaults.DefaultArgumentsDecorator object at 0x0000022EECF7BD48>)[0m
[0.437s] [34mcolcon.colcon_core.package_discovery[0m [1;30mLevel 1[0m discover_packages(colcon_meta) check parameters
[0.437s] [34mcolcon.colcon_core.package_discovery[0m [1;30mLevel 1[0m discover_packages(recursive) check parameters
[0.437s] [34mcolcon.colcon_core.package_discovery[0m [1;30mLevel 1[0m discover_packages(ignore) check parameters
[0.437s] [34mcolcon.colcon_core.package_discovery[0m [1;30mLevel 1[0m discover_packages(path) check parameters
[0.437s] [34mcolcon.colcon_core.package_discovery[0m [1;30mLevel 1[0m discover_packages(colcon_meta) discover
[0.437s] [34mcolcon.colcon_core.package_discovery[0m [1;30mLevel 1[0m discover_packages(recursive) discover
[0.437s] [34mcolcon.colcon_core.package_discovery[0m [1;30mINFO[0m Crawling recursively for packages in 'C:\Users\SSAFY\Desktop\catkin_ws'
[0.437s] [34mcolcon.colcon_core.package_identification[0m [1;30mLevel 1[0m _identify(.) by extensions ['ignore', 'ignore_ament_install']
[0.437s] [34mcolcon.colcon_core.package_identification[0m [1;30mLevel 1[0m _identify(.) by extension 'ignore'
[0.437s] [34mcolcon.colcon_core.package_identification[0m [1;30mLevel 1[0m _identify(.) by extension 'ignore_ament_install'
[0.437s] [34mcolcon.colcon_core.package_identification[0m [1;30mLevel 1[0m _identify(.) by extensions ['colcon_pkg']
[0.437s] [34mcolcon.colcon_core.package_identification[0m [1;30mLevel 1[0m _identify(.) by extension 'colcon_pkg'
[0.437s] [34mcolcon.colcon_core.package_identification[0m [1;30mLevel 1[0m _identify(.) by extensions ['colcon_meta']
[0.437s] [34mcolcon.colcon_core.package_identification[0m [1;30mLevel 1[0m _identify(.) by extension 'colcon_meta'
[0.437s] [34mcolcon.colcon_core.package_identification[0m [1;30mLevel 1[0m _identify(.) by extensions ['ros']
[0.437s] [34mcolcon.colcon_core.package_identification[0m [1;30mLevel 1[0m _identify(.) by extension 'ros'
[0.461s] [34mcolcon.colcon_core.package_identification[0m [1;30mLevel 1[0m _identify(.) by extensions ['cmake', 'python']
[0.461s] [34mcolcon.colcon_core.package_identification[0m [1;30mLevel 1[0m _identify(.) by extension 'cmake'
[0.461s] [34mcolcon.colcon_core.package_identification[0m [1;30mLevel 1[0m _identify(.) by extension 'python'
[0.461s] [34mcolcon.colcon_core.package_identification[0m [1;30mLevel 1[0m _identify(.) by extensions ['python_setup_py']
[0.461s] [34mcolcon.colcon_core.package_identification[0m [1;30mLevel 1[0m _identify(.) by extension 'python_setup_py'
[0.461s] [34mcolcon.colcon_core.package_identification[0m [1;30mLevel 1[0m _identify(build) by extensions ['ignore', 'ignore_ament_install']
[0.461s] [34mcolcon.colcon_core.package_identification[0m [1;30mLevel 1[0m _identify(build) by extension 'ignore'
[0.461s] [34mcolcon.colcon_core.package_identification[0m [1;30mLevel 1[0m _identify(build) ignored
[0.462s] [34mcolcon.colcon_core.package_identification[0m [1;30mLevel 1[0m _identify(install) by extensions ['ignore', 'ignore_ament_install']
[0.462s] [34mcolcon.colcon_core.package_identification[0m [1;30mLevel 1[0m _identify(install) by extension 'ignore'
[0.462s] [34mcolcon.colcon_core.package_identification[0m [1;30mLevel 1[0m _identify(install) ignored
[0.463s] [34mcolcon.colcon_core.package_identification[0m [1;30mLevel 1[0m _identify(log) by extensions ['ignore', 'ignore_ament_install']
[0.463s] [34mcolcon.colcon_core.package_identification[0m [1;30mLevel 1[0m _identify(log) by extension 'ignore'
[0.463s] [34mcolcon.colcon_core.package_identification[0m [1;30mLevel 1[0m _identify(log) ignored
[0.463s] [34mcolcon.colcon_core.package_identification[0m [1;30mLevel 1[0m _identify(src) by extensions ['ignore', 'ignore_ament_install']
[0.463s] [34mcolcon.colcon_core.package_identification[0m [1;30mLevel 1[0m _identify(src) by extension 'ignore'
[0.463s] [34mcolcon.colcon_core.package_identification[0m [1;30mLevel 1[0m _identify(src) by extension 'ignore_ament_install'
[0.463s] [34mcolcon.colcon_core.package_identification[0m [1;30mLevel 1[0m _identify(src) by extensions ['colcon_pkg']
[0.463s] [34mcolcon.colcon_core.package_identification[0m [1;30mLevel 1[0m _identify(src) by extension 'colcon_pkg'
[0.463s] [34mcolcon.colcon_core.package_identification[0m [1;30mLevel 1[0m _identify(src) by extensions ['colcon_meta']
[0.463s] [34mcolcon.colcon_core.package_identification[0m [1;30mLevel 1[0m _identify(src) by extension 'colcon_meta'
[0.463s] [34mcolcon.colcon_core.package_identification[0m [1;30mLevel 1[0m _identify(src) by extensions ['ros']
[0.463s] [34mcolcon.colcon_core.package_identification[0m [1;30mLevel 1[0m _identify(src) by extension 'ros'
[0.464s] [34mcolcon.colcon_core.package_identification[0m [1;30mLevel 1[0m _identify(src) by extensions ['cmake', 'python']
[0.464s] [34mcolcon.colcon_core.package_identification[0m [1;30mLevel 1[0m _identify(src) by extension 'cmake'
[0.464s] [34mcolcon.colcon_core.package_identification[0m [1;30mLevel 1[0m _identify(src) by extension 'python'
[0.464s] [34mcolcon.colcon_core.package_identification[0m [1;30mLevel 1[0m _identify(src) by extensions ['python_setup_py']
[0.464s] [34mcolcon.colcon_core.package_identification[0m [1;30mLevel 1[0m _identify(src) by extension 'python_setup_py'
[0.464s] [34mcolcon.colcon_core.package_identification[0m [1;30mLevel 1[0m _identify(src\my_package) by extensions ['ignore', 'ignore_ament_install']
[0.464s] [34mcolcon.colcon_core.package_identification[0m [1;30mLevel 1[0m _identify(src\my_package) by extension 'ignore'
[0.464s] [34mcolcon.colcon_core.package_identification[0m [1;30mLevel 1[0m _identify(src\my_package) by extension 'ignore_ament_install'
[0.464s] [34mcolcon.colcon_core.package_identification[0m [1;30mLevel 1[0m _identify(src\my_package) by extensions ['colcon_pkg']
[0.464s] [34mcolcon.colcon_core.package_identification[0m [1;30mLevel 1[0m _identify(src\my_package) by extension 'colcon_pkg'
[0.464s] [34mcolcon.colcon_core.package_identification[0m [1;30mLevel 1[0m _identify(src\my_package) by extensions ['colcon_meta']
[0.464s] [34mcolcon.colcon_core.package_identification[0m [1;30mLevel 1[0m _identify(src\my_package) by extension 'colcon_meta'
[0.464s] [34mcolcon.colcon_core.package_identification[0m [1;30mLevel 1[0m _identify(src\my_package) by extensions ['ros']
[0.464s] [34mcolcon.colcon_core.package_identification[0m [1;30mLevel 1[0m _identify(src\my_package) by extension 'ros'
[0.468s] [34mcolcon.colcon_core.package_identification[0m [1;30mDEBUG[0m [32mPackage 'src\my_package' with type 'ros.ament_python' and name 'my_package'[0m
[0.468s] [34mcolcon.colcon_core.package_identification[0m [1;30mLevel 1[0m _identify(src\ssafy_bridge) by extensions ['ignore', 'ignore_ament_install']
[0.468s] [34mcolcon.colcon_core.package_identification[0m [1;30mLevel 1[0m _identify(src\ssafy_bridge) by extension 'ignore'
[0.468s] [34mcolcon.colcon_core.package_identification[0m [1;30mLevel 1[0m _identify(src\ssafy_bridge) by extension 'ignore_ament_install'
[0.468s] [34mcolcon.colcon_core.package_identification[0m [1;30mLevel 1[0m _identify(src\ssafy_bridge) by extensions ['colcon_pkg']
[0.468s] [34mcolcon.colcon_core.package_identification[0m [1;30mLevel 1[0m _identify(src\ssafy_bridge) by extension 'colcon_pkg'
[0.468s] [34mcolcon.colcon_core.package_identification[0m [1;30mLevel 1[0m _identify(src\ssafy_bridge) by extensions ['colcon_meta']
[0.468s] [34mcolcon.colcon_core.package_identification[0m [1;30mLevel 1[0m _identify(src\ssafy_bridge) by extension 'colcon_meta'
[0.468s] [34mcolcon.colcon_core.package_identification[0m [1;30mLevel 1[0m _identify(src\ssafy_bridge) by extensions ['ros']
[0.468s] [34mcolcon.colcon_core.package_identification[0m [1;30mLevel 1[0m _identify(src\ssafy_bridge) by extension 'ros'
[0.469s] [34mcolcon.colcon_core.package_identification[0m [1;30mDEBUG[0m [32mPackage 'src\ssafy_bridge' with type 'ros.ament_python' and name 'ssafy_bridge'[0m
[0.469s] [34mcolcon.colcon_core.package_identification[0m [1;30mLevel 1[0m _identify(src\ssafy_msgs) by extensions ['ignore', 'ignore_ament_install']
[0.469s] [34mcolcon.colcon_core.package_identification[0m [1;30mLevel 1[0m _identify(src\ssafy_msgs) by extension 'ignore'
[0.469s] [34mcolcon.colcon_core.package_identification[0m [1;30mLevel 1[0m _identify(src\ssafy_msgs) by extension 'ignore_ament_install'
[0.469s] [34mcolcon.colcon_core.package_identification[0m [1;30mLevel 1[0m _identify(src\ssafy_msgs) by extensions ['colcon_pkg']
[0.469s] [34mcolcon.colcon_core.package_identification[0m [1;30mLevel 1[0m _identify(src\ssafy_msgs) by extension 'colcon_pkg'
[0.469s] [34mcolcon.colcon_core.package_identification[0m [1;30mLevel 1[0m _identify(src\ssafy_msgs) by extensions ['colcon_meta']
[0.470s] [34mcolcon.colcon_core.package_identification[0m [1;30mLevel 1[0m _identify(src\ssafy_msgs) by extension 'colcon_meta'
[0.470s] [34mcolcon.colcon_core.package_identification[0m [1;30mLevel 1[0m _identify(src\ssafy_msgs) by extensions ['ros']
[0.470s] [34mcolcon.colcon_core.package_identification[0m [1;30mLevel 1[0m _identify(src\ssafy_msgs) by extension 'ros'
[0.470s] [34mcolcon.colcon_core.package_identification[0m [1;30mDEBUG[0m [32mPackage 'src\ssafy_msgs' with type 'ros.ament_cmake' and name 'ssafy_msgs'[0m
[0.470s] [34mcolcon.colcon_core.package_discovery[0m [1;30mLevel 1[0m discover_packages(recursive) using defaults
[0.470s] [34mcolcon.colcon_core.package_discovery[0m [1;30mLevel 1[0m discover_packages(ignore) discover
[0.470s] [34mcolcon.colcon_core.package_discovery[0m [1;30mLevel 1[0m discover_packages(ignore) using defaults
[0.470s] [34mcolcon.colcon_core.package_discovery[0m [1;30mLevel 1[0m discover_packages(path) discover
[0.471s] [34mcolcon.colcon_core.package_discovery[0m [1;30mLevel 1[0m discover_packages(path) using defaults
[0.489s] [34mcolcon.colcon_core.verb[0m [1;30mLevel 5[0m set package 'my_package' build argument 'cmake_args' from command line to 'None'
[0.490s] [34mcolcon.colcon_core.verb[0m [1;30mLevel 5[0m set package 'my_package' build argument 'cmake_target' from command line to 'None'
[0.490s] [34mcolcon.colcon_core.verb[0m [1;30mLevel 5[0m set package 'my_package' build argument 'cmake_target_skip_unavailable' from command line to 'False'
[0.490s] [34mcolcon.colcon_core.verb[0m [1;30mLevel 5[0m set package 'my_package' build argument 'cmake_clean_cache' from command line to 'False'
[0.490s] [34mcolcon.colcon_core.verb[0m [1;30mLevel 5[0m set package 'my_package' build argument 'cmake_clean_first' from command line to 'False'
[0.490s] [34mcolcon.colcon_core.verb[0m [1;30mLevel 5[0m set package 'my_package' build argument 'cmake_force_configure' from command line to 'False'
[0.490s] [34mcolcon.colcon_core.verb[0m [1;30mLevel 5[0m set package 'my_package' build argument 'ament_cmake_args' from command line to 'None'
[0.490s] [34mcolcon.colcon_core.verb[0m [1;30mLevel 5[0m set package 'my_package' build argument 'catkin_cmake_args' from command line to 'None'
[0.490s] [34mcolcon.colcon_core.verb[0m [1;30mLevel 5[0m set package 'my_package' build argument 'catkin_skip_building_tests' from command line to 'False'
[0.490s] [34mcolcon.colcon_core.verb[0m [1;30mDEBUG[0m [32mBuilding package 'my_package' with the following arguments: {'ament_cmake_args': None, 'build_base': 'C:\\Users\\SSAFY\\Desktop\\catkin_ws\\build\\my_package', 'catkin_cmake_args': None, 'catkin_skip_building_tests': False, 'cmake_args': None, 'cmake_clean_cache': False, 'cmake_clean_first': False, 'cmake_force_configure': False, 'cmake_target': None, 'cmake_target_skip_unavailable': False, 'install_base': 'C:\\Users\\SSAFY\\Desktop\\catkin_ws\\install\\my_package', 'merge_install': False, 'path': 'C:\\Users\\SSAFY\\Desktop\\catkin_ws\\src\\my_package', 'symlink_install': False, 'test_result_base': None}[0m
[0.490s] [34mcolcon.colcon_core.verb[0m [1;30mLevel 5[0m set package 'ssafy_bridge' build argument 'cmake_args' from command line to 'None'
[0.490s] [34mcolcon.colcon_core.verb[0m [1;30mLevel 5[0m set package 'ssafy_bridge' build argument 'cmake_target' from command line to 'None'
[0.490s] [34mcolcon.colcon_core.verb[0m [1;30mLevel 5[0m set package 'ssafy_bridge' build argument 'cmake_target_skip_unavailable' from command line to 'False'
[0.490s] [34mcolcon.colcon_core.verb[0m [1;30mLevel 5[0m set package 'ssafy_bridge' build argument 'cmake_clean_cache' from command line to 'False'
[0.490s] [34mcolcon.colcon_core.verb[0m [1;30mLevel 5[0m set package 'ssafy_bridge' build argument 'cmake_clean_first' from command line to 'False'
[0.490s] [34mcolcon.colcon_core.verb[0m [1;30mLevel 5[0m set package 'ssafy_bridge' build argument 'cmake_force_configure' from command line to 'False'
[0.490s] [34mcolcon.colcon_core.verb[0m [1;30mLevel 5[0m set package 'ssafy_bridge' build argument 'ament_cmake_args' from command line to 'None'
[0.490s] [34mcolcon.colcon_core.verb[0m [1;30mLevel 5[0m set package 'ssafy_bridge' build argument 'catkin_cmake_args' from command line to 'None'
[0.490s] [34mcolcon.colcon_core.verb[0m [1;30mLevel 5[0m set package 'ssafy_bridge' build argument 'catkin_skip_building_tests' from command line to 'False'
[0.490s] [34mcolcon.colcon_core.verb[0m [1;30mDEBUG[0m [32mBuilding package 'ssafy_bridge' with the following arguments: {'ament_cmake_args': None, 'build_base': 'C:\\Users\\SSAFY\\Desktop\\catkin_ws\\build\\ssafy_bridge', 'catkin_cmake_args': None, 'catkin_skip_building_tests': False, 'cmake_args': None, 'cmake_clean_cache': False, 'cmake_clean_first': False, 'cmake_force_configure': False, 'cmake_target': None, 'cmake_target_skip_unavailable': False, 'install_base': 'C:\\Users\\SSAFY\\Desktop\\catkin_ws\\install\\ssafy_bridge', 'merge_install': False, 'path': 'C:\\Users\\SSAFY\\Desktop\\catkin_ws\\src\\ssafy_bridge', 'symlink_install': False, 'test_result_base': None}[0m
[0.491s] [34mcolcon.colcon_core.verb[0m [1;30mLevel 5[0m set package 'ssafy_msgs' build argument 'cmake_args' from command line to 'None'
[0.491s] [34mcolcon.colcon_core.verb[0m [1;30mLevel 5[0m set package 'ssafy_msgs' build argument 'cmake_target' from command line to 'None'
[0.491s] [34mcolcon.colcon_core.verb[0m [1;30mLevel 5[0m set package 'ssafy_msgs' build argument 'cmake_target_skip_unavailable' from command line to 'False'
[0.491s] [34mcolcon.colcon_core.verb[0m [1;30mLevel 5[0m set package 'ssafy_msgs' build argument 'cmake_clean_cache' from command line to 'False'
[0.491s] [34mcolcon.colcon_core.verb[0m [1;30mLevel 5[0m set package 'ssafy_msgs' build argument 'cmake_clean_first' from command line to 'False'
[0.491s] [34mcolcon.colcon_core.verb[0m [1;30mLevel 5[0m set package 'ssafy_msgs' build argument 'cmake_force_configure' from command line to 'False'
[0.491s] [34mcolcon.colcon_core.verb[0m [1;30mLevel 5[0m set package 'ssafy_msgs' build argument 'ament_cmake_args' from command line to 'None'
[0.491s] [34mcolcon.colcon_core.verb[0m [1;30mLevel 5[0m set package 'ssafy_msgs' build argument 'catkin_cmake_args' from command line to 'None'
[0.491s] [34mcolcon.colcon_core.verb[0m [1;30mLevel 5[0m set package 'ssafy_msgs' build argument 'catkin_skip_building_tests' from command line to 'False'
[0.491s] [34mcolcon.colcon_core.verb[0m [1;30mDEBUG[0m [32mBuilding package 'ssafy_msgs' with the following arguments: {'ament_cmake_args': None, 'build_base': 'C:\\Users\\SSAFY\\Desktop\\catkin_ws\\build\\ssafy_msgs', 'catkin_cmake_args': None, 'catkin_skip_building_tests': False, 'cmake_args': None, 'cmake_clean_cache': False, 'cmake_clean_first': False, 'cmake_force_configure': False, 'cmake_target': None, 'cmake_target_skip_unavailable': False, 'install_base': 'C:\\Users\\SSAFY\\Desktop\\catkin_ws\\install\\ssafy_msgs', 'merge_install': False, 'path': 'C:\\Users\\SSAFY\\Desktop\\catkin_ws\\src\\ssafy_msgs', 'symlink_install': False, 'test_result_base': None}[0m
[0.491s] [34mcolcon.colcon_core.executor[0m [1;30mINFO[0m Executing jobs using 'parallel' executor
[0.493s] [34mcolcon.colcon_parallel_executor.executor.parallel[0m [1;30mDEBUG[0m [32mrun_until_complete[0m
[0.493s] [34mcolcon.colcon_ros.task.ament_python.build[0m [1;30mINFO[0m Building ROS package in 'C:\Users\SSAFY\Desktop\catkin_ws\src\my_package' with build type 'ament_python'
[0.493s] [34mcolcon.colcon_core.shell[0m [1;30mLevel 1[0m create_environment_hook('my_package', 'ament_prefix_path')
[0.495s] [34mcolcon.colcon_core.plugin_system[0m [1;30mINFO[0m Skipping extension 'colcon_core.shell.sh': Not used on Windows systems
[0.495s] [34mcolcon.colcon_core.shell[0m [1;30mINFO[0m Creating environment hook 'C:\Users\SSAFY\Desktop\catkin_ws\install\my_package\share\my_package\hook\ament_prefix_path.ps1'
[0.496s] [34mcolcon.colcon_core.shell[0m [1;30mINFO[0m Creating environment hook 'C:\Users\SSAFY\Desktop\catkin_ws\install\my_package\share\my_package\hook\ament_prefix_path.bat'
[0.497s] [34mcolcon.colcon_core.shell[0m [1;30mINFO[0m Creating environment descriptor 'C:\Users\SSAFY\Desktop\catkin_ws\install\my_package\share\my_package\hook\ament_prefix_path.dsv'
[0.497s] [34mcolcon.colcon_core.shell[0m [1;30mINFO[0m Skip shell extension 'powershell' for command environment: Not usable outside of PowerShell
[0.576s] [34mcolcon.colcon_ros.task.ament_python.build[0m [1;30mINFO[0m Building ROS package in 'C:\Users\SSAFY\Desktop\catkin_ws\src\ssafy_bridge' with build type 'ament_python'
[0.576s] [34mcolcon.colcon_core.shell[0m [1;30mLevel 1[0m create_environment_hook('ssafy_bridge', 'ament_prefix_path')
[0.577s] [34mcolcon.colcon_core.shell[0m [1;30mINFO[0m Creating environment hook 'C:\Users\SSAFY\Desktop\catkin_ws\install\ssafy_bridge\share\ssafy_bridge\hook\ament_prefix_path.ps1'
[0.578s] [34mcolcon.colcon_core.shell[0m [1;30mINFO[0m Creating environment hook 'C:\Users\SSAFY\Desktop\catkin_ws\install\ssafy_bridge\share\ssafy_bridge\hook\ament_prefix_path.bat'
[0.579s] [34mcolcon.colcon_core.shell[0m [1;30mINFO[0m Creating environment descriptor 'C:\Users\SSAFY\Desktop\catkin_ws\install\ssafy_bridge\share\ssafy_bridge\hook\ament_prefix_path.dsv'
[0.580s] [34mcolcon.colcon_core.shell[0m [1;30mINFO[0m Skip shell extension 'powershell' for command environment: Not usable outside of PowerShell
[0.656s] [34mcolcon.colcon_ros.task.ament_cmake.build[0m [1;30mINFO[0m Building ROS package in 'C:\Users\SSAFY\Desktop\catkin_ws\src\ssafy_msgs' with build type 'ament_cmake'
[0.656s] [34mcolcon.colcon_cmake.task.cmake.build[0m [1;30mINFO[0m Building CMake package in 'C:\Users\SSAFY\Desktop\catkin_ws\src\ssafy_msgs'
[0.656s] [34mcolcon.colcon_core.shell[0m [1;30mINFO[0m Skip shell extension 'powershell' for command environment: Not usable outside of PowerShell
[1.021s] [34mcolcon.colcon_core.task.python.build[0m [1;30mINFO[0m Building Python package in 'C:\Users\SSAFY\Desktop\catkin_ws\src\ssafy_bridge'
[1.021s] [34mcolcon.colcon_core.shell[0m [1;30mINFO[0m Skip shell extension 'powershell' for command environment: Not usable outside of PowerShell
[1.416s] [34mcolcon.colcon_core.task.python.build[0m [1;30mINFO[0m Building Python package in 'C:\Users\SSAFY\Desktop\catkin_ws\src\my_package'
[1.416s] [34mcolcon.colcon_core.shell[0m [1;30mINFO[0m Skip shell extension 'powershell' for command environment: Not usable outside of PowerShell
[1.521s] [34mcolcon.colcon_core.event_handler.log_command[0m [1;30mDEBUG[0m [32mInvoking command in 'C:\Users\SSAFY\Desktop\catkin_ws\build\ssafy_msgs': CL=/MP CMAKE_PREFIX_PATH=%CMAKE_PREFIX_PATH%;C:\Users\SSAFY\Desktop\catkin_ws\install\ssafy_bridge;C:\Users\SSAFY\Desktop\catkin_ws\install\my_package installDir=%installDir%
IntelliJ IDEA=C:\Program Files\JetBrains\IntelliJ IDEA 2024.1.4\bin;
IntelliJ IDEA Community Edition=C:\Program Files\JetBrains\IntelliJ IDEA Community Edition 2024.1.4\bin; C:\Program Files (x86)\Microsoft Visual Studio\2019\BuildTools\Common7\IDE\CommonExtensions\Microsoft\CMake\CMake\bin\cmake.EXE --build C:\Users\SSAFY\Desktop\catkin_ws\build\ssafy_msgs --config Release[0m
[1.981s] [34mcolcon.colcon_core.event_handler.log_command[0m [1;30mDEBUG[0m [32mInvoking command in 'C:\Users\SSAFY\Desktop\catkin_ws\src\ssafy_bridge': PYTHONPATH=C:\Users\SSAFY\Desktop\catkin_ws\build\ssafy_bridge\prefix_override;c:\python37\lib\site-packages\colcon_core\task\python\colcon_distutils_commands;C:\Users\SSAFY\Desktop\catkin_ws\install\ssafy_bridge\Lib\site-packages;%PYTHONPATH% installDir=%installDir%
IntelliJ IDEA=C:\Program Files\JetBrains\IntelliJ IDEA 2024.1.4\bin;
IntelliJ IDEA Community Edition=C:\Program Files\JetBrains\IntelliJ IDEA Community Edition 2024.1.4\bin; c:\python37\python.exe -W ignore:setup.py install is deprecated setup.py egg_info --egg-base ..\..\build\ssafy_bridge build --build-base C:\Users\SSAFY\Desktop\catkin_ws\build\ssafy_bridge\build install --record C:\Users\SSAFY\Desktop\catkin_ws\build\ssafy_bridge\install.log --install-scripts $base/lib/ssafy_bridge --single-version-externally-managed install_data[0m
[1.983s] [34mcolcon.colcon_core.event_handler.log_command[0m [1;30mDEBUG[0m [32mInvoking command in 'C:\Users\SSAFY\Desktop\catkin_ws\src\my_package': PYTHONPATH=C:\Users\SSAFY\Desktop\catkin_ws\build\my_package\prefix_override;c:\python37\lib\site-packages\colcon_core\task\python\colcon_distutils_commands;C:\Users\SSAFY\Desktop\catkin_ws\install\my_package\Lib\site-packages;%PYTHONPATH% installDir=%installDir%
IntelliJ IDEA=C:\Program Files\JetBrains\IntelliJ IDEA 2024.1.4\bin;
IntelliJ IDEA Community Edition=C:\Program Files\JetBrains\IntelliJ IDEA Community Edition 2024.1.4\bin; c:\python37\python.exe -W ignore:setup.py install is deprecated setup.py egg_info --egg-base ..\..\build\my_package build --build-base C:\Users\SSAFY\Desktop\catkin_ws\build\my_package\build install --record C:\Users\SSAFY\Desktop\catkin_ws\build\my_package\install.log --install-scripts $base/lib/my_package --single-version-externally-managed install_data[0m
[2.389s] [34mcolcon.colcon_core.event_handler.log_command[0m [1;30mDEBUG[0m [32mInvoked command in 'C:\Users\SSAFY\Desktop\catkin_ws\src\ssafy_bridge' returned '0': PYTHONPATH=C:\Users\SSAFY\Desktop\catkin_ws\build\ssafy_bridge\prefix_override;c:\python37\lib\site-packages\colcon_core\task\python\colcon_distutils_commands;C:\Users\SSAFY\Desktop\catkin_ws\install\ssafy_bridge\Lib\site-packages;%PYTHONPATH% installDir=%installDir%
IntelliJ IDEA=C:\Program Files\JetBrains\IntelliJ IDEA 2024.1.4\bin;
IntelliJ IDEA Community Edition=C:\Program Files\JetBrains\IntelliJ IDEA Community Edition 2024.1.4\bin; c:\python37\python.exe -W ignore:setup.py install is deprecated setup.py egg_info --egg-base ..\..\build\ssafy_bridge build --build-base C:\Users\SSAFY\Desktop\catkin_ws\build\ssafy_bridge\build install --record C:\Users\SSAFY\Desktop\catkin_ws\build\ssafy_bridge\install.log --install-scripts $base/lib/ssafy_bridge --single-version-externally-managed install_data[0m
[2.394s] [34mcolcon.colcon_core.environment[0m [1;30mLevel 1[0m checking 'C:\Users\SSAFY\Desktop\catkin_ws\install\ssafy_bridge' for CMake module files
[2.395s] [34mcolcon.colcon_core.environment[0m [1;30mLevel 1[0m checking 'C:\Users\SSAFY\Desktop\catkin_ws\install\ssafy_bridge' for CMake config files
[2.397s] [34mcolcon.colcon_core.environment[0m [1;30mLevel 1[0m checking 'C:\Users\SSAFY\Desktop\catkin_ws\install\ssafy_bridge\bin'
[2.397s] [34mcolcon.colcon_core.environment[0m [1;30mLevel 1[0m checking 'C:\Users\SSAFY\Desktop\catkin_ws\install\ssafy_bridge\bin'
[2.397s] [34mcolcon.colcon_core.environment[0m [1;30mLevel 1[0m checking 'C:\Users\SSAFY\Desktop\catkin_ws\install\ssafy_bridge\lib\pkgconfig\ssafy_bridge.pc'
[2.397s] [34mcolcon.colcon_core.environment[0m [1;30mLevel 1[0m checking 'C:\Users\SSAFY\Desktop\catkin_ws\install\ssafy_bridge\Lib\site-packages'
[2.397s] [34mcolcon.colcon_core.shell[0m [1;30mLevel 1[0m create_environment_hook('ssafy_bridge', 'pythonpath')
[2.398s] [34mcolcon.colcon_core.shell[0m [1;30mINFO[0m Creating environment hook 'C:\Users\SSAFY\Desktop\catkin_ws\install\ssafy_bridge\share\ssafy_bridge\hook\pythonpath.ps1'
[2.399s] [34mcolcon.colcon_core.shell[0m [1;30mINFO[0m Creating environment hook 'C:\Users\SSAFY\Desktop\catkin_ws\install\ssafy_bridge\share\ssafy_bridge\hook\pythonpath.bat'
[2.399s] [34mcolcon.colcon_core.shell[0m [1;30mINFO[0m Creating environment descriptor 'C:\Users\SSAFY\Desktop\catkin_ws\install\ssafy_bridge\share\ssafy_bridge\hook\pythonpath.dsv'
[2.400s] [34mcolcon.colcon_core.environment[0m [1;30mLevel 1[0m checking 'C:\Users\SSAFY\Desktop\catkin_ws\install\ssafy_bridge\Scripts'
[2.400s] [34mcolcon.colcon_core.environment[0m [1;30mLevel 1[0m create_environment_scripts_only(ssafy_bridge)
[2.401s] [34mcolcon.colcon_core.shell[0m [1;30mINFO[0m Creating package script 'C:\Users\SSAFY\Desktop\catkin_ws\install\ssafy_bridge\share\ssafy_bridge\package.ps1'
[2.402s] [34mcolcon.colcon_core.shell[0m [1;30mINFO[0m Creating package script 'C:\Users\SSAFY\Desktop\catkin_ws\install\ssafy_bridge\share\ssafy_bridge\package.bat'
[2.403s] [34mcolcon.colcon_core.shell[0m [1;30mINFO[0m Creating package descriptor 'C:\Users\SSAFY\Desktop\catkin_ws\install\ssafy_bridge\share\ssafy_bridge\package.dsv'
[2.404s] [34mcolcon.colcon_core.environment[0m [1;30mLevel 1[0m create_file_with_runtime_dependencies(C:\Users\SSAFY\Desktop\catkin_ws\install\ssafy_bridge\share\colcon-core\packages\ssafy_bridge)
[2.415s] [34mcolcon.colcon_core.environment[0m [1;30mLevel 1[0m checking 'C:\Users\SSAFY\Desktop\catkin_ws\install\my_package' for CMake module files
[2.416s] [34mcolcon.colcon_core.event_handler.log_command[0m [1;30mDEBUG[0m [32mInvoked command in 'C:\Users\SSAFY\Desktop\catkin_ws\src\my_package' returned '0': PYTHONPATH=C:\Users\SSAFY\Desktop\catkin_ws\build\my_package\prefix_override;c:\python37\lib\site-packages\colcon_core\task\python\colcon_distutils_commands;C:\Users\SSAFY\Desktop\catkin_ws\install\my_package\Lib\site-packages;%PYTHONPATH% installDir=%installDir%
IntelliJ IDEA=C:\Program Files\JetBrains\IntelliJ IDEA 2024.1.4\bin;
IntelliJ IDEA Community Edition=C:\Program Files\JetBrains\IntelliJ IDEA Community Edition 2024.1.4\bin; c:\python37\python.exe -W ignore:setup.py install is deprecated setup.py egg_info --egg-base ..\..\build\my_package build --build-base C:\Users\SSAFY\Desktop\catkin_ws\build\my_package\build install --record C:\Users\SSAFY\Desktop\catkin_ws\build\my_package\install.log --install-scripts $base/lib/my_package --single-version-externally-managed install_data[0m
[2.417s] [34mcolcon.colcon_core.environment[0m [1;30mLevel 1[0m checking 'C:\Users\SSAFY\Desktop\catkin_ws\install\my_package' for CMake config files
[2.419s] [34mcolcon.colcon_core.environment[0m [1;30mLevel 1[0m checking 'C:\Users\SSAFY\Desktop\catkin_ws\install\my_package\bin'
[2.419s] [34mcolcon.colcon_core.environment[0m [1;30mLevel 1[0m checking 'C:\Users\SSAFY\Desktop\catkin_ws\install\my_package\bin'
[2.419s] [34mcolcon.colcon_core.environment[0m [1;30mLevel 1[0m checking 'C:\Users\SSAFY\Desktop\catkin_ws\install\my_package\lib\pkgconfig\my_package.pc'
[2.419s] [34mcolcon.colcon_core.environment[0m [1;30mLevel 1[0m checking 'C:\Users\SSAFY\Desktop\catkin_ws\install\my_package\Lib\site-packages'
[2.419s] [34mcolcon.colcon_core.shell[0m [1;30mLevel 1[0m create_environment_hook('my_package', 'pythonpath')
[2.419s] [34mcolcon.colcon_core.shell[0m [1;30mINFO[0m Creating environment hook 'C:\Users\SSAFY\Desktop\catkin_ws\install\my_package\share\my_package\hook\pythonpath.ps1'
[2.420s] [34mcolcon.colcon_core.shell[0m [1;30mINFO[0m Creating environment hook 'C:\Users\SSAFY\Desktop\catkin_ws\install\my_package\share\my_package\hook\pythonpath.bat'
[2.421s] [34mcolcon.colcon_core.shell[0m [1;30mINFO[0m Creating environment descriptor 'C:\Users\SSAFY\Desktop\catkin_ws\install\my_package\share\my_package\hook\pythonpath.dsv'
[2.422s] [34mcolcon.colcon_core.environment[0m [1;30mLevel 1[0m checking 'C:\Users\SSAFY\Desktop\catkin_ws\install\my_package\Scripts'
[2.422s] [34mcolcon.colcon_core.environment[0m [1;30mLevel 1[0m create_environment_scripts_only(my_package)
[2.422s] [34mcolcon.colcon_core.shell[0m [1;30mINFO[0m Creating package script 'C:\Users\SSAFY\Desktop\catkin_ws\install\my_package\share\my_package\package.ps1'
[2.423s] [34mcolcon.colcon_core.shell[0m [1;30mINFO[0m Creating package script 'C:\Users\SSAFY\Desktop\catkin_ws\install\my_package\share\my_package\package.bat'
[2.424s] [34mcolcon.colcon_core.shell[0m [1;30mINFO[0m Creating package descriptor 'C:\Users\SSAFY\Desktop\catkin_ws\install\my_package\share\my_package\package.dsv'
[2.424s] [34mcolcon.colcon_core.environment[0m [1;30mLevel 1[0m create_file_with_runtime_dependencies(C:\Users\SSAFY\Desktop\catkin_ws\install\my_package\share\colcon-core\packages\my_package)
[5.700s] [34mcolcon.colcon_core.event_handler.log_command[0m [1;30mDEBUG[0m [32mInvoked command in 'C:\Users\SSAFY\Desktop\catkin_ws\build\ssafy_msgs' returned '0': CL=/MP CMAKE_PREFIX_PATH=%CMAKE_PREFIX_PATH%;C:\Users\SSAFY\Desktop\catkin_ws\install\ssafy_bridge;C:\Users\SSAFY\Desktop\catkin_ws\install\my_package installDir=%installDir%
IntelliJ IDEA=C:\Program Files\JetBrains\IntelliJ IDEA 2024.1.4\bin;
IntelliJ IDEA Community Edition=C:\Program Files\JetBrains\IntelliJ IDEA Community Edition 2024.1.4\bin; C:\Program Files (x86)\Microsoft Visual Studio\2019\BuildTools\Common7\IDE\CommonExtensions\Microsoft\CMake\CMake\bin\cmake.EXE --build C:\Users\SSAFY\Desktop\catkin_ws\build\ssafy_msgs --config Release[0m
[5.735s] [34mcolcon.colcon_core.event_handler.log_command[0m [1;30mDEBUG[0m [32mInvoking command in 'C:\Users\SSAFY\Desktop\catkin_ws\build\ssafy_msgs': CMAKE_PREFIX_PATH=%CMAKE_PREFIX_PATH%;C:\Users\SSAFY\Desktop\catkin_ws\install\ssafy_bridge;C:\Users\SSAFY\Desktop\catkin_ws\install\my_package installDir=%installDir%
IntelliJ IDEA=C:\Program Files\JetBrains\IntelliJ IDEA 2024.1.4\bin;
IntelliJ IDEA Community Edition=C:\Program Files\JetBrains\IntelliJ IDEA Community Edition 2024.1.4\bin; C:\Program Files (x86)\Microsoft Visual Studio\2019\BuildTools\Common7\IDE\CommonExtensions\Microsoft\CMake\CMake\bin\cmake.EXE --install C:\Users\SSAFY\Desktop\catkin_ws\build\ssafy_msgs --config Release[0m
[5.914s] [34mcolcon.colcon_core.environment[0m [1;30mLevel 1[0m create_environment_scripts_only(ssafy_msgs)
[5.914s] [34mcolcon.colcon_core.environment[0m [1;30mLevel 1[0m checking 'C:\Users\SSAFY\Desktop\catkin_ws\install\ssafy_msgs' for CMake module files
[5.915s] [34mcolcon.colcon_core.event_handler.log_command[0m [1;30mDEBUG[0m [32mInvoked command in 'C:\Users\SSAFY\Desktop\catkin_ws\build\ssafy_msgs' returned '0': CMAKE_PREFIX_PATH=%CMAKE_PREFIX_PATH%;C:\Users\SSAFY\Desktop\catkin_ws\install\ssafy_bridge;C:\Users\SSAFY\Desktop\catkin_ws\install\my_package installDir=%installDir%
IntelliJ IDEA=C:\Program Files\JetBrains\IntelliJ IDEA 2024.1.4\bin;
IntelliJ IDEA Community Edition=C:\Program Files\JetBrains\IntelliJ IDEA Community Edition 2024.1.4\bin; C:\Program Files (x86)\Microsoft Visual Studio\2019\BuildTools\Common7\IDE\CommonExtensions\Microsoft\CMake\CMake\bin\cmake.EXE --install C:\Users\SSAFY\Desktop\catkin_ws\build\ssafy_msgs --config Release[0m
[5.916s] [34mcolcon.colcon_core.environment[0m [1;30mLevel 1[0m checking 'C:\Users\SSAFY\Desktop\catkin_ws\install\ssafy_msgs' for CMake config files
[5.919s] [34mcolcon.colcon_core.shell[0m [1;30mLevel 1[0m create_environment_hook('ssafy_msgs', 'cmake_prefix_path')
[5.919s] [34mcolcon.colcon_core.shell[0m [1;30mINFO[0m Creating environment hook 'C:\Users\SSAFY\Desktop\catkin_ws\install\ssafy_msgs\share\ssafy_msgs\hook\cmake_prefix_path.ps1'
[5.920s] [34mcolcon.colcon_core.shell[0m [1;30mINFO[0m Creating environment hook 'C:\Users\SSAFY\Desktop\catkin_ws\install\ssafy_msgs\share\ssafy_msgs\hook\cmake_prefix_path.bat'
[5.921s] [34mcolcon.colcon_core.shell[0m [1;30mINFO[0m Creating environment descriptor 'C:\Users\SSAFY\Desktop\catkin_ws\install\ssafy_msgs\share\ssafy_msgs\hook\cmake_prefix_path.dsv'
[5.922s] [34mcolcon.colcon_core.environment[0m [1;30mLevel 1[0m checking 'C:\Users\SSAFY\Desktop\catkin_ws\install\ssafy_msgs\bin'
[5.922s] [34mcolcon.colcon_core.shell[0m [1;30mLevel 1[0m create_environment_hook('ssafy_msgs', 'path_dll')
[5.922s] [34mcolcon.colcon_core.shell[0m [1;30mINFO[0m Creating environment hook 'C:\Users\SSAFY\Desktop\catkin_ws\install\ssafy_msgs\share\ssafy_msgs\hook\path_dll.ps1'
[5.923s] [34mcolcon.colcon_core.shell[0m [1;30mINFO[0m Creating environment hook 'C:\Users\SSAFY\Desktop\catkin_ws\install\ssafy_msgs\share\ssafy_msgs\hook\path_dll.bat'
[5.923s] [34mcolcon.colcon_core.shell[0m [1;30mINFO[0m Creating environment descriptor 'C:\Users\SSAFY\Desktop\catkin_ws\install\ssafy_msgs\share\ssafy_msgs\hook\path_dll.dsv'
[5.924s] [34mcolcon.colcon_core.environment[0m [1;30mLevel 1[0m checking 'C:\Users\SSAFY\Desktop\catkin_ws\install\ssafy_msgs\bin'
[5.924s] [34mcolcon.colcon_core.shell[0m [1;30mLevel 1[0m create_environment_hook('ssafy_msgs', 'path')
[5.924s] [34mcolcon.colcon_core.shell[0m [1;30mINFO[0m Creating environment hook 'C:\Users\SSAFY\Desktop\catkin_ws\install\ssafy_msgs\share\ssafy_msgs\hook\path.ps1'
[5.925s] [34mcolcon.colcon_core.shell[0m [1;30mINFO[0m Creating environment hook 'C:\Users\SSAFY\Desktop\catkin_ws\install\ssafy_msgs\share\ssafy_msgs\hook\path.bat'
[5.926s] [34mcolcon.colcon_core.shell[0m [1;30mINFO[0m Creating environment descriptor 'C:\Users\SSAFY\Desktop\catkin_ws\install\ssafy_msgs\share\ssafy_msgs\hook\path.dsv'
[5.927s] [34mcolcon.colcon_core.environment[0m [1;30mLevel 1[0m checking 'C:\Users\SSAFY\Desktop\catkin_ws\install\ssafy_msgs\lib\pkgconfig\ssafy_msgs.pc'
[5.927s] [34mcolcon.colcon_core.environment[0m [1;30mLevel 1[0m checking 'C:\Users\SSAFY\Desktop\catkin_ws\install\ssafy_msgs\Lib\site-packages'
[5.927s] [34mcolcon.colcon_core.shell[0m [1;30mLevel 1[0m create_environment_hook('ssafy_msgs', 'pythonpath')
[5.927s] [34mcolcon.colcon_core.shell[0m [1;30mINFO[0m Creating environment hook 'C:\Users\SSAFY\Desktop\catkin_ws\install\ssafy_msgs\share\ssafy_msgs\hook\pythonpath.ps1'
[5.928s] [34mcolcon.colcon_core.shell[0m [1;30mINFO[0m Creating environment hook 'C:\Users\SSAFY\Desktop\catkin_ws\install\ssafy_msgs\share\ssafy_msgs\hook\pythonpath.bat'
[5.929s] [34mcolcon.colcon_core.shell[0m [1;30mINFO[0m Creating environment descriptor 'C:\Users\SSAFY\Desktop\catkin_ws\install\ssafy_msgs\share\ssafy_msgs\hook\pythonpath.dsv'
[5.929s] [34mcolcon.colcon_core.environment[0m [1;30mLevel 1[0m checking 'C:\Users\SSAFY\Desktop\catkin_ws\install\ssafy_msgs\Scripts'
[5.930s] [34mcolcon.colcon_core.shell[0m [1;30mINFO[0m Creating package script 'C:\Users\SSAFY\Desktop\catkin_ws\install\ssafy_msgs\share\ssafy_msgs\package.ps1'
[5.931s] [34mcolcon.colcon_core.shell[0m [1;30mINFO[0m Creating package script 'C:\Users\SSAFY\Desktop\catkin_ws\install\ssafy_msgs\share\ssafy_msgs\package.bat'
[5.931s] [34mcolcon.colcon_core.shell[0m [1;30mINFO[0m Creating package descriptor 'C:\Users\SSAFY\Desktop\catkin_ws\install\ssafy_msgs\share\ssafy_msgs\package.dsv'
[5.932s] [34mcolcon.colcon_core.environment[0m [1;30mLevel 1[0m create_file_with_runtime_dependencies(C:\Users\SSAFY\Desktop\catkin_ws\install\ssafy_msgs\share\colcon-core\packages\ssafy_msgs)
[5.933s] [34mcolcon.colcon_core.environment[0m [1;30mLevel 1[0m create_environment_scripts_only(ssafy_msgs)
[5.934s] [34mcolcon.colcon_core.environment[0m [1;30mLevel 1[0m checking 'C:\Users\SSAFY\Desktop\catkin_ws\install\ssafy_msgs' for CMake module files
[5.935s] [34mcolcon.colcon_core.environment[0m [1;30mLevel 1[0m checking 'C:\Users\SSAFY\Desktop\catkin_ws\install\ssafy_msgs' for CMake config files
[5.938s] [34mcolcon.colcon_core.shell[0m [1;30mLevel 1[0m create_environment_hook('ssafy_msgs', 'cmake_prefix_path')
[5.939s] [34mcolcon.colcon_core.shell[0m [1;30mINFO[0m Creating environment hook 'C:\Users\SSAFY\Desktop\catkin_ws\install\ssafy_msgs\share\ssafy_msgs\hook\cmake_prefix_path.ps1'
[5.940s] [34mcolcon.colcon_core.shell[0m [1;30mINFO[0m Creating environment hook 'C:\Users\SSAFY\Desktop\catkin_ws\install\ssafy_msgs\share\ssafy_msgs\hook\cmake_prefix_path.bat'
[5.941s] [34mcolcon.colcon_core.shell[0m [1;30mINFO[0m Creating environment descriptor 'C:\Users\SSAFY\Desktop\catkin_ws\install\ssafy_msgs\share\ssafy_msgs\hook\cmake_prefix_path.dsv'
[5.941s] [34mcolcon.colcon_core.environment[0m [1;30mLevel 1[0m checking 'C:\Users\SSAFY\Desktop\catkin_ws\install\ssafy_msgs\bin'
[5.942s] [34mcolcon.colcon_core.shell[0m [1;30mLevel 1[0m create_environment_hook('ssafy_msgs', 'path_dll')
[5.942s] [34mcolcon.colcon_core.shell[0m [1;30mINFO[0m Creating environment hook 'C:\Users\SSAFY\Desktop\catkin_ws\install\ssafy_msgs\share\ssafy_msgs\hook\path_dll.ps1'
[5.943s] [34mcolcon.colcon_core.shell[0m [1;30mINFO[0m Creating environment hook 'C:\Users\SSAFY\Desktop\catkin_ws\install\ssafy_msgs\share\ssafy_msgs\hook\path_dll.bat'
[5.944s] [34mcolcon.colcon_core.shell[0m [1;30mINFO[0m Creating environment descriptor 'C:\Users\SSAFY\Desktop\catkin_ws\install\ssafy_msgs\share\ssafy_msgs\hook\path_dll.dsv'
[5.946s] [34mcolcon.colcon_core.environment[0m [1;30mLevel 1[0m checking 'C:\Users\SSAFY\Desktop\catkin_ws\install\ssafy_msgs\bin'
[5.946s] [34mcolcon.colcon_core.shell[0m [1;30mLevel 1[0m create_environment_hook('ssafy_msgs', 'path')
[5.946s] [34mcolcon.colcon_core.shell[0m [1;30mINFO[0m Creating environment hook 'C:\Users\SSAFY\Desktop\catkin_ws\install\ssafy_msgs\share\ssafy_msgs\hook\path.ps1'
[5.947s] [34mcolcon.colcon_core.shell[0m [1;30mINFO[0m Creating environment hook 'C:\Users\SSAFY\Desktop\catkin_ws\install\ssafy_msgs\share\ssafy_msgs\hook\path.bat'
[5.948s] [34mcolcon.colcon_core.shell[0m [1;30mINFO[0m Creating environment descriptor 'C:\Users\SSAFY\Desktop\catkin_ws\install\ssafy_msgs\share\ssafy_msgs\hook\path.dsv'
[5.948s] [34mcolcon.colcon_core.environment[0m [1;30mLevel 1[0m checking 'C:\Users\SSAFY\Desktop\catkin_ws\install\ssafy_msgs\lib\pkgconfig\ssafy_msgs.pc'
[5.948s] [34mcolcon.colcon_core.environment[0m [1;30mLevel 1[0m checking 'C:\Users\SSAFY\Desktop\catkin_ws\install\ssafy_msgs\Lib\site-packages'
[5.948s] [34mcolcon.colcon_core.shell[0m [1;30mLevel 1[0m create_environment_hook('ssafy_msgs', 'pythonpath')
[5.949s] [34mcolcon.colcon_core.shell[0m [1;30mINFO[0m Creating environment hook 'C:\Users\SSAFY\Desktop\catkin_ws\install\ssafy_msgs\share\ssafy_msgs\hook\pythonpath.ps1'
[5.949s] [34mcolcon.colcon_core.shell[0m [1;30mINFO[0m Creating environment hook 'C:\Users\SSAFY\Desktop\catkin_ws\install\ssafy_msgs\share\ssafy_msgs\hook\pythonpath.bat'
[5.950s] [34mcolcon.colcon_core.shell[0m [1;30mINFO[0m Creating environment descriptor 'C:\Users\SSAFY\Desktop\catkin_ws\install\ssafy_msgs\share\ssafy_msgs\hook\pythonpath.dsv'
[5.950s] [34mcolcon.colcon_core.environment[0m [1;30mLevel 1[0m checking 'C:\Users\SSAFY\Desktop\catkin_ws\install\ssafy_msgs\Scripts'
[5.951s] [34mcolcon.colcon_core.shell[0m [1;30mINFO[0m Creating package script 'C:\Users\SSAFY\Desktop\catkin_ws\install\ssafy_msgs\share\ssafy_msgs\package.ps1'
[5.952s] [34mcolcon.colcon_core.shell[0m [1;30mINFO[0m Creating package script 'C:\Users\SSAFY\Desktop\catkin_ws\install\ssafy_msgs\share\ssafy_msgs\package.bat'
[5.952s] [34mcolcon.colcon_core.shell[0m [1;30mINFO[0m Creating package descriptor 'C:\Users\SSAFY\Desktop\catkin_ws\install\ssafy_msgs\share\ssafy_msgs\package.dsv'
[5.953s] [34mcolcon.colcon_core.environment[0m [1;30mLevel 1[0m create_file_with_runtime_dependencies(C:\Users\SSAFY\Desktop\catkin_ws\install\ssafy_msgs\share\colcon-core\packages\ssafy_msgs)
[5.954s] [34mcolcon.colcon_parallel_executor.executor.parallel[0m [1;30mDEBUG[0m [32mskipping loop closure[0m
[5.954s] [34mcolcon.colcon_parallel_executor.executor.parallel[0m [1;30mDEBUG[0m [32mrun_until_complete finished with '0'[0m
[5.954s] [34mcolcon.colcon_core.event_reactor[0m [1;30mDEBUG[0m [32mjoining thread[0m
[5.959s] [34mcolcon.colcon_core.plugin_system[0m [1;30mINFO[0m Skipping extension 'colcon_notification.desktop_notification.notify2': 'notify2' not found
[5.959s] [34mcolcon.colcon_core.plugin_system[0m [1;30mINFO[0m Skipping extension 'colcon_notification.desktop_notification.notify_send': Not used on non-Linux systems
[5.959s] [34mcolcon.colcon_core.plugin_system[0m [1;30mINFO[0m Skipping extension 'colcon_notification.desktop_notification.terminal_notifier': Not used on non-Darwin systems
[5.959s] [34mcolcon.colcon_notification.desktop_notification[0m [1;30mINFO[0m Sending desktop notification using 'win32'
[10.992s] [34mcolcon.colcon_core.event_reactor[0m [1;30mDEBUG[0m [32mjoined thread[0m
[10.993s] [34mcolcon.colcon_core.shell[0m [1;30mINFO[0m Creating prefix script 'C:\Users\SSAFY\Desktop\catkin_ws\install\local_setup.ps1'
[10.995s] [34mcolcon.colcon_core.shell[0m [1;30mINFO[0m Creating prefix util module 'C:\Users\SSAFY\Desktop\catkin_ws\install\_local_setup_util_ps1.py'
[10.997s] [34mcolcon.colcon_core.shell[0m [1;30mINFO[0m Creating prefix chain script 'C:\Users\SSAFY\Desktop\catkin_ws\install\setup.ps1'
[11.010s] [34mcolcon.colcon_core.shell[0m [1;30mINFO[0m Creating prefix script 'C:\Users\SSAFY\Desktop\catkin_ws\install\local_setup.bat'
[11.011s] [34mcolcon.colcon_core.shell[0m [1;30mINFO[0m Creating prefix util module 'C:\Users\SSAFY\Desktop\catkin_ws\install\_local_setup_util_bat.py'
[11.012s] [34mcolcon.colcon_core.shell[0m [1;30mINFO[0m Creating prefix chain script 'C:\Users\SSAFY\Desktop\catkin_ws\install\setup.bat'
