[1.328s] Invoking command in 'C:\Users\SSAFY\Desktop\catkin_ws\src\ssafy_bridge': PYTHONPATH=C:\Users\SSAFY\Desktop\catkin_ws\build\ssafy_bridge\prefix_override;c:\python37\lib\site-packages\colcon_core\task\python\colcon_distutils_commands;C:\Users\SSAFY\Desktop\catkin_ws\install\ssafy_bridge\Lib\site-packages;%PYTHONPATH% installDir=%installDir%
IntelliJ IDEA=C:\Program Files\JetBrains\IntelliJ IDEA 2024.1.4\bin;
IntelliJ IDEA Community Edition=C:\Program Files\JetBrains\IntelliJ IDEA Community Edition 2024.1.4\bin; c:\python37\python.exe -W ignore:setup.py install is deprecated setup.py egg_info --egg-base ..\..\build\ssafy_bridge build --build-base C:\Users\SSAFY\Desktop\catkin_ws\build\ssafy_bridge\build install --record C:\Users\SSAFY\Desktop\catkin_ws\build\ssafy_bridge\install.log --install-scripts $base/lib/ssafy_bridge --single-version-externally-managed install_data
[1.656s] running egg_info
[1.656s] writing ..\..\build\ssafy_bridge\ssafy_bridge.egg-info\PKG-INFO
[1.656s] writing dependency_links to ..\..\build\ssafy_bridge\ssafy_bridge.egg-info\dependency_links.txt
[1.656s] writing entry points to ..\..\build\ssafy_bridge\ssafy_bridge.egg-info\entry_points.txt
[1.656s] writing requirements to ..\..\build\ssafy_bridge\ssafy_bridge.egg-info\requires.txt
[1.656s] writing top-level names to ..\..\build\ssafy_bridge\ssafy_bridge.egg-info\top_level.txt
[1.672s] reading manifest file '..\..\build\ssafy_bridge\ssafy_bridge.egg-info\SOURCES.txt'
[1.672s] writing manifest file '..\..\build\ssafy_bridge\ssafy_bridge.egg-info\SOURCES.txt'
[1.672s] running build
[1.672s] running build_py
[1.672s] running install
[1.687s] running install_lib
[1.687s] running install_data
[1.687s] running install_egg_info
[1.687s] removing 'C:\Users\SSAFY\Desktop\catkin_ws\install\ssafy_bridge\Lib\site-packages\ssafy_bridge-0.0.0-py3.7.egg-info' (and everything under it)
[1.687s] Copying ..\..\build\ssafy_bridge\ssafy_bridge.egg-info to C:\Users\SSAFY\Desktop\catkin_ws\install\ssafy_bridge\Lib\site-packages\ssafy_bridge-0.0.0-py3.7.egg-info
[1.703s] running install_scripts
[1.719s] Installing cam_viewer-script.py script to C:\Users\SSAFY\Desktop\catkin_ws\install\ssafy_bridge\lib\ssafy_bridge
[1.719s] Installing cam_viewer.exe script to C:\Users\SSAFY\Desktop\catkin_ws\install\ssafy_bridge\lib\ssafy_bridge
[1.719s] Installing sub_to_udp-script.py script to C:\Users\SSAFY\Desktop\catkin_ws\install\ssafy_bridge\lib\ssafy_bridge
[1.719s] Installing sub_to_udp.exe script to C:\Users\SSAFY\Desktop\catkin_ws\install\ssafy_bridge\lib\ssafy_bridge
[1.719s] Installing udp_to_cam-script.py script to C:\Users\SSAFY\Desktop\catkin_ws\install\ssafy_bridge\lib\ssafy_bridge
[1.719s] Installing udp_to_cam.exe script to C:\Users\SSAFY\Desktop\catkin_ws\install\ssafy_bridge\lib\ssafy_bridge
[1.719s] Installing udp_to_laser-script.py script to C:\Users\SSAFY\Desktop\catkin_ws\install\ssafy_bridge\lib\ssafy_bridge
[1.734s] Installing udp_to_laser.exe script to C:\Users\SSAFY\Desktop\catkin_ws\install\ssafy_bridge\lib\ssafy_bridge
[1.734s] Installing udp_to_pub-script.py script to C:\Users\SSAFY\Desktop\catkin_ws\install\ssafy_bridge\lib\ssafy_bridge
[1.734s] Installing udp_to_pub.exe script to C:\Users\SSAFY\Desktop\catkin_ws\install\ssafy_bridge\lib\ssafy_bridge
[1.734s] writing list of installed files to 'C:\Users\SSAFY\Desktop\catkin_ws\build\ssafy_bridge\install.log'
[1.750s] Invoked command in 'C:\Users\SSAFY\Desktop\catkin_ws\src\ssafy_bridge' returned '0': PYTHONPATH=C:\Users\SSAFY\Desktop\catkin_ws\build\ssafy_bridge\prefix_override;c:\python37\lib\site-packages\colcon_core\task\python\colcon_distutils_commands;C:\Users\SSAFY\Desktop\catkin_ws\install\ssafy_bridge\Lib\site-packages;%PYTHONPATH% installDir=%installDir%
IntelliJ IDEA=C:\Program Files\JetBrains\IntelliJ IDEA 2024.1.4\bin;
IntelliJ IDEA Community Edition=C:\Program Files\JetBrains\IntelliJ IDEA Community Edition 2024.1.4\bin; c:\python37\python.exe -W ignore:setup.py install is deprecated setup.py egg_info --egg-base ..\..\build\ssafy_bridge build --build-base C:\Users\SSAFY\Desktop\catkin_ws\build\ssafy_bridge\build install --record C:\Users\SSAFY\Desktop\catkin_ws\build\ssafy_bridge\install.log --install-scripts $base/lib/ssafy_bridge --single-version-externally-managed install_data
