[2.000s] Invoking command in 'C:\Users\SSAFY\Desktop\catkin_ws\src\my_package': PYTHONPATH=C:\Users\SSAFY\Desktop\catkin_ws\build\my_package\prefix_override;c:\python37\lib\site-packages\colcon_core\task\python\colcon_distutils_commands;C:\Users\SSAFY\Desktop\catkin_ws\install\my_package\Lib\site-packages;%PYTHONPATH% installDir=%installDir%
IntelliJ IDEA=C:\Program Files\JetBrains\IntelliJ IDEA 2024.1.4\bin;
IntelliJ IDEA Community Edition=C:\Program Files\JetBrains\IntelliJ IDEA Community Edition 2024.1.4\bin; c:\python37\python.exe -W ignore:setup.py install is deprecated setup.py egg_info --egg-base ..\..\build\my_package build --build-base C:\Users\SSAFY\Desktop\catkin_ws\build\my_package\build install --record C:\Users\SSAFY\Desktop\catkin_ws\build\my_package\install.log --install-scripts $base/lib/my_package --single-version-externally-managed install_data
[2.500s] running egg_info
[2.500s] writing ..\..\build\my_package\my_package.egg-info\PKG-INFO
[2.500s] writing dependency_links to ..\..\build\my_package\my_package.egg-info\dependency_links.txt
[2.500s] writing entry points to ..\..\build\my_package\my_package.egg-info\entry_points.txt
[2.515s] writing requirements to ..\..\build\my_package\my_package.egg-info\requires.txt
[2.515s] writing top-level names to ..\..\build\my_package\my_package.egg-info\top_level.txt
[2.546s] reading manifest file '..\..\build\my_package\my_package.egg-info\SOURCES.txt'
[2.546s] writing manifest file '..\..\build\my_package\my_package.egg-info\SOURCES.txt'
[2.546s] running build
[2.546s] running build_py
[2.546s] copying my_package\a_star.py -> C:\Users\SSAFY\Desktop\catkin_ws\build\my_package\build\lib\my_package
[2.546s] running install
[2.546s] running install_lib
[2.546s] copying C:\Users\SSAFY\Desktop\catkin_ws\build\my_package\build\lib\my_package\a_star.py -> C:\Users\SSAFY\Desktop\catkin_ws\install\my_package\Lib\site-packages\my_package
[2.562s] byte-compiling C:\Users\SSAFY\Desktop\catkin_ws\install\my_package\Lib\site-packages\my_package\a_star.py to a_star.cpython-37.pyc
[2.562s] running install_data
[2.562s] running install_egg_info
[2.578s] removing 'C:\Users\SSAFY\Desktop\catkin_ws\install\my_package\Lib\site-packages\my_package-0.0.0-py3.7.egg-info' (and everything under it)
[2.578s] Copying ..\..\build\my_package\my_package.egg-info to C:\Users\SSAFY\Desktop\catkin_ws\install\my_package\Lib\site-packages\my_package-0.0.0-py3.7.egg-info
[2.593s] running install_scripts
[2.625s] Installing a_star-script.py script to C:\Users\SSAFY\Desktop\catkin_ws\install\my_package\lib\my_package
[2.625s] Installing a_star.exe script to C:\Users\SSAFY\Desktop\catkin_ws\install\my_package\lib\my_package
[2.625s] Installing ftc-script.py script to C:\Users\SSAFY\Desktop\catkin_ws\install\my_package\lib\my_package
[2.625s] Installing ftc.exe script to C:\Users\SSAFY\Desktop\catkin_ws\install\my_package\lib\my_package
[2.625s] Installing listner-script.py script to C:\Users\SSAFY\Desktop\catkin_ws\install\my_package\lib\my_package
[2.625s] Installing listner.exe script to C:\Users\SSAFY\Desktop\catkin_ws\install\my_package\lib\my_package
[2.625s] Installing load_map-script.py script to C:\Users\SSAFY\Desktop\catkin_ws\install\my_package\lib\my_package
[2.625s] Installing load_map.exe script to C:\Users\SSAFY\Desktop\catkin_ws\install\my_package\lib\my_package
[2.625s] Installing my_node-script.py script to C:\Users\SSAFY\Desktop\catkin_ws\install\my_package\lib\my_package
[2.625s] Installing my_node.exe script to C:\Users\SSAFY\Desktop\catkin_ws\install\my_package\lib\my_package
[2.625s] Installing odom-script.py script to C:\Users\SSAFY\Desktop\catkin_ws\install\my_package\lib\my_package
[2.625s] Installing odom.exe script to C:\Users\SSAFY\Desktop\catkin_ws\install\my_package\lib\my_package
[2.625s] Installing talker-script.py script to C:\Users\SSAFY\Desktop\catkin_ws\install\my_package\lib\my_package
[2.625s] Installing talker.exe script to C:\Users\SSAFY\Desktop\catkin_ws\install\my_package\lib\my_package
[2.625s] writing list of installed files to 'C:\Users\SSAFY\Desktop\catkin_ws\build\my_package\install.log'
[2.671s] Invoked command in 'C:\Users\SSAFY\Desktop\catkin_ws\src\my_package' returned '0': PYTHONPATH=C:\Users\SSAFY\Desktop\catkin_ws\build\my_package\prefix_override;c:\python37\lib\site-packages\colcon_core\task\python\colcon_distutils_commands;C:\Users\SSAFY\Desktop\catkin_ws\install\my_package\Lib\site-packages;%PYTHONPATH% installDir=%installDir%
IntelliJ IDEA=C:\Program Files\JetBrains\IntelliJ IDEA 2024.1.4\bin;
IntelliJ IDEA Community Edition=C:\Program Files\JetBrains\IntelliJ IDEA Community Edition 2024.1.4\bin; c:\python37\python.exe -W ignore:setup.py install is deprecated setup.py egg_info --egg-base ..\..\build\my_package build --build-base C:\Users\SSAFY\Desktop\catkin_ws\build\my_package\build install --record C:\Users\SSAFY\Desktop\catkin_ws\build\my_package\install.log --install-scripts $base/lib/my_package --single-version-externally-managed install_data
