[1.953s] Invoking command in 'C:\Users\SSAFY\Desktop\catkin_ws\src\my_package': PYTHONPATH=C:\Users\SSAFY\Desktop\catkin_ws\build\my_package\prefix_override;c:\python37\lib\site-packages\colcon_core\task\python\colcon_distutils_commands;C:\Users\SSAFY\Desktop\catkin_ws\install\my_package\Lib\site-packages;%PYTHONPATH% installDir=%installDir%
IntelliJ IDEA=C:\Program Files\JetBrains\IntelliJ IDEA 2024.1.4\bin;
IntelliJ IDEA Community Edition=C:\Program Files\JetBrains\IntelliJ IDEA Community Edition 2024.1.4\bin; c:\python37\python.exe -W ignore:setup.py install is deprecated setup.py egg_info --egg-base ..\..\build\my_package build --build-base C:\Users\SSAFY\Desktop\catkin_ws\build\my_package\build install --record C:\Users\SSAFY\Desktop\catkin_ws\build\my_package\install.log --install-scripts $base/lib/my_package --single-version-externally-managed install_data
[2.578s] running egg_info
[2.578s] writing ..\..\build\my_package\my_package.egg-info\PKG-INFO
[2.578s] writing dependency_links to ..\..\build\my_package\my_package.egg-info\dependency_links.txt
[2.578s] writing entry points to ..\..\build\my_package\my_package.egg-info\entry_points.txt
[2.578s] writing requirements to ..\..\build\my_package\my_package.egg-info\requires.txt
[2.578s] writing top-level names to ..\..\build\my_package\my_package.egg-info\top_level.txt
[2.609s] reading manifest file '..\..\build\my_package\my_package.egg-info\SOURCES.txt'
[2.625s] writing manifest file '..\..\build\my_package\my_package.egg-info\SOURCES.txt'
[2.625s] running build
[2.625s] running build_py
[2.625s] copying my_package\a_star.py -> C:\Users\SSAFY\Desktop\catkin_ws\build\my_package\build\lib\my_package
[2.625s] running install
[2.625s] running install_lib
[2.640s] copying C:\Users\SSAFY\Desktop\catkin_ws\build\my_package\build\lib\my_package\a_star.py -> C:\Users\SSAFY\Desktop\catkin_ws\install\my_package\Lib\site-packages\my_package
[2.640s] byte-compiling C:\Users\SSAFY\Desktop\catkin_ws\install\my_package\Lib\site-packages\my_package\a_star.py to a_star.cpython-37.pyc
[2.656s] running install_data
[2.656s] running install_egg_info
[2.656s] removing 'C:\Users\SSAFY\Desktop\catkin_ws\install\my_package\Lib\site-packages\my_package-0.0.0-py3.7.egg-info' (and everything under it)
[2.656s] Copying ..\..\build\my_package\my_package.egg-info to C:\Users\SSAFY\Desktop\catkin_ws\install\my_package\Lib\site-packages\my_package-0.0.0-py3.7.egg-info
[2.687s] running install_scripts
[2.718s] Installing a_star-script.py script to C:\Users\SSAFY\Desktop\catkin_ws\install\my_package\lib\my_package
[2.718s] Installing a_star.exe script to C:\Users\SSAFY\Desktop\catkin_ws\install\my_package\lib\my_package
[2.718s] error: [Errno 13] Permission denied: 'C:\\Users\\SSAFY\\Desktop\\catkin_ws\\install\\my_package\\lib\\my_package\\a_star.exe'
[2.750s] Invoked command in 'C:\Users\SSAFY\Desktop\catkin_ws\src\my_package' returned '1': PYTHONPATH=C:\Users\SSAFY\Desktop\catkin_ws\build\my_package\prefix_override;c:\python37\lib\site-packages\colcon_core\task\python\colcon_distutils_commands;C:\Users\SSAFY\Desktop\catkin_ws\install\my_package\Lib\site-packages;%PYTHONPATH% installDir=%installDir%
IntelliJ IDEA=C:\Program Files\JetBrains\IntelliJ IDEA 2024.1.4\bin;
IntelliJ IDEA Community Edition=C:\Program Files\JetBrains\IntelliJ IDEA Community Edition 2024.1.4\bin; c:\python37\python.exe -W ignore:setup.py install is deprecated setup.py egg_info --egg-base ..\..\build\my_package build --build-base C:\Users\SSAFY\Desktop\catkin_ws\build\my_package\build install --record C:\Users\SSAFY\Desktop\catkin_ws\build\my_package\install.log --install-scripts $base/lib/my_package --single-version-externally-managed install_data
