running egg_info
writing ..\..\build\my_package\my_package.egg-info\PKG-INFO
writing dependency_links to ..\..\build\my_package\my_package.egg-info\dependency_links.txt
writing entry points to ..\..\build\my_package\my_package.egg-info\entry_points.txt
writing requirements to ..\..\build\my_package\my_package.egg-info\requires.txt
writing top-level names to ..\..\build\my_package\my_package.egg-info\top_level.txt
reading manifest file '..\..\build\my_package\my_package.egg-info\SOURCES.txt'
writing manifest file '..\..\build\my_package\my_package.egg-info\SOURCES.txt'
running build
running build_py
copying my_package\a_star.py -> C:\Users\SSAFY\Desktop\catkin_ws\build\my_package\build\lib\my_package
running install
running install_lib
copying C:\Users\SSAFY\Desktop\catkin_ws\build\my_package\build\lib\my_package\a_star.py -> C:\Users\SSAFY\Desktop\catkin_ws\install\my_package\Lib\site-packages\my_package
byte-compiling C:\Users\SSAFY\Desktop\catkin_ws\install\my_package\Lib\site-packages\my_package\a_star.py to a_star.cpython-37.pyc
running install_data
running install_egg_info
removing 'C:\Users\SSAFY\Desktop\catkin_ws\install\my_package\Lib\site-packages\my_package-0.0.0-py3.7.egg-info' (and everything under it)
Copying ..\..\build\my_package\my_package.egg-info to C:\Users\SSAFY\Desktop\catkin_ws\install\my_package\Lib\site-packages\my_package-0.0.0-py3.7.egg-info
running install_scripts
Installing a_star_global-script.py script to C:\Users\SSAFY\Desktop\catkin_ws\install\my_package\lib\my_package
Installing a_star_global.exe script to C:\Users\SSAFY\Desktop\catkin_ws\install\my_package\lib\my_package
Installing a_star_local-script.py script to C:\Users\SSAFY\Desktop\catkin_ws\install\my_package\lib\my_package
Installing a_star_local.exe script to C:\Users\SSAFY\Desktop\catkin_ws\install\my_package\lib\my_package
Installing ftc-script.py script to C:\Users\SSAFY\Desktop\catkin_ws\install\my_package\lib\my_package
Installing ftc.exe script to C:\Users\SSAFY\Desktop\catkin_ws\install\my_package\lib\my_package
Installing listner-script.py script to C:\Users\SSAFY\Desktop\catkin_ws\install\my_package\lib\my_package
Installing listner.exe script to C:\Users\SSAFY\Desktop\catkin_ws\install\my_package\lib\my_package
Installing load_map-script.py script to C:\Users\SSAFY\Desktop\catkin_ws\install\my_package\lib\my_package
Installing load_map.exe script to C:\Users\SSAFY\Desktop\catkin_ws\install\my_package\lib\my_package
Installing my_node-script.py script to C:\Users\SSAFY\Desktop\catkin_ws\install\my_package\lib\my_package
Installing my_node.exe script to C:\Users\SSAFY\Desktop\catkin_ws\install\my_package\lib\my_package
Installing odom-script.py script to C:\Users\SSAFY\Desktop\catkin_ws\install\my_package\lib\my_package
Installing odom.exe script to C:\Users\SSAFY\Desktop\catkin_ws\install\my_package\lib\my_package
Installing talker-script.py script to C:\Users\SSAFY\Desktop\catkin_ws\install\my_package\lib\my_package
Installing talker.exe script to C:\Users\SSAFY\Desktop\catkin_ws\install\my_package\lib\my_package
writing list of installed files to 'C:\Users\SSAFY\Desktop\catkin_ws\build\my_package\install.log'
