[0.000000] (-) TimerEvent: {}
[0.000000] (-) JobUnselected: {'identifier': 'ssafy_bridge'}
[0.000000] (-) JobUnselected: {'identifier': 'ssafy_msgs'}
[0.000000] (my_package) JobQueued: {'identifier': 'my_package', 'dependencies': OrderedDict()}
[0.016000] (my_package) JobStarted: {'identifier': 'my_package'}
[0.110000] (-) TimerEvent: {}
[0.219000] (-) TimerEvent: {}
[0.329000] (-) TimerEvent: {}
[0.438000] (-) TimerEvent: {}
[0.547000] (-) TimerEvent: {}
[0.563000] (my_package) Command: {'cmd': ['c:\\python37\\python.exe', '-W', 'ignore:setup.py install is deprecated', 'setup.py', 'develop', '--editable', '--build-directory', 'C:\\Users\\SSAFY\\Desktop\\git_clone\\S11P21B209\\ROS2\\build\\my_package\\build', '--no-deps', 'symlink_data'], 'cwd': 'C:\\Users\\SSAFY\\Desktop\\git_clone\\S11P21B209\\ROS2\\build\\my_package', 'env': {'ALLUSERSPROFILE': 'C:\\ProgramData', 'APPDATA': 'C:\\Users\\SSAFY\\AppData\\Roaming', 'ChocolateyInstall': 'C:\\ProgramData\\chocolatey', 'ChocolateyLastPathUpdate': '133685137447709065', 'COLCON': '1', 'CommandPromptType': 'Native', 'CommonProgramFiles': 'C:\\Program Files\\Common Files', 'CommonProgramFiles(x86)': 'C:\\Program Files (x86)\\Common Files', 'CommonProgramW6432': 'C:\\Program Files\\Common Files', 'COMPUTERNAME': 'DESKTOP-MMCQPV1', 'ComSpec': 'C:\\Windows\\system32\\cmd.exe', 'DevEnvDir': 'C:\\Program Files (x86)\\Microsoft Visual Studio\\2019\\BuildTools\\Common7\\IDE\\', 'DriverData': 'C:\\Windows\\System32\\Drivers\\DriverData', 'ExtensionSdkDir': 'C:\\Program Files (x86)\\Microsoft SDKs\\Windows Kits\\10\\ExtensionSDKs', 'FPS_BROWSER_APP_PROFILE_STRING': 'Internet Explorer', 'FPS_BROWSER_USER_PROFILE_STRING': 'Default', 'Framework40Version': 'v4.0', 'FrameworkDir': 'C:\\Windows\\Microsoft.NET\\Framework64\\', 'FrameworkDir64': 'C:\\Windows\\Microsoft.NET\\Framework64\\', 'FrameworkVersion': 'v4.0.30319', 'FrameworkVersion64': 'v4.0.30319', 'HOMEDRIVE': 'C:', 'HOMEPATH': '\\Users\\SSAFY', 'IGCCSVC_DB': 'AQAAANCMnd8BFdERjHoAwE/Cl+sBAAAAZRccVd4je0OLfr1oHJQiGAQAAAACAAAAAAAQZgAAAAEAACAAAACJvizo6qOP/SpufbofveU028DXT6GCgRcbztf86e5HjgAAAAAOgAAAAAIAACAAAAChGMVX7jDaYCQJzyAUTrIKL8v0nh8aMVmlmoCOi/aZNWAAAADSzDChUGYiSPjw+BMYAXkLomNk5zgp3aUX/lFn03D1GSsTAJiWn3f2TPq0Folm0RGYsCE07qZsvPI6/gUCRG0F7N8W7RngPbAi74kcJDbqGf0aQeG7TccQxwj9zH2vfD5AAAAAKgtJ+jvT91VYKFFvAnvQuMjk3VfOdYs6T1z36vuHq3AldWXqCDZ3MbviJaIe/ej6EyEgacDdL2g7o3hP+K3+cA==', 'INCLUDE': 'C:\\Program Files (x86)\\Microsoft Visual Studio\\2019\\BuildTools\\VC\\Tools\\MSVC\\14.29.30133\\include;C:\\Program Files (x86)\\Windows Kits\\10\\include\\10.0.19041.0\\ucrt;C:\\Program Files (x86)\\Windows Kits\\10\\include\\10.0.19041.0\\shared;C:\\Program Files (x86)\\Windows Kits\\10\\include\\10.0.19041.0\\um;C:\\Program Files (x86)\\Windows Kits\\10\\include\\10.0.19041.0\\winrt;C:\\Program Files (x86)\\Windows Kits\\10\\include\\10.0.19041.0\\cppwinrt\nIntelliJ IDEA Community Edition=C:\\Program Files\\JetBrains\\IntelliJ IDEA Community Edition 2024.2\\bin;', 'LIB': 'C:\\Program Files (x86)\\Microsoft Visual Studio\\2019\\BuildTools\\VC\\Tools\\MSVC\\14.29.30133\\lib\\x64;C:\\Program Files (x86)\\Windows Kits\\10\\lib\\10.0.19041.0\\ucrt\\x64;C:\\Program Files (x86)\\Windows Kits\\10\\lib\\10.0.19041.0\\um\\x64', 'LIBPATH': 'C:\\Program Files (x86)\\Microsoft Visual Studio\\2019\\BuildTools\\VC\\Tools\\MSVC\\14.29.30133\\lib\\x64;C:\\Program Files (x86)\\Microsoft Visual Studio\\2019\\BuildTools\\VC\\Tools\\MSVC\\14.29.30133\\lib\\x86\\store\\references;C:\\Program Files (x86)\\Windows Kits\\10\\UnionMetadata\\10.0.19041.0;C:\\Program Files (x86)\\Windows Kits\\10\\References\\10.0.19041.0;C:\\Windows\\Microsoft.NET\\Framework64\\v4.0.30319', 'LOCALAPPDATA': 'C:\\Users\\SSAFY\\AppData\\Local', 'LOGONSERVER': '\\\\DESKTOP-MMCQPV1', 'NUMBER_OF_PROCESSORS': '20', 'NVM_HOME': 'C:\\Users\\SSAFY\\AppData\\Roaming\\nvm', 'NVM_SYMLINK': 'C:\\Program Files\\nodejs', 'OneDrive': 'C:\\Users\\SSAFY\\OneDrive', 'OpenCV_DIR': 'C:\\opencv', 'OPENSSL_CONF': 'C:\\OpenSSL-Win64\\bin\\openssl.cfg', 'OS': 'Windows_NT', 'Path': 'c:\\python37\\lib\\site-packages\\pywin32_system32;C:\\Program Files (x86)\\Microsoft Visual Studio\\2019\\BuildTools\\VC\\Tools\\MSVC\\14.29.30133\\bin\\HostX64\\x64;C:\\Program Files (x86)\\Microsoft Visual Studio\\2019\\BuildTools\\Common7\\IDE\\VC\\VCPackages;C:\\Program Files (x86)\\Microsoft Visual Studio\\2019\\BuildTools\\Common7\\IDE\\CommonExtensions\\Microsoft\\TestWindow;C:\\Program Files (x86)\\Microsoft Visual Studio\\2019\\BuildTools\\Common7\\IDE\\CommonExtensions\\Microsoft\\TeamFoundation\\Team Explorer;C:\\Program Files (x86)\\Microsoft Visual Studio\\2019\\BuildTools\\MSBuild\\Current\\bin\\Roslyn;C:\\Program Files (x86)\\Microsoft Visual Studio\\2019\\BuildTools\\Common7\\Tools\\devinit;C:\\Program Files (x86)\\Windows Kits\\10\\bin\\10.0.19041.0\\x64;C:\\Program Files (x86)\\Windows Kits\\10\\bin\\x64;C:\\Program Files (x86)\\Microsoft Visual Studio\\2019\\BuildTools\\\\MSBuild\\Current\\Bin;C:\\Windows\\Microsoft.NET\\Framework64\\v4.0.30319;C:\\Program Files (x86)\\Microsoft Visual Studio\\2019\\BuildTools\\Common7\\IDE\\;C:\\Program Files (x86)\\Microsoft Visual Studio\\2019\\BuildTools\\Common7\\Tools\\;C:\\Program Files (x86)\\VMware\\VMware Player\\bin\\;C:\\Python37\\Scripts\\;C:\\Python37\\;C:\\Program Files\\Common Files\\Oracle\\Java\\javapath;C:\\Windows\\system32;C:\\Windows;C:\\Windows\\System32\\Wbem;C:\\Windows\\System32\\WindowsPowerShell\\v1.0\\;C:\\Windows\\System32\\OpenSSH\\;C:\\Program Files (x86)\\NVIDIA Corporation\\PhysX\\Common;C:\\Program Files\\NVIDIA Corporation\\NVIDIA NvDLISR;C:\\Program Files\\Bandizip\\;C:\\Program Files\\MySQL\\MySQL Server 8.0\\bin;C:\\Users\\SSAFY\\AppData\\Roaming\\nvm;C:\\Program Files\\nodejs;C:\\Program Files\\Git\\cmd;C:\\ProgramData\\chocolatey\\bin;C:\\ProgramData\\chocolatey\\lib\\cunit\\lib;C:\\ProgramData\\chocolatey\\lib\\tinyxml2\\lib;C:\\ProgramData\\chocolatey\\lib\\log4cxx\\lib;C:\\ProgramData\\chocolatey\\lib\\bullet\\lib;C:\\Program Files\\Vim\\vim91;C:\\OpenSSL-Win64\\bin\\openssl.cfg;C:\\opencv\\x64\\vc16\\bin;C:\\Program Files\\MySQL\\MySQL Shell 8.0\\bin\\;C:\\Users\\SSAFY\\AppData\\Local\\Microsoft\\WindowsApps;C:\\Users\\SSAFY\\AppData\\Roaming\\nvm;C:\\Program Files\\nodejs;C:\\Program Files\\JetBrains\\IntelliJ IDEA Community Edition 2024.2\\bin;;C:\\Users\\SSAFY\\AppData\\Local\\Programs\\Microsoft VS Code\\bin;C:\\OpenSSL-Win64\\bin;C:\\Program Files\\CMake\\bin;;C:\\Program Files (x86)\\Microsoft Visual Studio\\2019\\BuildTools\\Common7\\IDE\\CommonExtensions\\Microsoft\\CMake\\CMake\\bin;C:\\Program Files (x86)\\Microsoft Visual Studio\\2019\\BuildTools\\Common7\\IDE\\CommonExtensions\\Microsoft\\CMake\\Ninja', 'PATHEXT': '.COM;.EXE;.BAT;.CMD;.VBS;.VBE;.JS;.JSE;.WSF;.WSH;.MSC;.PY;.PYW', 'Platform': 'x64', 'PROCESSOR_ARCHITECTURE': 'AMD64', 'PROCESSOR_IDENTIFIER': 'Intel64 Family 6 Model 186 Stepping 2, GenuineIntel', 'PROCESSOR_LEVEL': '6', 'PROCESSOR_REVISION': 'ba02', 'ProgramData': 'C:\\ProgramData', 'ProgramFiles': 'C:\\Program Files', 'ProgramFiles(x86)': 'C:\\Program Files (x86)', 'ProgramW6432': 'C:\\Program Files', 'PROMPT': '$P$G', 'PSModulePath': 'C:\\Program Files\\WindowsPowerShell\\Modules;C:\\Windows\\system32\\WindowsPowerShell\\v1.0\\Modules', 'PUBLIC': 'C:\\Users\\Public', 'ROS_DOMAIN_ID': '9', 'SESSIONNAME': 'Console', 'SystemDrive': 'C:', 'SystemRoot': 'C:\\Windows', 'TEMP': 'C:\\Users\\SSAFY\\AppData\\Local\\Temp', 'TMP': 'C:\\Users\\SSAFY\\AppData\\Local\\Temp', 'UCRTVersion': '10.0.19041.0', 'UniversalCRTSdkDir': 'C:\\Program Files (x86)\\Windows Kits\\10\\', 'USERDOMAIN': 'DESKTOP-MMCQPV1', 'USERDOMAIN_ROAMINGPROFILE': 'DESKTOP-MMCQPV1', 'USERNAME': 'SSAFY', 'USERPROFILE': 'C:\\Users\\SSAFY', 'VCIDEInstallDir': 'C:\\Program Files (x86)\\Microsoft Visual Studio\\2019\\BuildTools\\Common7\\IDE\\VC\\', 'VCINSTALLDIR': 'C:\\Program Files (x86)\\Microsoft Visual Studio\\2019\\BuildTools\\VC\\', 'VCToolsInstallDir': 'C:\\Program Files (x86)\\Microsoft Visual Studio\\2019\\BuildTools\\VC\\Tools\\MSVC\\14.29.30133\\', 'VCToolsRedistDir': 'C:\\Program Files (x86)\\Microsoft Visual Studio\\2019\\BuildTools\\VC\\Redist\\MSVC\\14.29.30133\\', 'VCToolsVersion': '14.29.30133', 'VisualStudioVersion': '16.0', 'VS160COMNTOOLS': 'C:\\Program Files (x86)\\Microsoft Visual Studio\\2019\\BuildTools\\Common7\\Tools\\', 'VSCMD_ARG_app_plat': 'Desktop', 'VSCMD_ARG_HOST_ARCH': 'x64', 'VSCMD_ARG_TGT_ARCH': 'x64', 'VSCMD_VER': '16.11.39', 'VSINSTALLDIR': 'C:\\Program Files (x86)\\Microsoft Visual Studio\\2019\\BuildTools\\', 'windir': 'C:\\Windows', 'WindowsLibPath': 'C:\\Program Files (x86)\\Windows Kits\\10\\UnionMetadata\\10.0.19041.0;C:\\Program Files (x86)\\Windows Kits\\10\\References\\10.0.19041.0', 'WindowsSdkBinPath': 'C:\\Program Files (x86)\\Windows Kits\\10\\bin\\', 'WindowsSdkDir': 'C:\\Program Files (x86)\\Windows Kits\\10\\', 'WindowsSDKLibVersion': '10.0.19041.0\\', 'WindowsSdkVerBinPath': 'C:\\Program Files (x86)\\Windows Kits\\10\\bin\\10.0.19041.0\\', 'WindowsSDKVersion': '10.0.19041.0\\', 'ZES_ENABLE_SYSMAN': '1', '__devinit_path': 'C:\\Program Files (x86)\\Microsoft Visual Studio\\2019\\BuildTools\\Common7\\Tools\\devinit\\devinit.exe', '__DOTNET_ADD_64BIT': '1', '__DOTNET_PREFERRED_BITNESS': '64', '__VSCMD_PREINIT_PATH': 'C:\\Program Files (x86)\\VMware\\VMware Player\\bin\\;C:\\Python37\\Scripts\\;C:\\Python37\\;C:\\Program Files\\Common Files\\Oracle\\Java\\javapath;C:\\Windows\\system32;C:\\Windows;C:\\Windows\\System32\\Wbem;C:\\Windows\\System32\\WindowsPowerShell\\v1.0\\;C:\\Windows\\System32\\OpenSSH\\;C:\\Program Files (x86)\\NVIDIA Corporation\\PhysX\\Common;C:\\Program Files\\NVIDIA Corporation\\NVIDIA NvDLISR;C:\\Program Files\\Bandizip\\;C:\\Program Files\\MySQL\\MySQL Server 8.0\\bin;C:\\Users\\SSAFY\\AppData\\Roaming\\nvm;C:\\Program Files\\nodejs;C:\\Program Files\\Git\\cmd;C:\\ProgramData\\chocolatey\\bin;C:\\ProgramData\\chocolatey\\lib\\cunit\\lib;C:\\ProgramData\\chocolatey\\lib\\tinyxml2\\lib;C:\\ProgramData\\chocolatey\\lib\\log4cxx\\lib;C:\\ProgramData\\chocolatey\\lib\\bullet\\lib;C:\\Program Files\\Vim\\vim91;C:\\OpenSSL-Win64\\bin\\openssl.cfg;C:\\opencv\\x64\\vc16\\bin;C:\\Program Files\\MySQL\\MySQL Shell 8.0\\bin\\;C:\\Users\\SSAFY\\AppData\\Local\\Microsoft\\WindowsApps;C:\\Users\\SSAFY\\AppData\\Roaming\\nvm;C:\\Program Files\\nodejs;C:\\Program Files\\JetBrains\\IntelliJ IDEA Community Edition 2024.2\\bin;;C:\\Users\\SSAFY\\AppData\\Local\\Programs\\Microsoft VS Code\\bin;C:\\OpenSSL-Win64\\bin;C:\\Program Files\\CMake\\bin;', 'PYTHONPATH': 'C:\\Users\\SSAFY\\Desktop\\git_clone\\S11P21B209\\ROS2\\build\\my_package\\prefix_override;c:\\python37\\lib\\site-packages\\colcon_core\\task\\python\\colcon_distutils_commands;C:\\Users\\SSAFY\\Desktop\\git_clone\\S11P21B209\\ROS2\\install\\my_package\\Lib\\site-packages;'}, 'shell': False}
[0.657000] (-) TimerEvent: {}
[0.782000] (-) TimerEvent: {}
[0.797000] (my_package) StdoutLine: {'line': b'running develop\r\n'}
[0.860000] (my_package) StdoutLine: {'line': b'running egg_info\r\n'}
[0.875000] (my_package) StdoutLine: {'line': b'writing my_package.egg-info\\PKG-INFO\r\n'}
[0.875000] (my_package) StdoutLine: {'line': b'writing dependency_links to my_package.egg-info\\dependency_links.txt\r\n'}
[0.875000] (my_package) StdoutLine: {'line': b'writing entry points to my_package.egg-info\\entry_points.txt\r\n'}
[0.875000] (my_package) StdoutLine: {'line': b'writing requirements to my_package.egg-info\\requires.txt\r\n'}
[0.875000] (my_package) StdoutLine: {'line': b'writing top-level names to my_package.egg-info\\top_level.txt\r\n'}
[0.891000] (-) TimerEvent: {}
[0.891000] (my_package) StdoutLine: {'line': b"reading manifest file 'my_package.egg-info\\SOURCES.txt'\r\n"}
[0.891000] (my_package) StdoutLine: {'line': b"writing manifest file 'my_package.egg-info\\SOURCES.txt'\r\n"}
[0.907000] (my_package) StdoutLine: {'line': b'running build_ext\r\n'}
[0.907000] (my_package) StdoutLine: {'line': b'Creating C:\\Users\\SSAFY\\Desktop\\git_clone\\S11P21B209\\ROS2\\install\\my_package\\Lib\\site-packages\\my-package.egg-link (link to .)\r\n'}
[0.907000] (my_package) StdoutLine: {'line': b'Installing a_star_global-script.py script to C:\\Users\\SSAFY\\Desktop\\git_clone\\S11P21B209\\ROS2\\install\\my_package/lib/my_package\r\n'}
[0.907000] (my_package) StdoutLine: {'line': b'Installing a_star_global.exe script to C:\\Users\\SSAFY\\Desktop\\git_clone\\S11P21B209\\ROS2\\install\\my_package/lib/my_package\r\n'}
[0.907000] (my_package) StdoutLine: {'line': b'Installing a_star_local-script.py script to C:\\Users\\SSAFY\\Desktop\\git_clone\\S11P21B209\\ROS2\\install\\my_package/lib/my_package\r\n'}
[0.907000] (my_package) StdoutLine: {'line': b'Installing a_star_local.exe script to C:\\Users\\SSAFY\\Desktop\\git_clone\\S11P21B209\\ROS2\\install\\my_package/lib/my_package\r\n'}
[0.907000] (my_package) StdoutLine: {'line': b'Installing dwa_local-script.py script to C:\\Users\\SSAFY\\Desktop\\git_clone\\S11P21B209\\ROS2\\install\\my_package/lib/my_package\r\n'}
[0.907000] (my_package) StdoutLine: {'line': b'Installing dwa_local.exe script to C:\\Users\\SSAFY\\Desktop\\git_clone\\S11P21B209\\ROS2\\install\\my_package/lib/my_package\r\n'}
[0.922000] (my_package) StdoutLine: {'line': b'Installing ftc-script.py script to C:\\Users\\SSAFY\\Desktop\\git_clone\\S11P21B209\\ROS2\\install\\my_package/lib/my_package\r\n'}
[0.922000] (my_package) StdoutLine: {'line': b'Installing ftc.exe script to C:\\Users\\SSAFY\\Desktop\\git_clone\\S11P21B209\\ROS2\\install\\my_package/lib/my_package\r\n'}
[0.922000] (my_package) StdoutLine: {'line': b'Installing listner-script.py script to C:\\Users\\SSAFY\\Desktop\\git_clone\\S11P21B209\\ROS2\\install\\my_package/lib/my_package\r\n'}
[0.922000] (my_package) StdoutLine: {'line': b'Installing listner.exe script to C:\\Users\\SSAFY\\Desktop\\git_clone\\S11P21B209\\ROS2\\install\\my_package/lib/my_package\r\n'}
[0.922000] (my_package) StdoutLine: {'line': b'Installing load_map-script.py script to C:\\Users\\SSAFY\\Desktop\\git_clone\\S11P21B209\\ROS2\\install\\my_package/lib/my_package\r\n'}
[0.922000] (my_package) StdoutLine: {'line': b'Installing load_map.exe script to C:\\Users\\SSAFY\\Desktop\\git_clone\\S11P21B209\\ROS2\\install\\my_package/lib/my_package\r\n'}
[0.922000] (my_package) StdoutLine: {'line': b'Installing mapping-script.py script to C:\\Users\\SSAFY\\Desktop\\git_clone\\S11P21B209\\ROS2\\install\\my_package/lib/my_package\r\n'}
[0.922000] (my_package) StdoutLine: {'line': b'Installing mapping.exe script to C:\\Users\\SSAFY\\Desktop\\git_clone\\S11P21B209\\ROS2\\install\\my_package/lib/my_package\r\n'}
[0.922000] (my_package) StdoutLine: {'line': b'Installing my_node-script.py script to C:\\Users\\SSAFY\\Desktop\\git_clone\\S11P21B209\\ROS2\\install\\my_package/lib/my_package\r\n'}
[0.922000] (my_package) StdoutLine: {'line': b'Installing my_node.exe script to C:\\Users\\SSAFY\\Desktop\\git_clone\\S11P21B209\\ROS2\\install\\my_package/lib/my_package\r\n'}
[0.922000] (my_package) StdoutLine: {'line': b'Installing odom-script.py script to C:\\Users\\SSAFY\\Desktop\\git_clone\\S11P21B209\\ROS2\\install\\my_package/lib/my_package\r\n'}
[0.922000] (my_package) StdoutLine: {'line': b'Installing odom.exe script to C:\\Users\\SSAFY\\Desktop\\git_clone\\S11P21B209\\ROS2\\install\\my_package/lib/my_package\r\n'}
[0.922000] (my_package) StdoutLine: {'line': b'Installing talker-script.py script to C:\\Users\\SSAFY\\Desktop\\git_clone\\S11P21B209\\ROS2\\install\\my_package/lib/my_package\r\n'}
[0.922000] (my_package) StdoutLine: {'line': b'Installing talker.exe script to C:\\Users\\SSAFY\\Desktop\\git_clone\\S11P21B209\\ROS2\\install\\my_package/lib/my_package\r\n'}
[0.922000] (my_package) StdoutLine: {'line': b'\r\n'}
[0.922000] (my_package) StdoutLine: {'line': b'Installed c:\\users\\ssafy\\desktop\\git_clone\\s11p21b209\\ros2\\build\\my_package\r\n'}
[0.938000] (my_package) StdoutLine: {'line': b'running symlink_data\r\n'}
[0.938000] (my_package) StderrLine: {'line': b'c:\\python37\\lib\\site-packages\\setuptools\\dist.py:745: SetuptoolsDeprecationWarning: Invalid dash-separated options\r\n'}
[0.938000] (my_package) StderrLine: {'line': b'!!\r\n'}
[0.938000] (my_package) StderrLine: {'line': b'\r\n'}
[0.938000] (my_package) StderrLine: {'line': b'        ********************************************************************************\r\n'}
[0.938000] (my_package) StderrLine: {'line': b"        Usage of dash-separated 'script-dir' will not be supported in future\r\n"}
[0.938000] (my_package) StderrLine: {'line': b"        versions. Please use the underscore name 'script_dir' instead.\r\n"}
[0.938000] (my_package) StderrLine: {'line': b'\r\n'}
[0.938000] (my_package) StderrLine: {'line': b'        This deprecation is overdue, please update your project and remove deprecated\r\n'}
[0.938000] (my_package) StderrLine: {'line': b'        calls to avoid build errors in the future.\r\n'}
[0.938000] (my_package) StderrLine: {'line': b'\r\n'}
[0.938000] (my_package) StderrLine: {'line': b'        See https://setuptools.pypa.io/en/latest/userguide/declarative_config.html for details.\r\n'}
[0.938000] (my_package) StderrLine: {'line': b'        ********************************************************************************\r\n'}
[0.938000] (my_package) StderrLine: {'line': b'\r\n'}
[0.938000] (my_package) StderrLine: {'line': b'!!\r\n'}
[0.938000] (my_package) StderrLine: {'line': b'  opt = self.warn_dash_deprecation(opt, section)\r\n'}
[0.938000] (my_package) StderrLine: {'line': b'c:\\python37\\lib\\site-packages\\setuptools\\command\\develop.py:40: EasyInstallDeprecationWarning: easy_install command is deprecated.\r\n'}
[0.938000] (my_package) StderrLine: {'line': b'!!\r\n'}
[0.938000] (my_package) StderrLine: {'line': b'\r\n'}
[0.938000] (my_package) StderrLine: {'line': b'        ********************************************************************************\r\n'}
[0.938000] (my_package) StderrLine: {'line': b'        Please avoid running ``setup.py`` and ``easy_install``.\r\n'}
[0.938000] (my_package) StderrLine: {'line': b'        Instead, use pypa/build, pypa/installer or other\r\n'}
[0.938000] (my_package) StderrLine: {'line': b'        standards-based tools.\r\n'}
[0.938000] (my_package) StderrLine: {'line': b'\r\n'}
[0.938000] (my_package) StderrLine: {'line': b'        See https://github.com/pypa/setuptools/issues/917 for details.\r\n'}
[0.938000] (my_package) StderrLine: {'line': b'        ********************************************************************************\r\n'}
[0.938000] (my_package) StderrLine: {'line': b'\r\n'}
[0.938000] (my_package) StderrLine: {'line': b'!!\r\n'}
[0.938000] (my_package) StderrLine: {'line': b'  easy_install.initialize_options(self)\r\n'}
[0.954000] (my_package) CommandEnded: {'returncode': 0}
[0.969000] (my_package) JobEnded: {'identifier': 'my_package', 'rc': 0}
[0.969000] (-) EventReactorShutdown: {}
