[1.109s] Invoking command in 'C:\Users\SSAFY\Desktop\catkin_ws\build\ssafy_msgs': CL=/MP installDir=%installDir%
IntelliJ IDEA=C:\Program Files\JetBrains\IntelliJ IDEA 2024.1.4\bin;
IntelliJ IDEA Community Edition=C:\Program Files\JetBrains\IntelliJ IDEA Community Edition 2024.1.4\bin; C:\Program Files (x86)\Microsoft Visual Studio\2019\BuildTools\Common7\IDE\CommonExtensions\Microsoft\CMake\CMake\bin\cmake.EXE --build C:\Users\SSAFY\Desktop\catkin_ws\build\ssafy_msgs --config Release
[1.359s] .NET Framework¿ë Microsoft (R) Build Engine ¹öÀü 16.11.2+f32259642
[1.359s] Copyright (C) Microsoft Corporation. All rights reserved.
[1.359s] 
[2.000s]   Checking Build System
[2.359s]   Building Custom Rule C:/Users/SSAFY/Desktop/catkin_ws/src/ssafy_msgs/CMakeLists.txt
[2.656s]   Building Custom Rule C:/Users/SSAFY/Desktop/catkin_ws/src/ssafy_msgs/CMakeLists.txt
[2.765s]   ssafy_msgs__rosidl_generator_c.vcxproj -> C:\Users\SSAFY\Desktop\catkin_ws\build\ssafy_msgs\Release\ssafy_msgs__rosidl_generator_c.dll
[2.906s]   Building Custom Rule C:/Users/SSAFY/Desktop/catkin_ws/src/ssafy_msgs/CMakeLists.txt
[3.000s]   ssafy_msgs__rosidl_typesupport_c.vcxproj -> C:\Users\SSAFY\Desktop\catkin_ws\build\ssafy_msgs\Release\ssafy_msgs__rosidl_typesupport_c.dll
[3.172s]   Building Custom Rule C:/Users/SSAFY/Desktop/catkin_ws/src/ssafy_msgs/CMakeLists.txt
[3.359s]   Building Custom Rule C:/Users/SSAFY/Desktop/catkin_ws/src/ssafy_msgs/CMakeLists.txt
[3.500s]   ssafy_msgs__rosidl_typesupport_connext_cpp.vcxproj -> C:\Users\SSAFY\Desktop\catkin_ws\build\ssafy_msgs\Release\ssafy_msgs__rosidl_typesupport_connext_cpp.dll
[3.593s]   Building Custom Rule C:/Users/SSAFY/Desktop/catkin_ws/src/ssafy_msgs/CMakeLists.txt
[3.734s]   ssafy_msgs__rosidl_typesupport_connext_c.vcxproj -> C:\Users\SSAFY\Desktop\catkin_ws\build\ssafy_msgs\Release\ssafy_msgs__rosidl_typesupport_connext_c.dll
[3.843s]   Building Custom Rule C:/Users/SSAFY/Desktop/catkin_ws/src/ssafy_msgs/CMakeLists.txt
[3.937s]   ssafy_msgs__rosidl_typesupport_cpp.vcxproj -> C:\Users\SSAFY\Desktop\catkin_ws\build\ssafy_msgs\Release\ssafy_msgs__rosidl_typesupport_cpp.dll
[4.093s]   Building Custom Rule C:/Users/SSAFY/Desktop/catkin_ws/src/ssafy_msgs/CMakeLists.txt
[4.172s]   ssafy_msgs__rosidl_typesupport_fastrtps_cpp.vcxproj -> C:\Users\SSAFY\Desktop\catkin_ws\build\ssafy_msgs\Release\ssafy_msgs__rosidl_typesupport_fastrtps_cpp.dll
[4.265s]   Building Custom Rule C:/Users/SSAFY/Desktop/catkin_ws/src/ssafy_msgs/CMakeLists.txt
[4.359s]   ssafy_msgs__rosidl_typesupport_fastrtps_c.vcxproj -> C:\Users\SSAFY\Desktop\catkin_ws\build\ssafy_msgs\Release\ssafy_msgs__rosidl_typesupport_fastrtps_c.dll
[4.468s]   Building Custom Rule C:/Users/SSAFY/Desktop/catkin_ws/src/ssafy_msgs/CMakeLists.txt
[4.562s]   ssafy_msgs__rosidl_typesupport_introspection_c.vcxproj -> C:\Users\SSAFY\Desktop\catkin_ws\build\ssafy_msgs\Release\ssafy_msgs__rosidl_typesupport_introspection_c.dll
[4.672s]   Building Custom Rule C:/Users/SSAFY/Desktop/catkin_ws/src/ssafy_msgs/CMakeLists.txt
[4.750s]   ssafy_msgs__rosidl_typesupport_introspection_cpp.vcxproj -> C:\Users\SSAFY\Desktop\catkin_ws\build\ssafy_msgs\Release\ssafy_msgs__rosidl_typesupport_introspection_cpp.dll
[4.968s]   Building Custom Rule C:/Users/SSAFY/Desktop/catkin_ws/src/ssafy_msgs/CMakeLists.txt
[5.109s]   Building Custom Rule C:/Users/SSAFY/Desktop/catkin_ws/src/ssafy_msgs/CMakeLists.txt
[5.234s]   ssafy_msgs__rosidl_typesupport_opensplice_cpp.vcxproj -> C:\Users\SSAFY\Desktop\catkin_ws\build\ssafy_msgs\Release\ssafy_msgs__rosidl_typesupport_opensplice_cpp.dll
[5.328s]   Building Custom Rule C:/Users/SSAFY/Desktop/catkin_ws/src/ssafy_msgs/CMakeLists.txt
[5.453s]   ssafy_msgs__rosidl_typesupport_opensplice_c.vcxproj -> C:\Users\SSAFY\Desktop\catkin_ws\build\ssafy_msgs\Release\ssafy_msgs__rosidl_typesupport_opensplice_c.dll
[5.578s]   Building Custom Rule C:/Users/SSAFY/Desktop/catkin_ws/src/ssafy_msgs/CMakeLists.txt
[5.859s]   Building Custom Rule C:/Users/SSAFY/Desktop/catkin_ws/src/ssafy_msgs/CMakeLists.txt
[5.937s]   ssafy_msgs__python.vcxproj -> C:\Users\SSAFY\Desktop\catkin_ws\build\ssafy_msgs\rosidl_generator_py\ssafy_msgs\ssafy_msgs__python.dll
[6.062s]   Building Custom Rule C:/Users/SSAFY/Desktop/catkin_ws/src/ssafy_msgs/CMakeLists.txt
[6.140s]   ssafy_msgs__rosidl_typesupport_c__pyext.vcxproj -> C:\Users\SSAFY\Desktop\catkin_ws\build\ssafy_msgs\rosidl_generator_py\ssafy_msgs\ssafy_msgs_s__rosidl_typesupport_c.pyd
[6.250s]   Building Custom Rule C:/Users/SSAFY/Desktop/catkin_ws/src/ssafy_msgs/CMakeLists.txt
[6.328s]   ssafy_msgs__rosidl_typesupport_connext_c__pyext.vcxproj -> C:\Users\SSAFY\Desktop\catkin_ws\build\ssafy_msgs\rosidl_generator_py\ssafy_msgs\ssafy_msgs_s__rosidl_typesupport_connext_c.pyd
[6.437s]   Building Custom Rule C:/Users/SSAFY/Desktop/catkin_ws/src/ssafy_msgs/CMakeLists.txt
[6.531s]   ssafy_msgs__rosidl_typesupport_fastrtps_c__pyext.vcxproj -> C:\Users\SSAFY\Desktop\catkin_ws\build\ssafy_msgs\rosidl_generator_py\ssafy_msgs\ssafy_msgs_s__rosidl_typesupport_fastrtps_c.pyd
[6.625s]   Building Custom Rule C:/Users/SSAFY/Desktop/catkin_ws/src/ssafy_msgs/CMakeLists.txt
[6.703s]   ssafy_msgs__rosidl_typesupport_introspection_c__pyext.vcxproj -> C:\Users\SSAFY\Desktop\catkin_ws\build\ssafy_msgs\rosidl_generator_py\ssafy_msgs\ssafy_msgs_s__rosidl_typesupport_introspection_c.pyd
[6.812s]   Building Custom Rule C:/Users/SSAFY/Desktop/catkin_ws/src/ssafy_msgs/CMakeLists.txt
[6.890s]   ssafy_msgs__rosidl_typesupport_opensplice_c__pyext.vcxproj -> C:\Users\SSAFY\Desktop\catkin_ws\build\ssafy_msgs\rosidl_generator_py\ssafy_msgs\ssafy_msgs_s__rosidl_typesupport_opensplice_c.pyd
[6.984s]   Building Custom Rule C:/Users/SSAFY/Desktop/catkin_ws/src/ssafy_msgs/CMakeLists.txt
[7.078s] Invoked command in 'C:\Users\SSAFY\Desktop\catkin_ws\build\ssafy_msgs' returned '0': CL=/MP installDir=%installDir%
IntelliJ IDEA=C:\Program Files\JetBrains\IntelliJ IDEA 2024.1.4\bin;
IntelliJ IDEA Community Edition=C:\Program Files\JetBrains\IntelliJ IDEA Community Edition 2024.1.4\bin; C:\Program Files (x86)\Microsoft Visual Studio\2019\BuildTools\Common7\IDE\CommonExtensions\Microsoft\CMake\CMake\bin\cmake.EXE --build C:\Users\SSAFY\Desktop\catkin_ws\build\ssafy_msgs --config Release
[7.125s] Invoking command in 'C:\Users\SSAFY\Desktop\catkin_ws\build\ssafy_msgs': installDir=%installDir%
IntelliJ IDEA=C:\Program Files\JetBrains\IntelliJ IDEA 2024.1.4\bin;
IntelliJ IDEA Community Edition=C:\Program Files\JetBrains\IntelliJ IDEA Community Edition 2024.1.4\bin; C:\Program Files (x86)\Microsoft Visual Studio\2019\BuildTools\Common7\IDE\CommonExtensions\Microsoft\CMake\CMake\bin\cmake.EXE --install C:\Users\SSAFY\Desktop\catkin_ws\build\ssafy_msgs --config Release
[7.172s] -- Up-to-date: C:/Users/SSAFY/Desktop/catkin_ws/install/ssafy_msgs/share/ament_index/resource_index/rosidl_interfaces/ssafy_msgs
[7.172s] -- Up-to-date: C:/Users/SSAFY/Desktop/catkin_ws/install/ssafy_msgs/lib/ssafy_msgs__rosidl_typesupport_c.lib
[7.187s] -- Up-to-date: C:/Users/SSAFY/Desktop/catkin_ws/install/ssafy_msgs/bin/ssafy_msgs__rosidl_typesupport_c.dll
[7.187s] -- Up-to-date: C:/Users/SSAFY/Desktop/catkin_ws/install/ssafy_msgs/lib/ssafy_msgs__rosidl_typesupport_cpp.lib
[7.234s] -- Up-to-date: C:/Users/SSAFY/Desktop/catkin_ws/install/ssafy_msgs/bin/ssafy_msgs__rosidl_typesupport_cpp.dll
[7.234s] -- Up-to-date: C:/Users/SSAFY/Desktop/catkin_ws/install/ssafy_msgs/include/ssafy_msgs
[7.234s] -- Up-to-date: C:/Users/SSAFY/Desktop/catkin_ws/install/ssafy_msgs/include/ssafy_msgs/msg
[7.234s] -- Up-to-date: C:/Users/SSAFY/Desktop/catkin_ws/install/ssafy_msgs/include/ssafy_msgs/msg/b_box__rosidl_typesupport_connext_c.h
[7.250s] -- Up-to-date: C:/Users/SSAFY/Desktop/catkin_ws/install/ssafy_msgs/include/ssafy_msgs/msg/custom_object_info__rosidl_typesupport_connext_c.h
[7.250s] -- Up-to-date: C:/Users/SSAFY/Desktop/catkin_ws/install/ssafy_msgs/include/ssafy_msgs/msg/dds_connext
[7.250s] -- Up-to-date: C:/Users/SSAFY/Desktop/catkin_ws/install/ssafy_msgs/include/ssafy_msgs/msg/enviroment_status__rosidl_typesupport_connext_c.h
[7.250s] -- Up-to-date: C:/Users/SSAFY/Desktop/catkin_ws/install/ssafy_msgs/include/ssafy_msgs/msg/hand_control__rosidl_typesupport_connext_c.h
[7.265s] -- Up-to-date: C:/Users/SSAFY/Desktop/catkin_ws/install/ssafy_msgs/include/ssafy_msgs/msg/num__rosidl_typesupport_connext_c.h
[7.265s] -- Up-to-date: C:/Users/SSAFY/Desktop/catkin_ws/install/ssafy_msgs/include/ssafy_msgs/msg/object_info__rosidl_typesupport_connext_c.h
[7.265s] -- Up-to-date: C:/Users/SSAFY/Desktop/catkin_ws/install/ssafy_msgs/include/ssafy_msgs/msg/rosidl_typesupport_connext_c__visibility_control.h
[7.265s] -- Up-to-date: C:/Users/SSAFY/Desktop/catkin_ws/install/ssafy_msgs/include/ssafy_msgs/msg/turtlebot_status__rosidl_typesupport_connext_c.h
[7.281s] -- Up-to-date: C:/Users/SSAFY/Desktop/catkin_ws/install/ssafy_msgs/lib/ssafy_msgs__rosidl_typesupport_connext_c.lib
[7.312s] -- Up-to-date: C:/Users/SSAFY/Desktop/catkin_ws/install/ssafy_msgs/bin/ssafy_msgs__rosidl_typesupport_connext_c.dll
[7.312s] -- Up-to-date: C:/Users/SSAFY/Desktop/catkin_ws/install/ssafy_msgs/include/ssafy_msgs
[7.312s] -- Up-to-date: C:/Users/SSAFY/Desktop/catkin_ws/install/ssafy_msgs/include/ssafy_msgs/msg
[7.312s] -- Up-to-date: C:/Users/SSAFY/Desktop/catkin_ws/install/ssafy_msgs/include/ssafy_msgs/msg/b_box.h
[7.328s] -- Up-to-date: C:/Users/SSAFY/Desktop/catkin_ws/install/ssafy_msgs/include/ssafy_msgs/msg/b_box__functions.c
[7.328s] -- Up-to-date: C:/Users/SSAFY/Desktop/catkin_ws/install/ssafy_msgs/include/ssafy_msgs/msg/b_box__functions.h
[7.328s] -- Up-to-date: C:/Users/SSAFY/Desktop/catkin_ws/install/ssafy_msgs/include/ssafy_msgs/msg/b_box__struct.h
[7.343s] -- Up-to-date: C:/Users/SSAFY/Desktop/catkin_ws/install/ssafy_msgs/include/ssafy_msgs/msg/b_box__type_support.h
[7.343s] -- Up-to-date: C:/Users/SSAFY/Desktop/catkin_ws/install/ssafy_msgs/include/ssafy_msgs/msg/custom_object_info.h
[7.343s] -- Up-to-date: C:/Users/SSAFY/Desktop/catkin_ws/install/ssafy_msgs/include/ssafy_msgs/msg/custom_object_info__functions.c
[7.359s] -- Up-to-date: C:/Users/SSAFY/Desktop/catkin_ws/install/ssafy_msgs/include/ssafy_msgs/msg/custom_object_info__functions.h
[7.359s] -- Up-to-date: C:/Users/SSAFY/Desktop/catkin_ws/install/ssafy_msgs/include/ssafy_msgs/msg/custom_object_info__struct.h
[7.359s] -- Up-to-date: C:/Users/SSAFY/Desktop/catkin_ws/install/ssafy_msgs/include/ssafy_msgs/msg/custom_object_info__type_support.h
[7.359s] -- Up-to-date: C:/Users/SSAFY/Desktop/catkin_ws/install/ssafy_msgs/include/ssafy_msgs/msg/enviroment_status.h
[7.375s] -- Up-to-date: C:/Users/SSAFY/Desktop/catkin_ws/install/ssafy_msgs/include/ssafy_msgs/msg/enviroment_status__functions.c
[7.375s] -- Up-to-date: C:/Users/SSAFY/Desktop/catkin_ws/install/ssafy_msgs/include/ssafy_msgs/msg/enviroment_status__functions.h
[7.375s] -- Up-to-date: C:/Users/SSAFY/Desktop/catkin_ws/install/ssafy_msgs/include/ssafy_msgs/msg/enviroment_status__struct.h
[7.390s] -- Up-to-date: C:/Users/SSAFY/Desktop/catkin_ws/install/ssafy_msgs/include/ssafy_msgs/msg/enviroment_status__type_support.h
[7.390s] -- Up-to-date: C:/Users/SSAFY/Desktop/catkin_ws/install/ssafy_msgs/include/ssafy_msgs/msg/hand_control.h
[7.390s] -- Up-to-date: C:/Users/SSAFY/Desktop/catkin_ws/install/ssafy_msgs/include/ssafy_msgs/msg/hand_control__functions.c
[7.390s] -- Up-to-date: C:/Users/SSAFY/Desktop/catkin_ws/install/ssafy_msgs/include/ssafy_msgs/msg/hand_control__functions.h
[7.406s] -- Up-to-date: C:/Users/SSAFY/Desktop/catkin_ws/install/ssafy_msgs/include/ssafy_msgs/msg/hand_control__struct.h
[7.406s] -- Up-to-date: C:/Users/SSAFY/Desktop/catkin_ws/install/ssafy_msgs/include/ssafy_msgs/msg/hand_control__type_support.h
[7.406s] -- Up-to-date: C:/Users/SSAFY/Desktop/catkin_ws/install/ssafy_msgs/include/ssafy_msgs/msg/num.h
[7.406s] -- Up-to-date: C:/Users/SSAFY/Desktop/catkin_ws/install/ssafy_msgs/include/ssafy_msgs/msg/num__functions.c
[7.422s] -- Up-to-date: C:/Users/SSAFY/Desktop/catkin_ws/install/ssafy_msgs/include/ssafy_msgs/msg/num__functions.h
[7.422s] -- Up-to-date: C:/Users/SSAFY/Desktop/catkin_ws/install/ssafy_msgs/include/ssafy_msgs/msg/num__struct.h
[7.422s] -- Up-to-date: C:/Users/SSAFY/Desktop/catkin_ws/install/ssafy_msgs/include/ssafy_msgs/msg/num__type_support.h
[7.422s] -- Up-to-date: C:/Users/SSAFY/Desktop/catkin_ws/install/ssafy_msgs/include/ssafy_msgs/msg/object_info.h
[7.437s] -- Up-to-date: C:/Users/SSAFY/Desktop/catkin_ws/install/ssafy_msgs/include/ssafy_msgs/msg/object_info__functions.c
[7.437s] -- Up-to-date: C:/Users/SSAFY/Desktop/catkin_ws/install/ssafy_msgs/include/ssafy_msgs/msg/object_info__functions.h
[7.437s] -- Up-to-date: C:/Users/SSAFY/Desktop/catkin_ws/install/ssafy_msgs/include/ssafy_msgs/msg/object_info__struct.h
[7.437s] -- Up-to-date: C:/Users/SSAFY/Desktop/catkin_ws/install/ssafy_msgs/include/ssafy_msgs/msg/object_info__type_support.h
[7.437s] -- Up-to-date: C:/Users/SSAFY/Desktop/catkin_ws/install/ssafy_msgs/include/ssafy_msgs/msg/rosidl_generator_c__visibility_control.h
[7.453s] -- Up-to-date: C:/Users/SSAFY/Desktop/catkin_ws/install/ssafy_msgs/include/ssafy_msgs/msg/turtlebot_status.h
[7.453s] -- Up-to-date: C:/Users/SSAFY/Desktop/catkin_ws/install/ssafy_msgs/include/ssafy_msgs/msg/turtlebot_status__functions.c
[7.468s] -- Up-to-date: C:/Users/SSAFY/Desktop/catkin_ws/install/ssafy_msgs/include/ssafy_msgs/msg/turtlebot_status__functions.h
[7.468s] -- Up-to-date: C:/Users/SSAFY/Desktop/catkin_ws/install/ssafy_msgs/include/ssafy_msgs/msg/turtlebot_status__struct.h
[7.468s] -- Up-to-date: C:/Users/SSAFY/Desktop/catkin_ws/install/ssafy_msgs/include/ssafy_msgs/msg/turtlebot_status__type_support.h
[7.468s] -- Up-to-date: C:/Users/SSAFY/Desktop/catkin_ws/install/ssafy_msgs/lib/ssafy_msgs__rosidl_generator_c.lib
[7.484s] -- Up-to-date: C:/Users/SSAFY/Desktop/catkin_ws/install/ssafy_msgs/bin/ssafy_msgs__rosidl_generator_c.dll
[7.484s] -- Up-to-date: C:/Users/SSAFY/Desktop/catkin_ws/install/ssafy_msgs/share/ssafy_msgs/msg/dds_connext
[7.484s] -- Up-to-date: C:/Users/SSAFY/Desktop/catkin_ws/install/ssafy_msgs/share/ssafy_msgs/msg/dds_connext/BBox_.idl
[7.500s] -- Up-to-date: C:/Users/SSAFY/Desktop/catkin_ws/install/ssafy_msgs/share/ssafy_msgs/msg/dds_connext/CustomObjectInfo_.idl
[7.500s] -- Up-to-date: C:/Users/SSAFY/Desktop/catkin_ws/install/ssafy_msgs/share/ssafy_msgs/msg/dds_connext/EnviromentStatus_.idl
[7.500s] -- Up-to-date: C:/Users/SSAFY/Desktop/catkin_ws/install/ssafy_msgs/share/ssafy_msgs/msg/dds_connext/HandControl_.idl
[7.500s] -- Up-to-date: C:/Users/SSAFY/Desktop/catkin_ws/install/ssafy_msgs/share/ssafy_msgs/msg/dds_connext/Num_.idl
[7.500s] -- Up-to-date: C:/Users/SSAFY/Desktop/catkin_ws/install/ssafy_msgs/share/ssafy_msgs/msg/dds_connext/ObjectInfo_.idl
[7.500s] -- Up-to-date: C:/Users/SSAFY/Desktop/catkin_ws/install/ssafy_msgs/share/ssafy_msgs/msg/dds_connext/TurtlebotStatus_.idl
[7.500s] -- Up-to-date: C:/Users/SSAFY/Desktop/catkin_ws/install/ssafy_msgs/include/ssafy_msgs
[7.500s] -- Up-to-date: C:/Users/SSAFY/Desktop/catkin_ws/install/ssafy_msgs/include/ssafy_msgs/msg
[7.515s] -- Up-to-date: C:/Users/SSAFY/Desktop/catkin_ws/install/ssafy_msgs/include/ssafy_msgs/msg/b_box__rosidl_typesupport_connext_cpp.hpp
[7.515s] -- Up-to-date: C:/Users/SSAFY/Desktop/catkin_ws/install/ssafy_msgs/include/ssafy_msgs/msg/custom_object_info__rosidl_typesupport_connext_cpp.hpp
[7.515s] -- Up-to-date: C:/Users/SSAFY/Desktop/catkin_ws/install/ssafy_msgs/include/ssafy_msgs/msg/dds_connext
[7.531s] -- Up-to-date: C:/Users/SSAFY/Desktop/catkin_ws/install/ssafy_msgs/include/ssafy_msgs/msg/dds_connext/BBox_.cxx
[7.547s] -- Up-to-date: C:/Users/SSAFY/Desktop/catkin_ws/install/ssafy_msgs/include/ssafy_msgs/msg/dds_connext/BBox_.h
[7.562s] -- Up-to-date: C:/Users/SSAFY/Desktop/catkin_ws/install/ssafy_msgs/include/ssafy_msgs/msg/dds_connext/BBox_Plugin.cxx
[7.578s] -- Up-to-date: C:/Users/SSAFY/Desktop/catkin_ws/install/ssafy_msgs/include/ssafy_msgs/msg/dds_connext/BBox_Plugin.h
[7.578s] -- Up-to-date: C:/Users/SSAFY/Desktop/catkin_ws/install/ssafy_msgs/include/ssafy_msgs/msg/dds_connext/BBox_Support.cxx
[7.593s] -- Up-to-date: C:/Users/SSAFY/Desktop/catkin_ws/install/ssafy_msgs/include/ssafy_msgs/msg/dds_connext/BBox_Support.h
[7.593s] -- Up-to-date: C:/Users/SSAFY/Desktop/catkin_ws/install/ssafy_msgs/include/ssafy_msgs/msg/dds_connext/CustomObjectInfo_.cxx
[7.609s] -- Up-to-date: C:/Users/SSAFY/Desktop/catkin_ws/install/ssafy_msgs/include/ssafy_msgs/msg/dds_connext/CustomObjectInfo_.h
[7.625s] -- Up-to-date: C:/Users/SSAFY/Desktop/catkin_ws/install/ssafy_msgs/include/ssafy_msgs/msg/dds_connext/CustomObjectInfo_Plugin.cxx
[7.625s] -- Up-to-date: C:/Users/SSAFY/Desktop/catkin_ws/install/ssafy_msgs/include/ssafy_msgs/msg/dds_connext/CustomObjectInfo_Plugin.h
[7.640s] -- Up-to-date: C:/Users/SSAFY/Desktop/catkin_ws/install/ssafy_msgs/include/ssafy_msgs/msg/dds_connext/CustomObjectInfo_Support.cxx
[7.640s] -- Up-to-date: C:/Users/SSAFY/Desktop/catkin_ws/install/ssafy_msgs/include/ssafy_msgs/msg/dds_connext/CustomObjectInfo_Support.h
[7.656s] -- Up-to-date: C:/Users/SSAFY/Desktop/catkin_ws/install/ssafy_msgs/include/ssafy_msgs/msg/dds_connext/EnviromentStatus_.cxx
[7.656s] -- Up-to-date: C:/Users/SSAFY/Desktop/catkin_ws/install/ssafy_msgs/include/ssafy_msgs/msg/dds_connext/EnviromentStatus_.h
[7.672s] -- Up-to-date: C:/Users/SSAFY/Desktop/catkin_ws/install/ssafy_msgs/include/ssafy_msgs/msg/dds_connext/EnviromentStatus_Plugin.cxx
[7.687s] -- Up-to-date: C:/Users/SSAFY/Desktop/catkin_ws/install/ssafy_msgs/include/ssafy_msgs/msg/dds_connext/EnviromentStatus_Plugin.h
[7.687s] -- Up-to-date: C:/Users/SSAFY/Desktop/catkin_ws/install/ssafy_msgs/include/ssafy_msgs/msg/dds_connext/EnviromentStatus_Support.cxx
[7.703s] -- Up-to-date: C:/Users/SSAFY/Desktop/catkin_ws/install/ssafy_msgs/include/ssafy_msgs/msg/dds_connext/EnviromentStatus_Support.h
[7.703s] -- Up-to-date: C:/Users/SSAFY/Desktop/catkin_ws/install/ssafy_msgs/include/ssafy_msgs/msg/dds_connext/HandControl_.cxx
[7.718s] -- Up-to-date: C:/Users/SSAFY/Desktop/catkin_ws/install/ssafy_msgs/include/ssafy_msgs/msg/dds_connext/HandControl_.h
[7.734s] -- Up-to-date: C:/Users/SSAFY/Desktop/catkin_ws/install/ssafy_msgs/include/ssafy_msgs/msg/dds_connext/HandControl_Plugin.cxx
[7.734s] -- Up-to-date: C:/Users/SSAFY/Desktop/catkin_ws/install/ssafy_msgs/include/ssafy_msgs/msg/dds_connext/HandControl_Plugin.h
[7.734s] -- Up-to-date: C:/Users/SSAFY/Desktop/catkin_ws/install/ssafy_msgs/include/ssafy_msgs/msg/dds_connext/HandControl_Support.cxx
[7.750s] -- Up-to-date: C:/Users/SSAFY/Desktop/catkin_ws/install/ssafy_msgs/include/ssafy_msgs/msg/dds_connext/HandControl_Support.h
[7.750s] -- Up-to-date: C:/Users/SSAFY/Desktop/catkin_ws/install/ssafy_msgs/include/ssafy_msgs/msg/dds_connext/Num_.cxx
[7.765s] -- Up-to-date: C:/Users/SSAFY/Desktop/catkin_ws/install/ssafy_msgs/include/ssafy_msgs/msg/dds_connext/Num_.h
[7.781s] -- Up-to-date: C:/Users/SSAFY/Desktop/catkin_ws/install/ssafy_msgs/include/ssafy_msgs/msg/dds_connext/Num_Plugin.cxx
[7.781s] -- Up-to-date: C:/Users/SSAFY/Desktop/catkin_ws/install/ssafy_msgs/include/ssafy_msgs/msg/dds_connext/Num_Plugin.h
[7.781s] -- Up-to-date: C:/Users/SSAFY/Desktop/catkin_ws/install/ssafy_msgs/include/ssafy_msgs/msg/dds_connext/Num_Support.cxx
[7.797s] -- Up-to-date: C:/Users/SSAFY/Desktop/catkin_ws/install/ssafy_msgs/include/ssafy_msgs/msg/dds_connext/Num_Support.h
[7.797s] -- Up-to-date: C:/Users/SSAFY/Desktop/catkin_ws/install/ssafy_msgs/include/ssafy_msgs/msg/dds_connext/ObjectInfo_.cxx
[7.812s] -- Up-to-date: C:/Users/SSAFY/Desktop/catkin_ws/install/ssafy_msgs/include/ssafy_msgs/msg/dds_connext/ObjectInfo_.h
[7.828s] -- Up-to-date: C:/Users/SSAFY/Desktop/catkin_ws/install/ssafy_msgs/include/ssafy_msgs/msg/dds_connext/ObjectInfo_Plugin.cxx
[7.828s] -- Up-to-date: C:/Users/SSAFY/Desktop/catkin_ws/install/ssafy_msgs/include/ssafy_msgs/msg/dds_connext/ObjectInfo_Plugin.h
[7.843s] -- Up-to-date: C:/Users/SSAFY/Desktop/catkin_ws/install/ssafy_msgs/include/ssafy_msgs/msg/dds_connext/ObjectInfo_Support.cxx
[7.843s] -- Up-to-date: C:/Users/SSAFY/Desktop/catkin_ws/install/ssafy_msgs/include/ssafy_msgs/msg/dds_connext/ObjectInfo_Support.h
[7.843s] -- Up-to-date: C:/Users/SSAFY/Desktop/catkin_ws/install/ssafy_msgs/include/ssafy_msgs/msg/dds_connext/TurtlebotStatus_.cxx
[7.859s] -- Up-to-date: C:/Users/SSAFY/Desktop/catkin_ws/install/ssafy_msgs/include/ssafy_msgs/msg/dds_connext/TurtlebotStatus_.h
[7.875s] -- Up-to-date: C:/Users/SSAFY/Desktop/catkin_ws/install/ssafy_msgs/include/ssafy_msgs/msg/dds_connext/TurtlebotStatus_Plugin.cxx
[7.890s] -- Up-to-date: C:/Users/SSAFY/Desktop/catkin_ws/install/ssafy_msgs/include/ssafy_msgs/msg/dds_connext/TurtlebotStatus_Plugin.h
[7.890s] -- Up-to-date: C:/Users/SSAFY/Desktop/catkin_ws/install/ssafy_msgs/include/ssafy_msgs/msg/dds_connext/TurtlebotStatus_Support.cxx
[7.890s] -- Up-to-date: C:/Users/SSAFY/Desktop/catkin_ws/install/ssafy_msgs/include/ssafy_msgs/msg/dds_connext/TurtlebotStatus_Support.h
[7.906s] -- Up-to-date: C:/Users/SSAFY/Desktop/catkin_ws/install/ssafy_msgs/include/ssafy_msgs/msg/enviroment_status__rosidl_typesupport_connext_cpp.hpp
[7.906s] -- Up-to-date: C:/Users/SSAFY/Desktop/catkin_ws/install/ssafy_msgs/include/ssafy_msgs/msg/hand_control__rosidl_typesupport_connext_cpp.hpp
[7.922s] -- Up-to-date: C:/Users/SSAFY/Desktop/catkin_ws/install/ssafy_msgs/include/ssafy_msgs/msg/num__rosidl_typesupport_connext_cpp.hpp
[7.937s] -- Up-to-date: C:/Users/SSAFY/Desktop/catkin_ws/install/ssafy_msgs/include/ssafy_msgs/msg/object_info__rosidl_typesupport_connext_cpp.hpp
[7.937s] -- Up-to-date: C:/Users/SSAFY/Desktop/catkin_ws/install/ssafy_msgs/include/ssafy_msgs/msg/rosidl_typesupport_connext_cpp__visibility_control.h
[7.937s] -- Up-to-date: C:/Users/SSAFY/Desktop/catkin_ws/install/ssafy_msgs/include/ssafy_msgs/msg/turtlebot_status__rosidl_typesupport_connext_cpp.hpp
[7.937s] -- Up-to-date: C:/Users/SSAFY/Desktop/catkin_ws/install/ssafy_msgs/lib/ssafy_msgs__rosidl_typesupport_connext_cpp.lib
[7.984s] -- Up-to-date: C:/Users/SSAFY/Desktop/catkin_ws/install/ssafy_msgs/bin/ssafy_msgs__rosidl_typesupport_connext_cpp.dll
[7.984s] -- Up-to-date: C:/Users/SSAFY/Desktop/catkin_ws/install/ssafy_msgs/include/ssafy_msgs
[7.984s] -- Up-to-date: C:/Users/SSAFY/Desktop/catkin_ws/install/ssafy_msgs/include/ssafy_msgs/msg
[7.984s] -- Up-to-date: C:/Users/SSAFY/Desktop/catkin_ws/install/ssafy_msgs/include/ssafy_msgs/msg/b_box.hpp
[7.984s] -- Up-to-date: C:/Users/SSAFY/Desktop/catkin_ws/install/ssafy_msgs/include/ssafy_msgs/msg/b_box__struct.hpp
[8.000s] -- Up-to-date: C:/Users/SSAFY/Desktop/catkin_ws/install/ssafy_msgs/include/ssafy_msgs/msg/b_box__traits.hpp
[8.000s] -- Up-to-date: C:/Users/SSAFY/Desktop/catkin_ws/install/ssafy_msgs/include/ssafy_msgs/msg/custom_object_info.hpp
[8.000s] -- Up-to-date: C:/Users/SSAFY/Desktop/catkin_ws/install/ssafy_msgs/include/ssafy_msgs/msg/custom_object_info__struct.hpp
[8.000s] -- Up-to-date: C:/Users/SSAFY/Desktop/catkin_ws/install/ssafy_msgs/include/ssafy_msgs/msg/custom_object_info__traits.hpp
[8.015s] -- Up-to-date: C:/Users/SSAFY/Desktop/catkin_ws/install/ssafy_msgs/include/ssafy_msgs/msg/enviroment_status.hpp
[8.015s] -- Up-to-date: C:/Users/SSAFY/Desktop/catkin_ws/install/ssafy_msgs/include/ssafy_msgs/msg/enviroment_status__struct.hpp
[8.015s] -- Up-to-date: C:/Users/SSAFY/Desktop/catkin_ws/install/ssafy_msgs/include/ssafy_msgs/msg/enviroment_status__traits.hpp
[8.015s] -- Up-to-date: C:/Users/SSAFY/Desktop/catkin_ws/install/ssafy_msgs/include/ssafy_msgs/msg/hand_control.hpp
[8.031s] -- Up-to-date: C:/Users/SSAFY/Desktop/catkin_ws/install/ssafy_msgs/include/ssafy_msgs/msg/hand_control__struct.hpp
[8.031s] -- Up-to-date: C:/Users/SSAFY/Desktop/catkin_ws/install/ssafy_msgs/include/ssafy_msgs/msg/hand_control__traits.hpp
[8.031s] -- Up-to-date: C:/Users/SSAFY/Desktop/catkin_ws/install/ssafy_msgs/include/ssafy_msgs/msg/num.hpp
[8.047s] -- Up-to-date: C:/Users/SSAFY/Desktop/catkin_ws/install/ssafy_msgs/include/ssafy_msgs/msg/num__struct.hpp
[8.047s] -- Up-to-date: C:/Users/SSAFY/Desktop/catkin_ws/install/ssafy_msgs/include/ssafy_msgs/msg/num__traits.hpp
[8.047s] -- Up-to-date: C:/Users/SSAFY/Desktop/catkin_ws/install/ssafy_msgs/include/ssafy_msgs/msg/object_info.hpp
[8.062s] -- Up-to-date: C:/Users/SSAFY/Desktop/catkin_ws/install/ssafy_msgs/include/ssafy_msgs/msg/object_info__struct.hpp
[8.062s] -- Up-to-date: C:/Users/SSAFY/Desktop/catkin_ws/install/ssafy_msgs/include/ssafy_msgs/msg/object_info__traits.hpp
[8.062s] -- Up-to-date: C:/Users/SSAFY/Desktop/catkin_ws/install/ssafy_msgs/include/ssafy_msgs/msg/turtlebot_status.hpp
[8.062s] -- Up-to-date: C:/Users/SSAFY/Desktop/catkin_ws/install/ssafy_msgs/include/ssafy_msgs/msg/turtlebot_status__struct.hpp
[8.062s] -- Up-to-date: C:/Users/SSAFY/Desktop/catkin_ws/install/ssafy_msgs/include/ssafy_msgs/msg/turtlebot_status__traits.hpp
[8.062s] -- Up-to-date: C:/Users/SSAFY/Desktop/catkin_ws/install/ssafy_msgs/include/ssafy_msgs
[8.078s] -- Up-to-date: C:/Users/SSAFY/Desktop/catkin_ws/install/ssafy_msgs/include/ssafy_msgs/msg
[8.078s] -- Up-to-date: C:/Users/SSAFY/Desktop/catkin_ws/install/ssafy_msgs/include/ssafy_msgs/msg/b_box__rosidl_typesupport_fastrtps_c.h
[8.078s] -- Up-to-date: C:/Users/SSAFY/Desktop/catkin_ws/install/ssafy_msgs/include/ssafy_msgs/msg/custom_object_info__rosidl_typesupport_fastrtps_c.h
[8.078s] -- Up-to-date: C:/Users/SSAFY/Desktop/catkin_ws/install/ssafy_msgs/include/ssafy_msgs/msg/enviroment_status__rosidl_typesupport_fastrtps_c.h
[8.093s] -- Up-to-date: C:/Users/SSAFY/Desktop/catkin_ws/install/ssafy_msgs/include/ssafy_msgs/msg/hand_control__rosidl_typesupport_fastrtps_c.h
[8.093s] -- Up-to-date: C:/Users/SSAFY/Desktop/catkin_ws/install/ssafy_msgs/include/ssafy_msgs/msg/num__rosidl_typesupport_fastrtps_c.h
[8.093s] -- Up-to-date: C:/Users/SSAFY/Desktop/catkin_ws/install/ssafy_msgs/include/ssafy_msgs/msg/object_info__rosidl_typesupport_fastrtps_c.h
[8.093s] -- Up-to-date: C:/Users/SSAFY/Desktop/catkin_ws/install/ssafy_msgs/include/ssafy_msgs/msg/rosidl_typesupport_fastrtps_c__visibility_control.h
[8.109s] -- Up-to-date: C:/Users/SSAFY/Desktop/catkin_ws/install/ssafy_msgs/include/ssafy_msgs/msg/turtlebot_status__rosidl_typesupport_fastrtps_c.h
[8.109s] -- Up-to-date: C:/Users/SSAFY/Desktop/catkin_ws/install/ssafy_msgs/lib/ssafy_msgs__rosidl_typesupport_fastrtps_c.lib
[8.125s] -- Up-to-date: C:/Users/SSAFY/Desktop/catkin_ws/install/ssafy_msgs/bin/ssafy_msgs__rosidl_typesupport_fastrtps_c.dll
[8.125s] -- Up-to-date: C:/Users/SSAFY/Desktop/catkin_ws/install/ssafy_msgs/include/ssafy_msgs
[8.125s] -- Up-to-date: C:/Users/SSAFY/Desktop/catkin_ws/install/ssafy_msgs/include/ssafy_msgs/msg
[8.125s] -- Up-to-date: C:/Users/SSAFY/Desktop/catkin_ws/install/ssafy_msgs/include/ssafy_msgs/msg/b_box__rosidl_typesupport_fastrtps_cpp.hpp
[8.140s] -- Up-to-date: C:/Users/SSAFY/Desktop/catkin_ws/install/ssafy_msgs/include/ssafy_msgs/msg/custom_object_info__rosidl_typesupport_fastrtps_cpp.hpp
[8.140s] -- Up-to-date: C:/Users/SSAFY/Desktop/catkin_ws/install/ssafy_msgs/include/ssafy_msgs/msg/dds_fastrtps
[8.140s] -- Up-to-date: C:/Users/SSAFY/Desktop/catkin_ws/install/ssafy_msgs/include/ssafy_msgs/msg/enviroment_status__rosidl_typesupport_fastrtps_cpp.hpp
[8.156s] -- Up-to-date: C:/Users/SSAFY/Desktop/catkin_ws/install/ssafy_msgs/include/ssafy_msgs/msg/hand_control__rosidl_typesupport_fastrtps_cpp.hpp
[8.156s] -- Up-to-date: C:/Users/SSAFY/Desktop/catkin_ws/install/ssafy_msgs/include/ssafy_msgs/msg/num__rosidl_typesupport_fastrtps_cpp.hpp
[8.172s] -- Up-to-date: C:/Users/SSAFY/Desktop/catkin_ws/install/ssafy_msgs/include/ssafy_msgs/msg/object_info__rosidl_typesupport_fastrtps_cpp.hpp
[8.172s] -- Up-to-date: C:/Users/SSAFY/Desktop/catkin_ws/install/ssafy_msgs/include/ssafy_msgs/msg/rosidl_typesupport_fastrtps_cpp__visibility_control.h
[8.172s] -- Up-to-date: C:/Users/SSAFY/Desktop/catkin_ws/install/ssafy_msgs/include/ssafy_msgs/msg/turtlebot_status__rosidl_typesupport_fastrtps_cpp.hpp
[8.187s] -- Up-to-date: C:/Users/SSAFY/Desktop/catkin_ws/install/ssafy_msgs/lib/ssafy_msgs__rosidl_typesupport_fastrtps_cpp.lib
[8.218s] -- Up-to-date: C:/Users/SSAFY/Desktop/catkin_ws/install/ssafy_msgs/bin/ssafy_msgs__rosidl_typesupport_fastrtps_cpp.dll
[8.218s] -- Up-to-date: C:/Users/SSAFY/Desktop/catkin_ws/install/ssafy_msgs/include/ssafy_msgs
[8.218s] -- Up-to-date: C:/Users/SSAFY/Desktop/catkin_ws/install/ssafy_msgs/include/ssafy_msgs/msg
[8.218s] -- Up-to-date: C:/Users/SSAFY/Desktop/catkin_ws/install/ssafy_msgs/include/ssafy_msgs/msg/b_box__rosidl_typesupport_introspection_c.h
[8.234s] -- Up-to-date: C:/Users/SSAFY/Desktop/catkin_ws/install/ssafy_msgs/include/ssafy_msgs/msg/b_box__type_support.c
[8.234s] -- Up-to-date: C:/Users/SSAFY/Desktop/catkin_ws/install/ssafy_msgs/include/ssafy_msgs/msg/custom_object_info__rosidl_typesupport_introspection_c.h
[8.250s] -- Up-to-date: C:/Users/SSAFY/Desktop/catkin_ws/install/ssafy_msgs/include/ssafy_msgs/msg/custom_object_info__type_support.c
[8.250s] -- Up-to-date: C:/Users/SSAFY/Desktop/catkin_ws/install/ssafy_msgs/include/ssafy_msgs/msg/enviroment_status__rosidl_typesupport_introspection_c.h
[8.250s] -- Up-to-date: C:/Users/SSAFY/Desktop/catkin_ws/install/ssafy_msgs/include/ssafy_msgs/msg/enviroment_status__type_support.c
[8.265s] -- Up-to-date: C:/Users/SSAFY/Desktop/catkin_ws/install/ssafy_msgs/include/ssafy_msgs/msg/hand_control__rosidl_typesupport_introspection_c.h
[8.265s] -- Up-to-date: C:/Users/SSAFY/Desktop/catkin_ws/install/ssafy_msgs/include/ssafy_msgs/msg/hand_control__type_support.c
[8.265s] -- Up-to-date: C:/Users/SSAFY/Desktop/catkin_ws/install/ssafy_msgs/include/ssafy_msgs/msg/num__rosidl_typesupport_introspection_c.h
[8.281s] -- Up-to-date: C:/Users/SSAFY/Desktop/catkin_ws/install/ssafy_msgs/include/ssafy_msgs/msg/num__type_support.c
[8.281s] -- Up-to-date: C:/Users/SSAFY/Desktop/catkin_ws/install/ssafy_msgs/include/ssafy_msgs/msg/object_info__rosidl_typesupport_introspection_c.h
[8.297s] -- Up-to-date: C:/Users/SSAFY/Desktop/catkin_ws/install/ssafy_msgs/include/ssafy_msgs/msg/object_info__type_support.c
[8.297s] -- Up-to-date: C:/Users/SSAFY/Desktop/catkin_ws/install/ssafy_msgs/include/ssafy_msgs/msg/rosidl_typesupport_introspection_c__visibility_control.h
[8.297s] -- Up-to-date: C:/Users/SSAFY/Desktop/catkin_ws/install/ssafy_msgs/include/ssafy_msgs/msg/turtlebot_status__rosidl_typesupport_introspection_c.h
[8.312s] -- Up-to-date: C:/Users/SSAFY/Desktop/catkin_ws/install/ssafy_msgs/include/ssafy_msgs/msg/turtlebot_status__type_support.c
[8.312s] -- Up-to-date: C:/Users/SSAFY/Desktop/catkin_ws/install/ssafy_msgs/lib/ssafy_msgs__rosidl_typesupport_introspection_c.lib
[8.343s] -- Up-to-date: C:/Users/SSAFY/Desktop/catkin_ws/install/ssafy_msgs/bin/ssafy_msgs__rosidl_typesupport_introspection_c.dll
[8.343s] -- Up-to-date: C:/Users/SSAFY/Desktop/catkin_ws/install/ssafy_msgs/include/ssafy_msgs
[8.343s] -- Up-to-date: C:/Users/SSAFY/Desktop/catkin_ws/install/ssafy_msgs/include/ssafy_msgs/msg
[8.343s] -- Up-to-date: C:/Users/SSAFY/Desktop/catkin_ws/install/ssafy_msgs/include/ssafy_msgs/msg/b_box__rosidl_typesupport_opensplice_c.h
[8.359s] -- Up-to-date: C:/Users/SSAFY/Desktop/catkin_ws/install/ssafy_msgs/include/ssafy_msgs/msg/custom_object_info__rosidl_typesupport_opensplice_c.h
[8.359s] -- Up-to-date: C:/Users/SSAFY/Desktop/catkin_ws/install/ssafy_msgs/include/ssafy_msgs/msg/dds_opensplice_c
[8.359s] -- Up-to-date: C:/Users/SSAFY/Desktop/catkin_ws/install/ssafy_msgs/include/ssafy_msgs/msg/enviroment_status__rosidl_typesupport_opensplice_c.h
[8.359s] -- Up-to-date: C:/Users/SSAFY/Desktop/catkin_ws/install/ssafy_msgs/include/ssafy_msgs/msg/hand_control__rosidl_typesupport_opensplice_c.h
[8.375s] -- Up-to-date: C:/Users/SSAFY/Desktop/catkin_ws/install/ssafy_msgs/include/ssafy_msgs/msg/num__rosidl_typesupport_opensplice_c.h
[8.375s] -- Up-to-date: C:/Users/SSAFY/Desktop/catkin_ws/install/ssafy_msgs/include/ssafy_msgs/msg/object_info__rosidl_typesupport_opensplice_c.h
[8.375s] -- Up-to-date: C:/Users/SSAFY/Desktop/catkin_ws/install/ssafy_msgs/include/ssafy_msgs/msg/rosidl_typesupport_opensplice_c__visibility_control.h
[8.375s] -- Up-to-date: C:/Users/SSAFY/Desktop/catkin_ws/install/ssafy_msgs/include/ssafy_msgs/msg/turtlebot_status__rosidl_typesupport_opensplice_c.h
[8.375s] -- Up-to-date: C:/Users/SSAFY/Desktop/catkin_ws/install/ssafy_msgs/lib/ssafy_msgs__rosidl_typesupport_opensplice_c.lib
[8.422s] -- Up-to-date: C:/Users/SSAFY/Desktop/catkin_ws/install/ssafy_msgs/bin/ssafy_msgs__rosidl_typesupport_opensplice_c.dll
[8.422s] -- Up-to-date: C:/Users/SSAFY/Desktop/catkin_ws/install/ssafy_msgs/share/ssafy_msgs/msg/dds_opensplice
[8.422s] -- Up-to-date: C:/Users/SSAFY/Desktop/catkin_ws/install/ssafy_msgs/share/ssafy_msgs/msg/dds_opensplice/BBox_.idl
[8.422s] -- Up-to-date: C:/Users/SSAFY/Desktop/catkin_ws/install/ssafy_msgs/share/ssafy_msgs/msg/dds_opensplice/CustomObjectInfo_.idl
[8.422s] -- Up-to-date: C:/Users/SSAFY/Desktop/catkin_ws/install/ssafy_msgs/share/ssafy_msgs/msg/dds_opensplice/EnviromentStatus_.idl
[8.422s] -- Up-to-date: C:/Users/SSAFY/Desktop/catkin_ws/install/ssafy_msgs/share/ssafy_msgs/msg/dds_opensplice/HandControl_.idl
[8.437s] -- Up-to-date: C:/Users/SSAFY/Desktop/catkin_ws/install/ssafy_msgs/share/ssafy_msgs/msg/dds_opensplice/Num_.idl
[8.437s] -- Up-to-date: C:/Users/SSAFY/Desktop/catkin_ws/install/ssafy_msgs/share/ssafy_msgs/msg/dds_opensplice/ObjectInfo_.idl
[8.437s] -- Up-to-date: C:/Users/SSAFY/Desktop/catkin_ws/install/ssafy_msgs/share/ssafy_msgs/msg/dds_opensplice/TurtlebotStatus_.idl
[8.437s] -- Up-to-date: C:/Users/SSAFY/Desktop/catkin_ws/install/ssafy_msgs/include/ssafy_msgs
[8.437s] -- Up-to-date: C:/Users/SSAFY/Desktop/catkin_ws/install/ssafy_msgs/include/ssafy_msgs/msg
[8.437s] -- Up-to-date: C:/Users/SSAFY/Desktop/catkin_ws/install/ssafy_msgs/include/ssafy_msgs/msg/b_box__rosidl_typesupport_opensplice_cpp.hpp
[8.453s] -- Up-to-date: C:/Users/SSAFY/Desktop/catkin_ws/install/ssafy_msgs/include/ssafy_msgs/msg/custom_object_info__rosidl_typesupport_opensplice_cpp.hpp
[8.453s] -- Up-to-date: C:/Users/SSAFY/Desktop/catkin_ws/install/ssafy_msgs/include/ssafy_msgs/msg/dds_opensplice
[8.453s] -- Up-to-date: C:/Users/SSAFY/Desktop/catkin_ws/install/ssafy_msgs/include/ssafy_msgs/msg/dds_opensplice/BBox_.h
[8.453s] -- Up-to-date: C:/Users/SSAFY/Desktop/catkin_ws/install/ssafy_msgs/include/ssafy_msgs/msg/dds_opensplice/BBox_Dcps.h
[8.468s] -- Up-to-date: C:/Users/SSAFY/Desktop/catkin_ws/install/ssafy_msgs/include/ssafy_msgs/msg/dds_opensplice/BBox_Dcps_impl.h
[8.468s] -- Up-to-date: C:/Users/SSAFY/Desktop/catkin_ws/install/ssafy_msgs/include/ssafy_msgs/msg/dds_opensplice/BBox_SplDcps.h
[8.468s] -- Up-to-date: C:/Users/SSAFY/Desktop/catkin_ws/install/ssafy_msgs/include/ssafy_msgs/msg/dds_opensplice/ccpp_BBox_.h
[8.468s] -- Up-to-date: C:/Users/SSAFY/Desktop/catkin_ws/install/ssafy_msgs/include/ssafy_msgs/msg/dds_opensplice/ccpp_CustomObjectInfo_.h
[8.468s] -- Up-to-date: C:/Users/SSAFY/Desktop/catkin_ws/install/ssafy_msgs/include/ssafy_msgs/msg/dds_opensplice/ccpp_EnviromentStatus_.h
[8.468s] -- Up-to-date: C:/Users/SSAFY/Desktop/catkin_ws/install/ssafy_msgs/include/ssafy_msgs/msg/dds_opensplice/ccpp_HandControl_.h
[8.468s] -- Up-to-date: C:/Users/SSAFY/Desktop/catkin_ws/install/ssafy_msgs/include/ssafy_msgs/msg/dds_opensplice/ccpp_Num_.h
[8.484s] -- Up-to-date: C:/Users/SSAFY/Desktop/catkin_ws/install/ssafy_msgs/include/ssafy_msgs/msg/dds_opensplice/ccpp_ObjectInfo_.h
[8.484s] -- Up-to-date: C:/Users/SSAFY/Desktop/catkin_ws/install/ssafy_msgs/include/ssafy_msgs/msg/dds_opensplice/ccpp_TurtlebotStatus_.h
[8.484s] -- Up-to-date: C:/Users/SSAFY/Desktop/catkin_ws/install/ssafy_msgs/include/ssafy_msgs/msg/dds_opensplice/CustomObjectInfo_.h
[8.484s] -- Up-to-date: C:/Users/SSAFY/Desktop/catkin_ws/install/ssafy_msgs/include/ssafy_msgs/msg/dds_opensplice/CustomObjectInfo_Dcps.h
[8.484s] -- Up-to-date: C:/Users/SSAFY/Desktop/catkin_ws/install/ssafy_msgs/include/ssafy_msgs/msg/dds_opensplice/CustomObjectInfo_Dcps_impl.h
[8.484s] -- Up-to-date: C:/Users/SSAFY/Desktop/catkin_ws/install/ssafy_msgs/include/ssafy_msgs/msg/dds_opensplice/CustomObjectInfo_SplDcps.h
[8.484s] -- Up-to-date: C:/Users/SSAFY/Desktop/catkin_ws/install/ssafy_msgs/include/ssafy_msgs/msg/dds_opensplice/EnviromentStatus_.h
[8.500s] -- Up-to-date: C:/Users/SSAFY/Desktop/catkin_ws/install/ssafy_msgs/include/ssafy_msgs/msg/dds_opensplice/EnviromentStatus_Dcps.h
[8.500s] -- Up-to-date: C:/Users/SSAFY/Desktop/catkin_ws/install/ssafy_msgs/include/ssafy_msgs/msg/dds_opensplice/EnviromentStatus_Dcps_impl.h
[8.500s] -- Up-to-date: C:/Users/SSAFY/Desktop/catkin_ws/install/ssafy_msgs/include/ssafy_msgs/msg/dds_opensplice/EnviromentStatus_SplDcps.h
[8.500s] -- Up-to-date: C:/Users/SSAFY/Desktop/catkin_ws/install/ssafy_msgs/include/ssafy_msgs/msg/dds_opensplice/HandControl_.h
[8.515s] -- Up-to-date: C:/Users/SSAFY/Desktop/catkin_ws/install/ssafy_msgs/include/ssafy_msgs/msg/dds_opensplice/HandControl_Dcps.h
[8.515s] -- Up-to-date: C:/Users/SSAFY/Desktop/catkin_ws/install/ssafy_msgs/include/ssafy_msgs/msg/dds_opensplice/HandControl_Dcps_impl.h
[8.515s] -- Up-to-date: C:/Users/SSAFY/Desktop/catkin_ws/install/ssafy_msgs/include/ssafy_msgs/msg/dds_opensplice/HandControl_SplDcps.h
[8.515s] -- Up-to-date: C:/Users/SSAFY/Desktop/catkin_ws/install/ssafy_msgs/include/ssafy_msgs/msg/dds_opensplice/Num_.h
[8.515s] -- Up-to-date: C:/Users/SSAFY/Desktop/catkin_ws/install/ssafy_msgs/include/ssafy_msgs/msg/dds_opensplice/Num_Dcps.h
[8.531s] -- Up-to-date: C:/Users/SSAFY/Desktop/catkin_ws/install/ssafy_msgs/include/ssafy_msgs/msg/dds_opensplice/Num_Dcps_impl.h
[8.531s] -- Up-to-date: C:/Users/SSAFY/Desktop/catkin_ws/install/ssafy_msgs/include/ssafy_msgs/msg/dds_opensplice/Num_SplDcps.h
[8.531s] -- Up-to-date: C:/Users/SSAFY/Desktop/catkin_ws/install/ssafy_msgs/include/ssafy_msgs/msg/dds_opensplice/ObjectInfo_.h
[8.531s] -- Up-to-date: C:/Users/SSAFY/Desktop/catkin_ws/install/ssafy_msgs/include/ssafy_msgs/msg/dds_opensplice/ObjectInfo_Dcps.h
[8.547s] -- Up-to-date: C:/Users/SSAFY/Desktop/catkin_ws/install/ssafy_msgs/include/ssafy_msgs/msg/dds_opensplice/ObjectInfo_Dcps_impl.h
[8.547s] -- Up-to-date: C:/Users/SSAFY/Desktop/catkin_ws/install/ssafy_msgs/include/ssafy_msgs/msg/dds_opensplice/ObjectInfo_SplDcps.h
[8.547s] -- Up-to-date: C:/Users/SSAFY/Desktop/catkin_ws/install/ssafy_msgs/include/ssafy_msgs/msg/dds_opensplice/TurtlebotStatus_.h
[8.547s] -- Up-to-date: C:/Users/SSAFY/Desktop/catkin_ws/install/ssafy_msgs/include/ssafy_msgs/msg/dds_opensplice/TurtlebotStatus_Dcps.h
[8.547s] -- Up-to-date: C:/Users/SSAFY/Desktop/catkin_ws/install/ssafy_msgs/include/ssafy_msgs/msg/dds_opensplice/TurtlebotStatus_Dcps_impl.h
[8.562s] -- Up-to-date: C:/Users/SSAFY/Desktop/catkin_ws/install/ssafy_msgs/include/ssafy_msgs/msg/dds_opensplice/TurtlebotStatus_SplDcps.h
[8.562s] -- Up-to-date: C:/Users/SSAFY/Desktop/catkin_ws/install/ssafy_msgs/include/ssafy_msgs/msg/enviroment_status__rosidl_typesupport_opensplice_cpp.hpp
[8.578s] -- Up-to-date: C:/Users/SSAFY/Desktop/catkin_ws/install/ssafy_msgs/include/ssafy_msgs/msg/hand_control__rosidl_typesupport_opensplice_cpp.hpp
[8.578s] -- Up-to-date: C:/Users/SSAFY/Desktop/catkin_ws/install/ssafy_msgs/include/ssafy_msgs/msg/num__rosidl_typesupport_opensplice_cpp.hpp
[8.593s] -- Up-to-date: C:/Users/SSAFY/Desktop/catkin_ws/install/ssafy_msgs/include/ssafy_msgs/msg/object_info__rosidl_typesupport_opensplice_cpp.hpp
[8.593s] -- Up-to-date: C:/Users/SSAFY/Desktop/catkin_ws/install/ssafy_msgs/include/ssafy_msgs/msg/rosidl_typesupport_opensplice_cpp__visibility_control.h
[8.593s] -- Up-to-date: C:/Users/SSAFY/Desktop/catkin_ws/install/ssafy_msgs/include/ssafy_msgs/msg/turtlebot_status__rosidl_typesupport_opensplice_cpp.hpp
[8.593s] -- Up-to-date: C:/Users/SSAFY/Desktop/catkin_ws/install/ssafy_msgs/lib/ssafy_msgs__rosidl_typesupport_opensplice_cpp.lib
[8.640s] -- Up-to-date: C:/Users/SSAFY/Desktop/catkin_ws/install/ssafy_msgs/bin/ssafy_msgs__rosidl_typesupport_opensplice_cpp.dll
[8.640s] -- Up-to-date: C:/Users/SSAFY/Desktop/catkin_ws/install/ssafy_msgs/include/ssafy_msgs
[8.640s] -- Up-to-date: C:/Users/SSAFY/Desktop/catkin_ws/install/ssafy_msgs/include/ssafy_msgs/msg
[8.640s] -- Up-to-date: C:/Users/SSAFY/Desktop/catkin_ws/install/ssafy_msgs/include/ssafy_msgs/msg/b_box__rosidl_typesupport_introspection_cpp.hpp
[8.656s] -- Up-to-date: C:/Users/SSAFY/Desktop/catkin_ws/install/ssafy_msgs/include/ssafy_msgs/msg/b_box__type_support.cpp
[8.656s] -- Up-to-date: C:/Users/SSAFY/Desktop/catkin_ws/install/ssafy_msgs/include/ssafy_msgs/msg/custom_object_info__rosidl_typesupport_introspection_cpp.hpp
[8.672s] -- Up-to-date: C:/Users/SSAFY/Desktop/catkin_ws/install/ssafy_msgs/include/ssafy_msgs/msg/custom_object_info__type_support.cpp
[8.672s] -- Up-to-date: C:/Users/SSAFY/Desktop/catkin_ws/install/ssafy_msgs/include/ssafy_msgs/msg/enviroment_status__rosidl_typesupport_introspection_cpp.hpp
[8.672s] -- Up-to-date: C:/Users/SSAFY/Desktop/catkin_ws/install/ssafy_msgs/include/ssafy_msgs/msg/enviroment_status__type_support.cpp
[8.687s] -- Up-to-date: C:/Users/SSAFY/Desktop/catkin_ws/install/ssafy_msgs/include/ssafy_msgs/msg/hand_control__rosidl_typesupport_introspection_cpp.hpp
[8.687s] -- Up-to-date: C:/Users/SSAFY/Desktop/catkin_ws/install/ssafy_msgs/include/ssafy_msgs/msg/hand_control__type_support.cpp
[8.687s] -- Up-to-date: C:/Users/SSAFY/Desktop/catkin_ws/install/ssafy_msgs/include/ssafy_msgs/msg/num__rosidl_typesupport_introspection_cpp.hpp
[8.703s] -- Up-to-date: C:/Users/SSAFY/Desktop/catkin_ws/install/ssafy_msgs/include/ssafy_msgs/msg/num__type_support.cpp
[8.703s] -- Up-to-date: C:/Users/SSAFY/Desktop/catkin_ws/install/ssafy_msgs/include/ssafy_msgs/msg/object_info__rosidl_typesupport_introspection_cpp.hpp
[8.718s] -- Up-to-date: C:/Users/SSAFY/Desktop/catkin_ws/install/ssafy_msgs/include/ssafy_msgs/msg/object_info__type_support.cpp
[8.718s] -- Up-to-date: C:/Users/SSAFY/Desktop/catkin_ws/install/ssafy_msgs/include/ssafy_msgs/msg/turtlebot_status__rosidl_typesupport_introspection_cpp.hpp
[8.734s] -- Up-to-date: C:/Users/SSAFY/Desktop/catkin_ws/install/ssafy_msgs/include/ssafy_msgs/msg/turtlebot_status__type_support.cpp
[8.734s] -- Up-to-date: C:/Users/SSAFY/Desktop/catkin_ws/install/ssafy_msgs/lib/ssafy_msgs__rosidl_typesupport_introspection_cpp.lib
[8.765s] -- Up-to-date: C:/Users/SSAFY/Desktop/catkin_ws/install/ssafy_msgs/bin/ssafy_msgs__rosidl_typesupport_introspection_cpp.dll
[8.765s] -- Up-to-date: C:/Users/SSAFY/Desktop/catkin_ws/install/ssafy_msgs/share/ssafy_msgs/environment/pythonpath.bat
[8.765s] -- Up-to-date: C:/Users/SSAFY/Desktop/catkin_ws/install/ssafy_msgs/share/ssafy_msgs/environment/pythonpath.dsv
[8.765s] -- Up-to-date: C:/Users/SSAFY/Desktop/catkin_ws/install/ssafy_msgs/Lib/site-packages/ssafy_msgs/__init__.py
[8.843s] -- Up-to-date: C:/Users/SSAFY/Desktop/catkin_ws/install/ssafy_msgs/Lib/site-packages/ssafy_msgs/msg
[8.843s] -- Up-to-date: C:/Users/SSAFY/Desktop/catkin_ws/install/ssafy_msgs/Lib/site-packages/ssafy_msgs/msg/_b_box.py
[8.859s] -- Up-to-date: C:/Users/SSAFY/Desktop/catkin_ws/install/ssafy_msgs/Lib/site-packages/ssafy_msgs/msg/_b_box_s.c
[8.859s] -- Up-to-date: C:/Users/SSAFY/Desktop/catkin_ws/install/ssafy_msgs/Lib/site-packages/ssafy_msgs/msg/_custom_object_info.py
[8.859s] -- Up-to-date: C:/Users/SSAFY/Desktop/catkin_ws/install/ssafy_msgs/Lib/site-packages/ssafy_msgs/msg/_custom_object_info_s.c
[8.875s] -- Up-to-date: C:/Users/SSAFY/Desktop/catkin_ws/install/ssafy_msgs/Lib/site-packages/ssafy_msgs/msg/_enviroment_status.py
[8.875s] -- Up-to-date: C:/Users/SSAFY/Desktop/catkin_ws/install/ssafy_msgs/Lib/site-packages/ssafy_msgs/msg/_enviroment_status_s.c
[8.890s] -- Up-to-date: C:/Users/SSAFY/Desktop/catkin_ws/install/ssafy_msgs/Lib/site-packages/ssafy_msgs/msg/_hand_control.py
[8.890s] -- Up-to-date: C:/Users/SSAFY/Desktop/catkin_ws/install/ssafy_msgs/Lib/site-packages/ssafy_msgs/msg/_hand_control_s.c
[8.890s] -- Up-to-date: C:/Users/SSAFY/Desktop/catkin_ws/install/ssafy_msgs/Lib/site-packages/ssafy_msgs/msg/_num.py
[8.906s] -- Up-to-date: C:/Users/SSAFY/Desktop/catkin_ws/install/ssafy_msgs/Lib/site-packages/ssafy_msgs/msg/_num_s.c
[8.906s] -- Up-to-date: C:/Users/SSAFY/Desktop/catkin_ws/install/ssafy_msgs/Lib/site-packages/ssafy_msgs/msg/_object_info.py
[8.922s] -- Up-to-date: C:/Users/SSAFY/Desktop/catkin_ws/install/ssafy_msgs/Lib/site-packages/ssafy_msgs/msg/_object_info_s.c
[8.937s] -- Up-to-date: C:/Users/SSAFY/Desktop/catkin_ws/install/ssafy_msgs/Lib/site-packages/ssafy_msgs/msg/_turtlebot_status.py
[8.937s] -- Up-to-date: C:/Users/SSAFY/Desktop/catkin_ws/install/ssafy_msgs/Lib/site-packages/ssafy_msgs/msg/_turtlebot_status_s.c
[8.953s] -- Up-to-date: C:/Users/SSAFY/Desktop/catkin_ws/install/ssafy_msgs/Lib/site-packages/ssafy_msgs/msg/__init__.py
[8.953s] -- Up-to-date: C:/Users/SSAFY/Desktop/catkin_ws/install/ssafy_msgs/Lib/site-packages/ssafy_msgs/ssafy_msgs_s__rosidl_typesupport_c.lib
[8.968s] -- Up-to-date: C:/Users/SSAFY/Desktop/catkin_ws/install/ssafy_msgs/Lib/site-packages/ssafy_msgs/ssafy_msgs_s__rosidl_typesupport_c.pyd
[8.968s] -- Up-to-date: C:/Users/SSAFY/Desktop/catkin_ws/install/ssafy_msgs/Lib/site-packages/ssafy_msgs/ssafy_msgs_s__rosidl_typesupport_connext_c.lib
[9.000s] -- Up-to-date: C:/Users/SSAFY/Desktop/catkin_ws/install/ssafy_msgs/Lib/site-packages/ssafy_msgs/ssafy_msgs_s__rosidl_typesupport_connext_c.pyd
[9.000s] -- Up-to-date: C:/Users/SSAFY/Desktop/catkin_ws/install/ssafy_msgs/Lib/site-packages/ssafy_msgs/ssafy_msgs_s__rosidl_typesupport_introspection_c.lib
[9.047s] -- Up-to-date: C:/Users/SSAFY/Desktop/catkin_ws/install/ssafy_msgs/Lib/site-packages/ssafy_msgs/ssafy_msgs_s__rosidl_typesupport_introspection_c.pyd
[9.047s] -- Up-to-date: C:/Users/SSAFY/Desktop/catkin_ws/install/ssafy_msgs/Lib/site-packages/ssafy_msgs/ssafy_msgs_s__rosidl_typesupport_fastrtps_c.lib
[9.078s] -- Up-to-date: C:/Users/SSAFY/Desktop/catkin_ws/install/ssafy_msgs/Lib/site-packages/ssafy_msgs/ssafy_msgs_s__rosidl_typesupport_fastrtps_c.pyd
[9.078s] -- Up-to-date: C:/Users/SSAFY/Desktop/catkin_ws/install/ssafy_msgs/Lib/site-packages/ssafy_msgs/ssafy_msgs_s__rosidl_typesupport_opensplice_c.lib
[9.125s] -- Up-to-date: C:/Users/SSAFY/Desktop/catkin_ws/install/ssafy_msgs/Lib/site-packages/ssafy_msgs/ssafy_msgs_s__rosidl_typesupport_opensplice_c.pyd
[9.125s] -- Up-to-date: C:/Users/SSAFY/Desktop/catkin_ws/install/ssafy_msgs/lib/ssafy_msgs__python.lib
[9.140s] -- Up-to-date: C:/Users/SSAFY/Desktop/catkin_ws/install/ssafy_msgs/bin/ssafy_msgs__python.dll
[9.140s] -- Up-to-date: C:/Users/SSAFY/Desktop/catkin_ws/install/ssafy_msgs/share/ssafy_msgs/msg/Num.idl
[9.140s] -- Up-to-date: C:/Users/SSAFY/Desktop/catkin_ws/install/ssafy_msgs/share/ssafy_msgs/msg/EnviromentStatus.idl
[9.140s] -- Up-to-date: C:/Users/SSAFY/Desktop/catkin_ws/install/ssafy_msgs/share/ssafy_msgs/msg/TurtlebotStatus.idl
[9.156s] -- Up-to-date: C:/Users/SSAFY/Desktop/catkin_ws/install/ssafy_msgs/share/ssafy_msgs/msg/BBox.idl
[9.156s] -- Up-to-date: C:/Users/SSAFY/Desktop/catkin_ws/install/ssafy_msgs/share/ssafy_msgs/msg/ObjectInfo.idl
[9.156s] -- Up-to-date: C:/Users/SSAFY/Desktop/catkin_ws/install/ssafy_msgs/share/ssafy_msgs/msg/HandControl.idl
[9.156s] -- Up-to-date: C:/Users/SSAFY/Desktop/catkin_ws/install/ssafy_msgs/share/ssafy_msgs/msg/CustomObjectInfo.idl
[9.156s] -- Up-to-date: C:/Users/SSAFY/Desktop/catkin_ws/install/ssafy_msgs/share/ssafy_msgs/msg/Num.msg
[9.156s] -- Up-to-date: C:/Users/SSAFY/Desktop/catkin_ws/install/ssafy_msgs/share/ssafy_msgs/msg/EnviromentStatus.msg
[9.156s] -- Up-to-date: C:/Users/SSAFY/Desktop/catkin_ws/install/ssafy_msgs/share/ssafy_msgs/msg/TurtlebotStatus.msg
[9.156s] -- Up-to-date: C:/Users/SSAFY/Desktop/catkin_ws/install/ssafy_msgs/share/ssafy_msgs/msg/BBox.msg
[9.172s] -- Up-to-date: C:/Users/SSAFY/Desktop/catkin_ws/install/ssafy_msgs/share/ssafy_msgs/msg/ObjectInfo.msg
[9.172s] -- Up-to-date: C:/Users/SSAFY/Desktop/catkin_ws/install/ssafy_msgs/share/ssafy_msgs/msg/HandControl.msg
[9.172s] -- Up-to-date: C:/Users/SSAFY/Desktop/catkin_ws/install/ssafy_msgs/share/ssafy_msgs/msg/CustomObjectInfo.msg
[9.172s] -- Up-to-date: C:/Users/SSAFY/Desktop/catkin_ws/install/ssafy_msgs/share/ament_index/resource_index/package_run_dependencies/ssafy_msgs
[9.172s] -- Up-to-date: C:/Users/SSAFY/Desktop/catkin_ws/install/ssafy_msgs/share/ament_index/resource_index/parent_prefix_path/ssafy_msgs
[9.187s] -- Up-to-date: C:/Users/SSAFY/Desktop/catkin_ws/install/ssafy_msgs/share/ssafy_msgs/environment/ament_prefix_path.bat
[9.187s] -- Up-to-date: C:/Users/SSAFY/Desktop/catkin_ws/install/ssafy_msgs/share/ssafy_msgs/environment/ament_prefix_path.dsv
[9.187s] -- Up-to-date: C:/Users/SSAFY/Desktop/catkin_ws/install/ssafy_msgs/share/ssafy_msgs/environment/path.bat
[9.187s] -- Up-to-date: C:/Users/SSAFY/Desktop/catkin_ws/install/ssafy_msgs/share/ssafy_msgs/environment/path.dsv
[9.187s] -- Up-to-date: C:/Users/SSAFY/Desktop/catkin_ws/install/ssafy_msgs/share/ssafy_msgs/local_setup.bat
[9.203s] -- Up-to-date: C:/Users/SSAFY/Desktop/catkin_ws/install/ssafy_msgs/share/ssafy_msgs/local_setup.dsv
[9.203s] -- Installing: C:/Users/SSAFY/Desktop/catkin_ws/install/ssafy_msgs/share/ssafy_msgs/package.dsv
[9.203s] -- Up-to-date: C:/Users/SSAFY/Desktop/catkin_ws/install/ssafy_msgs/share/ament_index/resource_index/packages/ssafy_msgs
[9.203s] -- Up-to-date: C:/Users/SSAFY/Desktop/catkin_ws/install/ssafy_msgs/share/ssafy_msgs/cmake/rosidl_cmake-extras.cmake
[9.218s] -- Up-to-date: C:/Users/SSAFY/Desktop/catkin_ws/install/ssafy_msgs/share/ssafy_msgs/cmake/ament_cmake_export_dependencies-extras.cmake
[9.218s] -- Up-to-date: C:/Users/SSAFY/Desktop/catkin_ws/install/ssafy_msgs/share/ssafy_msgs/cmake/ament_cmake_export_libraries-extras.cmake
[9.218s] -- Up-to-date: C:/Users/SSAFY/Desktop/catkin_ws/install/ssafy_msgs/share/ssafy_msgs/cmake/ament_cmake_export_include_directories-extras.cmake
[9.218s] -- Up-to-date: C:/Users/SSAFY/Desktop/catkin_ws/install/ssafy_msgs/share/ssafy_msgs/cmake/rosidl_cmake_export_typesupport_libraries-extras.cmake
[9.234s] -- Up-to-date: C:/Users/SSAFY/Desktop/catkin_ws/install/ssafy_msgs/share/ssafy_msgs/cmake/ssafy_msgsConfig.cmake
[9.234s] -- Up-to-date: C:/Users/SSAFY/Desktop/catkin_ws/install/ssafy_msgs/share/ssafy_msgs/cmake/ssafy_msgsConfig-version.cmake
[9.234s] -- Up-to-date: C:/Users/SSAFY/Desktop/catkin_ws/install/ssafy_msgs/share/ssafy_msgs/package.xml
[9.250s] Invoked command in 'C:\Users\SSAFY\Desktop\catkin_ws\build\ssafy_msgs' returned '0': installDir=%installDir%
IntelliJ IDEA=C:\Program Files\JetBrains\IntelliJ IDEA 2024.1.4\bin;
IntelliJ IDEA Community Edition=C:\Program Files\JetBrains\IntelliJ IDEA Community Edition 2024.1.4\bin; C:\Program Files (x86)\Microsoft Visual Studio\2019\BuildTools\Common7\IDE\CommonExtensions\Microsoft\CMake\CMake\bin\cmake.EXE --install C:\Users\SSAFY\Desktop\catkin_ws\build\ssafy_msgs --config Release
