[0.828s] Invoking command in 'C:\Users\SSAFY\Desktop\catkin_ws\build\ssafy_msgs': CL=/MP installDir=%installDir%
IntelliJ IDEA=C:\Program Files\JetBrains\IntelliJ IDEA 2024.1.4\bin;
IntelliJ IDEA Community Edition=C:\Program Files\JetBrains\IntelliJ IDEA Community Edition 2024.1.4\bin; C:\Program Files (x86)\Microsoft Visual Studio\2019\BuildTools\Common7\IDE\CommonExtensions\Microsoft\CMake\CMake\bin\cmake.EXE --build C:\Users\SSAFY\Desktop\catkin_ws\build\ssafy_msgs --config Release
[0.953s] .NET Framework¿ë Microsoft (R) Build Engine ¹öÀü 16.11.2+f32259642
[0.969s] Copyright (C) Microsoft Corporation. All rights reserved.
[0.969s] 
[1.344s]   Checking Build System
[1.594s]   Building Custom Rule C:/Users/SSAFY/Desktop/catkin_ws/src/ssafy_msgs/CMakeLists.txt
[1.735s]   Building Custom Rule C:/Users/SSAFY/Desktop/catkin_ws/src/ssafy_msgs/CMakeLists.txt
[1.828s]   ssafy_msgs__rosidl_generator_c.vcxproj -> C:\Users\SSAFY\Desktop\catkin_ws\build\ssafy_msgs\Release\ssafy_msgs__rosidl_generator_c.dll
[1.922s]   Building Custom Rule C:/Users/SSAFY/Desktop/catkin_ws/src/ssafy_msgs/CMakeLists.txt
[1.985s]   ssafy_msgs__rosidl_typesupport_c.vcxproj -> C:\Users\SSAFY\Desktop\catkin_ws\build\ssafy_msgs\Release\ssafy_msgs__rosidl_typesupport_c.dll
[2.125s]   Building Custom Rule C:/Users/SSAFY/Desktop/catkin_ws/src/ssafy_msgs/CMakeLists.txt
[2.250s]   Building Custom Rule C:/Users/SSAFY/Desktop/catkin_ws/src/ssafy_msgs/CMakeLists.txt
[2.344s]   ssafy_msgs__rosidl_typesupport_connext_cpp.vcxproj -> C:\Users\SSAFY\Desktop\catkin_ws\build\ssafy_msgs\Release\ssafy_msgs__rosidl_typesupport_connext_cpp.dll
[2.406s]   Building Custom Rule C:/Users/SSAFY/Desktop/catkin_ws/src/ssafy_msgs/CMakeLists.txt
[2.500s]   ssafy_msgs__rosidl_typesupport_connext_c.vcxproj -> C:\Users\SSAFY\Desktop\catkin_ws\build\ssafy_msgs\Release\ssafy_msgs__rosidl_typesupport_connext_c.dll
[2.594s]   Building Custom Rule C:/Users/SSAFY/Desktop/catkin_ws/src/ssafy_msgs/CMakeLists.txt
[2.656s]   ssafy_msgs__rosidl_typesupport_cpp.vcxproj -> C:\Users\SSAFY\Desktop\catkin_ws\build\ssafy_msgs\Release\ssafy_msgs__rosidl_typesupport_cpp.dll
[2.750s]   Building Custom Rule C:/Users/SSAFY/Desktop/catkin_ws/src/ssafy_msgs/CMakeLists.txt
[2.813s]   ssafy_msgs__rosidl_typesupport_fastrtps_cpp.vcxproj -> C:\Users\SSAFY\Desktop\catkin_ws\build\ssafy_msgs\Release\ssafy_msgs__rosidl_typesupport_fastrtps_cpp.dll
[2.860s]   Building Custom Rule C:/Users/SSAFY/Desktop/catkin_ws/src/ssafy_msgs/CMakeLists.txt
[2.922s]   ssafy_msgs__rosidl_typesupport_fastrtps_c.vcxproj -> C:\Users\SSAFY\Desktop\catkin_ws\build\ssafy_msgs\Release\ssafy_msgs__rosidl_typesupport_fastrtps_c.dll
[3.016s]   Building Custom Rule C:/Users/SSAFY/Desktop/catkin_ws/src/ssafy_msgs/CMakeLists.txt
[3.063s]   ssafy_msgs__rosidl_typesupport_introspection_c.vcxproj -> C:\Users\SSAFY\Desktop\catkin_ws\build\ssafy_msgs\Release\ssafy_msgs__rosidl_typesupport_introspection_c.dll
[3.141s]   Building Custom Rule C:/Users/SSAFY/Desktop/catkin_ws/src/ssafy_msgs/CMakeLists.txt
[3.203s]   ssafy_msgs__rosidl_typesupport_introspection_cpp.vcxproj -> C:\Users\SSAFY\Desktop\catkin_ws\build\ssafy_msgs\Release\ssafy_msgs__rosidl_typesupport_introspection_cpp.dll
[3.375s]   Building Custom Rule C:/Users/SSAFY/Desktop/catkin_ws/src/ssafy_msgs/CMakeLists.txt
[3.469s]   Building Custom Rule C:/Users/SSAFY/Desktop/catkin_ws/src/ssafy_msgs/CMakeLists.txt
[3.563s]   ssafy_msgs__rosidl_typesupport_opensplice_cpp.vcxproj -> C:\Users\SSAFY\Desktop\catkin_ws\build\ssafy_msgs\Release\ssafy_msgs__rosidl_typesupport_opensplice_cpp.dll
[3.625s]   Building Custom Rule C:/Users/SSAFY/Desktop/catkin_ws/src/ssafy_msgs/CMakeLists.txt
[3.703s]   ssafy_msgs__rosidl_typesupport_opensplice_c.vcxproj -> C:\Users\SSAFY\Desktop\catkin_ws\build\ssafy_msgs\Release\ssafy_msgs__rosidl_typesupport_opensplice_c.dll
[3.813s]   Building Custom Rule C:/Users/SSAFY/Desktop/catkin_ws/src/ssafy_msgs/CMakeLists.txt
[4.016s]   Building Custom Rule C:/Users/SSAFY/Desktop/catkin_ws/src/ssafy_msgs/CMakeLists.txt
[4.078s]   ssafy_msgs__python.vcxproj -> C:\Users\SSAFY\Desktop\catkin_ws\build\ssafy_msgs\rosidl_generator_py\ssafy_msgs\ssafy_msgs__python.dll
[4.172s]   Building Custom Rule C:/Users/SSAFY/Desktop/catkin_ws/src/ssafy_msgs/CMakeLists.txt
[4.235s]   ssafy_msgs__rosidl_typesupport_c__pyext.vcxproj -> C:\Users\SSAFY\Desktop\catkin_ws\build\ssafy_msgs\rosidl_generator_py\ssafy_msgs\ssafy_msgs_s__rosidl_typesupport_c.pyd
[4.328s]   Building Custom Rule C:/Users/SSAFY/Desktop/catkin_ws/src/ssafy_msgs/CMakeLists.txt
[4.391s]   ssafy_msgs__rosidl_typesupport_connext_c__pyext.vcxproj -> C:\Users\SSAFY\Desktop\catkin_ws\build\ssafy_msgs\rosidl_generator_py\ssafy_msgs\ssafy_msgs_s__rosidl_typesupport_connext_c.pyd
[4.485s]   Building Custom Rule C:/Users/SSAFY/Desktop/catkin_ws/src/ssafy_msgs/CMakeLists.txt
[4.547s]   ssafy_msgs__rosidl_typesupport_fastrtps_c__pyext.vcxproj -> C:\Users\SSAFY\Desktop\catkin_ws\build\ssafy_msgs\rosidl_generator_py\ssafy_msgs\ssafy_msgs_s__rosidl_typesupport_fastrtps_c.pyd
[4.625s]   Building Custom Rule C:/Users/SSAFY/Desktop/catkin_ws/src/ssafy_msgs/CMakeLists.txt
[4.672s]   ssafy_msgs__rosidl_typesupport_introspection_c__pyext.vcxproj -> C:\Users\SSAFY\Desktop\catkin_ws\build\ssafy_msgs\rosidl_generator_py\ssafy_msgs\ssafy_msgs_s__rosidl_typesupport_introspection_c.pyd
[4.766s]   Building Custom Rule C:/Users/SSAFY/Desktop/catkin_ws/src/ssafy_msgs/CMakeLists.txt
[4.813s]   ssafy_msgs__rosidl_typesupport_opensplice_c__pyext.vcxproj -> C:\Users\SSAFY\Desktop\catkin_ws\build\ssafy_msgs\rosidl_generator_py\ssafy_msgs\ssafy_msgs_s__rosidl_typesupport_opensplice_c.pyd
[4.875s]   Building Custom Rule C:/Users/SSAFY/Desktop/catkin_ws/src/ssafy_msgs/CMakeLists.txt
[4.953s] Invoked command in 'C:\Users\SSAFY\Desktop\catkin_ws\build\ssafy_msgs' returned '0': CL=/MP installDir=%installDir%
IntelliJ IDEA=C:\Program Files\JetBrains\IntelliJ IDEA 2024.1.4\bin;
IntelliJ IDEA Community Edition=C:\Program Files\JetBrains\IntelliJ IDEA Community Edition 2024.1.4\bin; C:\Program Files (x86)\Microsoft Visual Studio\2019\BuildTools\Common7\IDE\CommonExtensions\Microsoft\CMake\CMake\bin\cmake.EXE --build C:\Users\SSAFY\Desktop\catkin_ws\build\ssafy_msgs --config Release
[4.985s] Invoking command in 'C:\Users\SSAFY\Desktop\catkin_ws\build\ssafy_msgs': installDir=%installDir%
IntelliJ IDEA=C:\Program Files\JetBrains\IntelliJ IDEA 2024.1.4\bin;
IntelliJ IDEA Community Edition=C:\Program Files\JetBrains\IntelliJ IDEA Community Edition 2024.1.4\bin; C:\Program Files (x86)\Microsoft Visual Studio\2019\BuildTools\Common7\IDE\CommonExtensions\Microsoft\CMake\CMake\bin\cmake.EXE --install C:\Users\SSAFY\Desktop\catkin_ws\build\ssafy_msgs --config Release
[5.000s] -- Up-to-date: C:/Users/SSAFY/Desktop/catkin_ws/install/ssafy_msgs/share/ament_index/resource_index/rosidl_interfaces/ssafy_msgs
[5.000s] -- Up-to-date: C:/Users/SSAFY/Desktop/catkin_ws/install/ssafy_msgs/lib/ssafy_msgs__rosidl_typesupport_c.lib
[5.000s] -- Up-to-date: C:/Users/SSAFY/Desktop/catkin_ws/install/ssafy_msgs/bin/ssafy_msgs__rosidl_typesupport_c.dll
[5.000s] -- Up-to-date: C:/Users/SSAFY/Desktop/catkin_ws/install/ssafy_msgs/lib/ssafy_msgs__rosidl_typesupport_cpp.lib
[5.000s] -- Up-to-date: C:/Users/SSAFY/Desktop/catkin_ws/install/ssafy_msgs/bin/ssafy_msgs__rosidl_typesupport_cpp.dll
[5.000s] -- Up-to-date: C:/Users/SSAFY/Desktop/catkin_ws/install/ssafy_msgs/include/ssafy_msgs
[5.000s] -- Up-to-date: C:/Users/SSAFY/Desktop/catkin_ws/install/ssafy_msgs/include/ssafy_msgs/msg
[5.000s] -- Up-to-date: C:/Users/SSAFY/Desktop/catkin_ws/install/ssafy_msgs/include/ssafy_msgs/msg/b_box__rosidl_typesupport_connext_c.h
[5.000s] -- Up-to-date: C:/Users/SSAFY/Desktop/catkin_ws/install/ssafy_msgs/include/ssafy_msgs/msg/custom_object_info__rosidl_typesupport_connext_c.h
[5.000s] -- Up-to-date: C:/Users/SSAFY/Desktop/catkin_ws/install/ssafy_msgs/include/ssafy_msgs/msg/dds_connext
[5.000s] -- Up-to-date: C:/Users/SSAFY/Desktop/catkin_ws/install/ssafy_msgs/include/ssafy_msgs/msg/enviroment_status__rosidl_typesupport_connext_c.h
[5.000s] -- Up-to-date: C:/Users/SSAFY/Desktop/catkin_ws/install/ssafy_msgs/include/ssafy_msgs/msg/hand_control__rosidl_typesupport_connext_c.h
[5.000s] -- Up-to-date: C:/Users/SSAFY/Desktop/catkin_ws/install/ssafy_msgs/include/ssafy_msgs/msg/num__rosidl_typesupport_connext_c.h
[5.000s] -- Up-to-date: C:/Users/SSAFY/Desktop/catkin_ws/install/ssafy_msgs/include/ssafy_msgs/msg/object_info__rosidl_typesupport_connext_c.h
[5.000s] -- Up-to-date: C:/Users/SSAFY/Desktop/catkin_ws/install/ssafy_msgs/include/ssafy_msgs/msg/rosidl_typesupport_connext_c__visibility_control.h
[5.000s] -- Up-to-date: C:/Users/SSAFY/Desktop/catkin_ws/install/ssafy_msgs/include/ssafy_msgs/msg/turtlebot_status__rosidl_typesupport_connext_c.h
[5.000s] -- Up-to-date: C:/Users/SSAFY/Desktop/catkin_ws/install/ssafy_msgs/lib/ssafy_msgs__rosidl_typesupport_connext_c.lib
[5.016s] -- Up-to-date: C:/Users/SSAFY/Desktop/catkin_ws/install/ssafy_msgs/bin/ssafy_msgs__rosidl_typesupport_connext_c.dll
[5.016s] -- Up-to-date: C:/Users/SSAFY/Desktop/catkin_ws/install/ssafy_msgs/include/ssafy_msgs
[5.016s] -- Up-to-date: C:/Users/SSAFY/Desktop/catkin_ws/install/ssafy_msgs/include/ssafy_msgs/msg
[5.016s] -- Up-to-date: C:/Users/SSAFY/Desktop/catkin_ws/install/ssafy_msgs/include/ssafy_msgs/msg/b_box.h
[5.016s] -- Up-to-date: C:/Users/SSAFY/Desktop/catkin_ws/install/ssafy_msgs/include/ssafy_msgs/msg/b_box__functions.c
[5.016s] -- Up-to-date: C:/Users/SSAFY/Desktop/catkin_ws/install/ssafy_msgs/include/ssafy_msgs/msg/b_box__functions.h
[5.016s] -- Up-to-date: C:/Users/SSAFY/Desktop/catkin_ws/install/ssafy_msgs/include/ssafy_msgs/msg/b_box__struct.h
[5.016s] -- Up-to-date: C:/Users/SSAFY/Desktop/catkin_ws/install/ssafy_msgs/include/ssafy_msgs/msg/b_box__type_support.h
[5.016s] -- Up-to-date: C:/Users/SSAFY/Desktop/catkin_ws/install/ssafy_msgs/include/ssafy_msgs/msg/custom_object_info.h
[5.016s] -- Up-to-date: C:/Users/SSAFY/Desktop/catkin_ws/install/ssafy_msgs/include/ssafy_msgs/msg/custom_object_info__functions.c
[5.016s] -- Up-to-date: C:/Users/SSAFY/Desktop/catkin_ws/install/ssafy_msgs/include/ssafy_msgs/msg/custom_object_info__functions.h
[5.016s] -- Up-to-date: C:/Users/SSAFY/Desktop/catkin_ws/install/ssafy_msgs/include/ssafy_msgs/msg/custom_object_info__struct.h
[5.016s] -- Up-to-date: C:/Users/SSAFY/Desktop/catkin_ws/install/ssafy_msgs/include/ssafy_msgs/msg/custom_object_info__type_support.h
[5.016s] -- Up-to-date: C:/Users/SSAFY/Desktop/catkin_ws/install/ssafy_msgs/include/ssafy_msgs/msg/enviroment_status.h
[5.016s] -- Up-to-date: C:/Users/SSAFY/Desktop/catkin_ws/install/ssafy_msgs/include/ssafy_msgs/msg/enviroment_status__functions.c
[5.016s] -- Up-to-date: C:/Users/SSAFY/Desktop/catkin_ws/install/ssafy_msgs/include/ssafy_msgs/msg/enviroment_status__functions.h
[5.016s] -- Up-to-date: C:/Users/SSAFY/Desktop/catkin_ws/install/ssafy_msgs/include/ssafy_msgs/msg/enviroment_status__struct.h
[5.016s] -- Up-to-date: C:/Users/SSAFY/Desktop/catkin_ws/install/ssafy_msgs/include/ssafy_msgs/msg/enviroment_status__type_support.h
[5.016s] -- Up-to-date: C:/Users/SSAFY/Desktop/catkin_ws/install/ssafy_msgs/include/ssafy_msgs/msg/hand_control.h
[5.016s] -- Up-to-date: C:/Users/SSAFY/Desktop/catkin_ws/install/ssafy_msgs/include/ssafy_msgs/msg/hand_control__functions.c
[5.016s] -- Up-to-date: C:/Users/SSAFY/Desktop/catkin_ws/install/ssafy_msgs/include/ssafy_msgs/msg/hand_control__functions.h
[5.016s] -- Up-to-date: C:/Users/SSAFY/Desktop/catkin_ws/install/ssafy_msgs/include/ssafy_msgs/msg/hand_control__struct.h
[5.016s] -- Up-to-date: C:/Users/SSAFY/Desktop/catkin_ws/install/ssafy_msgs/include/ssafy_msgs/msg/hand_control__type_support.h
[5.016s] -- Up-to-date: C:/Users/SSAFY/Desktop/catkin_ws/install/ssafy_msgs/include/ssafy_msgs/msg/num.h
[5.016s] -- Up-to-date: C:/Users/SSAFY/Desktop/catkin_ws/install/ssafy_msgs/include/ssafy_msgs/msg/num__functions.c
[5.016s] -- Up-to-date: C:/Users/SSAFY/Desktop/catkin_ws/install/ssafy_msgs/include/ssafy_msgs/msg/num__functions.h
[5.016s] -- Up-to-date: C:/Users/SSAFY/Desktop/catkin_ws/install/ssafy_msgs/include/ssafy_msgs/msg/num__struct.h
[5.016s] -- Up-to-date: C:/Users/SSAFY/Desktop/catkin_ws/install/ssafy_msgs/include/ssafy_msgs/msg/num__type_support.h
[5.016s] -- Up-to-date: C:/Users/SSAFY/Desktop/catkin_ws/install/ssafy_msgs/include/ssafy_msgs/msg/object_info.h
[5.016s] -- Up-to-date: C:/Users/SSAFY/Desktop/catkin_ws/install/ssafy_msgs/include/ssafy_msgs/msg/object_info__functions.c
[5.016s] -- Up-to-date: C:/Users/SSAFY/Desktop/catkin_ws/install/ssafy_msgs/include/ssafy_msgs/msg/object_info__functions.h
[5.016s] -- Up-to-date: C:/Users/SSAFY/Desktop/catkin_ws/install/ssafy_msgs/include/ssafy_msgs/msg/object_info__struct.h
[5.016s] -- Up-to-date: C:/Users/SSAFY/Desktop/catkin_ws/install/ssafy_msgs/include/ssafy_msgs/msg/object_info__type_support.h
[5.016s] -- Up-to-date: C:/Users/SSAFY/Desktop/catkin_ws/install/ssafy_msgs/include/ssafy_msgs/msg/rosidl_generator_c__visibility_control.h
[5.016s] -- Up-to-date: C:/Users/SSAFY/Desktop/catkin_ws/install/ssafy_msgs/include/ssafy_msgs/msg/turtlebot_status.h
[5.016s] -- Up-to-date: C:/Users/SSAFY/Desktop/catkin_ws/install/ssafy_msgs/include/ssafy_msgs/msg/turtlebot_status__functions.c
[5.016s] -- Up-to-date: C:/Users/SSAFY/Desktop/catkin_ws/install/ssafy_msgs/include/ssafy_msgs/msg/turtlebot_status__functions.h
[5.016s] -- Up-to-date: C:/Users/SSAFY/Desktop/catkin_ws/install/ssafy_msgs/include/ssafy_msgs/msg/turtlebot_status__struct.h
[5.016s] -- Up-to-date: C:/Users/SSAFY/Desktop/catkin_ws/install/ssafy_msgs/include/ssafy_msgs/msg/turtlebot_status__type_support.h
[5.016s] -- Up-to-date: C:/Users/SSAFY/Desktop/catkin_ws/install/ssafy_msgs/lib/ssafy_msgs__rosidl_generator_c.lib
[5.016s] -- Up-to-date: C:/Users/SSAFY/Desktop/catkin_ws/install/ssafy_msgs/bin/ssafy_msgs__rosidl_generator_c.dll
[5.016s] -- Up-to-date: C:/Users/SSAFY/Desktop/catkin_ws/install/ssafy_msgs/share/ssafy_msgs/msg/dds_connext
[5.016s] -- Up-to-date: C:/Users/SSAFY/Desktop/catkin_ws/install/ssafy_msgs/share/ssafy_msgs/msg/dds_connext/BBox_.idl
[5.016s] -- Up-to-date: C:/Users/SSAFY/Desktop/catkin_ws/install/ssafy_msgs/share/ssafy_msgs/msg/dds_connext/CustomObjectInfo_.idl
[5.016s] -- Up-to-date: C:/Users/SSAFY/Desktop/catkin_ws/install/ssafy_msgs/share/ssafy_msgs/msg/dds_connext/EnviromentStatus_.idl
[5.016s] -- Up-to-date: C:/Users/SSAFY/Desktop/catkin_ws/install/ssafy_msgs/share/ssafy_msgs/msg/dds_connext/HandControl_.idl
[5.016s] -- Up-to-date: C:/Users/SSAFY/Desktop/catkin_ws/install/ssafy_msgs/share/ssafy_msgs/msg/dds_connext/Num_.idl
[5.016s] -- Up-to-date: C:/Users/SSAFY/Desktop/catkin_ws/install/ssafy_msgs/share/ssafy_msgs/msg/dds_connext/ObjectInfo_.idl
[5.016s] -- Up-to-date: C:/Users/SSAFY/Desktop/catkin_ws/install/ssafy_msgs/share/ssafy_msgs/msg/dds_connext/TurtlebotStatus_.idl
[5.016s] -- Up-to-date: C:/Users/SSAFY/Desktop/catkin_ws/install/ssafy_msgs/include/ssafy_msgs
[5.016s] -- Up-to-date: C:/Users/SSAFY/Desktop/catkin_ws/install/ssafy_msgs/include/ssafy_msgs/msg
[5.016s] -- Up-to-date: C:/Users/SSAFY/Desktop/catkin_ws/install/ssafy_msgs/include/ssafy_msgs/msg/b_box__rosidl_typesupport_connext_cpp.hpp
[5.016s] -- Up-to-date: C:/Users/SSAFY/Desktop/catkin_ws/install/ssafy_msgs/include/ssafy_msgs/msg/custom_object_info__rosidl_typesupport_connext_cpp.hpp
[5.016s] -- Up-to-date: C:/Users/SSAFY/Desktop/catkin_ws/install/ssafy_msgs/include/ssafy_msgs/msg/dds_connext
[5.016s] -- Up-to-date: C:/Users/SSAFY/Desktop/catkin_ws/install/ssafy_msgs/include/ssafy_msgs/msg/dds_connext/BBox_.cxx
[5.016s] -- Up-to-date: C:/Users/SSAFY/Desktop/catkin_ws/install/ssafy_msgs/include/ssafy_msgs/msg/dds_connext/BBox_.h
[5.016s] -- Up-to-date: C:/Users/SSAFY/Desktop/catkin_ws/install/ssafy_msgs/include/ssafy_msgs/msg/dds_connext/BBox_Plugin.cxx
[5.016s] -- Up-to-date: C:/Users/SSAFY/Desktop/catkin_ws/install/ssafy_msgs/include/ssafy_msgs/msg/dds_connext/BBox_Plugin.h
[5.016s] -- Up-to-date: C:/Users/SSAFY/Desktop/catkin_ws/install/ssafy_msgs/include/ssafy_msgs/msg/dds_connext/BBox_Support.cxx
[5.016s] -- Up-to-date: C:/Users/SSAFY/Desktop/catkin_ws/install/ssafy_msgs/include/ssafy_msgs/msg/dds_connext/BBox_Support.h
[5.016s] -- Up-to-date: C:/Users/SSAFY/Desktop/catkin_ws/install/ssafy_msgs/include/ssafy_msgs/msg/dds_connext/CustomObjectInfo_.cxx
[5.016s] -- Up-to-date: C:/Users/SSAFY/Desktop/catkin_ws/install/ssafy_msgs/include/ssafy_msgs/msg/dds_connext/CustomObjectInfo_.h
[5.016s] -- Up-to-date: C:/Users/SSAFY/Desktop/catkin_ws/install/ssafy_msgs/include/ssafy_msgs/msg/dds_connext/CustomObjectInfo_Plugin.cxx
[5.016s] -- Up-to-date: C:/Users/SSAFY/Desktop/catkin_ws/install/ssafy_msgs/include/ssafy_msgs/msg/dds_connext/CustomObjectInfo_Plugin.h
[5.016s] -- Up-to-date: C:/Users/SSAFY/Desktop/catkin_ws/install/ssafy_msgs/include/ssafy_msgs/msg/dds_connext/CustomObjectInfo_Support.cxx
[5.031s] -- Up-to-date: C:/Users/SSAFY/Desktop/catkin_ws/install/ssafy_msgs/include/ssafy_msgs/msg/dds_connext/CustomObjectInfo_Support.h
[5.031s] -- Up-to-date: C:/Users/SSAFY/Desktop/catkin_ws/install/ssafy_msgs/include/ssafy_msgs/msg/dds_connext/EnviromentStatus_.cxx
[5.031s] -- Up-to-date: C:/Users/SSAFY/Desktop/catkin_ws/install/ssafy_msgs/include/ssafy_msgs/msg/dds_connext/EnviromentStatus_.h
[5.031s] -- Up-to-date: C:/Users/SSAFY/Desktop/catkin_ws/install/ssafy_msgs/include/ssafy_msgs/msg/dds_connext/EnviromentStatus_Plugin.cxx
[5.031s] -- Up-to-date: C:/Users/SSAFY/Desktop/catkin_ws/install/ssafy_msgs/include/ssafy_msgs/msg/dds_connext/EnviromentStatus_Plugin.h
[5.031s] -- Up-to-date: C:/Users/SSAFY/Desktop/catkin_ws/install/ssafy_msgs/include/ssafy_msgs/msg/dds_connext/EnviromentStatus_Support.cxx
[5.031s] -- Up-to-date: C:/Users/SSAFY/Desktop/catkin_ws/install/ssafy_msgs/include/ssafy_msgs/msg/dds_connext/EnviromentStatus_Support.h
[5.031s] -- Up-to-date: C:/Users/SSAFY/Desktop/catkin_ws/install/ssafy_msgs/include/ssafy_msgs/msg/dds_connext/HandControl_.cxx
[5.031s] -- Up-to-date: C:/Users/SSAFY/Desktop/catkin_ws/install/ssafy_msgs/include/ssafy_msgs/msg/dds_connext/HandControl_.h
[5.031s] -- Up-to-date: C:/Users/SSAFY/Desktop/catkin_ws/install/ssafy_msgs/include/ssafy_msgs/msg/dds_connext/HandControl_Plugin.cxx
[5.031s] -- Up-to-date: C:/Users/SSAFY/Desktop/catkin_ws/install/ssafy_msgs/include/ssafy_msgs/msg/dds_connext/HandControl_Plugin.h
[5.031s] -- Up-to-date: C:/Users/SSAFY/Desktop/catkin_ws/install/ssafy_msgs/include/ssafy_msgs/msg/dds_connext/HandControl_Support.cxx
[5.031s] -- Up-to-date: C:/Users/SSAFY/Desktop/catkin_ws/install/ssafy_msgs/include/ssafy_msgs/msg/dds_connext/HandControl_Support.h
[5.031s] -- Up-to-date: C:/Users/SSAFY/Desktop/catkin_ws/install/ssafy_msgs/include/ssafy_msgs/msg/dds_connext/Num_.cxx
[5.031s] -- Up-to-date: C:/Users/SSAFY/Desktop/catkin_ws/install/ssafy_msgs/include/ssafy_msgs/msg/dds_connext/Num_.h
[5.031s] -- Up-to-date: C:/Users/SSAFY/Desktop/catkin_ws/install/ssafy_msgs/include/ssafy_msgs/msg/dds_connext/Num_Plugin.cxx
[5.031s] -- Up-to-date: C:/Users/SSAFY/Desktop/catkin_ws/install/ssafy_msgs/include/ssafy_msgs/msg/dds_connext/Num_Plugin.h
[5.031s] -- Up-to-date: C:/Users/SSAFY/Desktop/catkin_ws/install/ssafy_msgs/include/ssafy_msgs/msg/dds_connext/Num_Support.cxx
[5.031s] -- Up-to-date: C:/Users/SSAFY/Desktop/catkin_ws/install/ssafy_msgs/include/ssafy_msgs/msg/dds_connext/Num_Support.h
[5.031s] -- Up-to-date: C:/Users/SSAFY/Desktop/catkin_ws/install/ssafy_msgs/include/ssafy_msgs/msg/dds_connext/ObjectInfo_.cxx
[5.031s] -- Up-to-date: C:/Users/SSAFY/Desktop/catkin_ws/install/ssafy_msgs/include/ssafy_msgs/msg/dds_connext/ObjectInfo_.h
[5.031s] -- Up-to-date: C:/Users/SSAFY/Desktop/catkin_ws/install/ssafy_msgs/include/ssafy_msgs/msg/dds_connext/ObjectInfo_Plugin.cxx
[5.031s] -- Up-to-date: C:/Users/SSAFY/Desktop/catkin_ws/install/ssafy_msgs/include/ssafy_msgs/msg/dds_connext/ObjectInfo_Plugin.h
[5.031s] -- Up-to-date: C:/Users/SSAFY/Desktop/catkin_ws/install/ssafy_msgs/include/ssafy_msgs/msg/dds_connext/ObjectInfo_Support.cxx
[5.031s] -- Up-to-date: C:/Users/SSAFY/Desktop/catkin_ws/install/ssafy_msgs/include/ssafy_msgs/msg/dds_connext/ObjectInfo_Support.h
[5.031s] -- Up-to-date: C:/Users/SSAFY/Desktop/catkin_ws/install/ssafy_msgs/include/ssafy_msgs/msg/dds_connext/TurtlebotStatus_.cxx
[5.031s] -- Up-to-date: C:/Users/SSAFY/Desktop/catkin_ws/install/ssafy_msgs/include/ssafy_msgs/msg/dds_connext/TurtlebotStatus_.h
[5.031s] -- Up-to-date: C:/Users/SSAFY/Desktop/catkin_ws/install/ssafy_msgs/include/ssafy_msgs/msg/dds_connext/TurtlebotStatus_Plugin.cxx
[5.031s] -- Up-to-date: C:/Users/SSAFY/Desktop/catkin_ws/install/ssafy_msgs/include/ssafy_msgs/msg/dds_connext/TurtlebotStatus_Plugin.h
[5.031s] -- Up-to-date: C:/Users/SSAFY/Desktop/catkin_ws/install/ssafy_msgs/include/ssafy_msgs/msg/dds_connext/TurtlebotStatus_Support.cxx
[5.031s] -- Up-to-date: C:/Users/SSAFY/Desktop/catkin_ws/install/ssafy_msgs/include/ssafy_msgs/msg/dds_connext/TurtlebotStatus_Support.h
[5.031s] -- Up-to-date: C:/Users/SSAFY/Desktop/catkin_ws/install/ssafy_msgs/include/ssafy_msgs/msg/enviroment_status__rosidl_typesupport_connext_cpp.hpp
[5.031s] -- Up-to-date: C:/Users/SSAFY/Desktop/catkin_ws/install/ssafy_msgs/include/ssafy_msgs/msg/hand_control__rosidl_typesupport_connext_cpp.hpp
[5.031s] -- Up-to-date: C:/Users/SSAFY/Desktop/catkin_ws/install/ssafy_msgs/include/ssafy_msgs/msg/num__rosidl_typesupport_connext_cpp.hpp
[5.031s] -- Up-to-date: C:/Users/SSAFY/Desktop/catkin_ws/install/ssafy_msgs/include/ssafy_msgs/msg/object_info__rosidl_typesupport_connext_cpp.hpp
[5.031s] -- Up-to-date: C:/Users/SSAFY/Desktop/catkin_ws/install/ssafy_msgs/include/ssafy_msgs/msg/rosidl_typesupport_connext_cpp__visibility_control.h
[5.031s] -- Up-to-date: C:/Users/SSAFY/Desktop/catkin_ws/install/ssafy_msgs/include/ssafy_msgs/msg/turtlebot_status__rosidl_typesupport_connext_cpp.hpp
[5.031s] -- Up-to-date: C:/Users/SSAFY/Desktop/catkin_ws/install/ssafy_msgs/lib/ssafy_msgs__rosidl_typesupport_connext_cpp.lib
[5.031s] -- Up-to-date: C:/Users/SSAFY/Desktop/catkin_ws/install/ssafy_msgs/bin/ssafy_msgs__rosidl_typesupport_connext_cpp.dll
[5.031s] -- Up-to-date: C:/Users/SSAFY/Desktop/catkin_ws/install/ssafy_msgs/include/ssafy_msgs
[5.031s] -- Up-to-date: C:/Users/SSAFY/Desktop/catkin_ws/install/ssafy_msgs/include/ssafy_msgs/msg
[5.031s] -- Up-to-date: C:/Users/SSAFY/Desktop/catkin_ws/install/ssafy_msgs/include/ssafy_msgs/msg/b_box.hpp
[5.031s] -- Up-to-date: C:/Users/SSAFY/Desktop/catkin_ws/install/ssafy_msgs/include/ssafy_msgs/msg/b_box__struct.hpp
[5.031s] -- Up-to-date: C:/Users/SSAFY/Desktop/catkin_ws/install/ssafy_msgs/include/ssafy_msgs/msg/b_box__traits.hpp
[5.031s] -- Up-to-date: C:/Users/SSAFY/Desktop/catkin_ws/install/ssafy_msgs/include/ssafy_msgs/msg/custom_object_info.hpp
[5.031s] -- Up-to-date: C:/Users/SSAFY/Desktop/catkin_ws/install/ssafy_msgs/include/ssafy_msgs/msg/custom_object_info__struct.hpp
[5.031s] -- Up-to-date: C:/Users/SSAFY/Desktop/catkin_ws/install/ssafy_msgs/include/ssafy_msgs/msg/custom_object_info__traits.hpp
[5.031s] -- Up-to-date: C:/Users/SSAFY/Desktop/catkin_ws/install/ssafy_msgs/include/ssafy_msgs/msg/enviroment_status.hpp
[5.031s] -- Up-to-date: C:/Users/SSAFY/Desktop/catkin_ws/install/ssafy_msgs/include/ssafy_msgs/msg/enviroment_status__struct.hpp
[5.031s] -- Up-to-date: C:/Users/SSAFY/Desktop/catkin_ws/install/ssafy_msgs/include/ssafy_msgs/msg/enviroment_status__traits.hpp
[5.031s] -- Up-to-date: C:/Users/SSAFY/Desktop/catkin_ws/install/ssafy_msgs/include/ssafy_msgs/msg/hand_control.hpp
[5.031s] -- Up-to-date: C:/Users/SSAFY/Desktop/catkin_ws/install/ssafy_msgs/include/ssafy_msgs/msg/hand_control__struct.hpp
[5.031s] -- Up-to-date: C:/Users/SSAFY/Desktop/catkin_ws/install/ssafy_msgs/include/ssafy_msgs/msg/hand_control__traits.hpp
[5.031s] -- Up-to-date: C:/Users/SSAFY/Desktop/catkin_ws/install/ssafy_msgs/include/ssafy_msgs/msg/num.hpp
[5.031s] -- Up-to-date: C:/Users/SSAFY/Desktop/catkin_ws/install/ssafy_msgs/include/ssafy_msgs/msg/num__struct.hpp
[5.031s] -- Up-to-date: C:/Users/SSAFY/Desktop/catkin_ws/install/ssafy_msgs/include/ssafy_msgs/msg/num__traits.hpp
[5.031s] -- Up-to-date: C:/Users/SSAFY/Desktop/catkin_ws/install/ssafy_msgs/include/ssafy_msgs/msg/object_info.hpp
[5.031s] -- Up-to-date: C:/Users/SSAFY/Desktop/catkin_ws/install/ssafy_msgs/include/ssafy_msgs/msg/object_info__struct.hpp
[5.031s] -- Up-to-date: C:/Users/SSAFY/Desktop/catkin_ws/install/ssafy_msgs/include/ssafy_msgs/msg/object_info__traits.hpp
[5.031s] -- Up-to-date: C:/Users/SSAFY/Desktop/catkin_ws/install/ssafy_msgs/include/ssafy_msgs/msg/turtlebot_status.hpp
[5.031s] -- Up-to-date: C:/Users/SSAFY/Desktop/catkin_ws/install/ssafy_msgs/include/ssafy_msgs/msg/turtlebot_status__struct.hpp
[5.031s] -- Up-to-date: C:/Users/SSAFY/Desktop/catkin_ws/install/ssafy_msgs/include/ssafy_msgs/msg/turtlebot_status__traits.hpp
[5.047s] -- Up-to-date: C:/Users/SSAFY/Desktop/catkin_ws/install/ssafy_msgs/include/ssafy_msgs
[5.047s] -- Up-to-date: C:/Users/SSAFY/Desktop/catkin_ws/install/ssafy_msgs/include/ssafy_msgs/msg
[5.047s] -- Up-to-date: C:/Users/SSAFY/Desktop/catkin_ws/install/ssafy_msgs/include/ssafy_msgs/msg/b_box__rosidl_typesupport_fastrtps_c.h
[5.047s] -- Up-to-date: C:/Users/SSAFY/Desktop/catkin_ws/install/ssafy_msgs/include/ssafy_msgs/msg/custom_object_info__rosidl_typesupport_fastrtps_c.h
[5.047s] -- Up-to-date: C:/Users/SSAFY/Desktop/catkin_ws/install/ssafy_msgs/include/ssafy_msgs/msg/enviroment_status__rosidl_typesupport_fastrtps_c.h
[5.047s] -- Up-to-date: C:/Users/SSAFY/Desktop/catkin_ws/install/ssafy_msgs/include/ssafy_msgs/msg/hand_control__rosidl_typesupport_fastrtps_c.h
[5.047s] -- Up-to-date: C:/Users/SSAFY/Desktop/catkin_ws/install/ssafy_msgs/include/ssafy_msgs/msg/num__rosidl_typesupport_fastrtps_c.h
[5.047s] -- Up-to-date: C:/Users/SSAFY/Desktop/catkin_ws/install/ssafy_msgs/include/ssafy_msgs/msg/object_info__rosidl_typesupport_fastrtps_c.h
[5.047s] -- Up-to-date: C:/Users/SSAFY/Desktop/catkin_ws/install/ssafy_msgs/include/ssafy_msgs/msg/rosidl_typesupport_fastrtps_c__visibility_control.h
[5.047s] -- Up-to-date: C:/Users/SSAFY/Desktop/catkin_ws/install/ssafy_msgs/include/ssafy_msgs/msg/turtlebot_status__rosidl_typesupport_fastrtps_c.h
[5.047s] -- Up-to-date: C:/Users/SSAFY/Desktop/catkin_ws/install/ssafy_msgs/lib/ssafy_msgs__rosidl_typesupport_fastrtps_c.lib
[5.047s] -- Up-to-date: C:/Users/SSAFY/Desktop/catkin_ws/install/ssafy_msgs/bin/ssafy_msgs__rosidl_typesupport_fastrtps_c.dll
[5.047s] -- Up-to-date: C:/Users/SSAFY/Desktop/catkin_ws/install/ssafy_msgs/include/ssafy_msgs
[5.047s] -- Up-to-date: C:/Users/SSAFY/Desktop/catkin_ws/install/ssafy_msgs/include/ssafy_msgs/msg
[5.047s] -- Up-to-date: C:/Users/SSAFY/Desktop/catkin_ws/install/ssafy_msgs/include/ssafy_msgs/msg/b_box__rosidl_typesupport_fastrtps_cpp.hpp
[5.047s] -- Up-to-date: C:/Users/SSAFY/Desktop/catkin_ws/install/ssafy_msgs/include/ssafy_msgs/msg/custom_object_info__rosidl_typesupport_fastrtps_cpp.hpp
[5.047s] -- Up-to-date: C:/Users/SSAFY/Desktop/catkin_ws/install/ssafy_msgs/include/ssafy_msgs/msg/dds_fastrtps
[5.047s] -- Up-to-date: C:/Users/SSAFY/Desktop/catkin_ws/install/ssafy_msgs/include/ssafy_msgs/msg/enviroment_status__rosidl_typesupport_fastrtps_cpp.hpp
[5.047s] -- Up-to-date: C:/Users/SSAFY/Desktop/catkin_ws/install/ssafy_msgs/include/ssafy_msgs/msg/hand_control__rosidl_typesupport_fastrtps_cpp.hpp
[5.047s] -- Up-to-date: C:/Users/SSAFY/Desktop/catkin_ws/install/ssafy_msgs/include/ssafy_msgs/msg/num__rosidl_typesupport_fastrtps_cpp.hpp
[5.047s] -- Up-to-date: C:/Users/SSAFY/Desktop/catkin_ws/install/ssafy_msgs/include/ssafy_msgs/msg/object_info__rosidl_typesupport_fastrtps_cpp.hpp
[5.047s] -- Up-to-date: C:/Users/SSAFY/Desktop/catkin_ws/install/ssafy_msgs/include/ssafy_msgs/msg/rosidl_typesupport_fastrtps_cpp__visibility_control.h
[5.047s] -- Up-to-date: C:/Users/SSAFY/Desktop/catkin_ws/install/ssafy_msgs/include/ssafy_msgs/msg/turtlebot_status__rosidl_typesupport_fastrtps_cpp.hpp
[5.047s] -- Up-to-date: C:/Users/SSAFY/Desktop/catkin_ws/install/ssafy_msgs/lib/ssafy_msgs__rosidl_typesupport_fastrtps_cpp.lib
[5.047s] -- Up-to-date: C:/Users/SSAFY/Desktop/catkin_ws/install/ssafy_msgs/bin/ssafy_msgs__rosidl_typesupport_fastrtps_cpp.dll
[5.047s] -- Up-to-date: C:/Users/SSAFY/Desktop/catkin_ws/install/ssafy_msgs/include/ssafy_msgs
[5.047s] -- Up-to-date: C:/Users/SSAFY/Desktop/catkin_ws/install/ssafy_msgs/include/ssafy_msgs/msg
[5.047s] -- Up-to-date: C:/Users/SSAFY/Desktop/catkin_ws/install/ssafy_msgs/include/ssafy_msgs/msg/b_box__rosidl_typesupport_introspection_c.h
[5.047s] -- Up-to-date: C:/Users/SSAFY/Desktop/catkin_ws/install/ssafy_msgs/include/ssafy_msgs/msg/b_box__type_support.c
[5.047s] -- Up-to-date: C:/Users/SSAFY/Desktop/catkin_ws/install/ssafy_msgs/include/ssafy_msgs/msg/custom_object_info__rosidl_typesupport_introspection_c.h
[5.047s] -- Up-to-date: C:/Users/SSAFY/Desktop/catkin_ws/install/ssafy_msgs/include/ssafy_msgs/msg/custom_object_info__type_support.c
[5.047s] -- Up-to-date: C:/Users/SSAFY/Desktop/catkin_ws/install/ssafy_msgs/include/ssafy_msgs/msg/enviroment_status__rosidl_typesupport_introspection_c.h
[5.047s] -- Up-to-date: C:/Users/SSAFY/Desktop/catkin_ws/install/ssafy_msgs/include/ssafy_msgs/msg/enviroment_status__type_support.c
[5.047s] -- Up-to-date: C:/Users/SSAFY/Desktop/catkin_ws/install/ssafy_msgs/include/ssafy_msgs/msg/hand_control__rosidl_typesupport_introspection_c.h
[5.047s] -- Up-to-date: C:/Users/SSAFY/Desktop/catkin_ws/install/ssafy_msgs/include/ssafy_msgs/msg/hand_control__type_support.c
[5.047s] -- Up-to-date: C:/Users/SSAFY/Desktop/catkin_ws/install/ssafy_msgs/include/ssafy_msgs/msg/num__rosidl_typesupport_introspection_c.h
[5.047s] -- Up-to-date: C:/Users/SSAFY/Desktop/catkin_ws/install/ssafy_msgs/include/ssafy_msgs/msg/num__type_support.c
[5.047s] -- Up-to-date: C:/Users/SSAFY/Desktop/catkin_ws/install/ssafy_msgs/include/ssafy_msgs/msg/object_info__rosidl_typesupport_introspection_c.h
[5.047s] -- Up-to-date: C:/Users/SSAFY/Desktop/catkin_ws/install/ssafy_msgs/include/ssafy_msgs/msg/object_info__type_support.c
[5.047s] -- Up-to-date: C:/Users/SSAFY/Desktop/catkin_ws/install/ssafy_msgs/include/ssafy_msgs/msg/rosidl_typesupport_introspection_c__visibility_control.h
[5.047s] -- Up-to-date: C:/Users/SSAFY/Desktop/catkin_ws/install/ssafy_msgs/include/ssafy_msgs/msg/turtlebot_status__rosidl_typesupport_introspection_c.h
[5.047s] -- Up-to-date: C:/Users/SSAFY/Desktop/catkin_ws/install/ssafy_msgs/include/ssafy_msgs/msg/turtlebot_status__type_support.c
[5.047s] -- Up-to-date: C:/Users/SSAFY/Desktop/catkin_ws/install/ssafy_msgs/lib/ssafy_msgs__rosidl_typesupport_introspection_c.lib
[5.047s] -- Up-to-date: C:/Users/SSAFY/Desktop/catkin_ws/install/ssafy_msgs/bin/ssafy_msgs__rosidl_typesupport_introspection_c.dll
[5.047s] -- Up-to-date: C:/Users/SSAFY/Desktop/catkin_ws/install/ssafy_msgs/include/ssafy_msgs
[5.047s] -- Up-to-date: C:/Users/SSAFY/Desktop/catkin_ws/install/ssafy_msgs/include/ssafy_msgs/msg
[5.047s] -- Up-to-date: C:/Users/SSAFY/Desktop/catkin_ws/install/ssafy_msgs/include/ssafy_msgs/msg/b_box__rosidl_typesupport_opensplice_c.h
[5.047s] -- Up-to-date: C:/Users/SSAFY/Desktop/catkin_ws/install/ssafy_msgs/include/ssafy_msgs/msg/custom_object_info__rosidl_typesupport_opensplice_c.h
[5.047s] -- Up-to-date: C:/Users/SSAFY/Desktop/catkin_ws/install/ssafy_msgs/include/ssafy_msgs/msg/dds_opensplice_c
[5.047s] -- Up-to-date: C:/Users/SSAFY/Desktop/catkin_ws/install/ssafy_msgs/include/ssafy_msgs/msg/enviroment_status__rosidl_typesupport_opensplice_c.h
[5.047s] -- Up-to-date: C:/Users/SSAFY/Desktop/catkin_ws/install/ssafy_msgs/include/ssafy_msgs/msg/hand_control__rosidl_typesupport_opensplice_c.h
[5.047s] -- Up-to-date: C:/Users/SSAFY/Desktop/catkin_ws/install/ssafy_msgs/include/ssafy_msgs/msg/num__rosidl_typesupport_opensplice_c.h
[5.047s] -- Up-to-date: C:/Users/SSAFY/Desktop/catkin_ws/install/ssafy_msgs/include/ssafy_msgs/msg/object_info__rosidl_typesupport_opensplice_c.h
[5.047s] -- Up-to-date: C:/Users/SSAFY/Desktop/catkin_ws/install/ssafy_msgs/include/ssafy_msgs/msg/rosidl_typesupport_opensplice_c__visibility_control.h
[5.047s] -- Up-to-date: C:/Users/SSAFY/Desktop/catkin_ws/install/ssafy_msgs/include/ssafy_msgs/msg/turtlebot_status__rosidl_typesupport_opensplice_c.h
[5.047s] -- Up-to-date: C:/Users/SSAFY/Desktop/catkin_ws/install/ssafy_msgs/lib/ssafy_msgs__rosidl_typesupport_opensplice_c.lib
[5.063s] -- Up-to-date: C:/Users/SSAFY/Desktop/catkin_ws/install/ssafy_msgs/bin/ssafy_msgs__rosidl_typesupport_opensplice_c.dll
[5.063s] -- Up-to-date: C:/Users/SSAFY/Desktop/catkin_ws/install/ssafy_msgs/share/ssafy_msgs/msg/dds_opensplice
[5.063s] -- Up-to-date: C:/Users/SSAFY/Desktop/catkin_ws/install/ssafy_msgs/share/ssafy_msgs/msg/dds_opensplice/BBox_.idl
[5.063s] -- Up-to-date: C:/Users/SSAFY/Desktop/catkin_ws/install/ssafy_msgs/share/ssafy_msgs/msg/dds_opensplice/CustomObjectInfo_.idl
[5.063s] -- Up-to-date: C:/Users/SSAFY/Desktop/catkin_ws/install/ssafy_msgs/share/ssafy_msgs/msg/dds_opensplice/EnviromentStatus_.idl
[5.063s] -- Up-to-date: C:/Users/SSAFY/Desktop/catkin_ws/install/ssafy_msgs/share/ssafy_msgs/msg/dds_opensplice/HandControl_.idl
[5.063s] -- Up-to-date: C:/Users/SSAFY/Desktop/catkin_ws/install/ssafy_msgs/share/ssafy_msgs/msg/dds_opensplice/Num_.idl
[5.063s] -- Up-to-date: C:/Users/SSAFY/Desktop/catkin_ws/install/ssafy_msgs/share/ssafy_msgs/msg/dds_opensplice/ObjectInfo_.idl
[5.063s] -- Up-to-date: C:/Users/SSAFY/Desktop/catkin_ws/install/ssafy_msgs/share/ssafy_msgs/msg/dds_opensplice/TurtlebotStatus_.idl
[5.063s] -- Up-to-date: C:/Users/SSAFY/Desktop/catkin_ws/install/ssafy_msgs/include/ssafy_msgs
[5.063s] -- Up-to-date: C:/Users/SSAFY/Desktop/catkin_ws/install/ssafy_msgs/include/ssafy_msgs/msg
[5.063s] -- Up-to-date: C:/Users/SSAFY/Desktop/catkin_ws/install/ssafy_msgs/include/ssafy_msgs/msg/b_box__rosidl_typesupport_opensplice_cpp.hpp
[5.063s] -- Up-to-date: C:/Users/SSAFY/Desktop/catkin_ws/install/ssafy_msgs/include/ssafy_msgs/msg/custom_object_info__rosidl_typesupport_opensplice_cpp.hpp
[5.063s] -- Up-to-date: C:/Users/SSAFY/Desktop/catkin_ws/install/ssafy_msgs/include/ssafy_msgs/msg/dds_opensplice
[5.063s] -- Up-to-date: C:/Users/SSAFY/Desktop/catkin_ws/install/ssafy_msgs/include/ssafy_msgs/msg/dds_opensplice/BBox_.h
[5.063s] -- Up-to-date: C:/Users/SSAFY/Desktop/catkin_ws/install/ssafy_msgs/include/ssafy_msgs/msg/dds_opensplice/BBox_Dcps.h
[5.063s] -- Up-to-date: C:/Users/SSAFY/Desktop/catkin_ws/install/ssafy_msgs/include/ssafy_msgs/msg/dds_opensplice/BBox_Dcps_impl.h
[5.063s] -- Up-to-date: C:/Users/SSAFY/Desktop/catkin_ws/install/ssafy_msgs/include/ssafy_msgs/msg/dds_opensplice/BBox_SplDcps.h
[5.063s] -- Up-to-date: C:/Users/SSAFY/Desktop/catkin_ws/install/ssafy_msgs/include/ssafy_msgs/msg/dds_opensplice/ccpp_BBox_.h
[5.063s] -- Up-to-date: C:/Users/SSAFY/Desktop/catkin_ws/install/ssafy_msgs/include/ssafy_msgs/msg/dds_opensplice/ccpp_CustomObjectInfo_.h
[5.063s] -- Up-to-date: C:/Users/SSAFY/Desktop/catkin_ws/install/ssafy_msgs/include/ssafy_msgs/msg/dds_opensplice/ccpp_EnviromentStatus_.h
[5.063s] -- Up-to-date: C:/Users/SSAFY/Desktop/catkin_ws/install/ssafy_msgs/include/ssafy_msgs/msg/dds_opensplice/ccpp_HandControl_.h
[5.063s] -- Up-to-date: C:/Users/SSAFY/Desktop/catkin_ws/install/ssafy_msgs/include/ssafy_msgs/msg/dds_opensplice/ccpp_Num_.h
[5.063s] -- Up-to-date: C:/Users/SSAFY/Desktop/catkin_ws/install/ssafy_msgs/include/ssafy_msgs/msg/dds_opensplice/ccpp_ObjectInfo_.h
[5.063s] -- Up-to-date: C:/Users/SSAFY/Desktop/catkin_ws/install/ssafy_msgs/include/ssafy_msgs/msg/dds_opensplice/ccpp_TurtlebotStatus_.h
[5.063s] -- Up-to-date: C:/Users/SSAFY/Desktop/catkin_ws/install/ssafy_msgs/include/ssafy_msgs/msg/dds_opensplice/CustomObjectInfo_.h
[5.063s] -- Up-to-date: C:/Users/SSAFY/Desktop/catkin_ws/install/ssafy_msgs/include/ssafy_msgs/msg/dds_opensplice/CustomObjectInfo_Dcps.h
[5.063s] -- Up-to-date: C:/Users/SSAFY/Desktop/catkin_ws/install/ssafy_msgs/include/ssafy_msgs/msg/dds_opensplice/CustomObjectInfo_Dcps_impl.h
[5.063s] -- Up-to-date: C:/Users/SSAFY/Desktop/catkin_ws/install/ssafy_msgs/include/ssafy_msgs/msg/dds_opensplice/CustomObjectInfo_SplDcps.h
[5.063s] -- Up-to-date: C:/Users/SSAFY/Desktop/catkin_ws/install/ssafy_msgs/include/ssafy_msgs/msg/dds_opensplice/EnviromentStatus_.h
[5.063s] -- Up-to-date: C:/Users/SSAFY/Desktop/catkin_ws/install/ssafy_msgs/include/ssafy_msgs/msg/dds_opensplice/EnviromentStatus_Dcps.h
[5.063s] -- Up-to-date: C:/Users/SSAFY/Desktop/catkin_ws/install/ssafy_msgs/include/ssafy_msgs/msg/dds_opensplice/EnviromentStatus_Dcps_impl.h
[5.063s] -- Up-to-date: C:/Users/SSAFY/Desktop/catkin_ws/install/ssafy_msgs/include/ssafy_msgs/msg/dds_opensplice/EnviromentStatus_SplDcps.h
[5.063s] -- Up-to-date: C:/Users/SSAFY/Desktop/catkin_ws/install/ssafy_msgs/include/ssafy_msgs/msg/dds_opensplice/HandControl_.h
[5.063s] -- Up-to-date: C:/Users/SSAFY/Desktop/catkin_ws/install/ssafy_msgs/include/ssafy_msgs/msg/dds_opensplice/HandControl_Dcps.h
[5.063s] -- Up-to-date: C:/Users/SSAFY/Desktop/catkin_ws/install/ssafy_msgs/include/ssafy_msgs/msg/dds_opensplice/HandControl_Dcps_impl.h
[5.063s] -- Up-to-date: C:/Users/SSAFY/Desktop/catkin_ws/install/ssafy_msgs/include/ssafy_msgs/msg/dds_opensplice/HandControl_SplDcps.h
[5.063s] -- Up-to-date: C:/Users/SSAFY/Desktop/catkin_ws/install/ssafy_msgs/include/ssafy_msgs/msg/dds_opensplice/Num_.h
[5.063s] -- Up-to-date: C:/Users/SSAFY/Desktop/catkin_ws/install/ssafy_msgs/include/ssafy_msgs/msg/dds_opensplice/Num_Dcps.h
[5.063s] -- Up-to-date: C:/Users/SSAFY/Desktop/catkin_ws/install/ssafy_msgs/include/ssafy_msgs/msg/dds_opensplice/Num_Dcps_impl.h
[5.063s] -- Up-to-date: C:/Users/SSAFY/Desktop/catkin_ws/install/ssafy_msgs/include/ssafy_msgs/msg/dds_opensplice/Num_SplDcps.h
[5.063s] -- Up-to-date: C:/Users/SSAFY/Desktop/catkin_ws/install/ssafy_msgs/include/ssafy_msgs/msg/dds_opensplice/ObjectInfo_.h
[5.063s] -- Up-to-date: C:/Users/SSAFY/Desktop/catkin_ws/install/ssafy_msgs/include/ssafy_msgs/msg/dds_opensplice/ObjectInfo_Dcps.h
[5.063s] -- Up-to-date: C:/Users/SSAFY/Desktop/catkin_ws/install/ssafy_msgs/include/ssafy_msgs/msg/dds_opensplice/ObjectInfo_Dcps_impl.h
[5.063s] -- Up-to-date: C:/Users/SSAFY/Desktop/catkin_ws/install/ssafy_msgs/include/ssafy_msgs/msg/dds_opensplice/ObjectInfo_SplDcps.h
[5.063s] -- Up-to-date: C:/Users/SSAFY/Desktop/catkin_ws/install/ssafy_msgs/include/ssafy_msgs/msg/dds_opensplice/TurtlebotStatus_.h
[5.063s] -- Up-to-date: C:/Users/SSAFY/Desktop/catkin_ws/install/ssafy_msgs/include/ssafy_msgs/msg/dds_opensplice/TurtlebotStatus_Dcps.h
[5.063s] -- Up-to-date: C:/Users/SSAFY/Desktop/catkin_ws/install/ssafy_msgs/include/ssafy_msgs/msg/dds_opensplice/TurtlebotStatus_Dcps_impl.h
[5.063s] -- Up-to-date: C:/Users/SSAFY/Desktop/catkin_ws/install/ssafy_msgs/include/ssafy_msgs/msg/dds_opensplice/TurtlebotStatus_SplDcps.h
[5.063s] -- Up-to-date: C:/Users/SSAFY/Desktop/catkin_ws/install/ssafy_msgs/include/ssafy_msgs/msg/enviroment_status__rosidl_typesupport_opensplice_cpp.hpp
[5.063s] -- Up-to-date: C:/Users/SSAFY/Desktop/catkin_ws/install/ssafy_msgs/include/ssafy_msgs/msg/hand_control__rosidl_typesupport_opensplice_cpp.hpp
[5.063s] -- Up-to-date: C:/Users/SSAFY/Desktop/catkin_ws/install/ssafy_msgs/include/ssafy_msgs/msg/num__rosidl_typesupport_opensplice_cpp.hpp
[5.063s] -- Up-to-date: C:/Users/SSAFY/Desktop/catkin_ws/install/ssafy_msgs/include/ssafy_msgs/msg/object_info__rosidl_typesupport_opensplice_cpp.hpp
[5.063s] -- Up-to-date: C:/Users/SSAFY/Desktop/catkin_ws/install/ssafy_msgs/include/ssafy_msgs/msg/rosidl_typesupport_opensplice_cpp__visibility_control.h
[5.063s] -- Up-to-date: C:/Users/SSAFY/Desktop/catkin_ws/install/ssafy_msgs/include/ssafy_msgs/msg/turtlebot_status__rosidl_typesupport_opensplice_cpp.hpp
[5.063s] -- Up-to-date: C:/Users/SSAFY/Desktop/catkin_ws/install/ssafy_msgs/lib/ssafy_msgs__rosidl_typesupport_opensplice_cpp.lib
[5.063s] -- Up-to-date: C:/Users/SSAFY/Desktop/catkin_ws/install/ssafy_msgs/bin/ssafy_msgs__rosidl_typesupport_opensplice_cpp.dll
[5.063s] -- Up-to-date: C:/Users/SSAFY/Desktop/catkin_ws/install/ssafy_msgs/include/ssafy_msgs
[5.063s] -- Up-to-date: C:/Users/SSAFY/Desktop/catkin_ws/install/ssafy_msgs/include/ssafy_msgs/msg
[5.063s] -- Up-to-date: C:/Users/SSAFY/Desktop/catkin_ws/install/ssafy_msgs/include/ssafy_msgs/msg/b_box__rosidl_typesupport_introspection_cpp.hpp
[5.063s] -- Up-to-date: C:/Users/SSAFY/Desktop/catkin_ws/install/ssafy_msgs/include/ssafy_msgs/msg/b_box__type_support.cpp
[5.063s] -- Up-to-date: C:/Users/SSAFY/Desktop/catkin_ws/install/ssafy_msgs/include/ssafy_msgs/msg/custom_object_info__rosidl_typesupport_introspection_cpp.hpp
[5.063s] -- Up-to-date: C:/Users/SSAFY/Desktop/catkin_ws/install/ssafy_msgs/include/ssafy_msgs/msg/custom_object_info__type_support.cpp
[5.078s] -- Up-to-date: C:/Users/SSAFY/Desktop/catkin_ws/install/ssafy_msgs/include/ssafy_msgs/msg/enviroment_status__rosidl_typesupport_introspection_cpp.hpp
[5.078s] -- Up-to-date: C:/Users/SSAFY/Desktop/catkin_ws/install/ssafy_msgs/include/ssafy_msgs/msg/enviroment_status__type_support.cpp
[5.078s] -- Up-to-date: C:/Users/SSAFY/Desktop/catkin_ws/install/ssafy_msgs/include/ssafy_msgs/msg/hand_control__rosidl_typesupport_introspection_cpp.hpp
[5.078s] -- Up-to-date: C:/Users/SSAFY/Desktop/catkin_ws/install/ssafy_msgs/include/ssafy_msgs/msg/hand_control__type_support.cpp
[5.078s] -- Up-to-date: C:/Users/SSAFY/Desktop/catkin_ws/install/ssafy_msgs/include/ssafy_msgs/msg/num__rosidl_typesupport_introspection_cpp.hpp
[5.078s] -- Up-to-date: C:/Users/SSAFY/Desktop/catkin_ws/install/ssafy_msgs/include/ssafy_msgs/msg/num__type_support.cpp
[5.078s] -- Up-to-date: C:/Users/SSAFY/Desktop/catkin_ws/install/ssafy_msgs/include/ssafy_msgs/msg/object_info__rosidl_typesupport_introspection_cpp.hpp
[5.078s] -- Up-to-date: C:/Users/SSAFY/Desktop/catkin_ws/install/ssafy_msgs/include/ssafy_msgs/msg/object_info__type_support.cpp
[5.078s] -- Up-to-date: C:/Users/SSAFY/Desktop/catkin_ws/install/ssafy_msgs/include/ssafy_msgs/msg/turtlebot_status__rosidl_typesupport_introspection_cpp.hpp
[5.078s] -- Up-to-date: C:/Users/SSAFY/Desktop/catkin_ws/install/ssafy_msgs/include/ssafy_msgs/msg/turtlebot_status__type_support.cpp
[5.078s] -- Up-to-date: C:/Users/SSAFY/Desktop/catkin_ws/install/ssafy_msgs/lib/ssafy_msgs__rosidl_typesupport_introspection_cpp.lib
[5.078s] -- Up-to-date: C:/Users/SSAFY/Desktop/catkin_ws/install/ssafy_msgs/bin/ssafy_msgs__rosidl_typesupport_introspection_cpp.dll
[5.078s] -- Up-to-date: C:/Users/SSAFY/Desktop/catkin_ws/install/ssafy_msgs/share/ssafy_msgs/environment/pythonpath.bat
[5.078s] -- Up-to-date: C:/Users/SSAFY/Desktop/catkin_ws/install/ssafy_msgs/share/ssafy_msgs/environment/pythonpath.dsv
[5.078s] -- Up-to-date: C:/Users/SSAFY/Desktop/catkin_ws/install/ssafy_msgs/Lib/site-packages/ssafy_msgs/__init__.py
[5.125s] -- Up-to-date: C:/Users/SSAFY/Desktop/catkin_ws/install/ssafy_msgs/Lib/site-packages/ssafy_msgs/msg
[5.125s] -- Up-to-date: C:/Users/SSAFY/Desktop/catkin_ws/install/ssafy_msgs/Lib/site-packages/ssafy_msgs/msg/_b_box.py
[5.125s] -- Up-to-date: C:/Users/SSAFY/Desktop/catkin_ws/install/ssafy_msgs/Lib/site-packages/ssafy_msgs/msg/_b_box_s.c
[5.125s] -- Up-to-date: C:/Users/SSAFY/Desktop/catkin_ws/install/ssafy_msgs/Lib/site-packages/ssafy_msgs/msg/_custom_object_info.py
[5.125s] -- Up-to-date: C:/Users/SSAFY/Desktop/catkin_ws/install/ssafy_msgs/Lib/site-packages/ssafy_msgs/msg/_custom_object_info_s.c
[5.125s] -- Up-to-date: C:/Users/SSAFY/Desktop/catkin_ws/install/ssafy_msgs/Lib/site-packages/ssafy_msgs/msg/_enviroment_status.py
[5.125s] -- Up-to-date: C:/Users/SSAFY/Desktop/catkin_ws/install/ssafy_msgs/Lib/site-packages/ssafy_msgs/msg/_enviroment_status_s.c
[5.125s] -- Up-to-date: C:/Users/SSAFY/Desktop/catkin_ws/install/ssafy_msgs/Lib/site-packages/ssafy_msgs/msg/_hand_control.py
[5.125s] -- Up-to-date: C:/Users/SSAFY/Desktop/catkin_ws/install/ssafy_msgs/Lib/site-packages/ssafy_msgs/msg/_hand_control_s.c
[5.125s] -- Up-to-date: C:/Users/SSAFY/Desktop/catkin_ws/install/ssafy_msgs/Lib/site-packages/ssafy_msgs/msg/_num.py
[5.141s] -- Up-to-date: C:/Users/SSAFY/Desktop/catkin_ws/install/ssafy_msgs/Lib/site-packages/ssafy_msgs/msg/_num_s.c
[5.141s] -- Up-to-date: C:/Users/SSAFY/Desktop/catkin_ws/install/ssafy_msgs/Lib/site-packages/ssafy_msgs/msg/_object_info.py
[5.141s] -- Up-to-date: C:/Users/SSAFY/Desktop/catkin_ws/install/ssafy_msgs/Lib/site-packages/ssafy_msgs/msg/_object_info_s.c
[5.141s] -- Up-to-date: C:/Users/SSAFY/Desktop/catkin_ws/install/ssafy_msgs/Lib/site-packages/ssafy_msgs/msg/_turtlebot_status.py
[5.141s] -- Up-to-date: C:/Users/SSAFY/Desktop/catkin_ws/install/ssafy_msgs/Lib/site-packages/ssafy_msgs/msg/_turtlebot_status_s.c
[5.141s] -- Up-to-date: C:/Users/SSAFY/Desktop/catkin_ws/install/ssafy_msgs/Lib/site-packages/ssafy_msgs/msg/__init__.py
[5.141s] -- Up-to-date: C:/Users/SSAFY/Desktop/catkin_ws/install/ssafy_msgs/Lib/site-packages/ssafy_msgs/ssafy_msgs_s__rosidl_typesupport_c.lib
[5.141s] -- Up-to-date: C:/Users/SSAFY/Desktop/catkin_ws/install/ssafy_msgs/Lib/site-packages/ssafy_msgs/ssafy_msgs_s__rosidl_typesupport_c.pyd
[5.141s] -- Up-to-date: C:/Users/SSAFY/Desktop/catkin_ws/install/ssafy_msgs/Lib/site-packages/ssafy_msgs/ssafy_msgs_s__rosidl_typesupport_connext_c.lib
[5.141s] -- Up-to-date: C:/Users/SSAFY/Desktop/catkin_ws/install/ssafy_msgs/Lib/site-packages/ssafy_msgs/ssafy_msgs_s__rosidl_typesupport_connext_c.pyd
[5.141s] -- Up-to-date: C:/Users/SSAFY/Desktop/catkin_ws/install/ssafy_msgs/Lib/site-packages/ssafy_msgs/ssafy_msgs_s__rosidl_typesupport_introspection_c.lib
[5.141s] -- Up-to-date: C:/Users/SSAFY/Desktop/catkin_ws/install/ssafy_msgs/Lib/site-packages/ssafy_msgs/ssafy_msgs_s__rosidl_typesupport_introspection_c.pyd
[5.141s] -- Up-to-date: C:/Users/SSAFY/Desktop/catkin_ws/install/ssafy_msgs/Lib/site-packages/ssafy_msgs/ssafy_msgs_s__rosidl_typesupport_fastrtps_c.lib
[5.141s] -- Up-to-date: C:/Users/SSAFY/Desktop/catkin_ws/install/ssafy_msgs/Lib/site-packages/ssafy_msgs/ssafy_msgs_s__rosidl_typesupport_fastrtps_c.pyd
[5.141s] -- Up-to-date: C:/Users/SSAFY/Desktop/catkin_ws/install/ssafy_msgs/Lib/site-packages/ssafy_msgs/ssafy_msgs_s__rosidl_typesupport_opensplice_c.lib
[5.141s] -- Up-to-date: C:/Users/SSAFY/Desktop/catkin_ws/install/ssafy_msgs/Lib/site-packages/ssafy_msgs/ssafy_msgs_s__rosidl_typesupport_opensplice_c.pyd
[5.141s] -- Up-to-date: C:/Users/SSAFY/Desktop/catkin_ws/install/ssafy_msgs/lib/ssafy_msgs__python.lib
[5.141s] -- Up-to-date: C:/Users/SSAFY/Desktop/catkin_ws/install/ssafy_msgs/bin/ssafy_msgs__python.dll
[5.141s] -- Up-to-date: C:/Users/SSAFY/Desktop/catkin_ws/install/ssafy_msgs/share/ssafy_msgs/msg/Num.idl
[5.141s] -- Up-to-date: C:/Users/SSAFY/Desktop/catkin_ws/install/ssafy_msgs/share/ssafy_msgs/msg/EnviromentStatus.idl
[5.141s] -- Up-to-date: C:/Users/SSAFY/Desktop/catkin_ws/install/ssafy_msgs/share/ssafy_msgs/msg/TurtlebotStatus.idl
[5.141s] -- Up-to-date: C:/Users/SSAFY/Desktop/catkin_ws/install/ssafy_msgs/share/ssafy_msgs/msg/BBox.idl
[5.141s] -- Up-to-date: C:/Users/SSAFY/Desktop/catkin_ws/install/ssafy_msgs/share/ssafy_msgs/msg/ObjectInfo.idl
[5.141s] -- Up-to-date: C:/Users/SSAFY/Desktop/catkin_ws/install/ssafy_msgs/share/ssafy_msgs/msg/HandControl.idl
[5.141s] -- Up-to-date: C:/Users/SSAFY/Desktop/catkin_ws/install/ssafy_msgs/share/ssafy_msgs/msg/CustomObjectInfo.idl
[5.141s] -- Up-to-date: C:/Users/SSAFY/Desktop/catkin_ws/install/ssafy_msgs/share/ssafy_msgs/msg/Num.msg
[5.141s] -- Up-to-date: C:/Users/SSAFY/Desktop/catkin_ws/install/ssafy_msgs/share/ssafy_msgs/msg/EnviromentStatus.msg
[5.141s] -- Up-to-date: C:/Users/SSAFY/Desktop/catkin_ws/install/ssafy_msgs/share/ssafy_msgs/msg/TurtlebotStatus.msg
[5.141s] -- Up-to-date: C:/Users/SSAFY/Desktop/catkin_ws/install/ssafy_msgs/share/ssafy_msgs/msg/BBox.msg
[5.141s] -- Up-to-date: C:/Users/SSAFY/Desktop/catkin_ws/install/ssafy_msgs/share/ssafy_msgs/msg/ObjectInfo.msg
[5.141s] -- Up-to-date: C:/Users/SSAFY/Desktop/catkin_ws/install/ssafy_msgs/share/ssafy_msgs/msg/HandControl.msg
[5.141s] -- Up-to-date: C:/Users/SSAFY/Desktop/catkin_ws/install/ssafy_msgs/share/ssafy_msgs/msg/CustomObjectInfo.msg
[5.141s] -- Up-to-date: C:/Users/SSAFY/Desktop/catkin_ws/install/ssafy_msgs/share/ament_index/resource_index/package_run_dependencies/ssafy_msgs
[5.141s] -- Up-to-date: C:/Users/SSAFY/Desktop/catkin_ws/install/ssafy_msgs/share/ament_index/resource_index/parent_prefix_path/ssafy_msgs
[5.141s] -- Up-to-date: C:/Users/SSAFY/Desktop/catkin_ws/install/ssafy_msgs/share/ssafy_msgs/environment/ament_prefix_path.bat
[5.141s] -- Up-to-date: C:/Users/SSAFY/Desktop/catkin_ws/install/ssafy_msgs/share/ssafy_msgs/environment/ament_prefix_path.dsv
[5.141s] -- Up-to-date: C:/Users/SSAFY/Desktop/catkin_ws/install/ssafy_msgs/share/ssafy_msgs/environment/path.bat
[5.141s] -- Up-to-date: C:/Users/SSAFY/Desktop/catkin_ws/install/ssafy_msgs/share/ssafy_msgs/environment/path.dsv
[5.141s] -- Up-to-date: C:/Users/SSAFY/Desktop/catkin_ws/install/ssafy_msgs/share/ssafy_msgs/local_setup.bat
[5.141s] -- Up-to-date: C:/Users/SSAFY/Desktop/catkin_ws/install/ssafy_msgs/share/ssafy_msgs/local_setup.dsv
[5.141s] -- Installing: C:/Users/SSAFY/Desktop/catkin_ws/install/ssafy_msgs/share/ssafy_msgs/package.dsv
[5.141s] -- Up-to-date: C:/Users/SSAFY/Desktop/catkin_ws/install/ssafy_msgs/share/ament_index/resource_index/packages/ssafy_msgs
[5.141s] -- Up-to-date: C:/Users/SSAFY/Desktop/catkin_ws/install/ssafy_msgs/share/ssafy_msgs/cmake/rosidl_cmake-extras.cmake
[5.156s] -- Up-to-date: C:/Users/SSAFY/Desktop/catkin_ws/install/ssafy_msgs/share/ssafy_msgs/cmake/ament_cmake_export_dependencies-extras.cmake
[5.156s] -- Up-to-date: C:/Users/SSAFY/Desktop/catkin_ws/install/ssafy_msgs/share/ssafy_msgs/cmake/ament_cmake_export_libraries-extras.cmake
[5.156s] -- Up-to-date: C:/Users/SSAFY/Desktop/catkin_ws/install/ssafy_msgs/share/ssafy_msgs/cmake/ament_cmake_export_include_directories-extras.cmake
[5.156s] -- Up-to-date: C:/Users/SSAFY/Desktop/catkin_ws/install/ssafy_msgs/share/ssafy_msgs/cmake/rosidl_cmake_export_typesupport_libraries-extras.cmake
[5.156s] -- Up-to-date: C:/Users/SSAFY/Desktop/catkin_ws/install/ssafy_msgs/share/ssafy_msgs/cmake/ssafy_msgsConfig.cmake
[5.156s] -- Up-to-date: C:/Users/SSAFY/Desktop/catkin_ws/install/ssafy_msgs/share/ssafy_msgs/cmake/ssafy_msgsConfig-version.cmake
[5.156s] -- Up-to-date: C:/Users/SSAFY/Desktop/catkin_ws/install/ssafy_msgs/share/ssafy_msgs/package.xml
[5.156s] Invoked command in 'C:\Users\SSAFY\Desktop\catkin_ws\build\ssafy_msgs' returned '0': installDir=%installDir%
IntelliJ IDEA=C:\Program Files\JetBrains\IntelliJ IDEA 2024.1.4\bin;
IntelliJ IDEA Community Edition=C:\Program Files\JetBrains\IntelliJ IDEA Community Edition 2024.1.4\bin; C:\Program Files (x86)\Microsoft Visual Studio\2019\BuildTools\Common7\IDE\CommonExtensions\Microsoft\CMake\CMake\bin\cmake.EXE --install C:\Users\SSAFY\Desktop\catkin_ws\build\ssafy_msgs --config Release
