running develop
Removing C:\Users\SSAFY\Desktop\git_clone\S11P21B209\ROS2\install\my_package\Lib\site-packages\my-package.egg-link (link to .)
c:\python37\lib\site-packages\setuptools\dist.py:745: SetuptoolsDeprecationWarning: Invalid dash-separated options
!!

        ********************************************************************************
        Usage of dash-separated 'script-dir' will not be supported in future
        versions. Please use the underscore name 'script_dir' instead.

        This deprecation is overdue, please update your project and remove deprecated
        calls to avoid build errors in the future.

        See https://setuptools.pypa.io/en/latest/userguide/declarative_config.html for details.
        ********************************************************************************

!!
  opt = self.warn_dash_deprecation(opt, section)
c:\python37\lib\site-packages\setuptools\command\develop.py:40: EasyInstallDeprecationWarning: easy_install command is deprecated.
!!

        ********************************************************************************
        Please avoid running ``setup.py`` and ``easy_install``.
        Instead, use pypa/build, pypa/installer or other
        standards-based tools.

        See https://github.com/pypa/setuptools/issues/917 for details.
        ********************************************************************************

!!
  easy_install.initialize_options(self)
running egg_info
writing ..\..\build\my_package\my_package.egg-info\PKG-INFO
writing dependency_links to ..\..\build\my_package\my_package.egg-info\dependency_links.txt
writing entry points to ..\..\build\my_package\my_package.egg-info\entry_points.txt
writing requirements to ..\..\build\my_package\my_package.egg-info\requires.txt
writing top-level names to ..\..\build\my_package\my_package.egg-info\top_level.txt
reading manifest file '..\..\build\my_package\my_package.egg-info\SOURCES.txt'
writing manifest file '..\..\build\my_package\my_package.egg-info\SOURCES.txt'
running build
running build_py
copying my_package\follow_the_carrot.py -> C:\Users\SSAFY\Desktop\git_clone\S11P21B209\ROS2\build\my_package\build\lib\my_package
running install
running install_lib
creating C:\Users\SSAFY\Desktop\git_clone\S11P21B209\ROS2\install\my_package\Lib\site-packages\my_package
copying C:\Users\SSAFY\Desktop\git_clone\S11P21B209\ROS2\build\my_package\build\lib\my_package\a_star.py -> C:\Users\SSAFY\Desktop\git_clone\S11P21B209\ROS2\install\my_package\Lib\site-packages\my_package
copying C:\Users\SSAFY\Desktop\git_clone\S11P21B209\ROS2\build\my_package\build\lib\my_package\a_star_local_path.py -> C:\Users\SSAFY\Desktop\git_clone\S11P21B209\ROS2\install\my_package\Lib\site-packages\my_package
copying C:\Users\SSAFY\Desktop\git_clone\S11P21B209\ROS2\build\my_package\build\lib\my_package\data_socket.py -> C:\Users\SSAFY\Desktop\git_clone\S11P21B209\ROS2\install\my_package\Lib\site-packages\my_package
copying C:\Users\SSAFY\Desktop\git_clone\S11P21B209\ROS2\build\my_package\build\lib\my_package\follow_the_carrot.py -> C:\Users\SSAFY\Desktop\git_clone\S11P21B209\ROS2\install\my_package\Lib\site-packages\my_package
copying C:\Users\SSAFY\Desktop\git_clone\S11P21B209\ROS2\build\my_package\build\lib\my_package\load_map.py -> C:\Users\SSAFY\Desktop\git_clone\S11P21B209\ROS2\install\my_package\Lib\site-packages\my_package
copying C:\Users\SSAFY\Desktop\git_clone\S11P21B209\ROS2\build\my_package\build\lib\my_package\my_node.py -> C:\Users\SSAFY\Desktop\git_clone\S11P21B209\ROS2\install\my_package\Lib\site-packages\my_package
copying C:\Users\SSAFY\Desktop\git_clone\S11P21B209\ROS2\build\my_package\build\lib\my_package\odometry.py -> C:\Users\SSAFY\Desktop\git_clone\S11P21B209\ROS2\install\my_package\Lib\site-packages\my_package
copying C:\Users\SSAFY\Desktop\git_clone\S11P21B209\ROS2\build\my_package\build\lib\my_package\path_publisher.py -> C:\Users\SSAFY\Desktop\git_clone\S11P21B209\ROS2\install\my_package\Lib\site-packages\my_package
copying C:\Users\SSAFY\Desktop\git_clone\S11P21B209\ROS2\build\my_package\build\lib\my_package\publisher_member_function.py -> C:\Users\SSAFY\Desktop\git_clone\S11P21B209\ROS2\install\my_package\Lib\site-packages\my_package
copying C:\Users\SSAFY\Desktop\git_clone\S11P21B209\ROS2\build\my_package\build\lib\my_package\run_localization.py -> C:\Users\SSAFY\Desktop\git_clone\S11P21B209\ROS2\install\my_package\Lib\site-packages\my_package
copying C:\Users\SSAFY\Desktop\git_clone\S11P21B209\ROS2\build\my_package\build\lib\my_package\run_mapping.py -> C:\Users\SSAFY\Desktop\git_clone\S11P21B209\ROS2\install\my_package\Lib\site-packages\my_package
copying C:\Users\SSAFY\Desktop\git_clone\S11P21B209\ROS2\build\my_package\build\lib\my_package\subscriber_member_function.py -> C:\Users\SSAFY\Desktop\git_clone\S11P21B209\ROS2\install\my_package\Lib\site-packages\my_package
copying C:\Users\SSAFY\Desktop\git_clone\S11P21B209\ROS2\build\my_package\build\lib\my_package\utils.py -> C:\Users\SSAFY\Desktop\git_clone\S11P21B209\ROS2\install\my_package\Lib\site-packages\my_package
copying C:\Users\SSAFY\Desktop\git_clone\S11P21B209\ROS2\build\my_package\build\lib\my_package\__init__.py -> C:\Users\SSAFY\Desktop\git_clone\S11P21B209\ROS2\install\my_package\Lib\site-packages\my_package
byte-compiling C:\Users\SSAFY\Desktop\git_clone\S11P21B209\ROS2\install\my_package\Lib\site-packages\my_package\a_star.py to a_star.cpython-37.pyc
byte-compiling C:\Users\SSAFY\Desktop\git_clone\S11P21B209\ROS2\install\my_package\Lib\site-packages\my_package\a_star_local_path.py to a_star_local_path.cpython-37.pyc
byte-compiling C:\Users\SSAFY\Desktop\git_clone\S11P21B209\ROS2\install\my_package\Lib\site-packages\my_package\data_socket.py to data_socket.cpython-37.pyc
byte-compiling C:\Users\SSAFY\Desktop\git_clone\S11P21B209\ROS2\install\my_package\Lib\site-packages\my_package\follow_the_carrot.py to follow_the_carrot.cpython-37.pyc
byte-compiling C:\Users\SSAFY\Desktop\git_clone\S11P21B209\ROS2\install\my_package\Lib\site-packages\my_package\load_map.py to load_map.cpython-37.pyc
byte-compiling C:\Users\SSAFY\Desktop\git_clone\S11P21B209\ROS2\install\my_package\Lib\site-packages\my_package\my_node.py to my_node.cpython-37.pyc
byte-compiling C:\Users\SSAFY\Desktop\git_clone\S11P21B209\ROS2\install\my_package\Lib\site-packages\my_package\odometry.py to odometry.cpython-37.pyc
byte-compiling C:\Users\SSAFY\Desktop\git_clone\S11P21B209\ROS2\install\my_package\Lib\site-packages\my_package\path_publisher.py to path_publisher.cpython-37.pyc
byte-compiling C:\Users\SSAFY\Desktop\git_clone\S11P21B209\ROS2\install\my_package\Lib\site-packages\my_package\publisher_member_function.py to publisher_member_function.cpython-37.pyc
byte-compiling C:\Users\SSAFY\Desktop\git_clone\S11P21B209\ROS2\install\my_package\Lib\site-packages\my_package\run_localization.py to run_localization.cpython-37.pyc
byte-compiling C:\Users\SSAFY\Desktop\git_clone\S11P21B209\ROS2\install\my_package\Lib\site-packages\my_package\run_mapping.py to run_mapping.cpython-37.pyc
byte-compiling C:\Users\SSAFY\Desktop\git_clone\S11P21B209\ROS2\install\my_package\Lib\site-packages\my_package\subscriber_member_function.py to subscriber_member_function.cpython-37.pyc
byte-compiling C:\Users\SSAFY\Desktop\git_clone\S11P21B209\ROS2\install\my_package\Lib\site-packages\my_package\utils.py to utils.cpython-37.pyc
byte-compiling C:\Users\SSAFY\Desktop\git_clone\S11P21B209\ROS2\install\my_package\Lib\site-packages\my_package\__init__.py to __init__.cpython-37.pyc
running install_data
copying resource\my_package -> C:\Users\SSAFY\Desktop\git_clone\S11P21B209\ROS2\install\my_package\share\ament_index\resource_index\packages
copying package.xml -> C:\Users\SSAFY\Desktop\git_clone\S11P21B209\ROS2\install\my_package\share\my_package
running install_egg_info
Copying ..\..\build\my_package\my_package.egg-info to C:\Users\SSAFY\Desktop\git_clone\S11P21B209\ROS2\install\my_package\Lib\site-packages\my_package-0.0.0-py3.7.egg-info
running install_scripts
Installing a_star_global-script.py script to C:\Users\SSAFY\Desktop\git_clone\S11P21B209\ROS2\install\my_package\lib\my_package
Installing a_star_global.exe script to C:\Users\SSAFY\Desktop\git_clone\S11P21B209\ROS2\install\my_package\lib\my_package
Installing a_star_local-script.py script to C:\Users\SSAFY\Desktop\git_clone\S11P21B209\ROS2\install\my_package\lib\my_package
Installing a_star_local.exe script to C:\Users\SSAFY\Desktop\git_clone\S11P21B209\ROS2\install\my_package\lib\my_package
Installing ftc-script.py script to C:\Users\SSAFY\Desktop\git_clone\S11P21B209\ROS2\install\my_package\lib\my_package
Installing ftc.exe script to C:\Users\SSAFY\Desktop\git_clone\S11P21B209\ROS2\install\my_package\lib\my_package
Installing listner-script.py script to C:\Users\SSAFY\Desktop\git_clone\S11P21B209\ROS2\install\my_package\lib\my_package
Installing listner.exe script to C:\Users\SSAFY\Desktop\git_clone\S11P21B209\ROS2\install\my_package\lib\my_package
Installing load_map-script.py script to C:\Users\SSAFY\Desktop\git_clone\S11P21B209\ROS2\install\my_package\lib\my_package
Installing load_map.exe script to C:\Users\SSAFY\Desktop\git_clone\S11P21B209\ROS2\install\my_package\lib\my_package
Installing mapping-script.py script to C:\Users\SSAFY\Desktop\git_clone\S11P21B209\ROS2\install\my_package\lib\my_package
Installing mapping.exe script to C:\Users\SSAFY\Desktop\git_clone\S11P21B209\ROS2\install\my_package\lib\my_package
Installing my_node-script.py script to C:\Users\SSAFY\Desktop\git_clone\S11P21B209\ROS2\install\my_package\lib\my_package
Installing my_node.exe script to C:\Users\SSAFY\Desktop\git_clone\S11P21B209\ROS2\install\my_package\lib\my_package
Installing odom-script.py script to C:\Users\SSAFY\Desktop\git_clone\S11P21B209\ROS2\install\my_package\lib\my_package
Installing odom.exe script to C:\Users\SSAFY\Desktop\git_clone\S11P21B209\ROS2\install\my_package\lib\my_package
Installing talker-script.py script to C:\Users\SSAFY\Desktop\git_clone\S11P21B209\ROS2\install\my_package\lib\my_package
Installing talker.exe script to C:\Users\SSAFY\Desktop\git_clone\S11P21B209\ROS2\install\my_package\lib\my_package
writing list of installed files to 'C:\Users\SSAFY\Desktop\git_clone\S11P21B209\ROS2\build\my_package\install.log'
c:\python37\lib\site-packages\setuptools\dist.py:745: SetuptoolsDeprecationWarning: Invalid dash-separated options
!!

        ********************************************************************************
        Usage of dash-separated 'script-dir' will not be supported in future
        versions. Please use the underscore name 'script_dir' instead.

        This deprecation is overdue, please update your project and remove deprecated
        calls to avoid build errors in the future.

        See https://setuptools.pypa.io/en/latest/userguide/declarative_config.html for details.
        ********************************************************************************

!!
  opt = self.warn_dash_deprecation(opt, section)
