[1.141s] Invoking command in 'C:\Users\SSAFY\Desktop\git_clone\S11P21B209\ROS2\build\my_package': PYTHONPATH=C:\Users\SSAFY\Desktop\git_clone\S11P21B209\ROS2\build\my_package\prefix_override;c:\python37\lib\site-packages\colcon_core\task\python\colcon_distutils_commands;C:\Users\SSAFY\Desktop\git_clone\S11P21B209\ROS2\install\my_package\Lib\site-packages;%PYTHONPATH% installDir=%installDir%
IntelliJ IDEA Community Edition=C:\Program Files\JetBrains\IntelliJ IDEA Community Edition 2024.2\bin; c:\python37\python.exe -W ignore:setup.py install is deprecated setup.py develop --uninstall --editable --build-directory C:\Users\SSAFY\Desktop\git_clone\S11P21B209\ROS2\build\my_package\build
[1.469s] running develop
[1.625s] Removing C:\Users\SSAFY\Desktop\git_clone\S11P21B209\ROS2\install\my_package\Lib\site-packages\my-package.egg-link (link to .)
[1.625s] c:\python37\lib\site-packages\setuptools\dist.py:745: SetuptoolsDeprecationWarning: Invalid dash-separated options
[1.625s] !!
[1.625s] 
[1.625s]         ********************************************************************************
[1.625s]         Usage of dash-separated 'script-dir' will not be supported in future
[1.625s]         versions. Please use the underscore name 'script_dir' instead.
[1.625s] 
[1.625s]         This deprecation is overdue, please update your project and remove deprecated
[1.625s]         calls to avoid build errors in the future.
[1.625s] 
[1.625s]         See https://setuptools.pypa.io/en/latest/userguide/declarative_config.html for details.
[1.625s]         ********************************************************************************
[1.625s] 
[1.625s] !!
[1.625s]   opt = self.warn_dash_deprecation(opt, section)
[1.625s] c:\python37\lib\site-packages\setuptools\command\develop.py:40: EasyInstallDeprecationWarning: easy_install command is deprecated.
[1.625s] !!
[1.625s] 
[1.625s]         ********************************************************************************
[1.625s]         Please avoid running ``setup.py`` and ``easy_install``.
[1.625s]         Instead, use pypa/build, pypa/installer or other
[1.625s]         standards-based tools.
[1.625s] 
[1.625s]         See https://github.com/pypa/setuptools/issues/917 for details.
[1.625s]         ********************************************************************************
[1.625s] 
[1.625s] !!
[1.625s]   easy_install.initialize_options(self)
[1.641s] Invoked command in 'C:\Users\SSAFY\Desktop\git_clone\S11P21B209\ROS2\build\my_package' returned '0': PYTHONPATH=C:\Users\SSAFY\Desktop\git_clone\S11P21B209\ROS2\build\my_package\prefix_override;c:\python37\lib\site-packages\colcon_core\task\python\colcon_distutils_commands;C:\Users\SSAFY\Desktop\git_clone\S11P21B209\ROS2\install\my_package\Lib\site-packages;%PYTHONPATH% installDir=%installDir%
IntelliJ IDEA Community Edition=C:\Program Files\JetBrains\IntelliJ IDEA Community Edition 2024.2\bin; c:\python37\python.exe -W ignore:setup.py install is deprecated setup.py develop --uninstall --editable --build-directory C:\Users\SSAFY\Desktop\git_clone\S11P21B209\ROS2\build\my_package\build
[1.641s] Invoking command in 'C:\Users\SSAFY\Desktop\git_clone\S11P21B209\ROS2\src\my_package': PYTHONPATH=C:\Users\SSAFY\Desktop\git_clone\S11P21B209\ROS2\build\my_package\prefix_override;c:\python37\lib\site-packages\colcon_core\task\python\colcon_distutils_commands;C:\Users\SSAFY\Desktop\git_clone\S11P21B209\ROS2\install\my_package\Lib\site-packages;%PYTHONPATH% installDir=%installDir%
IntelliJ IDEA Community Edition=C:\Program Files\JetBrains\IntelliJ IDEA Community Edition 2024.2\bin; c:\python37\python.exe -W ignore:setup.py install is deprecated setup.py egg_info --egg-base ..\..\build\my_package build --build-base C:\Users\SSAFY\Desktop\git_clone\S11P21B209\ROS2\build\my_package\build install --record C:\Users\SSAFY\Desktop\git_clone\S11P21B209\ROS2\build\my_package\install.log --install-scripts $base/lib/my_package --single-version-externally-managed install_data --force
[1.891s] running egg_info
[1.907s] writing ..\..\build\my_package\my_package.egg-info\PKG-INFO
[1.907s] writing dependency_links to ..\..\build\my_package\my_package.egg-info\dependency_links.txt
[1.907s] writing entry points to ..\..\build\my_package\my_package.egg-info\entry_points.txt
[1.907s] writing requirements to ..\..\build\my_package\my_package.egg-info\requires.txt
[1.907s] writing top-level names to ..\..\build\my_package\my_package.egg-info\top_level.txt
[1.938s] reading manifest file '..\..\build\my_package\my_package.egg-info\SOURCES.txt'
[1.938s] writing manifest file '..\..\build\my_package\my_package.egg-info\SOURCES.txt'
[1.938s] running build
[1.938s] running build_py
[1.938s] copying my_package\follow_the_carrot.py -> C:\Users\SSAFY\Desktop\git_clone\S11P21B209\ROS2\build\my_package\build\lib\my_package
[1.954s] running install
[1.954s] running install_lib
[1.969s] creating C:\Users\SSAFY\Desktop\git_clone\S11P21B209\ROS2\install\my_package\Lib\site-packages\my_package
[1.969s] copying C:\Users\SSAFY\Desktop\git_clone\S11P21B209\ROS2\build\my_package\build\lib\my_package\a_star.py -> C:\Users\SSAFY\Desktop\git_clone\S11P21B209\ROS2\install\my_package\Lib\site-packages\my_package
[1.969s] copying C:\Users\SSAFY\Desktop\git_clone\S11P21B209\ROS2\build\my_package\build\lib\my_package\a_star_local_path.py -> C:\Users\SSAFY\Desktop\git_clone\S11P21B209\ROS2\install\my_package\Lib\site-packages\my_package
[1.969s] copying C:\Users\SSAFY\Desktop\git_clone\S11P21B209\ROS2\build\my_package\build\lib\my_package\data_socket.py -> C:\Users\SSAFY\Desktop\git_clone\S11P21B209\ROS2\install\my_package\Lib\site-packages\my_package
[1.969s] copying C:\Users\SSAFY\Desktop\git_clone\S11P21B209\ROS2\build\my_package\build\lib\my_package\follow_the_carrot.py -> C:\Users\SSAFY\Desktop\git_clone\S11P21B209\ROS2\install\my_package\Lib\site-packages\my_package
[1.969s] copying C:\Users\SSAFY\Desktop\git_clone\S11P21B209\ROS2\build\my_package\build\lib\my_package\load_map.py -> C:\Users\SSAFY\Desktop\git_clone\S11P21B209\ROS2\install\my_package\Lib\site-packages\my_package
[1.969s] copying C:\Users\SSAFY\Desktop\git_clone\S11P21B209\ROS2\build\my_package\build\lib\my_package\my_node.py -> C:\Users\SSAFY\Desktop\git_clone\S11P21B209\ROS2\install\my_package\Lib\site-packages\my_package
[1.969s] copying C:\Users\SSAFY\Desktop\git_clone\S11P21B209\ROS2\build\my_package\build\lib\my_package\odometry.py -> C:\Users\SSAFY\Desktop\git_clone\S11P21B209\ROS2\install\my_package\Lib\site-packages\my_package
[1.969s] copying C:\Users\SSAFY\Desktop\git_clone\S11P21B209\ROS2\build\my_package\build\lib\my_package\path_publisher.py -> C:\Users\SSAFY\Desktop\git_clone\S11P21B209\ROS2\install\my_package\Lib\site-packages\my_package
[1.969s] copying C:\Users\SSAFY\Desktop\git_clone\S11P21B209\ROS2\build\my_package\build\lib\my_package\publisher_member_function.py -> C:\Users\SSAFY\Desktop\git_clone\S11P21B209\ROS2\install\my_package\Lib\site-packages\my_package
[1.969s] copying C:\Users\SSAFY\Desktop\git_clone\S11P21B209\ROS2\build\my_package\build\lib\my_package\run_localization.py -> C:\Users\SSAFY\Desktop\git_clone\S11P21B209\ROS2\install\my_package\Lib\site-packages\my_package
[1.985s] copying C:\Users\SSAFY\Desktop\git_clone\S11P21B209\ROS2\build\my_package\build\lib\my_package\run_mapping.py -> C:\Users\SSAFY\Desktop\git_clone\S11P21B209\ROS2\install\my_package\Lib\site-packages\my_package
[1.985s] copying C:\Users\SSAFY\Desktop\git_clone\S11P21B209\ROS2\build\my_package\build\lib\my_package\subscriber_member_function.py -> C:\Users\SSAFY\Desktop\git_clone\S11P21B209\ROS2\install\my_package\Lib\site-packages\my_package
[1.985s] copying C:\Users\SSAFY\Desktop\git_clone\S11P21B209\ROS2\build\my_package\build\lib\my_package\utils.py -> C:\Users\SSAFY\Desktop\git_clone\S11P21B209\ROS2\install\my_package\Lib\site-packages\my_package
[1.985s] copying C:\Users\SSAFY\Desktop\git_clone\S11P21B209\ROS2\build\my_package\build\lib\my_package\__init__.py -> C:\Users\SSAFY\Desktop\git_clone\S11P21B209\ROS2\install\my_package\Lib\site-packages\my_package
[1.985s] byte-compiling C:\Users\SSAFY\Desktop\git_clone\S11P21B209\ROS2\install\my_package\Lib\site-packages\my_package\a_star.py to a_star.cpython-37.pyc
[1.985s] byte-compiling C:\Users\SSAFY\Desktop\git_clone\S11P21B209\ROS2\install\my_package\Lib\site-packages\my_package\a_star_local_path.py to a_star_local_path.cpython-37.pyc
[1.985s] byte-compiling C:\Users\SSAFY\Desktop\git_clone\S11P21B209\ROS2\install\my_package\Lib\site-packages\my_package\data_socket.py to data_socket.cpython-37.pyc
[2.000s] byte-compiling C:\Users\SSAFY\Desktop\git_clone\S11P21B209\ROS2\install\my_package\Lib\site-packages\my_package\follow_the_carrot.py to follow_the_carrot.cpython-37.pyc
[2.000s] byte-compiling C:\Users\SSAFY\Desktop\git_clone\S11P21B209\ROS2\install\my_package\Lib\site-packages\my_package\load_map.py to load_map.cpython-37.pyc
[2.000s] byte-compiling C:\Users\SSAFY\Desktop\git_clone\S11P21B209\ROS2\install\my_package\Lib\site-packages\my_package\my_node.py to my_node.cpython-37.pyc
[2.000s] byte-compiling C:\Users\SSAFY\Desktop\git_clone\S11P21B209\ROS2\install\my_package\Lib\site-packages\my_package\odometry.py to odometry.cpython-37.pyc
[2.000s] byte-compiling C:\Users\SSAFY\Desktop\git_clone\S11P21B209\ROS2\install\my_package\Lib\site-packages\my_package\path_publisher.py to path_publisher.cpython-37.pyc
[2.000s] byte-compiling C:\Users\SSAFY\Desktop\git_clone\S11P21B209\ROS2\install\my_package\Lib\site-packages\my_package\publisher_member_function.py to publisher_member_function.cpython-37.pyc
[2.000s] byte-compiling C:\Users\SSAFY\Desktop\git_clone\S11P21B209\ROS2\install\my_package\Lib\site-packages\my_package\run_localization.py to run_localization.cpython-37.pyc
[2.016s] byte-compiling C:\Users\SSAFY\Desktop\git_clone\S11P21B209\ROS2\install\my_package\Lib\site-packages\my_package\run_mapping.py to run_mapping.cpython-37.pyc
[2.016s] byte-compiling C:\Users\SSAFY\Desktop\git_clone\S11P21B209\ROS2\install\my_package\Lib\site-packages\my_package\subscriber_member_function.py to subscriber_member_function.cpython-37.pyc
[2.016s] byte-compiling C:\Users\SSAFY\Desktop\git_clone\S11P21B209\ROS2\install\my_package\Lib\site-packages\my_package\utils.py to utils.cpython-37.pyc
[2.016s] byte-compiling C:\Users\SSAFY\Desktop\git_clone\S11P21B209\ROS2\install\my_package\Lib\site-packages\my_package\__init__.py to __init__.cpython-37.pyc
[2.016s] running install_data
[2.016s] copying resource\my_package -> C:\Users\SSAFY\Desktop\git_clone\S11P21B209\ROS2\install\my_package\share\ament_index\resource_index\packages
[2.016s] copying package.xml -> C:\Users\SSAFY\Desktop\git_clone\S11P21B209\ROS2\install\my_package\share\my_package
[2.016s] running install_egg_info
[2.032s] Copying ..\..\build\my_package\my_package.egg-info to C:\Users\SSAFY\Desktop\git_clone\S11P21B209\ROS2\install\my_package\Lib\site-packages\my_package-0.0.0-py3.7.egg-info
[2.047s] running install_scripts
[2.188s] Installing a_star_global-script.py script to C:\Users\SSAFY\Desktop\git_clone\S11P21B209\ROS2\install\my_package\lib\my_package
[2.188s] Installing a_star_global.exe script to C:\Users\SSAFY\Desktop\git_clone\S11P21B209\ROS2\install\my_package\lib\my_package
[2.188s] Installing a_star_local-script.py script to C:\Users\SSAFY\Desktop\git_clone\S11P21B209\ROS2\install\my_package\lib\my_package
[2.188s] Installing a_star_local.exe script to C:\Users\SSAFY\Desktop\git_clone\S11P21B209\ROS2\install\my_package\lib\my_package
[2.188s] Installing ftc-script.py script to C:\Users\SSAFY\Desktop\git_clone\S11P21B209\ROS2\install\my_package\lib\my_package
[2.188s] Installing ftc.exe script to C:\Users\SSAFY\Desktop\git_clone\S11P21B209\ROS2\install\my_package\lib\my_package
[2.188s] Installing listner-script.py script to C:\Users\SSAFY\Desktop\git_clone\S11P21B209\ROS2\install\my_package\lib\my_package
[2.188s] Installing listner.exe script to C:\Users\SSAFY\Desktop\git_clone\S11P21B209\ROS2\install\my_package\lib\my_package
[2.188s] Installing load_map-script.py script to C:\Users\SSAFY\Desktop\git_clone\S11P21B209\ROS2\install\my_package\lib\my_package
[2.188s] Installing load_map.exe script to C:\Users\SSAFY\Desktop\git_clone\S11P21B209\ROS2\install\my_package\lib\my_package
[2.188s] Installing mapping-script.py script to C:\Users\SSAFY\Desktop\git_clone\S11P21B209\ROS2\install\my_package\lib\my_package
[2.188s] Installing mapping.exe script to C:\Users\SSAFY\Desktop\git_clone\S11P21B209\ROS2\install\my_package\lib\my_package
[2.188s] Installing my_node-script.py script to C:\Users\SSAFY\Desktop\git_clone\S11P21B209\ROS2\install\my_package\lib\my_package
[2.188s] Installing my_node.exe script to C:\Users\SSAFY\Desktop\git_clone\S11P21B209\ROS2\install\my_package\lib\my_package
[2.188s] Installing odom-script.py script to C:\Users\SSAFY\Desktop\git_clone\S11P21B209\ROS2\install\my_package\lib\my_package
[2.188s] Installing odom.exe script to C:\Users\SSAFY\Desktop\git_clone\S11P21B209\ROS2\install\my_package\lib\my_package
[2.188s] Installing talker-script.py script to C:\Users\SSAFY\Desktop\git_clone\S11P21B209\ROS2\install\my_package\lib\my_package
[2.188s] Installing talker.exe script to C:\Users\SSAFY\Desktop\git_clone\S11P21B209\ROS2\install\my_package\lib\my_package
[2.188s] writing list of installed files to 'C:\Users\SSAFY\Desktop\git_clone\S11P21B209\ROS2\build\my_package\install.log'
[2.188s] c:\python37\lib\site-packages\setuptools\dist.py:745: SetuptoolsDeprecationWarning: Invalid dash-separated options
[2.188s] !!
[2.188s] 
[2.188s]         ********************************************************************************
[2.188s]         Usage of dash-separated 'script-dir' will not be supported in future
[2.188s]         versions. Please use the underscore name 'script_dir' instead.
[2.188s] 
[2.188s]         This deprecation is overdue, please update your project and remove deprecated
[2.188s]         calls to avoid build errors in the future.
[2.188s] 
[2.188s]         See https://setuptools.pypa.io/en/latest/userguide/declarative_config.html for details.
[2.188s]         ********************************************************************************
[2.188s] 
[2.188s] !!
[2.188s]   opt = self.warn_dash_deprecation(opt, section)
[2.204s] Invoked command in 'C:\Users\SSAFY\Desktop\git_clone\S11P21B209\ROS2\src\my_package' returned '0': PYTHONPATH=C:\Users\SSAFY\Desktop\git_clone\S11P21B209\ROS2\build\my_package\prefix_override;c:\python37\lib\site-packages\colcon_core\task\python\colcon_distutils_commands;C:\Users\SSAFY\Desktop\git_clone\S11P21B209\ROS2\install\my_package\Lib\site-packages;%PYTHONPATH% installDir=%installDir%
IntelliJ IDEA Community Edition=C:\Program Files\JetBrains\IntelliJ IDEA Community Edition 2024.2\bin; c:\python37\python.exe -W ignore:setup.py install is deprecated setup.py egg_info --egg-base ..\..\build\my_package build --build-base C:\Users\SSAFY\Desktop\git_clone\S11P21B209\ROS2\build\my_package\build install --record C:\Users\SSAFY\Desktop\git_clone\S11P21B209\ROS2\build\my_package\install.log --install-scripts $base/lib/my_package --single-version-externally-managed install_data --force
