CMake Error: The current CMakeCache.txt directory C:/Users/SSAFY/Desktop/git_clone/S11P21B209/ROS2/build/ssafy_msgs/CMakeCache.txt is different than the directory c:/Users/SSAFY/Desktop/catkin_ws/build/ssafy_msgs where CMakeCache.txt was created. This may result in binaries being created in the wrong place. If you are not sure, reedit the CMakeCache.txt
.NET Framework용 Microsoft (R) Build Engine 버전 16.11.2+f32259642
Copyright (C) Microsoft Corporation. All rights reserved.

  Checking Build System
  Building Custom Rule C:/Users/SSAFY/Desktop/catkin_ws/src/ssafy_msgs/CMakeLists.txt
  Building Custom Rule C:/Users/SSAFY/Desktop/catkin_ws/src/ssafy_msgs/CMakeLists.txt
  ssafy_msgs__rosidl_generator_c.vcxproj -> C:\Users\SSAFY\Desktop\catkin_ws\build\ssafy_msgs\Release\ssafy_msgs__rosidl_generator_c.dll
  Building Custom Rule C:/Users/SSAFY/Desktop/catkin_ws/src/ssafy_msgs/CMakeLists.txt
  ssafy_msgs__rosidl_typesupport_c.vcxproj -> C:\Users\SSAFY\Desktop\catkin_ws\build\ssafy_msgs\Release\ssafy_msgs__rosidl_typesupport_c.dll
  Building Custom Rule C:/Users/SSAFY/Desktop/catkin_ws/src/ssafy_msgs/CMakeLists.txt
  Building Custom Rule C:/Users/SSAFY/Desktop/catkin_ws/src/ssafy_msgs/CMakeLists.txt
  ssafy_msgs__rosidl_typesupport_connext_cpp.vcxproj -> C:\Users\SSAFY\Desktop\catkin_ws\build\ssafy_msgs\Release\ssafy_msgs__rosidl_typesupport_connext_cpp.dll
  Building Custom Rule C:/Users/SSAFY/Desktop/catkin_ws/src/ssafy_msgs/CMakeLists.txt
  ssafy_msgs__rosidl_typesupport_connext_c.vcxproj -> C:\Users\SSAFY\Desktop\catkin_ws\build\ssafy_msgs\Release\ssafy_msgs__rosidl_typesupport_connext_c.dll
  Building Custom Rule C:/Users/SSAFY/Desktop/catkin_ws/src/ssafy_msgs/CMakeLists.txt
  ssafy_msgs__rosidl_typesupport_cpp.vcxproj -> C:\Users\SSAFY\Desktop\catkin_ws\build\ssafy_msgs\Release\ssafy_msgs__rosidl_typesupport_cpp.dll
  Building Custom Rule C:/Users/SSAFY/Desktop/catkin_ws/src/ssafy_msgs/CMakeLists.txt
  ssafy_msgs__rosidl_typesupport_fastrtps_cpp.vcxproj -> C:\Users\SSAFY\Desktop\catkin_ws\build\ssafy_msgs\Release\ssafy_msgs__rosidl_typesupport_fastrtps_cpp.dll
  Building Custom Rule C:/Users/SSAFY/Desktop/catkin_ws/src/ssafy_msgs/CMakeLists.txt
  ssafy_msgs__rosidl_typesupport_fastrtps_c.vcxproj -> C:\Users\SSAFY\Desktop\catkin_ws\build\ssafy_msgs\Release\ssafy_msgs__rosidl_typesupport_fastrtps_c.dll
  Building Custom Rule C:/Users/SSAFY/Desktop/catkin_ws/src/ssafy_msgs/CMakeLists.txt
  ssafy_msgs__rosidl_typesupport_introspection_c.vcxproj -> C:\Users\SSAFY\Desktop\catkin_ws\build\ssafy_msgs\Release\ssafy_msgs__rosidl_typesupport_introspection_c.dll
  Building Custom Rule C:/Users/SSAFY/Desktop/catkin_ws/src/ssafy_msgs/CMakeLists.txt
  ssafy_msgs__rosidl_typesupport_introspection_cpp.vcxproj -> C:\Users\SSAFY\Desktop\catkin_ws\build\ssafy_msgs\Release\ssafy_msgs__rosidl_typesupport_introspection_cpp.dll
  Building Custom Rule C:/Users/SSAFY/Desktop/catkin_ws/src/ssafy_msgs/CMakeLists.txt
  Building Custom Rule C:/Users/SSAFY/Desktop/catkin_ws/src/ssafy_msgs/CMakeLists.txt
  ssafy_msgs__rosidl_typesupport_opensplice_cpp.vcxproj -> C:\Users\SSAFY\Desktop\catkin_ws\build\ssafy_msgs\Release\ssafy_msgs__rosidl_typesupport_opensplice_cpp.dll
  Building Custom Rule C:/Users/SSAFY/Desktop/catkin_ws/src/ssafy_msgs/CMakeLists.txt
  ssafy_msgs__rosidl_typesupport_opensplice_c.vcxproj -> C:\Users\SSAFY\Desktop\catkin_ws\build\ssafy_msgs\Release\ssafy_msgs__rosidl_typesupport_opensplice_c.dll
  Building Custom Rule C:/Users/SSAFY/Desktop/catkin_ws/src/ssafy_msgs/CMakeLists.txt
  Building Custom Rule C:/Users/SSAFY/Desktop/catkin_ws/src/ssafy_msgs/CMakeLists.txt
  ssafy_msgs__python.vcxproj -> C:\Users\SSAFY\Desktop\catkin_ws\build\ssafy_msgs\rosidl_generator_py\ssafy_msgs\ssafy_msgs__python.dll
  Building Custom Rule C:/Users/SSAFY/Desktop/catkin_ws/src/ssafy_msgs/CMakeLists.txt
  ssafy_msgs__rosidl_typesupport_c__pyext.vcxproj -> C:\Users\SSAFY\Desktop\catkin_ws\build\ssafy_msgs\rosidl_generator_py\ssafy_msgs\ssafy_msgs_s__rosidl_typesupport_c.pyd
  Building Custom Rule C:/Users/SSAFY/Desktop/catkin_ws/src/ssafy_msgs/CMakeLists.txt
  ssafy_msgs__rosidl_typesupport_connext_c__pyext.vcxproj -> C:\Users\SSAFY\Desktop\catkin_ws\build\ssafy_msgs\rosidl_generator_py\ssafy_msgs\ssafy_msgs_s__rosidl_typesupport_connext_c.pyd
  Building Custom Rule C:/Users/SSAFY/Desktop/catkin_ws/src/ssafy_msgs/CMakeLists.txt
  ssafy_msgs__rosidl_typesupport_fastrtps_c__pyext.vcxproj -> C:\Users\SSAFY\Desktop\catkin_ws\build\ssafy_msgs\rosidl_generator_py\ssafy_msgs\ssafy_msgs_s__rosidl_typesupport_fastrtps_c.pyd
  Building Custom Rule C:/Users/SSAFY/Desktop/catkin_ws/src/ssafy_msgs/CMakeLists.txt
  ssafy_msgs__rosidl_typesupport_introspection_c__pyext.vcxproj -> C:\Users\SSAFY\Desktop\catkin_ws\build\ssafy_msgs\rosidl_generator_py\ssafy_msgs\ssafy_msgs_s__rosidl_typesupport_introspection_c.pyd
  Building Custom Rule C:/Users/SSAFY/Desktop/catkin_ws/src/ssafy_msgs/CMakeLists.txt
  ssafy_msgs__rosidl_typesupport_opensplice_c__pyext.vcxproj -> C:\Users\SSAFY\Desktop\catkin_ws\build\ssafy_msgs\rosidl_generator_py\ssafy_msgs\ssafy_msgs_s__rosidl_typesupport_opensplice_c.pyd
C:\Program Files (x86)\Microsoft Visual Studio\2019\BuildTools\MSBuild\Microsoft\VC\v160\Microsoft.Cpp.WindowsSDK.targets(46,5): error MSB8036: Windows SDK 버전 10.0.22621.0을(를) 찾을 수 없습니다. 필요한 버전의 Windows SDK를 설치하거나, 솔루션을 마우스 오른쪽 단추로 클릭하고 [솔루션 대상 변경]을 선택하거나 프로젝트 속성 페이지에서 SDK 버전을 변경하세요. [C:\Users\SSAFY\Desktop\git_clone\S11P21B209\ROS2\build\ssafy_msgs\ALL_BUILD.vcxproj]
