[1.532s] Invoking command in 'C:\Users\SSAFY\Desktop\Second_Project\Project\S11P21B209\ROS2\src\my_package': PYTHONPATH=C:\Users\SSAFY\Desktop\Second_Project\Project\S11P21B209\ROS2\build\my_package\prefix_override;c:\python37\lib\site-packages\colcon_core\task\python\colcon_distutils_commands;C:\Users\SSAFY\Desktop\Second_Project\Project\S11P21B209\ROS2\install\my_package\Lib\site-packages;%PYTHONPATH% installDir=%installDir%
IntelliJ IDEA=C:\Program Files\JetBrains\IntelliJ IDEA 2024.1.4\bin;
IntelliJ IDEA Community Edition=C:\Program Files\JetBrains\IntelliJ IDEA Community Edition 2024.1.4\bin; c:\python37\python.exe -W ignore:setup.py install is deprecated setup.py egg_info --egg-base ..\..\build\my_package build --build-base C:\Users\SSAFY\Desktop\Second_Project\Project\S11P21B209\ROS2\build\my_package\build install --record C:\Users\SSAFY\Desktop\Second_Project\Project\S11P21B209\ROS2\build\my_package\install.log --install-scripts $base/lib/my_package --single-version-externally-managed install_data
[1.829s] running egg_info
[1.829s] writing ..\..\build\my_package\my_package.egg-info\PKG-INFO
[1.829s] writing dependency_links to ..\..\build\my_package\my_package.egg-info\dependency_links.txt
[1.829s] writing entry points to ..\..\build\my_package\my_package.egg-info\entry_points.txt
[1.829s] writing requirements to ..\..\build\my_package\my_package.egg-info\requires.txt
[1.829s] writing top-level names to ..\..\build\my_package\my_package.egg-info\top_level.txt
[1.844s] reading manifest file '..\..\build\my_package\my_package.egg-info\SOURCES.txt'
[1.860s] writing manifest file '..\..\build\my_package\my_package.egg-info\SOURCES.txt'
[1.860s] running build
[1.860s] running build_py
[1.860s] copying my_package\a_star.py -> C:\Users\SSAFY\Desktop\Second_Project\Project\S11P21B209\ROS2\build\my_package\build\lib\my_package
[1.860s] copying my_package\a_star_local_path.py -> C:\Users\SSAFY\Desktop\Second_Project\Project\S11P21B209\ROS2\build\my_package\build\lib\my_package
[1.860s] copying my_package\data_socket.py -> C:\Users\SSAFY\Desktop\Second_Project\Project\S11P21B209\ROS2\build\my_package\build\lib\my_package
[1.860s] copying my_package\follow_the_carrot.py -> C:\Users\SSAFY\Desktop\Second_Project\Project\S11P21B209\ROS2\build\my_package\build\lib\my_package
[1.860s] copying my_package\load_map.py -> C:\Users\SSAFY\Desktop\Second_Project\Project\S11P21B209\ROS2\build\my_package\build\lib\my_package
[1.860s] copying my_package\path_publisher.py -> C:\Users\SSAFY\Desktop\Second_Project\Project\S11P21B209\ROS2\build\my_package\build\lib\my_package
[1.860s] copying my_package\qos.py -> C:\Users\SSAFY\Desktop\Second_Project\Project\S11P21B209\ROS2\build\my_package\build\lib\my_package
[1.860s] copying my_package\run_localization.py -> C:\Users\SSAFY\Desktop\Second_Project\Project\S11P21B209\ROS2\build\my_package\build\lib\my_package
[1.860s] copying my_package\run_mapping.py -> C:\Users\SSAFY\Desktop\Second_Project\Project\S11P21B209\ROS2\build\my_package\build\lib\my_package
[1.860s] running install
[1.860s] running install_lib
[1.860s] copying C:\Users\SSAFY\Desktop\Second_Project\Project\S11P21B209\ROS2\build\my_package\build\lib\my_package\a_star.py -> C:\Users\SSAFY\Desktop\Second_Project\Project\S11P21B209\ROS2\install\my_package\Lib\site-packages\my_package
[1.875s] copying C:\Users\SSAFY\Desktop\Second_Project\Project\S11P21B209\ROS2\build\my_package\build\lib\my_package\a_star_local_path.py -> C:\Users\SSAFY\Desktop\Second_Project\Project\S11P21B209\ROS2\install\my_package\Lib\site-packages\my_package
[1.875s] copying C:\Users\SSAFY\Desktop\Second_Project\Project\S11P21B209\ROS2\build\my_package\build\lib\my_package\data_socket.py -> C:\Users\SSAFY\Desktop\Second_Project\Project\S11P21B209\ROS2\install\my_package\Lib\site-packages\my_package
[1.875s] copying C:\Users\SSAFY\Desktop\Second_Project\Project\S11P21B209\ROS2\build\my_package\build\lib\my_package\follow_the_carrot.py -> C:\Users\SSAFY\Desktop\Second_Project\Project\S11P21B209\ROS2\install\my_package\Lib\site-packages\my_package
[1.875s] copying C:\Users\SSAFY\Desktop\Second_Project\Project\S11P21B209\ROS2\build\my_package\build\lib\my_package\load_map.py -> C:\Users\SSAFY\Desktop\Second_Project\Project\S11P21B209\ROS2\install\my_package\Lib\site-packages\my_package
[1.875s] copying C:\Users\SSAFY\Desktop\Second_Project\Project\S11P21B209\ROS2\build\my_package\build\lib\my_package\path_publisher.py -> C:\Users\SSAFY\Desktop\Second_Project\Project\S11P21B209\ROS2\install\my_package\Lib\site-packages\my_package
[1.875s] copying C:\Users\SSAFY\Desktop\Second_Project\Project\S11P21B209\ROS2\build\my_package\build\lib\my_package\qos.py -> C:\Users\SSAFY\Desktop\Second_Project\Project\S11P21B209\ROS2\install\my_package\Lib\site-packages\my_package
[1.875s] copying C:\Users\SSAFY\Desktop\Second_Project\Project\S11P21B209\ROS2\build\my_package\build\lib\my_package\run_localization.py -> C:\Users\SSAFY\Desktop\Second_Project\Project\S11P21B209\ROS2\install\my_package\Lib\site-packages\my_package
[1.875s] copying C:\Users\SSAFY\Desktop\Second_Project\Project\S11P21B209\ROS2\build\my_package\build\lib\my_package\run_mapping.py -> C:\Users\SSAFY\Desktop\Second_Project\Project\S11P21B209\ROS2\install\my_package\Lib\site-packages\my_package
[1.891s] byte-compiling C:\Users\SSAFY\Desktop\Second_Project\Project\S11P21B209\ROS2\install\my_package\Lib\site-packages\my_package\a_star.py to a_star.cpython-37.pyc
[1.891s] byte-compiling C:\Users\SSAFY\Desktop\Second_Project\Project\S11P21B209\ROS2\install\my_package\Lib\site-packages\my_package\a_star_local_path.py to a_star_local_path.cpython-37.pyc
[1.891s] byte-compiling C:\Users\SSAFY\Desktop\Second_Project\Project\S11P21B209\ROS2\install\my_package\Lib\site-packages\my_package\data_socket.py to data_socket.cpython-37.pyc
[1.891s] byte-compiling C:\Users\SSAFY\Desktop\Second_Project\Project\S11P21B209\ROS2\install\my_package\Lib\site-packages\my_package\follow_the_carrot.py to follow_the_carrot.cpython-37.pyc
[1.891s] byte-compiling C:\Users\SSAFY\Desktop\Second_Project\Project\S11P21B209\ROS2\install\my_package\Lib\site-packages\my_package\load_map.py to load_map.cpython-37.pyc
[1.907s] byte-compiling C:\Users\SSAFY\Desktop\Second_Project\Project\S11P21B209\ROS2\install\my_package\Lib\site-packages\my_package\path_publisher.py to path_publisher.cpython-37.pyc
[1.907s] byte-compiling C:\Users\SSAFY\Desktop\Second_Project\Project\S11P21B209\ROS2\install\my_package\Lib\site-packages\my_package\qos.py to qos.cpython-37.pyc
[1.907s] byte-compiling C:\Users\SSAFY\Desktop\Second_Project\Project\S11P21B209\ROS2\install\my_package\Lib\site-packages\my_package\run_localization.py to run_localization.cpython-37.pyc
[1.907s] byte-compiling C:\Users\SSAFY\Desktop\Second_Project\Project\S11P21B209\ROS2\install\my_package\Lib\site-packages\my_package\run_mapping.py to run_mapping.cpython-37.pyc
[1.922s] running install_data
[1.922s] running install_egg_info
[1.922s] removing 'C:\Users\SSAFY\Desktop\Second_Project\Project\S11P21B209\ROS2\install\my_package\Lib\site-packages\my_package-0.0.0-py3.7.egg-info' (and everything under it)
[1.922s] Copying ..\..\build\my_package\my_package.egg-info to C:\Users\SSAFY\Desktop\Second_Project\Project\S11P21B209\ROS2\install\my_package\Lib\site-packages\my_package-0.0.0-py3.7.egg-info
[1.969s] running install_scripts
[1.969s] Installing a_star_global-script.py script to C:\Users\SSAFY\Desktop\Second_Project\Project\S11P21B209\ROS2\install\my_package\lib\my_package
[1.969s] Installing a_star_global.exe script to C:\Users\SSAFY\Desktop\Second_Project\Project\S11P21B209\ROS2\install\my_package\lib\my_package
[1.969s] Installing a_star_local-script.py script to C:\Users\SSAFY\Desktop\Second_Project\Project\S11P21B209\ROS2\install\my_package\lib\my_package
[1.969s] Installing a_star_local.exe script to C:\Users\SSAFY\Desktop\Second_Project\Project\S11P21B209\ROS2\install\my_package\lib\my_package
[1.969s] Installing ftc-script.py script to C:\Users\SSAFY\Desktop\Second_Project\Project\S11P21B209\ROS2\install\my_package\lib\my_package
[1.969s] Installing ftc.exe script to C:\Users\SSAFY\Desktop\Second_Project\Project\S11P21B209\ROS2\install\my_package\lib\my_package
[1.969s] Installing load_map-script.py script to C:\Users\SSAFY\Desktop\Second_Project\Project\S11P21B209\ROS2\install\my_package\lib\my_package
[1.969s] Installing load_map.exe script to C:\Users\SSAFY\Desktop\Second_Project\Project\S11P21B209\ROS2\install\my_package\lib\my_package
[1.969s] Installing mapping-script.py script to C:\Users\SSAFY\Desktop\Second_Project\Project\S11P21B209\ROS2\install\my_package\lib\my_package
[1.969s] Installing mapping.exe script to C:\Users\SSAFY\Desktop\Second_Project\Project\S11P21B209\ROS2\install\my_package\lib\my_package
[1.969s] Installing odom-script.py script to C:\Users\SSAFY\Desktop\Second_Project\Project\S11P21B209\ROS2\install\my_package\lib\my_package
[1.969s] Installing odom.exe script to C:\Users\SSAFY\Desktop\Second_Project\Project\S11P21B209\ROS2\install\my_package\lib\my_package
[1.969s] Installing test-script.py script to C:\Users\SSAFY\Desktop\Second_Project\Project\S11P21B209\ROS2\install\my_package\lib\my_package
[1.969s] Installing test.exe script to C:\Users\SSAFY\Desktop\Second_Project\Project\S11P21B209\ROS2\install\my_package\lib\my_package
[1.969s] writing list of installed files to 'C:\Users\SSAFY\Desktop\Second_Project\Project\S11P21B209\ROS2\build\my_package\install.log'
[1.985s] Invoked command in 'C:\Users\SSAFY\Desktop\Second_Project\Project\S11P21B209\ROS2\src\my_package' returned '0': PYTHONPATH=C:\Users\SSAFY\Desktop\Second_Project\Project\S11P21B209\ROS2\build\my_package\prefix_override;c:\python37\lib\site-packages\colcon_core\task\python\colcon_distutils_commands;C:\Users\SSAFY\Desktop\Second_Project\Project\S11P21B209\ROS2\install\my_package\Lib\site-packages;%PYTHONPATH% installDir=%installDir%
IntelliJ IDEA=C:\Program Files\JetBrains\IntelliJ IDEA 2024.1.4\bin;
IntelliJ IDEA Community Edition=C:\Program Files\JetBrains\IntelliJ IDEA Community Edition 2024.1.4\bin; c:\python37\python.exe -W ignore:setup.py install is deprecated setup.py egg_info --egg-base ..\..\build\my_package build --build-base C:\Users\SSAFY\Desktop\Second_Project\Project\S11P21B209\ROS2\build\my_package\build install --record C:\Users\SSAFY\Desktop\Second_Project\Project\S11P21B209\ROS2\build\my_package\install.log --install-scripts $base/lib/my_package --single-version-externally-managed install_data
