[0.891s] Invoking command in 'C:\Users\SSAFY\Desktop\catkin_ws\build\ssafy_msgs': CL=/MP installDir=%installDir%
IntelliJ IDEA=C:\Program Files\JetBrains\IntelliJ IDEA 2024.1.4\bin;
IntelliJ IDEA Community Edition=C:\Program Files\JetBrains\IntelliJ IDEA Community Edition 2024.1.4\bin; C:\Program Files (x86)\Microsoft Visual Studio\2019\BuildTools\Common7\IDE\CommonExtensions\Microsoft\CMake\CMake\bin\cmake.EXE --build C:\Users\SSAFY\Desktop\catkin_ws\build\ssafy_msgs --config Release
[1.078s] .NET Framework¿ë Microsoft (R) Build Engine ¹öÀü 16.11.2+f32259642
[1.078s] Copyright (C) Microsoft Corporation. All rights reserved.
[1.078s] 
[1.532s]   Checking Build System
[1.813s]   Building Custom Rule C:/Users/SSAFY/Desktop/catkin_ws/src/ssafy_msgs/CMakeLists.txt
[2.016s]   Building Custom Rule C:/Users/SSAFY/Desktop/catkin_ws/src/ssafy_msgs/CMakeLists.txt
[2.094s]   ssafy_msgs__rosidl_generator_c.vcxproj -> C:\Users\SSAFY\Desktop\catkin_ws\build\ssafy_msgs\Release\ssafy_msgs__rosidl_generator_c.dll
[2.188s]   Building Custom Rule C:/Users/SSAFY/Desktop/catkin_ws/src/ssafy_msgs/CMakeLists.txt
[2.266s]   ssafy_msgs__rosidl_typesupport_c.vcxproj -> C:\Users\SSAFY\Desktop\catkin_ws\build\ssafy_msgs\Release\ssafy_msgs__rosidl_typesupport_c.dll
[2.422s]   Building Custom Rule C:/Users/SSAFY/Desktop/catkin_ws/src/ssafy_msgs/CMakeLists.txt
[2.563s]   Building Custom Rule C:/Users/SSAFY/Desktop/catkin_ws/src/ssafy_msgs/CMakeLists.txt
[2.703s]   ssafy_msgs__rosidl_typesupport_connext_cpp.vcxproj -> C:\Users\SSAFY\Desktop\catkin_ws\build\ssafy_msgs\Release\ssafy_msgs__rosidl_typesupport_connext_cpp.dll
[2.766s]   Building Custom Rule C:/Users/SSAFY/Desktop/catkin_ws/src/ssafy_msgs/CMakeLists.txt
[2.875s]   ssafy_msgs__rosidl_typesupport_connext_c.vcxproj -> C:\Users\SSAFY\Desktop\catkin_ws\build\ssafy_msgs\Release\ssafy_msgs__rosidl_typesupport_connext_c.dll
[2.969s]   Building Custom Rule C:/Users/SSAFY/Desktop/catkin_ws/src/ssafy_msgs/CMakeLists.txt
[3.047s]   ssafy_msgs__rosidl_typesupport_cpp.vcxproj -> C:\Users\SSAFY\Desktop\catkin_ws\build\ssafy_msgs\Release\ssafy_msgs__rosidl_typesupport_cpp.dll
[3.172s]   Building Custom Rule C:/Users/SSAFY/Desktop/catkin_ws/src/ssafy_msgs/CMakeLists.txt
[3.235s]   ssafy_msgs__rosidl_typesupport_fastrtps_cpp.vcxproj -> C:\Users\SSAFY\Desktop\catkin_ws\build\ssafy_msgs\Release\ssafy_msgs__rosidl_typesupport_fastrtps_cpp.dll
[3.297s]   Building Custom Rule C:/Users/SSAFY/Desktop/catkin_ws/src/ssafy_msgs/CMakeLists.txt
[3.375s]   ssafy_msgs__rosidl_typesupport_fastrtps_c.vcxproj -> C:\Users\SSAFY\Desktop\catkin_ws\build\ssafy_msgs\Release\ssafy_msgs__rosidl_typesupport_fastrtps_c.dll
[3.485s]   Building Custom Rule C:/Users/SSAFY/Desktop/catkin_ws/src/ssafy_msgs/CMakeLists.txt
[3.563s]   ssafy_msgs__rosidl_typesupport_introspection_c.vcxproj -> C:\Users\SSAFY\Desktop\catkin_ws\build\ssafy_msgs\Release\ssafy_msgs__rosidl_typesupport_introspection_c.dll
[3.657s]   Building Custom Rule C:/Users/SSAFY/Desktop/catkin_ws/src/ssafy_msgs/CMakeLists.txt
[3.719s]   ssafy_msgs__rosidl_typesupport_introspection_cpp.vcxproj -> C:\Users\SSAFY\Desktop\catkin_ws\build\ssafy_msgs\Release\ssafy_msgs__rosidl_typesupport_introspection_cpp.dll
[3.907s]   Building Custom Rule C:/Users/SSAFY/Desktop/catkin_ws/src/ssafy_msgs/CMakeLists.txt
[4.016s]   Building Custom Rule C:/Users/SSAFY/Desktop/catkin_ws/src/ssafy_msgs/CMakeLists.txt
[4.125s]   ssafy_msgs__rosidl_typesupport_opensplice_cpp.vcxproj -> C:\Users\SSAFY\Desktop\catkin_ws\build\ssafy_msgs\Release\ssafy_msgs__rosidl_typesupport_opensplice_cpp.dll
[4.188s]   Building Custom Rule C:/Users/SSAFY/Desktop/catkin_ws/src/ssafy_msgs/CMakeLists.txt
[4.297s]   ssafy_msgs__rosidl_typesupport_opensplice_c.vcxproj -> C:\Users\SSAFY\Desktop\catkin_ws\build\ssafy_msgs\Release\ssafy_msgs__rosidl_typesupport_opensplice_c.dll
[4.422s]   Building Custom Rule C:/Users/SSAFY/Desktop/catkin_ws/src/ssafy_msgs/CMakeLists.txt
[4.657s]   Building Custom Rule C:/Users/SSAFY/Desktop/catkin_ws/src/ssafy_msgs/CMakeLists.txt
[4.719s]   ssafy_msgs__python.vcxproj -> C:\Users\SSAFY\Desktop\catkin_ws\build\ssafy_msgs\rosidl_generator_py\ssafy_msgs\ssafy_msgs__python.dll
[4.828s]   Building Custom Rule C:/Users/SSAFY/Desktop/catkin_ws/src/ssafy_msgs/CMakeLists.txt
[4.891s]   ssafy_msgs__rosidl_typesupport_c__pyext.vcxproj -> C:\Users\SSAFY\Desktop\catkin_ws\build\ssafy_msgs\rosidl_generator_py\ssafy_msgs\ssafy_msgs_s__rosidl_typesupport_c.pyd
[4.985s]   Building Custom Rule C:/Users/SSAFY/Desktop/catkin_ws/src/ssafy_msgs/CMakeLists.txt
[5.047s]   ssafy_msgs__rosidl_typesupport_connext_c__pyext.vcxproj -> C:\Users\SSAFY\Desktop\catkin_ws\build\ssafy_msgs\rosidl_generator_py\ssafy_msgs\ssafy_msgs_s__rosidl_typesupport_connext_c.pyd
[5.141s]   Building Custom Rule C:/Users/SSAFY/Desktop/catkin_ws/src/ssafy_msgs/CMakeLists.txt
[5.203s]   ssafy_msgs__rosidl_typesupport_fastrtps_c__pyext.vcxproj -> C:\Users\SSAFY\Desktop\catkin_ws\build\ssafy_msgs\rosidl_generator_py\ssafy_msgs\ssafy_msgs_s__rosidl_typesupport_fastrtps_c.pyd
[5.297s]   Building Custom Rule C:/Users/SSAFY/Desktop/catkin_ws/src/ssafy_msgs/CMakeLists.txt
[5.360s]   ssafy_msgs__rosidl_typesupport_introspection_c__pyext.vcxproj -> C:\Users\SSAFY\Desktop\catkin_ws\build\ssafy_msgs\rosidl_generator_py\ssafy_msgs\ssafy_msgs_s__rosidl_typesupport_introspection_c.pyd
[5.453s]   Building Custom Rule C:/Users/SSAFY/Desktop/catkin_ws/src/ssafy_msgs/CMakeLists.txt
[5.516s]   ssafy_msgs__rosidl_typesupport_opensplice_c__pyext.vcxproj -> C:\Users\SSAFY\Desktop\catkin_ws\build\ssafy_msgs\rosidl_generator_py\ssafy_msgs\ssafy_msgs_s__rosidl_typesupport_opensplice_c.pyd
[5.578s]   Building Custom Rule C:/Users/SSAFY/Desktop/catkin_ws/src/ssafy_msgs/CMakeLists.txt
[5.657s] Invoked command in 'C:\Users\SSAFY\Desktop\catkin_ws\build\ssafy_msgs' returned '0': CL=/MP installDir=%installDir%
IntelliJ IDEA=C:\Program Files\JetBrains\IntelliJ IDEA 2024.1.4\bin;
IntelliJ IDEA Community Edition=C:\Program Files\JetBrains\IntelliJ IDEA Community Edition 2024.1.4\bin; C:\Program Files (x86)\Microsoft Visual Studio\2019\BuildTools\Common7\IDE\CommonExtensions\Microsoft\CMake\CMake\bin\cmake.EXE --build C:\Users\SSAFY\Desktop\catkin_ws\build\ssafy_msgs --config Release
[5.688s] Invoking command in 'C:\Users\SSAFY\Desktop\catkin_ws\build\ssafy_msgs': installDir=%installDir%
IntelliJ IDEA=C:\Program Files\JetBrains\IntelliJ IDEA 2024.1.4\bin;
IntelliJ IDEA Community Edition=C:\Program Files\JetBrains\IntelliJ IDEA Community Edition 2024.1.4\bin; C:\Program Files (x86)\Microsoft Visual Studio\2019\BuildTools\Common7\IDE\CommonExtensions\Microsoft\CMake\CMake\bin\cmake.EXE --install C:\Users\SSAFY\Desktop\catkin_ws\build\ssafy_msgs --config Release
[5.719s] -- Up-to-date: C:/Users/SSAFY/Desktop/catkin_ws/install/ssafy_msgs/share/ament_index/resource_index/rosidl_interfaces/ssafy_msgs
[5.719s] -- Up-to-date: C:/Users/SSAFY/Desktop/catkin_ws/install/ssafy_msgs/lib/ssafy_msgs__rosidl_typesupport_c.lib
[5.750s] -- Up-to-date: C:/Users/SSAFY/Desktop/catkin_ws/install/ssafy_msgs/bin/ssafy_msgs__rosidl_typesupport_c.dll
[5.750s] -- Up-to-date: C:/Users/SSAFY/Desktop/catkin_ws/install/ssafy_msgs/lib/ssafy_msgs__rosidl_typesupport_cpp.lib
[5.766s] -- Up-to-date: C:/Users/SSAFY/Desktop/catkin_ws/install/ssafy_msgs/bin/ssafy_msgs__rosidl_typesupport_cpp.dll
[5.766s] -- Up-to-date: C:/Users/SSAFY/Desktop/catkin_ws/install/ssafy_msgs/include/ssafy_msgs
[5.766s] -- Up-to-date: C:/Users/SSAFY/Desktop/catkin_ws/install/ssafy_msgs/include/ssafy_msgs/msg
[5.782s] -- Up-to-date: C:/Users/SSAFY/Desktop/catkin_ws/install/ssafy_msgs/include/ssafy_msgs/msg/b_box__rosidl_typesupport_connext_c.h
[5.782s] -- Up-to-date: C:/Users/SSAFY/Desktop/catkin_ws/install/ssafy_msgs/include/ssafy_msgs/msg/custom_object_info__rosidl_typesupport_connext_c.h
[5.782s] -- Up-to-date: C:/Users/SSAFY/Desktop/catkin_ws/install/ssafy_msgs/include/ssafy_msgs/msg/dds_connext
[5.782s] -- Up-to-date: C:/Users/SSAFY/Desktop/catkin_ws/install/ssafy_msgs/include/ssafy_msgs/msg/enviroment_status__rosidl_typesupport_connext_c.h
[5.782s] -- Up-to-date: C:/Users/SSAFY/Desktop/catkin_ws/install/ssafy_msgs/include/ssafy_msgs/msg/hand_control__rosidl_typesupport_connext_c.h
[5.797s] -- Up-to-date: C:/Users/SSAFY/Desktop/catkin_ws/install/ssafy_msgs/include/ssafy_msgs/msg/num__rosidl_typesupport_connext_c.h
[5.797s] -- Up-to-date: C:/Users/SSAFY/Desktop/catkin_ws/install/ssafy_msgs/include/ssafy_msgs/msg/object_info__rosidl_typesupport_connext_c.h
[5.797s] -- Up-to-date: C:/Users/SSAFY/Desktop/catkin_ws/install/ssafy_msgs/include/ssafy_msgs/msg/rosidl_typesupport_connext_c__visibility_control.h
[5.797s] -- Up-to-date: C:/Users/SSAFY/Desktop/catkin_ws/install/ssafy_msgs/include/ssafy_msgs/msg/turtlebot_status__rosidl_typesupport_connext_c.h
[5.797s] -- Up-to-date: C:/Users/SSAFY/Desktop/catkin_ws/install/ssafy_msgs/lib/ssafy_msgs__rosidl_typesupport_connext_c.lib
[5.828s] -- Up-to-date: C:/Users/SSAFY/Desktop/catkin_ws/install/ssafy_msgs/bin/ssafy_msgs__rosidl_typesupport_connext_c.dll
[5.828s] -- Up-to-date: C:/Users/SSAFY/Desktop/catkin_ws/install/ssafy_msgs/include/ssafy_msgs
[5.828s] -- Up-to-date: C:/Users/SSAFY/Desktop/catkin_ws/install/ssafy_msgs/include/ssafy_msgs/msg
[5.828s] -- Up-to-date: C:/Users/SSAFY/Desktop/catkin_ws/install/ssafy_msgs/include/ssafy_msgs/msg/b_box.h
[5.828s] -- Up-to-date: C:/Users/SSAFY/Desktop/catkin_ws/install/ssafy_msgs/include/ssafy_msgs/msg/b_box__functions.c
[5.844s] -- Up-to-date: C:/Users/SSAFY/Desktop/catkin_ws/install/ssafy_msgs/include/ssafy_msgs/msg/b_box__functions.h
[5.844s] -- Up-to-date: C:/Users/SSAFY/Desktop/catkin_ws/install/ssafy_msgs/include/ssafy_msgs/msg/b_box__struct.h
[5.844s] -- Up-to-date: C:/Users/SSAFY/Desktop/catkin_ws/install/ssafy_msgs/include/ssafy_msgs/msg/b_box__type_support.h
[5.844s] -- Up-to-date: C:/Users/SSAFY/Desktop/catkin_ws/install/ssafy_msgs/include/ssafy_msgs/msg/custom_object_info.h
[5.844s] -- Up-to-date: C:/Users/SSAFY/Desktop/catkin_ws/install/ssafy_msgs/include/ssafy_msgs/msg/custom_object_info__functions.c
[5.844s] -- Up-to-date: C:/Users/SSAFY/Desktop/catkin_ws/install/ssafy_msgs/include/ssafy_msgs/msg/custom_object_info__functions.h
[5.860s] -- Up-to-date: C:/Users/SSAFY/Desktop/catkin_ws/install/ssafy_msgs/include/ssafy_msgs/msg/custom_object_info__struct.h
[5.860s] -- Up-to-date: C:/Users/SSAFY/Desktop/catkin_ws/install/ssafy_msgs/include/ssafy_msgs/msg/custom_object_info__type_support.h
[5.860s] -- Up-to-date: C:/Users/SSAFY/Desktop/catkin_ws/install/ssafy_msgs/include/ssafy_msgs/msg/enviroment_status.h
[5.860s] -- Up-to-date: C:/Users/SSAFY/Desktop/catkin_ws/install/ssafy_msgs/include/ssafy_msgs/msg/enviroment_status__functions.c
[5.860s] -- Up-to-date: C:/Users/SSAFY/Desktop/catkin_ws/install/ssafy_msgs/include/ssafy_msgs/msg/enviroment_status__functions.h
[5.875s] -- Up-to-date: C:/Users/SSAFY/Desktop/catkin_ws/install/ssafy_msgs/include/ssafy_msgs/msg/enviroment_status__struct.h
[5.875s] -- Up-to-date: C:/Users/SSAFY/Desktop/catkin_ws/install/ssafy_msgs/include/ssafy_msgs/msg/enviroment_status__type_support.h
[5.875s] -- Up-to-date: C:/Users/SSAFY/Desktop/catkin_ws/install/ssafy_msgs/include/ssafy_msgs/msg/hand_control.h
[5.875s] -- Up-to-date: C:/Users/SSAFY/Desktop/catkin_ws/install/ssafy_msgs/include/ssafy_msgs/msg/hand_control__functions.c
[5.875s] -- Up-to-date: C:/Users/SSAFY/Desktop/catkin_ws/install/ssafy_msgs/include/ssafy_msgs/msg/hand_control__functions.h
[5.875s] -- Up-to-date: C:/Users/SSAFY/Desktop/catkin_ws/install/ssafy_msgs/include/ssafy_msgs/msg/hand_control__struct.h
[5.891s] -- Up-to-date: C:/Users/SSAFY/Desktop/catkin_ws/install/ssafy_msgs/include/ssafy_msgs/msg/hand_control__type_support.h
[5.891s] -- Up-to-date: C:/Users/SSAFY/Desktop/catkin_ws/install/ssafy_msgs/include/ssafy_msgs/msg/num.h
[5.891s] -- Up-to-date: C:/Users/SSAFY/Desktop/catkin_ws/install/ssafy_msgs/include/ssafy_msgs/msg/num__functions.c
[5.891s] -- Up-to-date: C:/Users/SSAFY/Desktop/catkin_ws/install/ssafy_msgs/include/ssafy_msgs/msg/num__functions.h
[5.891s] -- Up-to-date: C:/Users/SSAFY/Desktop/catkin_ws/install/ssafy_msgs/include/ssafy_msgs/msg/num__struct.h
[5.907s] -- Up-to-date: C:/Users/SSAFY/Desktop/catkin_ws/install/ssafy_msgs/include/ssafy_msgs/msg/num__type_support.h
[5.907s] -- Up-to-date: C:/Users/SSAFY/Desktop/catkin_ws/install/ssafy_msgs/include/ssafy_msgs/msg/object_info.h
[5.907s] -- Up-to-date: C:/Users/SSAFY/Desktop/catkin_ws/install/ssafy_msgs/include/ssafy_msgs/msg/object_info__functions.c
[5.907s] -- Up-to-date: C:/Users/SSAFY/Desktop/catkin_ws/install/ssafy_msgs/include/ssafy_msgs/msg/object_info__functions.h
[5.907s] -- Up-to-date: C:/Users/SSAFY/Desktop/catkin_ws/install/ssafy_msgs/include/ssafy_msgs/msg/object_info__struct.h
[5.922s] -- Up-to-date: C:/Users/SSAFY/Desktop/catkin_ws/install/ssafy_msgs/include/ssafy_msgs/msg/object_info__type_support.h
[5.922s] -- Up-to-date: C:/Users/SSAFY/Desktop/catkin_ws/install/ssafy_msgs/include/ssafy_msgs/msg/rosidl_generator_c__visibility_control.h
[5.922s] -- Up-to-date: C:/Users/SSAFY/Desktop/catkin_ws/install/ssafy_msgs/include/ssafy_msgs/msg/turtlebot_status.h
[5.922s] -- Up-to-date: C:/Users/SSAFY/Desktop/catkin_ws/install/ssafy_msgs/include/ssafy_msgs/msg/turtlebot_status__functions.c
[5.922s] -- Up-to-date: C:/Users/SSAFY/Desktop/catkin_ws/install/ssafy_msgs/include/ssafy_msgs/msg/turtlebot_status__functions.h
[5.938s] -- Up-to-date: C:/Users/SSAFY/Desktop/catkin_ws/install/ssafy_msgs/include/ssafy_msgs/msg/turtlebot_status__struct.h
[5.938s] -- Up-to-date: C:/Users/SSAFY/Desktop/catkin_ws/install/ssafy_msgs/include/ssafy_msgs/msg/turtlebot_status__type_support.h
[5.938s] -- Up-to-date: C:/Users/SSAFY/Desktop/catkin_ws/install/ssafy_msgs/lib/ssafy_msgs__rosidl_generator_c.lib
[5.953s] -- Up-to-date: C:/Users/SSAFY/Desktop/catkin_ws/install/ssafy_msgs/bin/ssafy_msgs__rosidl_generator_c.dll
[5.953s] -- Up-to-date: C:/Users/SSAFY/Desktop/catkin_ws/install/ssafy_msgs/share/ssafy_msgs/msg/dds_connext
[5.969s] -- Up-to-date: C:/Users/SSAFY/Desktop/catkin_ws/install/ssafy_msgs/share/ssafy_msgs/msg/dds_connext/BBox_.idl
[5.969s] -- Up-to-date: C:/Users/SSAFY/Desktop/catkin_ws/install/ssafy_msgs/share/ssafy_msgs/msg/dds_connext/CustomObjectInfo_.idl
[5.969s] -- Up-to-date: C:/Users/SSAFY/Desktop/catkin_ws/install/ssafy_msgs/share/ssafy_msgs/msg/dds_connext/EnviromentStatus_.idl
[5.969s] -- Up-to-date: C:/Users/SSAFY/Desktop/catkin_ws/install/ssafy_msgs/share/ssafy_msgs/msg/dds_connext/HandControl_.idl
[5.969s] -- Up-to-date: C:/Users/SSAFY/Desktop/catkin_ws/install/ssafy_msgs/share/ssafy_msgs/msg/dds_connext/Num_.idl
[5.969s] -- Up-to-date: C:/Users/SSAFY/Desktop/catkin_ws/install/ssafy_msgs/share/ssafy_msgs/msg/dds_connext/ObjectInfo_.idl
[5.969s] -- Up-to-date: C:/Users/SSAFY/Desktop/catkin_ws/install/ssafy_msgs/share/ssafy_msgs/msg/dds_connext/TurtlebotStatus_.idl
[5.969s] -- Up-to-date: C:/Users/SSAFY/Desktop/catkin_ws/install/ssafy_msgs/include/ssafy_msgs
[5.969s] -- Up-to-date: C:/Users/SSAFY/Desktop/catkin_ws/install/ssafy_msgs/include/ssafy_msgs/msg
[5.985s] -- Up-to-date: C:/Users/SSAFY/Desktop/catkin_ws/install/ssafy_msgs/include/ssafy_msgs/msg/b_box__rosidl_typesupport_connext_cpp.hpp
[5.985s] -- Up-to-date: C:/Users/SSAFY/Desktop/catkin_ws/install/ssafy_msgs/include/ssafy_msgs/msg/custom_object_info__rosidl_typesupport_connext_cpp.hpp
[5.985s] -- Up-to-date: C:/Users/SSAFY/Desktop/catkin_ws/install/ssafy_msgs/include/ssafy_msgs/msg/dds_connext
[5.985s] -- Up-to-date: C:/Users/SSAFY/Desktop/catkin_ws/install/ssafy_msgs/include/ssafy_msgs/msg/dds_connext/BBox_.cxx
[6.000s] -- Up-to-date: C:/Users/SSAFY/Desktop/catkin_ws/install/ssafy_msgs/include/ssafy_msgs/msg/dds_connext/BBox_.h
[6.016s] -- Up-to-date: C:/Users/SSAFY/Desktop/catkin_ws/install/ssafy_msgs/include/ssafy_msgs/msg/dds_connext/BBox_Plugin.cxx
[6.016s] -- Up-to-date: C:/Users/SSAFY/Desktop/catkin_ws/install/ssafy_msgs/include/ssafy_msgs/msg/dds_connext/BBox_Plugin.h
[6.016s] -- Up-to-date: C:/Users/SSAFY/Desktop/catkin_ws/install/ssafy_msgs/include/ssafy_msgs/msg/dds_connext/BBox_Support.cxx
[6.032s] -- Up-to-date: C:/Users/SSAFY/Desktop/catkin_ws/install/ssafy_msgs/include/ssafy_msgs/msg/dds_connext/BBox_Support.h
[6.032s] -- Up-to-date: C:/Users/SSAFY/Desktop/catkin_ws/install/ssafy_msgs/include/ssafy_msgs/msg/dds_connext/CustomObjectInfo_.cxx
[6.032s] -- Up-to-date: C:/Users/SSAFY/Desktop/catkin_ws/install/ssafy_msgs/include/ssafy_msgs/msg/dds_connext/CustomObjectInfo_.h
[6.047s] -- Up-to-date: C:/Users/SSAFY/Desktop/catkin_ws/install/ssafy_msgs/include/ssafy_msgs/msg/dds_connext/CustomObjectInfo_Plugin.cxx
[6.047s] -- Up-to-date: C:/Users/SSAFY/Desktop/catkin_ws/install/ssafy_msgs/include/ssafy_msgs/msg/dds_connext/CustomObjectInfo_Plugin.h
[6.063s] -- Up-to-date: C:/Users/SSAFY/Desktop/catkin_ws/install/ssafy_msgs/include/ssafy_msgs/msg/dds_connext/CustomObjectInfo_Support.cxx
[6.063s] -- Up-to-date: C:/Users/SSAFY/Desktop/catkin_ws/install/ssafy_msgs/include/ssafy_msgs/msg/dds_connext/CustomObjectInfo_Support.h
[6.063s] -- Up-to-date: C:/Users/SSAFY/Desktop/catkin_ws/install/ssafy_msgs/include/ssafy_msgs/msg/dds_connext/EnviromentStatus_.cxx
[6.078s] -- Up-to-date: C:/Users/SSAFY/Desktop/catkin_ws/install/ssafy_msgs/include/ssafy_msgs/msg/dds_connext/EnviromentStatus_.h
[6.094s] -- Up-to-date: C:/Users/SSAFY/Desktop/catkin_ws/install/ssafy_msgs/include/ssafy_msgs/msg/dds_connext/EnviromentStatus_Plugin.cxx
[6.094s] -- Up-to-date: C:/Users/SSAFY/Desktop/catkin_ws/install/ssafy_msgs/include/ssafy_msgs/msg/dds_connext/EnviromentStatus_Plugin.h
[6.094s] -- Up-to-date: C:/Users/SSAFY/Desktop/catkin_ws/install/ssafy_msgs/include/ssafy_msgs/msg/dds_connext/EnviromentStatus_Support.cxx
[6.094s] -- Up-to-date: C:/Users/SSAFY/Desktop/catkin_ws/install/ssafy_msgs/include/ssafy_msgs/msg/dds_connext/EnviromentStatus_Support.h
[6.110s] -- Up-to-date: C:/Users/SSAFY/Desktop/catkin_ws/install/ssafy_msgs/include/ssafy_msgs/msg/dds_connext/HandControl_.cxx
[6.110s] -- Up-to-date: C:/Users/SSAFY/Desktop/catkin_ws/install/ssafy_msgs/include/ssafy_msgs/msg/dds_connext/HandControl_.h
[6.125s] -- Up-to-date: C:/Users/SSAFY/Desktop/catkin_ws/install/ssafy_msgs/include/ssafy_msgs/msg/dds_connext/HandControl_Plugin.cxx
[6.125s] -- Up-to-date: C:/Users/SSAFY/Desktop/catkin_ws/install/ssafy_msgs/include/ssafy_msgs/msg/dds_connext/HandControl_Plugin.h
[6.125s] -- Up-to-date: C:/Users/SSAFY/Desktop/catkin_ws/install/ssafy_msgs/include/ssafy_msgs/msg/dds_connext/HandControl_Support.cxx
[6.141s] -- Up-to-date: C:/Users/SSAFY/Desktop/catkin_ws/install/ssafy_msgs/include/ssafy_msgs/msg/dds_connext/HandControl_Support.h
[6.141s] -- Up-to-date: C:/Users/SSAFY/Desktop/catkin_ws/install/ssafy_msgs/include/ssafy_msgs/msg/dds_connext/Num_.cxx
[6.141s] -- Up-to-date: C:/Users/SSAFY/Desktop/catkin_ws/install/ssafy_msgs/include/ssafy_msgs/msg/dds_connext/Num_.h
[6.157s] -- Up-to-date: C:/Users/SSAFY/Desktop/catkin_ws/install/ssafy_msgs/include/ssafy_msgs/msg/dds_connext/Num_Plugin.cxx
[6.172s] -- Up-to-date: C:/Users/SSAFY/Desktop/catkin_ws/install/ssafy_msgs/include/ssafy_msgs/msg/dds_connext/Num_Plugin.h
[6.172s] -- Up-to-date: C:/Users/SSAFY/Desktop/catkin_ws/install/ssafy_msgs/include/ssafy_msgs/msg/dds_connext/Num_Support.cxx
[6.172s] -- Up-to-date: C:/Users/SSAFY/Desktop/catkin_ws/install/ssafy_msgs/include/ssafy_msgs/msg/dds_connext/Num_Support.h
[6.172s] -- Up-to-date: C:/Users/SSAFY/Desktop/catkin_ws/install/ssafy_msgs/include/ssafy_msgs/msg/dds_connext/ObjectInfo_.cxx
[6.188s] -- Up-to-date: C:/Users/SSAFY/Desktop/catkin_ws/install/ssafy_msgs/include/ssafy_msgs/msg/dds_connext/ObjectInfo_.h
[6.203s] -- Up-to-date: C:/Users/SSAFY/Desktop/catkin_ws/install/ssafy_msgs/include/ssafy_msgs/msg/dds_connext/ObjectInfo_Plugin.cxx
[6.203s] -- Up-to-date: C:/Users/SSAFY/Desktop/catkin_ws/install/ssafy_msgs/include/ssafy_msgs/msg/dds_connext/ObjectInfo_Plugin.h
[6.203s] -- Up-to-date: C:/Users/SSAFY/Desktop/catkin_ws/install/ssafy_msgs/include/ssafy_msgs/msg/dds_connext/ObjectInfo_Support.cxx
[6.203s] -- Up-to-date: C:/Users/SSAFY/Desktop/catkin_ws/install/ssafy_msgs/include/ssafy_msgs/msg/dds_connext/ObjectInfo_Support.h
[6.219s] -- Up-to-date: C:/Users/SSAFY/Desktop/catkin_ws/install/ssafy_msgs/include/ssafy_msgs/msg/dds_connext/TurtlebotStatus_.cxx
[6.219s] -- Up-to-date: C:/Users/SSAFY/Desktop/catkin_ws/install/ssafy_msgs/include/ssafy_msgs/msg/dds_connext/TurtlebotStatus_.h
[6.235s] -- Up-to-date: C:/Users/SSAFY/Desktop/catkin_ws/install/ssafy_msgs/include/ssafy_msgs/msg/dds_connext/TurtlebotStatus_Plugin.cxx
[6.235s] -- Up-to-date: C:/Users/SSAFY/Desktop/catkin_ws/install/ssafy_msgs/include/ssafy_msgs/msg/dds_connext/TurtlebotStatus_Plugin.h
[6.235s] -- Up-to-date: C:/Users/SSAFY/Desktop/catkin_ws/install/ssafy_msgs/include/ssafy_msgs/msg/dds_connext/TurtlebotStatus_Support.cxx
[6.250s] -- Up-to-date: C:/Users/SSAFY/Desktop/catkin_ws/install/ssafy_msgs/include/ssafy_msgs/msg/dds_connext/TurtlebotStatus_Support.h
[6.250s] -- Up-to-date: C:/Users/SSAFY/Desktop/catkin_ws/install/ssafy_msgs/include/ssafy_msgs/msg/enviroment_status__rosidl_typesupport_connext_cpp.hpp
[6.266s] -- Up-to-date: C:/Users/SSAFY/Desktop/catkin_ws/install/ssafy_msgs/include/ssafy_msgs/msg/hand_control__rosidl_typesupport_connext_cpp.hpp
[6.266s] -- Up-to-date: C:/Users/SSAFY/Desktop/catkin_ws/install/ssafy_msgs/include/ssafy_msgs/msg/num__rosidl_typesupport_connext_cpp.hpp
[6.266s] -- Up-to-date: C:/Users/SSAFY/Desktop/catkin_ws/install/ssafy_msgs/include/ssafy_msgs/msg/object_info__rosidl_typesupport_connext_cpp.hpp
[6.266s] -- Up-to-date: C:/Users/SSAFY/Desktop/catkin_ws/install/ssafy_msgs/include/ssafy_msgs/msg/rosidl_typesupport_connext_cpp__visibility_control.h
[6.282s] -- Up-to-date: C:/Users/SSAFY/Desktop/catkin_ws/install/ssafy_msgs/include/ssafy_msgs/msg/turtlebot_status__rosidl_typesupport_connext_cpp.hpp
[6.282s] -- Up-to-date: C:/Users/SSAFY/Desktop/catkin_ws/install/ssafy_msgs/lib/ssafy_msgs__rosidl_typesupport_connext_cpp.lib
[6.313s] -- Up-to-date: C:/Users/SSAFY/Desktop/catkin_ws/install/ssafy_msgs/bin/ssafy_msgs__rosidl_typesupport_connext_cpp.dll
[6.313s] -- Up-to-date: C:/Users/SSAFY/Desktop/catkin_ws/install/ssafy_msgs/include/ssafy_msgs
[6.313s] -- Up-to-date: C:/Users/SSAFY/Desktop/catkin_ws/install/ssafy_msgs/include/ssafy_msgs/msg
[6.313s] -- Up-to-date: C:/Users/SSAFY/Desktop/catkin_ws/install/ssafy_msgs/include/ssafy_msgs/msg/b_box.hpp
[6.313s] -- Up-to-date: C:/Users/SSAFY/Desktop/catkin_ws/install/ssafy_msgs/include/ssafy_msgs/msg/b_box__struct.hpp
[6.313s] -- Up-to-date: C:/Users/SSAFY/Desktop/catkin_ws/install/ssafy_msgs/include/ssafy_msgs/msg/b_box__traits.hpp
[6.313s] -- Up-to-date: C:/Users/SSAFY/Desktop/catkin_ws/install/ssafy_msgs/include/ssafy_msgs/msg/custom_object_info.hpp
[6.328s] -- Up-to-date: C:/Users/SSAFY/Desktop/catkin_ws/install/ssafy_msgs/include/ssafy_msgs/msg/custom_object_info__struct.hpp
[6.328s] -- Up-to-date: C:/Users/SSAFY/Desktop/catkin_ws/install/ssafy_msgs/include/ssafy_msgs/msg/custom_object_info__traits.hpp
[6.328s] -- Up-to-date: C:/Users/SSAFY/Desktop/catkin_ws/install/ssafy_msgs/include/ssafy_msgs/msg/enviroment_status.hpp
[6.328s] -- Up-to-date: C:/Users/SSAFY/Desktop/catkin_ws/install/ssafy_msgs/include/ssafy_msgs/msg/enviroment_status__struct.hpp
[6.328s] -- Up-to-date: C:/Users/SSAFY/Desktop/catkin_ws/install/ssafy_msgs/include/ssafy_msgs/msg/enviroment_status__traits.hpp
[6.344s] -- Up-to-date: C:/Users/SSAFY/Desktop/catkin_ws/install/ssafy_msgs/include/ssafy_msgs/msg/hand_control.hpp
[6.344s] -- Up-to-date: C:/Users/SSAFY/Desktop/catkin_ws/install/ssafy_msgs/include/ssafy_msgs/msg/hand_control__struct.hpp
[6.344s] -- Up-to-date: C:/Users/SSAFY/Desktop/catkin_ws/install/ssafy_msgs/include/ssafy_msgs/msg/hand_control__traits.hpp
[6.344s] -- Up-to-date: C:/Users/SSAFY/Desktop/catkin_ws/install/ssafy_msgs/include/ssafy_msgs/msg/num.hpp
[6.344s] -- Up-to-date: C:/Users/SSAFY/Desktop/catkin_ws/install/ssafy_msgs/include/ssafy_msgs/msg/num__struct.hpp
[6.360s] -- Up-to-date: C:/Users/SSAFY/Desktop/catkin_ws/install/ssafy_msgs/include/ssafy_msgs/msg/num__traits.hpp
[6.360s] -- Up-to-date: C:/Users/SSAFY/Desktop/catkin_ws/install/ssafy_msgs/include/ssafy_msgs/msg/object_info.hpp
[6.360s] -- Up-to-date: C:/Users/SSAFY/Desktop/catkin_ws/install/ssafy_msgs/include/ssafy_msgs/msg/object_info__struct.hpp
[6.360s] -- Up-to-date: C:/Users/SSAFY/Desktop/catkin_ws/install/ssafy_msgs/include/ssafy_msgs/msg/object_info__traits.hpp
[6.360s] -- Up-to-date: C:/Users/SSAFY/Desktop/catkin_ws/install/ssafy_msgs/include/ssafy_msgs/msg/turtlebot_status.hpp
[6.375s] -- Up-to-date: C:/Users/SSAFY/Desktop/catkin_ws/install/ssafy_msgs/include/ssafy_msgs/msg/turtlebot_status__struct.hpp
[6.375s] -- Up-to-date: C:/Users/SSAFY/Desktop/catkin_ws/install/ssafy_msgs/include/ssafy_msgs/msg/turtlebot_status__traits.hpp
[6.375s] -- Up-to-date: C:/Users/SSAFY/Desktop/catkin_ws/install/ssafy_msgs/include/ssafy_msgs
[6.375s] -- Up-to-date: C:/Users/SSAFY/Desktop/catkin_ws/install/ssafy_msgs/include/ssafy_msgs/msg
[6.375s] -- Up-to-date: C:/Users/SSAFY/Desktop/catkin_ws/install/ssafy_msgs/include/ssafy_msgs/msg/b_box__rosidl_typesupport_fastrtps_c.h
[6.375s] -- Up-to-date: C:/Users/SSAFY/Desktop/catkin_ws/install/ssafy_msgs/include/ssafy_msgs/msg/custom_object_info__rosidl_typesupport_fastrtps_c.h
[6.375s] -- Up-to-date: C:/Users/SSAFY/Desktop/catkin_ws/install/ssafy_msgs/include/ssafy_msgs/msg/enviroment_status__rosidl_typesupport_fastrtps_c.h
[6.391s] -- Up-to-date: C:/Users/SSAFY/Desktop/catkin_ws/install/ssafy_msgs/include/ssafy_msgs/msg/hand_control__rosidl_typesupport_fastrtps_c.h
[6.391s] -- Up-to-date: C:/Users/SSAFY/Desktop/catkin_ws/install/ssafy_msgs/include/ssafy_msgs/msg/num__rosidl_typesupport_fastrtps_c.h
[6.391s] -- Up-to-date: C:/Users/SSAFY/Desktop/catkin_ws/install/ssafy_msgs/include/ssafy_msgs/msg/object_info__rosidl_typesupport_fastrtps_c.h
[6.391s] -- Up-to-date: C:/Users/SSAFY/Desktop/catkin_ws/install/ssafy_msgs/include/ssafy_msgs/msg/rosidl_typesupport_fastrtps_c__visibility_control.h
[6.391s] -- Up-to-date: C:/Users/SSAFY/Desktop/catkin_ws/install/ssafy_msgs/include/ssafy_msgs/msg/turtlebot_status__rosidl_typesupport_fastrtps_c.h
[6.391s] -- Up-to-date: C:/Users/SSAFY/Desktop/catkin_ws/install/ssafy_msgs/lib/ssafy_msgs__rosidl_typesupport_fastrtps_c.lib
[6.422s] -- Up-to-date: C:/Users/SSAFY/Desktop/catkin_ws/install/ssafy_msgs/bin/ssafy_msgs__rosidl_typesupport_fastrtps_c.dll
[6.422s] -- Up-to-date: C:/Users/SSAFY/Desktop/catkin_ws/install/ssafy_msgs/include/ssafy_msgs
[6.422s] -- Up-to-date: C:/Users/SSAFY/Desktop/catkin_ws/install/ssafy_msgs/include/ssafy_msgs/msg
[6.422s] -- Up-to-date: C:/Users/SSAFY/Desktop/catkin_ws/install/ssafy_msgs/include/ssafy_msgs/msg/b_box__rosidl_typesupport_fastrtps_cpp.hpp
[6.438s] -- Up-to-date: C:/Users/SSAFY/Desktop/catkin_ws/install/ssafy_msgs/include/ssafy_msgs/msg/custom_object_info__rosidl_typesupport_fastrtps_cpp.hpp
[6.438s] -- Up-to-date: C:/Users/SSAFY/Desktop/catkin_ws/install/ssafy_msgs/include/ssafy_msgs/msg/dds_fastrtps
[6.438s] -- Up-to-date: C:/Users/SSAFY/Desktop/catkin_ws/install/ssafy_msgs/include/ssafy_msgs/msg/enviroment_status__rosidl_typesupport_fastrtps_cpp.hpp
[6.438s] -- Up-to-date: C:/Users/SSAFY/Desktop/catkin_ws/install/ssafy_msgs/include/ssafy_msgs/msg/hand_control__rosidl_typesupport_fastrtps_cpp.hpp
[6.453s] -- Up-to-date: C:/Users/SSAFY/Desktop/catkin_ws/install/ssafy_msgs/include/ssafy_msgs/msg/num__rosidl_typesupport_fastrtps_cpp.hpp
[6.453s] -- Up-to-date: C:/Users/SSAFY/Desktop/catkin_ws/install/ssafy_msgs/include/ssafy_msgs/msg/object_info__rosidl_typesupport_fastrtps_cpp.hpp
[6.453s] -- Up-to-date: C:/Users/SSAFY/Desktop/catkin_ws/install/ssafy_msgs/include/ssafy_msgs/msg/rosidl_typesupport_fastrtps_cpp__visibility_control.h
[6.453s] -- Up-to-date: C:/Users/SSAFY/Desktop/catkin_ws/install/ssafy_msgs/include/ssafy_msgs/msg/turtlebot_status__rosidl_typesupport_fastrtps_cpp.hpp
[6.469s] -- Up-to-date: C:/Users/SSAFY/Desktop/catkin_ws/install/ssafy_msgs/lib/ssafy_msgs__rosidl_typesupport_fastrtps_cpp.lib
[6.485s] -- Up-to-date: C:/Users/SSAFY/Desktop/catkin_ws/install/ssafy_msgs/bin/ssafy_msgs__rosidl_typesupport_fastrtps_cpp.dll
[6.485s] -- Up-to-date: C:/Users/SSAFY/Desktop/catkin_ws/install/ssafy_msgs/include/ssafy_msgs
[6.485s] -- Up-to-date: C:/Users/SSAFY/Desktop/catkin_ws/install/ssafy_msgs/include/ssafy_msgs/msg
[6.500s] -- Up-to-date: C:/Users/SSAFY/Desktop/catkin_ws/install/ssafy_msgs/include/ssafy_msgs/msg/b_box__rosidl_typesupport_introspection_c.h
[6.500s] -- Up-to-date: C:/Users/SSAFY/Desktop/catkin_ws/install/ssafy_msgs/include/ssafy_msgs/msg/b_box__type_support.c
[6.500s] -- Up-to-date: C:/Users/SSAFY/Desktop/catkin_ws/install/ssafy_msgs/include/ssafy_msgs/msg/custom_object_info__rosidl_typesupport_introspection_c.h
[6.516s] -- Up-to-date: C:/Users/SSAFY/Desktop/catkin_ws/install/ssafy_msgs/include/ssafy_msgs/msg/custom_object_info__type_support.c
[6.516s] -- Up-to-date: C:/Users/SSAFY/Desktop/catkin_ws/install/ssafy_msgs/include/ssafy_msgs/msg/enviroment_status__rosidl_typesupport_introspection_c.h
[6.516s] -- Up-to-date: C:/Users/SSAFY/Desktop/catkin_ws/install/ssafy_msgs/include/ssafy_msgs/msg/enviroment_status__type_support.c
[6.516s] -- Up-to-date: C:/Users/SSAFY/Desktop/catkin_ws/install/ssafy_msgs/include/ssafy_msgs/msg/hand_control__rosidl_typesupport_introspection_c.h
[6.532s] -- Up-to-date: C:/Users/SSAFY/Desktop/catkin_ws/install/ssafy_msgs/include/ssafy_msgs/msg/hand_control__type_support.c
[6.532s] -- Up-to-date: C:/Users/SSAFY/Desktop/catkin_ws/install/ssafy_msgs/include/ssafy_msgs/msg/num__rosidl_typesupport_introspection_c.h
[6.547s] -- Up-to-date: C:/Users/SSAFY/Desktop/catkin_ws/install/ssafy_msgs/include/ssafy_msgs/msg/num__type_support.c
[6.547s] -- Up-to-date: C:/Users/SSAFY/Desktop/catkin_ws/install/ssafy_msgs/include/ssafy_msgs/msg/object_info__rosidl_typesupport_introspection_c.h
[6.547s] -- Up-to-date: C:/Users/SSAFY/Desktop/catkin_ws/install/ssafy_msgs/include/ssafy_msgs/msg/object_info__type_support.c
[6.547s] -- Up-to-date: C:/Users/SSAFY/Desktop/catkin_ws/install/ssafy_msgs/include/ssafy_msgs/msg/rosidl_typesupport_introspection_c__visibility_control.h
[6.547s] -- Up-to-date: C:/Users/SSAFY/Desktop/catkin_ws/install/ssafy_msgs/include/ssafy_msgs/msg/turtlebot_status__rosidl_typesupport_introspection_c.h
[6.563s] -- Up-to-date: C:/Users/SSAFY/Desktop/catkin_ws/install/ssafy_msgs/include/ssafy_msgs/msg/turtlebot_status__type_support.c
[6.563s] -- Up-to-date: C:/Users/SSAFY/Desktop/catkin_ws/install/ssafy_msgs/lib/ssafy_msgs__rosidl_typesupport_introspection_c.lib
[6.578s] -- Up-to-date: C:/Users/SSAFY/Desktop/catkin_ws/install/ssafy_msgs/bin/ssafy_msgs__rosidl_typesupport_introspection_c.dll
[6.594s] -- Up-to-date: C:/Users/SSAFY/Desktop/catkin_ws/install/ssafy_msgs/include/ssafy_msgs
[6.594s] -- Up-to-date: C:/Users/SSAFY/Desktop/catkin_ws/install/ssafy_msgs/include/ssafy_msgs/msg
[6.594s] -- Up-to-date: C:/Users/SSAFY/Desktop/catkin_ws/install/ssafy_msgs/include/ssafy_msgs/msg/b_box__rosidl_typesupport_opensplice_c.h
[6.594s] -- Up-to-date: C:/Users/SSAFY/Desktop/catkin_ws/install/ssafy_msgs/include/ssafy_msgs/msg/custom_object_info__rosidl_typesupport_opensplice_c.h
[6.594s] -- Up-to-date: C:/Users/SSAFY/Desktop/catkin_ws/install/ssafy_msgs/include/ssafy_msgs/msg/dds_opensplice_c
[6.594s] -- Up-to-date: C:/Users/SSAFY/Desktop/catkin_ws/install/ssafy_msgs/include/ssafy_msgs/msg/enviroment_status__rosidl_typesupport_opensplice_c.h
[6.594s] -- Up-to-date: C:/Users/SSAFY/Desktop/catkin_ws/install/ssafy_msgs/include/ssafy_msgs/msg/hand_control__rosidl_typesupport_opensplice_c.h
[6.610s] -- Up-to-date: C:/Users/SSAFY/Desktop/catkin_ws/install/ssafy_msgs/include/ssafy_msgs/msg/num__rosidl_typesupport_opensplice_c.h
[6.610s] -- Up-to-date: C:/Users/SSAFY/Desktop/catkin_ws/install/ssafy_msgs/include/ssafy_msgs/msg/object_info__rosidl_typesupport_opensplice_c.h
[6.610s] -- Up-to-date: C:/Users/SSAFY/Desktop/catkin_ws/install/ssafy_msgs/include/ssafy_msgs/msg/rosidl_typesupport_opensplice_c__visibility_control.h
[6.610s] -- Up-to-date: C:/Users/SSAFY/Desktop/catkin_ws/install/ssafy_msgs/include/ssafy_msgs/msg/turtlebot_status__rosidl_typesupport_opensplice_c.h
[6.610s] -- Up-to-date: C:/Users/SSAFY/Desktop/catkin_ws/install/ssafy_msgs/lib/ssafy_msgs__rosidl_typesupport_opensplice_c.lib
[6.641s] -- Up-to-date: C:/Users/SSAFY/Desktop/catkin_ws/install/ssafy_msgs/bin/ssafy_msgs__rosidl_typesupport_opensplice_c.dll
[6.641s] -- Up-to-date: C:/Users/SSAFY/Desktop/catkin_ws/install/ssafy_msgs/share/ssafy_msgs/msg/dds_opensplice
[6.641s] -- Up-to-date: C:/Users/SSAFY/Desktop/catkin_ws/install/ssafy_msgs/share/ssafy_msgs/msg/dds_opensplice/BBox_.idl
[6.641s] -- Up-to-date: C:/Users/SSAFY/Desktop/catkin_ws/install/ssafy_msgs/share/ssafy_msgs/msg/dds_opensplice/CustomObjectInfo_.idl
[6.641s] -- Up-to-date: C:/Users/SSAFY/Desktop/catkin_ws/install/ssafy_msgs/share/ssafy_msgs/msg/dds_opensplice/EnviromentStatus_.idl
[6.641s] -- Up-to-date: C:/Users/SSAFY/Desktop/catkin_ws/install/ssafy_msgs/share/ssafy_msgs/msg/dds_opensplice/HandControl_.idl
[6.657s] -- Up-to-date: C:/Users/SSAFY/Desktop/catkin_ws/install/ssafy_msgs/share/ssafy_msgs/msg/dds_opensplice/Num_.idl
[6.657s] -- Up-to-date: C:/Users/SSAFY/Desktop/catkin_ws/install/ssafy_msgs/share/ssafy_msgs/msg/dds_opensplice/ObjectInfo_.idl
[6.657s] -- Up-to-date: C:/Users/SSAFY/Desktop/catkin_ws/install/ssafy_msgs/share/ssafy_msgs/msg/dds_opensplice/TurtlebotStatus_.idl
[6.657s] -- Up-to-date: C:/Users/SSAFY/Desktop/catkin_ws/install/ssafy_msgs/include/ssafy_msgs
[6.657s] -- Up-to-date: C:/Users/SSAFY/Desktop/catkin_ws/install/ssafy_msgs/include/ssafy_msgs/msg
[6.657s] -- Up-to-date: C:/Users/SSAFY/Desktop/catkin_ws/install/ssafy_msgs/include/ssafy_msgs/msg/b_box__rosidl_typesupport_opensplice_cpp.hpp
[6.672s] -- Up-to-date: C:/Users/SSAFY/Desktop/catkin_ws/install/ssafy_msgs/include/ssafy_msgs/msg/custom_object_info__rosidl_typesupport_opensplice_cpp.hpp
[6.672s] -- Up-to-date: C:/Users/SSAFY/Desktop/catkin_ws/install/ssafy_msgs/include/ssafy_msgs/msg/dds_opensplice
[6.672s] -- Up-to-date: C:/Users/SSAFY/Desktop/catkin_ws/install/ssafy_msgs/include/ssafy_msgs/msg/dds_opensplice/BBox_.h
[6.672s] -- Up-to-date: C:/Users/SSAFY/Desktop/catkin_ws/install/ssafy_msgs/include/ssafy_msgs/msg/dds_opensplice/BBox_Dcps.h
[6.672s] -- Up-to-date: C:/Users/SSAFY/Desktop/catkin_ws/install/ssafy_msgs/include/ssafy_msgs/msg/dds_opensplice/BBox_Dcps_impl.h
[6.688s] -- Up-to-date: C:/Users/SSAFY/Desktop/catkin_ws/install/ssafy_msgs/include/ssafy_msgs/msg/dds_opensplice/BBox_SplDcps.h
[6.688s] -- Up-to-date: C:/Users/SSAFY/Desktop/catkin_ws/install/ssafy_msgs/include/ssafy_msgs/msg/dds_opensplice/ccpp_BBox_.h
[6.688s] -- Up-to-date: C:/Users/SSAFY/Desktop/catkin_ws/install/ssafy_msgs/include/ssafy_msgs/msg/dds_opensplice/ccpp_CustomObjectInfo_.h
[6.688s] -- Up-to-date: C:/Users/SSAFY/Desktop/catkin_ws/install/ssafy_msgs/include/ssafy_msgs/msg/dds_opensplice/ccpp_EnviromentStatus_.h
[6.688s] -- Up-to-date: C:/Users/SSAFY/Desktop/catkin_ws/install/ssafy_msgs/include/ssafy_msgs/msg/dds_opensplice/ccpp_HandControl_.h
[6.688s] -- Up-to-date: C:/Users/SSAFY/Desktop/catkin_ws/install/ssafy_msgs/include/ssafy_msgs/msg/dds_opensplice/ccpp_Num_.h
[6.688s] -- Up-to-date: C:/Users/SSAFY/Desktop/catkin_ws/install/ssafy_msgs/include/ssafy_msgs/msg/dds_opensplice/ccpp_ObjectInfo_.h
[6.688s] -- Up-to-date: C:/Users/SSAFY/Desktop/catkin_ws/install/ssafy_msgs/include/ssafy_msgs/msg/dds_opensplice/ccpp_TurtlebotStatus_.h
[6.688s] -- Up-to-date: C:/Users/SSAFY/Desktop/catkin_ws/install/ssafy_msgs/include/ssafy_msgs/msg/dds_opensplice/CustomObjectInfo_.h
[6.703s] -- Up-to-date: C:/Users/SSAFY/Desktop/catkin_ws/install/ssafy_msgs/include/ssafy_msgs/msg/dds_opensplice/CustomObjectInfo_Dcps.h
[6.703s] -- Up-to-date: C:/Users/SSAFY/Desktop/catkin_ws/install/ssafy_msgs/include/ssafy_msgs/msg/dds_opensplice/CustomObjectInfo_Dcps_impl.h
[6.703s] -- Up-to-date: C:/Users/SSAFY/Desktop/catkin_ws/install/ssafy_msgs/include/ssafy_msgs/msg/dds_opensplice/CustomObjectInfo_SplDcps.h
[6.703s] -- Up-to-date: C:/Users/SSAFY/Desktop/catkin_ws/install/ssafy_msgs/include/ssafy_msgs/msg/dds_opensplice/EnviromentStatus_.h
[6.703s] -- Up-to-date: C:/Users/SSAFY/Desktop/catkin_ws/install/ssafy_msgs/include/ssafy_msgs/msg/dds_opensplice/EnviromentStatus_Dcps.h
[6.719s] -- Up-to-date: C:/Users/SSAFY/Desktop/catkin_ws/install/ssafy_msgs/include/ssafy_msgs/msg/dds_opensplice/EnviromentStatus_Dcps_impl.h
[6.719s] -- Up-to-date: C:/Users/SSAFY/Desktop/catkin_ws/install/ssafy_msgs/include/ssafy_msgs/msg/dds_opensplice/EnviromentStatus_SplDcps.h
[6.719s] -- Up-to-date: C:/Users/SSAFY/Desktop/catkin_ws/install/ssafy_msgs/include/ssafy_msgs/msg/dds_opensplice/HandControl_.h
[6.719s] -- Up-to-date: C:/Users/SSAFY/Desktop/catkin_ws/install/ssafy_msgs/include/ssafy_msgs/msg/dds_opensplice/HandControl_Dcps.h
[6.719s] -- Up-to-date: C:/Users/SSAFY/Desktop/catkin_ws/install/ssafy_msgs/include/ssafy_msgs/msg/dds_opensplice/HandControl_Dcps_impl.h
[6.735s] -- Up-to-date: C:/Users/SSAFY/Desktop/catkin_ws/install/ssafy_msgs/include/ssafy_msgs/msg/dds_opensplice/HandControl_SplDcps.h
[6.735s] -- Up-to-date: C:/Users/SSAFY/Desktop/catkin_ws/install/ssafy_msgs/include/ssafy_msgs/msg/dds_opensplice/Num_.h
[6.735s] -- Up-to-date: C:/Users/SSAFY/Desktop/catkin_ws/install/ssafy_msgs/include/ssafy_msgs/msg/dds_opensplice/Num_Dcps.h
[6.735s] -- Up-to-date: C:/Users/SSAFY/Desktop/catkin_ws/install/ssafy_msgs/include/ssafy_msgs/msg/dds_opensplice/Num_Dcps_impl.h
[6.735s] -- Up-to-date: C:/Users/SSAFY/Desktop/catkin_ws/install/ssafy_msgs/include/ssafy_msgs/msg/dds_opensplice/Num_SplDcps.h
[6.735s] -- Up-to-date: C:/Users/SSAFY/Desktop/catkin_ws/install/ssafy_msgs/include/ssafy_msgs/msg/dds_opensplice/ObjectInfo_.h
[6.735s] -- Up-to-date: C:/Users/SSAFY/Desktop/catkin_ws/install/ssafy_msgs/include/ssafy_msgs/msg/dds_opensplice/ObjectInfo_Dcps.h
[6.750s] -- Up-to-date: C:/Users/SSAFY/Desktop/catkin_ws/install/ssafy_msgs/include/ssafy_msgs/msg/dds_opensplice/ObjectInfo_Dcps_impl.h
[6.750s] -- Up-to-date: C:/Users/SSAFY/Desktop/catkin_ws/install/ssafy_msgs/include/ssafy_msgs/msg/dds_opensplice/ObjectInfo_SplDcps.h
[6.750s] -- Up-to-date: C:/Users/SSAFY/Desktop/catkin_ws/install/ssafy_msgs/include/ssafy_msgs/msg/dds_opensplice/TurtlebotStatus_.h
[6.750s] -- Up-to-date: C:/Users/SSAFY/Desktop/catkin_ws/install/ssafy_msgs/include/ssafy_msgs/msg/dds_opensplice/TurtlebotStatus_Dcps.h
[6.750s] -- Up-to-date: C:/Users/SSAFY/Desktop/catkin_ws/install/ssafy_msgs/include/ssafy_msgs/msg/dds_opensplice/TurtlebotStatus_Dcps_impl.h
[6.750s] -- Up-to-date: C:/Users/SSAFY/Desktop/catkin_ws/install/ssafy_msgs/include/ssafy_msgs/msg/dds_opensplice/TurtlebotStatus_SplDcps.h
[6.766s] -- Up-to-date: C:/Users/SSAFY/Desktop/catkin_ws/install/ssafy_msgs/include/ssafy_msgs/msg/enviroment_status__rosidl_typesupport_opensplice_cpp.hpp
[6.766s] -- Up-to-date: C:/Users/SSAFY/Desktop/catkin_ws/install/ssafy_msgs/include/ssafy_msgs/msg/hand_control__rosidl_typesupport_opensplice_cpp.hpp
[6.766s] -- Up-to-date: C:/Users/SSAFY/Desktop/catkin_ws/install/ssafy_msgs/include/ssafy_msgs/msg/num__rosidl_typesupport_opensplice_cpp.hpp
[6.782s] -- Up-to-date: C:/Users/SSAFY/Desktop/catkin_ws/install/ssafy_msgs/include/ssafy_msgs/msg/object_info__rosidl_typesupport_opensplice_cpp.hpp
[6.782s] -- Up-to-date: C:/Users/SSAFY/Desktop/catkin_ws/install/ssafy_msgs/include/ssafy_msgs/msg/rosidl_typesupport_opensplice_cpp__visibility_control.h
[6.782s] -- Up-to-date: C:/Users/SSAFY/Desktop/catkin_ws/install/ssafy_msgs/include/ssafy_msgs/msg/turtlebot_status__rosidl_typesupport_opensplice_cpp.hpp
[6.782s] -- Up-to-date: C:/Users/SSAFY/Desktop/catkin_ws/install/ssafy_msgs/lib/ssafy_msgs__rosidl_typesupport_opensplice_cpp.lib
[6.813s] -- Up-to-date: C:/Users/SSAFY/Desktop/catkin_ws/install/ssafy_msgs/bin/ssafy_msgs__rosidl_typesupport_opensplice_cpp.dll
[6.813s] -- Up-to-date: C:/Users/SSAFY/Desktop/catkin_ws/install/ssafy_msgs/include/ssafy_msgs
[6.813s] -- Up-to-date: C:/Users/SSAFY/Desktop/catkin_ws/install/ssafy_msgs/include/ssafy_msgs/msg
[6.813s] -- Up-to-date: C:/Users/SSAFY/Desktop/catkin_ws/install/ssafy_msgs/include/ssafy_msgs/msg/b_box__rosidl_typesupport_introspection_cpp.hpp
[6.828s] -- Up-to-date: C:/Users/SSAFY/Desktop/catkin_ws/install/ssafy_msgs/include/ssafy_msgs/msg/b_box__type_support.cpp
[6.828s] -- Up-to-date: C:/Users/SSAFY/Desktop/catkin_ws/install/ssafy_msgs/include/ssafy_msgs/msg/custom_object_info__rosidl_typesupport_introspection_cpp.hpp
[6.828s] -- Up-to-date: C:/Users/SSAFY/Desktop/catkin_ws/install/ssafy_msgs/include/ssafy_msgs/msg/custom_object_info__type_support.cpp
[6.844s] -- Up-to-date: C:/Users/SSAFY/Desktop/catkin_ws/install/ssafy_msgs/include/ssafy_msgs/msg/enviroment_status__rosidl_typesupport_introspection_cpp.hpp
[6.844s] -- Up-to-date: C:/Users/SSAFY/Desktop/catkin_ws/install/ssafy_msgs/include/ssafy_msgs/msg/enviroment_status__type_support.cpp
[6.844s] -- Up-to-date: C:/Users/SSAFY/Desktop/catkin_ws/install/ssafy_msgs/include/ssafy_msgs/msg/hand_control__rosidl_typesupport_introspection_cpp.hpp
[6.860s] -- Up-to-date: C:/Users/SSAFY/Desktop/catkin_ws/install/ssafy_msgs/include/ssafy_msgs/msg/hand_control__type_support.cpp
[6.860s] -- Up-to-date: C:/Users/SSAFY/Desktop/catkin_ws/install/ssafy_msgs/include/ssafy_msgs/msg/num__rosidl_typesupport_introspection_cpp.hpp
[6.860s] -- Up-to-date: C:/Users/SSAFY/Desktop/catkin_ws/install/ssafy_msgs/include/ssafy_msgs/msg/num__type_support.cpp
[6.860s] -- Up-to-date: C:/Users/SSAFY/Desktop/catkin_ws/install/ssafy_msgs/include/ssafy_msgs/msg/object_info__rosidl_typesupport_introspection_cpp.hpp
[6.875s] -- Up-to-date: C:/Users/SSAFY/Desktop/catkin_ws/install/ssafy_msgs/include/ssafy_msgs/msg/object_info__type_support.cpp
[6.875s] -- Up-to-date: C:/Users/SSAFY/Desktop/catkin_ws/install/ssafy_msgs/include/ssafy_msgs/msg/turtlebot_status__rosidl_typesupport_introspection_cpp.hpp
[6.875s] -- Up-to-date: C:/Users/SSAFY/Desktop/catkin_ws/install/ssafy_msgs/include/ssafy_msgs/msg/turtlebot_status__type_support.cpp
[6.891s] -- Up-to-date: C:/Users/SSAFY/Desktop/catkin_ws/install/ssafy_msgs/lib/ssafy_msgs__rosidl_typesupport_introspection_cpp.lib
[6.907s] -- Up-to-date: C:/Users/SSAFY/Desktop/catkin_ws/install/ssafy_msgs/bin/ssafy_msgs__rosidl_typesupport_introspection_cpp.dll
[6.922s] -- Up-to-date: C:/Users/SSAFY/Desktop/catkin_ws/install/ssafy_msgs/share/ssafy_msgs/environment/pythonpath.bat
[6.922s] -- Up-to-date: C:/Users/SSAFY/Desktop/catkin_ws/install/ssafy_msgs/share/ssafy_msgs/environment/pythonpath.dsv
[6.922s] -- Up-to-date: C:/Users/SSAFY/Desktop/catkin_ws/install/ssafy_msgs/Lib/site-packages/ssafy_msgs/__init__.py
[6.985s] -- Up-to-date: C:/Users/SSAFY/Desktop/catkin_ws/install/ssafy_msgs/Lib/site-packages/ssafy_msgs/msg
[6.985s] -- Up-to-date: C:/Users/SSAFY/Desktop/catkin_ws/install/ssafy_msgs/Lib/site-packages/ssafy_msgs/msg/_b_box.py
[6.985s] -- Up-to-date: C:/Users/SSAFY/Desktop/catkin_ws/install/ssafy_msgs/Lib/site-packages/ssafy_msgs/msg/_b_box_s.c
[7.000s] -- Up-to-date: C:/Users/SSAFY/Desktop/catkin_ws/install/ssafy_msgs/Lib/site-packages/ssafy_msgs/msg/_custom_object_info.py
[7.000s] -- Up-to-date: C:/Users/SSAFY/Desktop/catkin_ws/install/ssafy_msgs/Lib/site-packages/ssafy_msgs/msg/_custom_object_info_s.c
[7.000s] -- Up-to-date: C:/Users/SSAFY/Desktop/catkin_ws/install/ssafy_msgs/Lib/site-packages/ssafy_msgs/msg/_enviroment_status.py
[7.016s] -- Up-to-date: C:/Users/SSAFY/Desktop/catkin_ws/install/ssafy_msgs/Lib/site-packages/ssafy_msgs/msg/_enviroment_status_s.c
[7.016s] -- Up-to-date: C:/Users/SSAFY/Desktop/catkin_ws/install/ssafy_msgs/Lib/site-packages/ssafy_msgs/msg/_hand_control.py
[7.016s] -- Up-to-date: C:/Users/SSAFY/Desktop/catkin_ws/install/ssafy_msgs/Lib/site-packages/ssafy_msgs/msg/_hand_control_s.c
[7.032s] -- Up-to-date: C:/Users/SSAFY/Desktop/catkin_ws/install/ssafy_msgs/Lib/site-packages/ssafy_msgs/msg/_num.py
[7.032s] -- Up-to-date: C:/Users/SSAFY/Desktop/catkin_ws/install/ssafy_msgs/Lib/site-packages/ssafy_msgs/msg/_num_s.c
[7.032s] -- Up-to-date: C:/Users/SSAFY/Desktop/catkin_ws/install/ssafy_msgs/Lib/site-packages/ssafy_msgs/msg/_object_info.py
[7.047s] -- Up-to-date: C:/Users/SSAFY/Desktop/catkin_ws/install/ssafy_msgs/Lib/site-packages/ssafy_msgs/msg/_object_info_s.c
[7.047s] -- Up-to-date: C:/Users/SSAFY/Desktop/catkin_ws/install/ssafy_msgs/Lib/site-packages/ssafy_msgs/msg/_turtlebot_status.py
[7.063s] -- Up-to-date: C:/Users/SSAFY/Desktop/catkin_ws/install/ssafy_msgs/Lib/site-packages/ssafy_msgs/msg/_turtlebot_status_s.c
[7.063s] -- Up-to-date: C:/Users/SSAFY/Desktop/catkin_ws/install/ssafy_msgs/Lib/site-packages/ssafy_msgs/msg/__init__.py
[7.063s] -- Up-to-date: C:/Users/SSAFY/Desktop/catkin_ws/install/ssafy_msgs/Lib/site-packages/ssafy_msgs/ssafy_msgs_s__rosidl_typesupport_c.lib
[7.094s] -- Up-to-date: C:/Users/SSAFY/Desktop/catkin_ws/install/ssafy_msgs/Lib/site-packages/ssafy_msgs/ssafy_msgs_s__rosidl_typesupport_c.pyd
[7.094s] -- Up-to-date: C:/Users/SSAFY/Desktop/catkin_ws/install/ssafy_msgs/Lib/site-packages/ssafy_msgs/ssafy_msgs_s__rosidl_typesupport_connext_c.lib
[7.125s] -- Up-to-date: C:/Users/SSAFY/Desktop/catkin_ws/install/ssafy_msgs/Lib/site-packages/ssafy_msgs/ssafy_msgs_s__rosidl_typesupport_connext_c.pyd
[7.125s] -- Up-to-date: C:/Users/SSAFY/Desktop/catkin_ws/install/ssafy_msgs/Lib/site-packages/ssafy_msgs/ssafy_msgs_s__rosidl_typesupport_introspection_c.lib
[7.141s] -- Up-to-date: C:/Users/SSAFY/Desktop/catkin_ws/install/ssafy_msgs/Lib/site-packages/ssafy_msgs/ssafy_msgs_s__rosidl_typesupport_introspection_c.pyd
[7.141s] -- Up-to-date: C:/Users/SSAFY/Desktop/catkin_ws/install/ssafy_msgs/Lib/site-packages/ssafy_msgs/ssafy_msgs_s__rosidl_typesupport_fastrtps_c.lib
[7.172s] -- Up-to-date: C:/Users/SSAFY/Desktop/catkin_ws/install/ssafy_msgs/Lib/site-packages/ssafy_msgs/ssafy_msgs_s__rosidl_typesupport_fastrtps_c.pyd
[7.172s] -- Up-to-date: C:/Users/SSAFY/Desktop/catkin_ws/install/ssafy_msgs/Lib/site-packages/ssafy_msgs/ssafy_msgs_s__rosidl_typesupport_opensplice_c.lib
[7.203s] -- Up-to-date: C:/Users/SSAFY/Desktop/catkin_ws/install/ssafy_msgs/Lib/site-packages/ssafy_msgs/ssafy_msgs_s__rosidl_typesupport_opensplice_c.pyd
[7.203s] -- Up-to-date: C:/Users/SSAFY/Desktop/catkin_ws/install/ssafy_msgs/lib/ssafy_msgs__python.lib
[7.235s] -- Up-to-date: C:/Users/SSAFY/Desktop/catkin_ws/install/ssafy_msgs/bin/ssafy_msgs__python.dll
[7.235s] -- Up-to-date: C:/Users/SSAFY/Desktop/catkin_ws/install/ssafy_msgs/share/ssafy_msgs/msg/Num.idl
[7.235s] -- Up-to-date: C:/Users/SSAFY/Desktop/catkin_ws/install/ssafy_msgs/share/ssafy_msgs/msg/EnviromentStatus.idl
[7.235s] -- Up-to-date: C:/Users/SSAFY/Desktop/catkin_ws/install/ssafy_msgs/share/ssafy_msgs/msg/TurtlebotStatus.idl
[7.235s] -- Up-to-date: C:/Users/SSAFY/Desktop/catkin_ws/install/ssafy_msgs/share/ssafy_msgs/msg/BBox.idl
[7.235s] -- Up-to-date: C:/Users/SSAFY/Desktop/catkin_ws/install/ssafy_msgs/share/ssafy_msgs/msg/ObjectInfo.idl
[7.235s] -- Up-to-date: C:/Users/SSAFY/Desktop/catkin_ws/install/ssafy_msgs/share/ssafy_msgs/msg/HandControl.idl
[7.250s] -- Up-to-date: C:/Users/SSAFY/Desktop/catkin_ws/install/ssafy_msgs/share/ssafy_msgs/msg/CustomObjectInfo.idl
[7.250s] -- Up-to-date: C:/Users/SSAFY/Desktop/catkin_ws/install/ssafy_msgs/share/ssafy_msgs/msg/Num.msg
[7.250s] -- Up-to-date: C:/Users/SSAFY/Desktop/catkin_ws/install/ssafy_msgs/share/ssafy_msgs/msg/EnviromentStatus.msg
[7.250s] -- Up-to-date: C:/Users/SSAFY/Desktop/catkin_ws/install/ssafy_msgs/share/ssafy_msgs/msg/TurtlebotStatus.msg
[7.250s] -- Up-to-date: C:/Users/SSAFY/Desktop/catkin_ws/install/ssafy_msgs/share/ssafy_msgs/msg/BBox.msg
[7.250s] -- Up-to-date: C:/Users/SSAFY/Desktop/catkin_ws/install/ssafy_msgs/share/ssafy_msgs/msg/ObjectInfo.msg
[7.250s] -- Up-to-date: C:/Users/SSAFY/Desktop/catkin_ws/install/ssafy_msgs/share/ssafy_msgs/msg/HandControl.msg
[7.250s] -- Up-to-date: C:/Users/SSAFY/Desktop/catkin_ws/install/ssafy_msgs/share/ssafy_msgs/msg/CustomObjectInfo.msg
[7.250s] -- Up-to-date: C:/Users/SSAFY/Desktop/catkin_ws/install/ssafy_msgs/share/ament_index/resource_index/package_run_dependencies/ssafy_msgs
[7.266s] -- Up-to-date: C:/Users/SSAFY/Desktop/catkin_ws/install/ssafy_msgs/share/ament_index/resource_index/parent_prefix_path/ssafy_msgs
[7.266s] -- Up-to-date: C:/Users/SSAFY/Desktop/catkin_ws/install/ssafy_msgs/share/ssafy_msgs/environment/ament_prefix_path.bat
[7.266s] -- Up-to-date: C:/Users/SSAFY/Desktop/catkin_ws/install/ssafy_msgs/share/ssafy_msgs/environment/ament_prefix_path.dsv
[7.266s] -- Up-to-date: C:/Users/SSAFY/Desktop/catkin_ws/install/ssafy_msgs/share/ssafy_msgs/environment/path.bat
[7.266s] -- Up-to-date: C:/Users/SSAFY/Desktop/catkin_ws/install/ssafy_msgs/share/ssafy_msgs/environment/path.dsv
[7.282s] -- Up-to-date: C:/Users/SSAFY/Desktop/catkin_ws/install/ssafy_msgs/share/ssafy_msgs/local_setup.bat
[7.282s] -- Up-to-date: C:/Users/SSAFY/Desktop/catkin_ws/install/ssafy_msgs/share/ssafy_msgs/local_setup.dsv
[7.282s] -- Installing: C:/Users/SSAFY/Desktop/catkin_ws/install/ssafy_msgs/share/ssafy_msgs/package.dsv
[7.282s] -- Up-to-date: C:/Users/SSAFY/Desktop/catkin_ws/install/ssafy_msgs/share/ament_index/resource_index/packages/ssafy_msgs
[7.282s] -- Up-to-date: C:/Users/SSAFY/Desktop/catkin_ws/install/ssafy_msgs/share/ssafy_msgs/cmake/rosidl_cmake-extras.cmake
[7.297s] -- Up-to-date: C:/Users/SSAFY/Desktop/catkin_ws/install/ssafy_msgs/share/ssafy_msgs/cmake/ament_cmake_export_dependencies-extras.cmake
[7.297s] -- Up-to-date: C:/Users/SSAFY/Desktop/catkin_ws/install/ssafy_msgs/share/ssafy_msgs/cmake/ament_cmake_export_libraries-extras.cmake
[7.297s] -- Up-to-date: C:/Users/SSAFY/Desktop/catkin_ws/install/ssafy_msgs/share/ssafy_msgs/cmake/ament_cmake_export_include_directories-extras.cmake
[7.297s] -- Up-to-date: C:/Users/SSAFY/Desktop/catkin_ws/install/ssafy_msgs/share/ssafy_msgs/cmake/rosidl_cmake_export_typesupport_libraries-extras.cmake
[7.313s] -- Up-to-date: C:/Users/SSAFY/Desktop/catkin_ws/install/ssafy_msgs/share/ssafy_msgs/cmake/ssafy_msgsConfig.cmake
[7.313s] -- Up-to-date: C:/Users/SSAFY/Desktop/catkin_ws/install/ssafy_msgs/share/ssafy_msgs/cmake/ssafy_msgsConfig-version.cmake
[7.313s] -- Up-to-date: C:/Users/SSAFY/Desktop/catkin_ws/install/ssafy_msgs/share/ssafy_msgs/package.xml
[7.313s] Invoked command in 'C:\Users\SSAFY\Desktop\catkin_ws\build\ssafy_msgs' returned '0': installDir=%installDir%
IntelliJ IDEA=C:\Program Files\JetBrains\IntelliJ IDEA 2024.1.4\bin;
IntelliJ IDEA Community Edition=C:\Program Files\JetBrains\IntelliJ IDEA Community Edition 2024.1.4\bin; C:\Program Files (x86)\Microsoft Visual Studio\2019\BuildTools\Common7\IDE\CommonExtensions\Microsoft\CMake\CMake\bin\cmake.EXE --install C:\Users\SSAFY\Desktop\catkin_ws\build\ssafy_msgs --config Release
