[2.203s] Invoking command in 'C:\Users\SSAFY\Desktop\git_clone\S11P21B209\ROS2\build\my_package': INCLUDE=%INCLUDE%
IntelliJ IDEA Community Edition=C:\Program Files\JetBrains\IntelliJ IDEA Community Edition 2024.2\bin; PYTHONPATH=C:\Users\SSAFY\Desktop\git_clone\S11P21B209\ROS2\build\my_package\prefix_override;c:\python37\lib\site-packages\colcon_core\task\python\colcon_distutils_commands;C:\Users\SSAFY\Desktop\git_clone\S11P21B209\ROS2\install\my_package\Lib\site-packages; c:\python37\python.exe -W ignore:setup.py install is deprecated setup.py develop --editable --build-directory C:\Users\SSAFY\Desktop\git_clone\S11P21B209\ROS2\build\my_package\build --no-deps symlink_data
[2.984s] running develop
[3.218s] running egg_info
[3.250s] writing my_package.egg-info\PKG-INFO
[3.250s] writing dependency_links to my_package.egg-info\dependency_links.txt
[3.250s] writing entry points to my_package.egg-info\entry_points.txt
[3.250s] writing requirements to my_package.egg-info\requires.txt
[3.265s] writing top-level names to my_package.egg-info\top_level.txt
[3.328s] reading manifest file 'my_package.egg-info\SOURCES.txt'
[3.343s] writing manifest file 'my_package.egg-info\SOURCES.txt'
[3.359s] running build_ext
[3.359s] Creating C:\Users\SSAFY\Desktop\git_clone\S11P21B209\ROS2\install\my_package\Lib\site-packages\my-package.egg-link (link to .)
[3.359s] Installing a_star_global-script.py script to C:\Users\SSAFY\Desktop\git_clone\S11P21B209\ROS2\install\my_package/lib/my_package
[3.375s] Installing a_star_global.exe script to C:\Users\SSAFY\Desktop\git_clone\S11P21B209\ROS2\install\my_package/lib/my_package
[3.375s] Installing a_star_local-script.py script to C:\Users\SSAFY\Desktop\git_clone\S11P21B209\ROS2\install\my_package/lib/my_package
[3.375s] Installing a_star_local.exe script to C:\Users\SSAFY\Desktop\git_clone\S11P21B209\ROS2\install\my_package/lib/my_package
[3.375s] Installing dwa_local-script.py script to C:\Users\SSAFY\Desktop\git_clone\S11P21B209\ROS2\install\my_package/lib/my_package
[3.375s] Installing dwa_local.exe script to C:\Users\SSAFY\Desktop\git_clone\S11P21B209\ROS2\install\my_package/lib/my_package
[3.375s] Installing ftc-script.py script to C:\Users\SSAFY\Desktop\git_clone\S11P21B209\ROS2\install\my_package/lib/my_package
[3.375s] Installing ftc.exe script to C:\Users\SSAFY\Desktop\git_clone\S11P21B209\ROS2\install\my_package/lib/my_package
[3.390s] Installing listner-script.py script to C:\Users\SSAFY\Desktop\git_clone\S11P21B209\ROS2\install\my_package/lib/my_package
[3.390s] Installing listner.exe script to C:\Users\SSAFY\Desktop\git_clone\S11P21B209\ROS2\install\my_package/lib/my_package
[3.390s] Installing load_map-script.py script to C:\Users\SSAFY\Desktop\git_clone\S11P21B209\ROS2\install\my_package/lib/my_package
[3.390s] Installing load_map.exe script to C:\Users\SSAFY\Desktop\git_clone\S11P21B209\ROS2\install\my_package/lib/my_package
[3.390s] Installing mapping-script.py script to C:\Users\SSAFY\Desktop\git_clone\S11P21B209\ROS2\install\my_package/lib/my_package
[3.390s] Installing mapping.exe script to C:\Users\SSAFY\Desktop\git_clone\S11P21B209\ROS2\install\my_package/lib/my_package
[3.406s] Installing my_node-script.py script to C:\Users\SSAFY\Desktop\git_clone\S11P21B209\ROS2\install\my_package/lib/my_package
[3.406s] Installing my_node.exe script to C:\Users\SSAFY\Desktop\git_clone\S11P21B209\ROS2\install\my_package/lib/my_package
[3.406s] Installing odom-script.py script to C:\Users\SSAFY\Desktop\git_clone\S11P21B209\ROS2\install\my_package/lib/my_package
[3.406s] Installing odom.exe script to C:\Users\SSAFY\Desktop\git_clone\S11P21B209\ROS2\install\my_package/lib/my_package
[3.406s] Installing talker-script.py script to C:\Users\SSAFY\Desktop\git_clone\S11P21B209\ROS2\install\my_package/lib/my_package
[3.422s] Installing talker.exe script to C:\Users\SSAFY\Desktop\git_clone\S11P21B209\ROS2\install\my_package/lib/my_package
[3.422s] 
[3.422s] Installed c:\users\ssafy\desktop\git_clone\s11p21b209\ros2\build\my_package
[3.422s] running symlink_data
[3.422s] c:\python37\lib\site-packages\setuptools\dist.py:745: SetuptoolsDeprecationWarning: Invalid dash-separated options
[3.437s] !!
[3.437s] 
[3.437s]         ********************************************************************************
[3.437s]         Usage of dash-separated 'script-dir' will not be supported in future
[3.437s]         versions. Please use the underscore name 'script_dir' instead.
[3.437s] 
[3.437s]         This deprecation is overdue, please update your project and remove deprecated
[3.437s]         calls to avoid build errors in the future.
[3.437s] 
[3.437s]         See https://setuptools.pypa.io/en/latest/userguide/declarative_config.html for details.
[3.437s]         ********************************************************************************
[3.437s] 
[3.437s] !!
[3.437s]   opt = self.warn_dash_deprecation(opt, section)
[3.437s] c:\python37\lib\site-packages\setuptools\command\develop.py:40: EasyInstallDeprecationWarning: easy_install command is deprecated.
[3.437s] !!
[3.437s] 
[3.437s]         ********************************************************************************
[3.437s]         Please avoid running ``setup.py`` and ``easy_install``.
[3.437s]         Instead, use pypa/build, pypa/installer or other
[3.437s]         standards-based tools.
[3.437s] 
[3.437s]         See https://github.com/pypa/setuptools/issues/917 for details.
[3.437s]         ********************************************************************************
[3.437s] 
[3.437s] !!
[3.437s]   easy_install.initialize_options(self)
[3.484s] Invoked command in 'C:\Users\SSAFY\Desktop\git_clone\S11P21B209\ROS2\build\my_package' returned '0': INCLUDE=%INCLUDE%
IntelliJ IDEA Community Edition=C:\Program Files\JetBrains\IntelliJ IDEA Community Edition 2024.2\bin; PYTHONPATH=C:\Users\SSAFY\Desktop\git_clone\S11P21B209\ROS2\build\my_package\prefix_override;c:\python37\lib\site-packages\colcon_core\task\python\colcon_distutils_commands;C:\Users\SSAFY\Desktop\git_clone\S11P21B209\ROS2\install\my_package\Lib\site-packages; c:\python37\python.exe -W ignore:setup.py install is deprecated setup.py develop --editable --build-directory C:\Users\SSAFY\Desktop\git_clone\S11P21B209\ROS2\build\my_package\build --no-deps symlink_data
