[1.468s] Invoking command in 'C:\Users\SSAFY\Desktop\catkin_ws\src\my_package': PYTHONPATH=C:\Users\SSAFY\Desktop\catkin_ws\build\my_package\prefix_override;c:\python37\lib\site-packages\colcon_core\task\python\colcon_distutils_commands;C:\Users\SSAFY\Desktop\catkin_ws\install\my_package\Lib\site-packages;%PYTHONPATH% installDir=%installDir%
IntelliJ IDEA=C:\Program Files\JetBrains\IntelliJ IDEA 2024.1.4\bin;
IntelliJ IDEA Community Edition=C:\Program Files\JetBrains\IntelliJ IDEA Community Edition 2024.1.4\bin; c:\python37\python.exe -W ignore:setup.py install is deprecated setup.py egg_info --egg-base ..\..\build\my_package build --build-base C:\Users\SSAFY\Desktop\catkin_ws\build\my_package\build install --record C:\Users\SSAFY\Desktop\catkin_ws\build\my_package\install.log --install-scripts $base/lib/my_package --single-version-externally-managed install_data
[1.797s] running egg_info
[1.797s] writing ..\..\build\my_package\my_package.egg-info\PKG-INFO
[1.797s] writing dependency_links to ..\..\build\my_package\my_package.egg-info\dependency_links.txt
[1.797s] writing entry points to ..\..\build\my_package\my_package.egg-info\entry_points.txt
[1.797s] writing requirements to ..\..\build\my_package\my_package.egg-info\requires.txt
[1.797s] writing top-level names to ..\..\build\my_package\my_package.egg-info\top_level.txt
[1.828s] reading manifest file '..\..\build\my_package\my_package.egg-info\SOURCES.txt'
[1.828s] writing manifest file '..\..\build\my_package\my_package.egg-info\SOURCES.txt'
[1.828s] running build
[1.828s] running build_py
[1.828s] copying my_package\follow_the_carrot.py -> C:\Users\SSAFY\Desktop\catkin_ws\build\my_package\build\lib\my_package
[1.828s] running install
[1.828s] running install_lib
[1.828s] copying C:\Users\SSAFY\Desktop\catkin_ws\build\my_package\build\lib\my_package\follow_the_carrot.py -> C:\Users\SSAFY\Desktop\catkin_ws\install\my_package\Lib\site-packages\my_package
[1.843s] byte-compiling C:\Users\SSAFY\Desktop\catkin_ws\install\my_package\Lib\site-packages\my_package\follow_the_carrot.py to follow_the_carrot.cpython-37.pyc
[1.843s] running install_data
[1.843s] running install_egg_info
[1.843s] removing 'C:\Users\SSAFY\Desktop\catkin_ws\install\my_package\Lib\site-packages\my_package-0.0.0-py3.7.egg-info' (and everything under it)
[1.843s] Copying ..\..\build\my_package\my_package.egg-info to C:\Users\SSAFY\Desktop\catkin_ws\install\my_package\Lib\site-packages\my_package-0.0.0-py3.7.egg-info
[1.859s] running install_scripts
[1.875s] Installing a_star_global-script.py script to C:\Users\SSAFY\Desktop\catkin_ws\install\my_package\lib\my_package
[1.875s] Installing a_star_global.exe script to C:\Users\SSAFY\Desktop\catkin_ws\install\my_package\lib\my_package
[1.875s] Installing a_star_local-script.py script to C:\Users\SSAFY\Desktop\catkin_ws\install\my_package\lib\my_package
[1.890s] Installing a_star_local.exe script to C:\Users\SSAFY\Desktop\catkin_ws\install\my_package\lib\my_package
[1.890s] Installing ftc-script.py script to C:\Users\SSAFY\Desktop\catkin_ws\install\my_package\lib\my_package
[1.890s] Installing ftc.exe script to C:\Users\SSAFY\Desktop\catkin_ws\install\my_package\lib\my_package
[1.890s] Installing listner-script.py script to C:\Users\SSAFY\Desktop\catkin_ws\install\my_package\lib\my_package
[1.890s] Installing listner.exe script to C:\Users\SSAFY\Desktop\catkin_ws\install\my_package\lib\my_package
[1.890s] Installing load_map-script.py script to C:\Users\SSAFY\Desktop\catkin_ws\install\my_package\lib\my_package
[1.890s] Installing load_map.exe script to C:\Users\SSAFY\Desktop\catkin_ws\install\my_package\lib\my_package
[1.890s] Installing my_node-script.py script to C:\Users\SSAFY\Desktop\catkin_ws\install\my_package\lib\my_package
[1.890s] Installing my_node.exe script to C:\Users\SSAFY\Desktop\catkin_ws\install\my_package\lib\my_package
[1.890s] Installing odom-script.py script to C:\Users\SSAFY\Desktop\catkin_ws\install\my_package\lib\my_package
[1.890s] Installing odom.exe script to C:\Users\SSAFY\Desktop\catkin_ws\install\my_package\lib\my_package
[1.890s] Installing talker-script.py script to C:\Users\SSAFY\Desktop\catkin_ws\install\my_package\lib\my_package
[1.890s] Installing talker.exe script to C:\Users\SSAFY\Desktop\catkin_ws\install\my_package\lib\my_package
[1.890s] writing list of installed files to 'C:\Users\SSAFY\Desktop\catkin_ws\build\my_package\install.log'
[1.922s] Invoked command in 'C:\Users\SSAFY\Desktop\catkin_ws\src\my_package' returned '0': PYTHONPATH=C:\Users\SSAFY\Desktop\catkin_ws\build\my_package\prefix_override;c:\python37\lib\site-packages\colcon_core\task\python\colcon_distutils_commands;C:\Users\SSAFY\Desktop\catkin_ws\install\my_package\Lib\site-packages;%PYTHONPATH% installDir=%installDir%
IntelliJ IDEA=C:\Program Files\JetBrains\IntelliJ IDEA 2024.1.4\bin;
IntelliJ IDEA Community Edition=C:\Program Files\JetBrains\IntelliJ IDEA Community Edition 2024.1.4\bin; c:\python37\python.exe -W ignore:setup.py install is deprecated setup.py egg_info --egg-base ..\..\build\my_package build --build-base C:\Users\SSAFY\Desktop\catkin_ws\build\my_package\build install --record C:\Users\SSAFY\Desktop\catkin_ws\build\my_package\install.log --install-scripts $base/lib/my_package --single-version-externally-managed install_data
