[1.296s] Invoking command in 'C:\Users\SSAFY\Desktop\git_clone\S11P21B209\ROS2\src\ssafy_bridge': PYTHONPATH=C:\Users\SSAFY\Desktop\git_clone\S11P21B209\ROS2\build\ssafy_bridge\prefix_override;c:\python37\lib\site-packages\colcon_core\task\python\colcon_distutils_commands;C:\Users\SSAFY\Desktop\git_clone\S11P21B209\ROS2\install\ssafy_bridge\Lib\site-packages;%PYTHONPATH% installDir=%installDir%
IntelliJ IDEA Community Edition=C:\Program Files\JetBrains\IntelliJ IDEA Community Edition 2024.2\bin; c:\python37\python.exe -W ignore:setup.py install is deprecated setup.py egg_info --egg-base ..\..\build\ssafy_bridge build --build-base C:\Users\SSAFY\Desktop\git_clone\S11P21B209\ROS2\build\ssafy_bridge\build install --record C:\Users\SSAFY\Desktop\git_clone\S11P21B209\ROS2\build\ssafy_bridge\install.log --install-scripts $base/lib/ssafy_bridge --single-version-externally-managed install_data
[1.578s] running egg_info
[1.593s] writing ..\..\build\ssafy_bridge\ssafy_bridge.egg-info\PKG-INFO
[1.593s] writing dependency_links to ..\..\build\ssafy_bridge\ssafy_bridge.egg-info\dependency_links.txt
[1.593s] writing entry points to ..\..\build\ssafy_bridge\ssafy_bridge.egg-info\entry_points.txt
[1.593s] writing requirements to ..\..\build\ssafy_bridge\ssafy_bridge.egg-info\requires.txt
[1.593s] writing top-level names to ..\..\build\ssafy_bridge\ssafy_bridge.egg-info\top_level.txt
[1.625s] reading manifest file '..\..\build\ssafy_bridge\ssafy_bridge.egg-info\SOURCES.txt'
[1.625s] writing manifest file '..\..\build\ssafy_bridge\ssafy_bridge.egg-info\SOURCES.txt'
[1.625s] running build
[1.625s] running build_py
[1.625s] copying ssafy_bridge\cam_viewer.py -> C:\Users\SSAFY\Desktop\git_clone\S11P21B209\ROS2\build\ssafy_bridge\build\lib\ssafy_bridge
[1.625s] copying ssafy_bridge\ssafy_udp_parser.py -> C:\Users\SSAFY\Desktop\git_clone\S11P21B209\ROS2\build\ssafy_bridge\build\lib\ssafy_bridge
[1.625s] copying ssafy_bridge\sub_to_udp.py -> C:\Users\SSAFY\Desktop\git_clone\S11P21B209\ROS2\build\ssafy_bridge\build\lib\ssafy_bridge
[1.625s] copying ssafy_bridge\udp_to_cam.py -> C:\Users\SSAFY\Desktop\git_clone\S11P21B209\ROS2\build\ssafy_bridge\build\lib\ssafy_bridge
[1.625s] copying ssafy_bridge\udp_to_laser.py -> C:\Users\SSAFY\Desktop\git_clone\S11P21B209\ROS2\build\ssafy_bridge\build\lib\ssafy_bridge
[1.625s] copying ssafy_bridge\udp_to_pub.py -> C:\Users\SSAFY\Desktop\git_clone\S11P21B209\ROS2\build\ssafy_bridge\build\lib\ssafy_bridge
[1.625s] copying ssafy_bridge\utils.py -> C:\Users\SSAFY\Desktop\git_clone\S11P21B209\ROS2\build\ssafy_bridge\build\lib\ssafy_bridge
[1.625s] copying ssafy_bridge\__init__.py -> C:\Users\SSAFY\Desktop\git_clone\S11P21B209\ROS2\build\ssafy_bridge\build\lib\ssafy_bridge
[1.640s] running install
[1.640s] running install_lib
[1.656s] copying C:\Users\SSAFY\Desktop\git_clone\S11P21B209\ROS2\build\ssafy_bridge\build\lib\ssafy_bridge\cam_viewer.py -> C:\Users\SSAFY\Desktop\git_clone\S11P21B209\ROS2\install\ssafy_bridge\Lib\site-packages\ssafy_bridge
[1.656s] copying C:\Users\SSAFY\Desktop\git_clone\S11P21B209\ROS2\build\ssafy_bridge\build\lib\ssafy_bridge\ssafy_udp_parser.py -> C:\Users\SSAFY\Desktop\git_clone\S11P21B209\ROS2\install\ssafy_bridge\Lib\site-packages\ssafy_bridge
[1.656s] copying C:\Users\SSAFY\Desktop\git_clone\S11P21B209\ROS2\build\ssafy_bridge\build\lib\ssafy_bridge\sub_to_udp.py -> C:\Users\SSAFY\Desktop\git_clone\S11P21B209\ROS2\install\ssafy_bridge\Lib\site-packages\ssafy_bridge
[1.656s] copying C:\Users\SSAFY\Desktop\git_clone\S11P21B209\ROS2\build\ssafy_bridge\build\lib\ssafy_bridge\udp_to_cam.py -> C:\Users\SSAFY\Desktop\git_clone\S11P21B209\ROS2\install\ssafy_bridge\Lib\site-packages\ssafy_bridge
[1.656s] copying C:\Users\SSAFY\Desktop\git_clone\S11P21B209\ROS2\build\ssafy_bridge\build\lib\ssafy_bridge\udp_to_laser.py -> C:\Users\SSAFY\Desktop\git_clone\S11P21B209\ROS2\install\ssafy_bridge\Lib\site-packages\ssafy_bridge
[1.656s] copying C:\Users\SSAFY\Desktop\git_clone\S11P21B209\ROS2\build\ssafy_bridge\build\lib\ssafy_bridge\udp_to_pub.py -> C:\Users\SSAFY\Desktop\git_clone\S11P21B209\ROS2\install\ssafy_bridge\Lib\site-packages\ssafy_bridge
[1.656s] copying C:\Users\SSAFY\Desktop\git_clone\S11P21B209\ROS2\build\ssafy_bridge\build\lib\ssafy_bridge\utils.py -> C:\Users\SSAFY\Desktop\git_clone\S11P21B209\ROS2\install\ssafy_bridge\Lib\site-packages\ssafy_bridge
[1.671s] copying C:\Users\SSAFY\Desktop\git_clone\S11P21B209\ROS2\build\ssafy_bridge\build\lib\ssafy_bridge\__init__.py -> C:\Users\SSAFY\Desktop\git_clone\S11P21B209\ROS2\install\ssafy_bridge\Lib\site-packages\ssafy_bridge
[1.671s] byte-compiling C:\Users\SSAFY\Desktop\git_clone\S11P21B209\ROS2\install\ssafy_bridge\Lib\site-packages\ssafy_bridge\cam_viewer.py to cam_viewer.cpython-37.pyc
[1.671s] byte-compiling C:\Users\SSAFY\Desktop\git_clone\S11P21B209\ROS2\install\ssafy_bridge\Lib\site-packages\ssafy_bridge\ssafy_udp_parser.py to ssafy_udp_parser.cpython-37.pyc
[1.671s] byte-compiling C:\Users\SSAFY\Desktop\git_clone\S11P21B209\ROS2\install\ssafy_bridge\Lib\site-packages\ssafy_bridge\sub_to_udp.py to sub_to_udp.cpython-37.pyc
[1.671s] byte-compiling C:\Users\SSAFY\Desktop\git_clone\S11P21B209\ROS2\install\ssafy_bridge\Lib\site-packages\ssafy_bridge\udp_to_cam.py to udp_to_cam.cpython-37.pyc
[1.671s] byte-compiling C:\Users\SSAFY\Desktop\git_clone\S11P21B209\ROS2\install\ssafy_bridge\Lib\site-packages\ssafy_bridge\udp_to_laser.py to udp_to_laser.cpython-37.pyc
[1.671s] byte-compiling C:\Users\SSAFY\Desktop\git_clone\S11P21B209\ROS2\install\ssafy_bridge\Lib\site-packages\ssafy_bridge\udp_to_pub.py to udp_to_pub.cpython-37.pyc
[1.671s] byte-compiling C:\Users\SSAFY\Desktop\git_clone\S11P21B209\ROS2\install\ssafy_bridge\Lib\site-packages\ssafy_bridge\utils.py to utils.cpython-37.pyc
[1.687s] byte-compiling C:\Users\SSAFY\Desktop\git_clone\S11P21B209\ROS2\install\ssafy_bridge\Lib\site-packages\ssafy_bridge\__init__.py to __init__.cpython-37.pyc
[1.687s] running install_data
[1.687s] copying resource\ssafy_bridge -> C:\Users\SSAFY\Desktop\git_clone\S11P21B209\ROS2\install\ssafy_bridge\share\ament_index\resource_index\packages
[1.687s] copying package.xml -> C:\Users\SSAFY\Desktop\git_clone\S11P21B209\ROS2\install\ssafy_bridge\share\ssafy_bridge
[1.687s] running install_egg_info
[1.703s] removing 'C:\Users\SSAFY\Desktop\git_clone\S11P21B209\ROS2\install\ssafy_bridge\Lib\site-packages\ssafy_bridge-0.0.0-py3.7.egg-info' (and everything under it)
[1.703s] Copying ..\..\build\ssafy_bridge\ssafy_bridge.egg-info to C:\Users\SSAFY\Desktop\git_clone\S11P21B209\ROS2\install\ssafy_bridge\Lib\site-packages\ssafy_bridge-0.0.0-py3.7.egg-info
[1.703s] running install_scripts
[1.843s] Installing cam_viewer-script.py script to C:\Users\SSAFY\Desktop\git_clone\S11P21B209\ROS2\install\ssafy_bridge\lib\ssafy_bridge
[1.843s] Installing cam_viewer.exe script to C:\Users\SSAFY\Desktop\git_clone\S11P21B209\ROS2\install\ssafy_bridge\lib\ssafy_bridge
[1.843s] Installing sub_to_udp-script.py script to C:\Users\SSAFY\Desktop\git_clone\S11P21B209\ROS2\install\ssafy_bridge\lib\ssafy_bridge
[1.843s] Installing sub_to_udp.exe script to C:\Users\SSAFY\Desktop\git_clone\S11P21B209\ROS2\install\ssafy_bridge\lib\ssafy_bridge
[1.843s] Installing udp_to_cam-script.py script to C:\Users\SSAFY\Desktop\git_clone\S11P21B209\ROS2\install\ssafy_bridge\lib\ssafy_bridge
[1.843s] Installing udp_to_cam.exe script to C:\Users\SSAFY\Desktop\git_clone\S11P21B209\ROS2\install\ssafy_bridge\lib\ssafy_bridge
[1.843s] Installing udp_to_laser-script.py script to C:\Users\SSAFY\Desktop\git_clone\S11P21B209\ROS2\install\ssafy_bridge\lib\ssafy_bridge
[1.843s] Installing udp_to_laser.exe script to C:\Users\SSAFY\Desktop\git_clone\S11P21B209\ROS2\install\ssafy_bridge\lib\ssafy_bridge
[1.859s] Installing udp_to_pub-script.py script to C:\Users\SSAFY\Desktop\git_clone\S11P21B209\ROS2\install\ssafy_bridge\lib\ssafy_bridge
[1.859s] Installing udp_to_pub.exe script to C:\Users\SSAFY\Desktop\git_clone\S11P21B209\ROS2\install\ssafy_bridge\lib\ssafy_bridge
[1.859s] writing list of installed files to 'C:\Users\SSAFY\Desktop\git_clone\S11P21B209\ROS2\build\ssafy_bridge\install.log'
[1.859s] c:\python37\lib\site-packages\setuptools\dist.py:745: SetuptoolsDeprecationWarning: Invalid dash-separated options
[1.859s] !!
[1.859s] 
[1.859s]         ********************************************************************************
[1.859s]         Usage of dash-separated 'script-dir' will not be supported in future
[1.859s]         versions. Please use the underscore name 'script_dir' instead.
[1.859s] 
[1.859s]         This deprecation is overdue, please update your project and remove deprecated
[1.859s]         calls to avoid build errors in the future.
[1.859s] 
[1.859s]         See https://setuptools.pypa.io/en/latest/userguide/declarative_config.html for details.
[1.859s]         ********************************************************************************
[1.859s] 
[1.859s] !!
[1.859s]   opt = self.warn_dash_deprecation(opt, section)
[1.875s] Invoked command in 'C:\Users\SSAFY\Desktop\git_clone\S11P21B209\ROS2\src\ssafy_bridge' returned '0': PYTHONPATH=C:\Users\SSAFY\Desktop\git_clone\S11P21B209\ROS2\build\ssafy_bridge\prefix_override;c:\python37\lib\site-packages\colcon_core\task\python\colcon_distutils_commands;C:\Users\SSAFY\Desktop\git_clone\S11P21B209\ROS2\install\ssafy_bridge\Lib\site-packages;%PYTHONPATH% installDir=%installDir%
IntelliJ IDEA Community Edition=C:\Program Files\JetBrains\IntelliJ IDEA Community Edition 2024.2\bin; c:\python37\python.exe -W ignore:setup.py install is deprecated setup.py egg_info --egg-base ..\..\build\ssafy_bridge build --build-base C:\Users\SSAFY\Desktop\git_clone\S11P21B209\ROS2\build\ssafy_bridge\build install --record C:\Users\SSAFY\Desktop\git_clone\S11P21B209\ROS2\build\ssafy_bridge\install.log --install-scripts $base/lib/ssafy_bridge --single-version-externally-managed install_data
