[2.234s] Invoking command in 'C:\Users\SSAFY\Desktop\catkin_ws\src\my_package': PYTHONPATH=C:\Users\SSAFY\Desktop\catkin_ws\build\my_package\prefix_override;c:\python37\lib\site-packages\colcon_core\task\python\colcon_distutils_commands;C:\Users\SSAFY\Desktop\catkin_ws\install\my_package\Lib\site-packages;%PYTHONPATH% installDir=%installDir%
IntelliJ IDEA=C:\Program Files\JetBrains\IntelliJ IDEA 2024.1.4\bin;
IntelliJ IDEA Community Edition=C:\Program Files\JetBrains\IntelliJ IDEA Community Edition 2024.1.4\bin; c:\python37\python.exe -W ignore:setup.py install is deprecated setup.py egg_info --egg-base ..\..\build\my_package build --build-base C:\Users\SSAFY\Desktop\catkin_ws\build\my_package\build install --record C:\Users\SSAFY\Desktop\catkin_ws\build\my_package\install.log --install-scripts $base/lib/my_package --single-version-externally-managed install_data
[2.687s] running egg_info
[2.687s] writing ..\..\build\my_package\my_package.egg-info\PKG-INFO
[2.703s] writing dependency_links to ..\..\build\my_package\my_package.egg-info\dependency_links.txt
[2.703s] writing entry points to ..\..\build\my_package\my_package.egg-info\entry_points.txt
[2.703s] writing requirements to ..\..\build\my_package\my_package.egg-info\requires.txt
[2.703s] writing top-level names to ..\..\build\my_package\my_package.egg-info\top_level.txt
[2.718s] reading manifest file '..\..\build\my_package\my_package.egg-info\SOURCES.txt'
[2.734s] writing manifest file '..\..\build\my_package\my_package.egg-info\SOURCES.txt'
[2.734s] running build
[2.734s] running build_py
[2.734s] copying my_package\a_star.py -> C:\Users\SSAFY\Desktop\catkin_ws\build\my_package\build\lib\my_package
[2.734s] copying my_package\a_star_local_path.py -> C:\Users\SSAFY\Desktop\catkin_ws\build\my_package\build\lib\my_package
[2.750s] copying my_package\follow_the_carrot.py -> C:\Users\SSAFY\Desktop\catkin_ws\build\my_package\build\lib\my_package
[2.750s] copying my_package\load_map.py -> C:\Users\SSAFY\Desktop\catkin_ws\build\my_package\build\lib\my_package
[2.750s] copying my_package\run_mapping.py -> C:\Users\SSAFY\Desktop\catkin_ws\build\my_package\build\lib\my_package
[2.750s] copying my_package\utils.py -> C:\Users\SSAFY\Desktop\catkin_ws\build\my_package\build\lib\my_package
[2.765s] running install
[2.765s] running install_lib
[2.765s] copying C:\Users\SSAFY\Desktop\catkin_ws\build\my_package\build\lib\my_package\a_star.py -> C:\Users\SSAFY\Desktop\catkin_ws\install\my_package\Lib\site-packages\my_package
[2.765s] copying C:\Users\SSAFY\Desktop\catkin_ws\build\my_package\build\lib\my_package\a_star_local_path.py -> C:\Users\SSAFY\Desktop\catkin_ws\install\my_package\Lib\site-packages\my_package
[2.765s] copying C:\Users\SSAFY\Desktop\catkin_ws\build\my_package\build\lib\my_package\follow_the_carrot.py -> C:\Users\SSAFY\Desktop\catkin_ws\install\my_package\Lib\site-packages\my_package
[2.781s] copying C:\Users\SSAFY\Desktop\catkin_ws\build\my_package\build\lib\my_package\load_map.py -> C:\Users\SSAFY\Desktop\catkin_ws\install\my_package\Lib\site-packages\my_package
[2.781s] copying C:\Users\SSAFY\Desktop\catkin_ws\build\my_package\build\lib\my_package\run_mapping.py -> C:\Users\SSAFY\Desktop\catkin_ws\install\my_package\Lib\site-packages\my_package
[2.781s] copying C:\Users\SSAFY\Desktop\catkin_ws\build\my_package\build\lib\my_package\utils.py -> C:\Users\SSAFY\Desktop\catkin_ws\install\my_package\Lib\site-packages\my_package
[2.781s] byte-compiling C:\Users\SSAFY\Desktop\catkin_ws\install\my_package\Lib\site-packages\my_package\a_star.py to a_star.cpython-37.pyc
[2.796s] byte-compiling C:\Users\SSAFY\Desktop\catkin_ws\install\my_package\Lib\site-packages\my_package\a_star_local_path.py to a_star_local_path.cpython-37.pyc
[2.796s] byte-compiling C:\Users\SSAFY\Desktop\catkin_ws\install\my_package\Lib\site-packages\my_package\follow_the_carrot.py to follow_the_carrot.cpython-37.pyc
[2.796s] byte-compiling C:\Users\SSAFY\Desktop\catkin_ws\install\my_package\Lib\site-packages\my_package\load_map.py to load_map.cpython-37.pyc
[2.812s] byte-compiling C:\Users\SSAFY\Desktop\catkin_ws\install\my_package\Lib\site-packages\my_package\run_mapping.py to run_mapping.cpython-37.pyc
[2.812s] byte-compiling C:\Users\SSAFY\Desktop\catkin_ws\install\my_package\Lib\site-packages\my_package\utils.py to utils.cpython-37.pyc
[2.812s] running install_data
[2.812s] running install_egg_info
[2.828s] removing 'C:\Users\SSAFY\Desktop\catkin_ws\install\my_package\Lib\site-packages\my_package-0.0.0-py3.7.egg-info' (and everything under it)
[2.828s] Copying ..\..\build\my_package\my_package.egg-info to C:\Users\SSAFY\Desktop\catkin_ws\install\my_package\Lib\site-packages\my_package-0.0.0-py3.7.egg-info
[2.843s] running install_scripts
[2.937s] Installing a_star_global-script.py script to C:\Users\SSAFY\Desktop\catkin_ws\install\my_package\lib\my_package
[2.937s] Installing a_star_global.exe script to C:\Users\SSAFY\Desktop\catkin_ws\install\my_package\lib\my_package
[2.937s] Installing a_star_local-script.py script to C:\Users\SSAFY\Desktop\catkin_ws\install\my_package\lib\my_package
[2.937s] Installing a_star_local.exe script to C:\Users\SSAFY\Desktop\catkin_ws\install\my_package\lib\my_package
[2.937s] Installing ftc-script.py script to C:\Users\SSAFY\Desktop\catkin_ws\install\my_package\lib\my_package
[2.937s] Installing ftc.exe script to C:\Users\SSAFY\Desktop\catkin_ws\install\my_package\lib\my_package
[2.937s] Installing listner-script.py script to C:\Users\SSAFY\Desktop\catkin_ws\install\my_package\lib\my_package
[2.937s] Installing listner.exe script to C:\Users\SSAFY\Desktop\catkin_ws\install\my_package\lib\my_package
[2.937s] Installing load_map-script.py script to C:\Users\SSAFY\Desktop\catkin_ws\install\my_package\lib\my_package
[2.937s] Installing load_map.exe script to C:\Users\SSAFY\Desktop\catkin_ws\install\my_package\lib\my_package
[2.937s] Installing my_node-script.py script to C:\Users\SSAFY\Desktop\catkin_ws\install\my_package\lib\my_package
[2.937s] Installing my_node.exe script to C:\Users\SSAFY\Desktop\catkin_ws\install\my_package\lib\my_package
[2.937s] Installing odom-script.py script to C:\Users\SSAFY\Desktop\catkin_ws\install\my_package\lib\my_package
[2.937s] Installing odom.exe script to C:\Users\SSAFY\Desktop\catkin_ws\install\my_package\lib\my_package
[2.937s] Installing talker-script.py script to C:\Users\SSAFY\Desktop\catkin_ws\install\my_package\lib\my_package
[2.937s] Installing talker.exe script to C:\Users\SSAFY\Desktop\catkin_ws\install\my_package\lib\my_package
[2.937s] writing list of installed files to 'C:\Users\SSAFY\Desktop\catkin_ws\build\my_package\install.log'
[2.937s] Invoked command in 'C:\Users\SSAFY\Desktop\catkin_ws\src\my_package' returned '0': PYTHONPATH=C:\Users\SSAFY\Desktop\catkin_ws\build\my_package\prefix_override;c:\python37\lib\site-packages\colcon_core\task\python\colcon_distutils_commands;C:\Users\SSAFY\Desktop\catkin_ws\install\my_package\Lib\site-packages;%PYTHONPATH% installDir=%installDir%
IntelliJ IDEA=C:\Program Files\JetBrains\IntelliJ IDEA 2024.1.4\bin;
IntelliJ IDEA Community Edition=C:\Program Files\JetBrains\IntelliJ IDEA Community Edition 2024.1.4\bin; c:\python37\python.exe -W ignore:setup.py install is deprecated setup.py egg_info --egg-base ..\..\build\my_package build --build-base C:\Users\SSAFY\Desktop\catkin_ws\build\my_package\build install --record C:\Users\SSAFY\Desktop\catkin_ws\build\my_package\install.log --install-scripts $base/lib/my_package --single-version-externally-managed install_data
