[1.141s] Invoking command in 'C:\Users\SSAFY\Desktop\catkin_ws\build\ssafy_msgs': CL=/MP installDir=%installDir%
IntelliJ IDEA=C:\Program Files\JetBrains\IntelliJ IDEA 2024.1.4\bin;
IntelliJ IDEA Community Edition=C:\Program Files\JetBrains\IntelliJ IDEA Community Edition 2024.1.4\bin; C:\Program Files (x86)\Microsoft Visual Studio\2019\BuildTools\Common7\IDE\CommonExtensions\Microsoft\CMake\CMake\bin\cmake.EXE --build C:\Users\SSAFY\Desktop\catkin_ws\build\ssafy_msgs --config Release
[1.516s] .NET Framework¿ë Microsoft (R) Build Engine ¹öÀü 16.11.2+f32259642
[1.516s] Copyright (C) Microsoft Corporation. All rights reserved.
[1.516s] 
[2.344s]   Checking Build System
[2.735s]   Building Custom Rule C:/Users/SSAFY/Desktop/catkin_ws/src/ssafy_msgs/CMakeLists.txt
[2.969s]   Building Custom Rule C:/Users/SSAFY/Desktop/catkin_ws/src/ssafy_msgs/CMakeLists.txt
[3.141s]   ssafy_msgs__rosidl_generator_c.vcxproj -> C:\Users\SSAFY\Desktop\catkin_ws\build\ssafy_msgs\Release\ssafy_msgs__rosidl_generator_c.dll
[3.297s]   Building Custom Rule C:/Users/SSAFY/Desktop/catkin_ws/src/ssafy_msgs/CMakeLists.txt
[3.407s]   ssafy_msgs__rosidl_typesupport_c.vcxproj -> C:\Users\SSAFY\Desktop\catkin_ws\build\ssafy_msgs\Release\ssafy_msgs__rosidl_typesupport_c.dll
[3.657s]   Building Custom Rule C:/Users/SSAFY/Desktop/catkin_ws/src/ssafy_msgs/CMakeLists.txt
[3.875s]   Building Custom Rule C:/Users/SSAFY/Desktop/catkin_ws/src/ssafy_msgs/CMakeLists.txt
[4.047s]   ssafy_msgs__rosidl_typesupport_connext_cpp.vcxproj -> C:\Users\SSAFY\Desktop\catkin_ws\build\ssafy_msgs\Release\ssafy_msgs__rosidl_typesupport_connext_cpp.dll
[4.157s]   Building Custom Rule C:/Users/SSAFY/Desktop/catkin_ws/src/ssafy_msgs/CMakeLists.txt
[4.328s]   ssafy_msgs__rosidl_typesupport_connext_c.vcxproj -> C:\Users\SSAFY\Desktop\catkin_ws\build\ssafy_msgs\Release\ssafy_msgs__rosidl_typesupport_connext_c.dll
[4.469s]   Building Custom Rule C:/Users/SSAFY/Desktop/catkin_ws/src/ssafy_msgs/CMakeLists.txt
[4.578s]   ssafy_msgs__rosidl_typesupport_cpp.vcxproj -> C:\Users\SSAFY\Desktop\catkin_ws\build\ssafy_msgs\Release\ssafy_msgs__rosidl_typesupport_cpp.dll
[4.750s]   Building Custom Rule C:/Users/SSAFY/Desktop/catkin_ws/src/ssafy_msgs/CMakeLists.txt
[4.844s]   ssafy_msgs__rosidl_typesupport_fastrtps_cpp.vcxproj -> C:\Users\SSAFY\Desktop\catkin_ws\build\ssafy_msgs\Release\ssafy_msgs__rosidl_typesupport_fastrtps_cpp.dll
[4.938s]   Building Custom Rule C:/Users/SSAFY/Desktop/catkin_ws/src/ssafy_msgs/CMakeLists.txt
[5.047s]   ssafy_msgs__rosidl_typesupport_fastrtps_c.vcxproj -> C:\Users\SSAFY\Desktop\catkin_ws\build\ssafy_msgs\Release\ssafy_msgs__rosidl_typesupport_fastrtps_c.dll
[5.188s]   Building Custom Rule C:/Users/SSAFY/Desktop/catkin_ws/src/ssafy_msgs/CMakeLists.txt
[5.282s]   ssafy_msgs__rosidl_typesupport_introspection_c.vcxproj -> C:\Users\SSAFY\Desktop\catkin_ws\build\ssafy_msgs\Release\ssafy_msgs__rosidl_typesupport_introspection_c.dll
[5.391s]   Building Custom Rule C:/Users/SSAFY/Desktop/catkin_ws/src/ssafy_msgs/CMakeLists.txt
[5.485s]   ssafy_msgs__rosidl_typesupport_introspection_cpp.vcxproj -> C:\Users\SSAFY\Desktop\catkin_ws\build\ssafy_msgs\Release\ssafy_msgs__rosidl_typesupport_introspection_cpp.dll
[5.703s]   Building Custom Rule C:/Users/SSAFY/Desktop/catkin_ws/src/ssafy_msgs/CMakeLists.txt
[5.844s]   Building Custom Rule C:/Users/SSAFY/Desktop/catkin_ws/src/ssafy_msgs/CMakeLists.txt
[5.985s]   ssafy_msgs__rosidl_typesupport_opensplice_cpp.vcxproj -> C:\Users\SSAFY\Desktop\catkin_ws\build\ssafy_msgs\Release\ssafy_msgs__rosidl_typesupport_opensplice_cpp.dll
[6.063s]   Building Custom Rule C:/Users/SSAFY/Desktop/catkin_ws/src/ssafy_msgs/CMakeLists.txt
[6.203s]   ssafy_msgs__rosidl_typesupport_opensplice_c.vcxproj -> C:\Users\SSAFY\Desktop\catkin_ws\build\ssafy_msgs\Release\ssafy_msgs__rosidl_typesupport_opensplice_c.dll
[6.328s]   Building Custom Rule C:/Users/SSAFY/Desktop/catkin_ws/src/ssafy_msgs/CMakeLists.txt
[6.625s]   Building Custom Rule C:/Users/SSAFY/Desktop/catkin_ws/src/ssafy_msgs/CMakeLists.txt
[6.719s]   ssafy_msgs__python.vcxproj -> C:\Users\SSAFY\Desktop\catkin_ws\build\ssafy_msgs\rosidl_generator_py\ssafy_msgs\ssafy_msgs__python.dll
[6.844s]   Building Custom Rule C:/Users/SSAFY/Desktop/catkin_ws/src/ssafy_msgs/CMakeLists.txt
[6.938s]   ssafy_msgs__rosidl_typesupport_c__pyext.vcxproj -> C:\Users\SSAFY\Desktop\catkin_ws\build\ssafy_msgs\rosidl_generator_py\ssafy_msgs\ssafy_msgs_s__rosidl_typesupport_c.pyd
[7.063s]   Building Custom Rule C:/Users/SSAFY/Desktop/catkin_ws/src/ssafy_msgs/CMakeLists.txt
[7.172s]   ssafy_msgs__rosidl_typesupport_connext_c__pyext.vcxproj -> C:\Users\SSAFY\Desktop\catkin_ws\build\ssafy_msgs\rosidl_generator_py\ssafy_msgs\ssafy_msgs_s__rosidl_typesupport_connext_c.pyd
[7.282s]   Building Custom Rule C:/Users/SSAFY/Desktop/catkin_ws/src/ssafy_msgs/CMakeLists.txt
[7.375s]   ssafy_msgs__rosidl_typesupport_fastrtps_c__pyext.vcxproj -> C:\Users\SSAFY\Desktop\catkin_ws\build\ssafy_msgs\rosidl_generator_py\ssafy_msgs\ssafy_msgs_s__rosidl_typesupport_fastrtps_c.pyd
[7.500s]   Building Custom Rule C:/Users/SSAFY/Desktop/catkin_ws/src/ssafy_msgs/CMakeLists.txt
[7.578s]   ssafy_msgs__rosidl_typesupport_introspection_c__pyext.vcxproj -> C:\Users\SSAFY\Desktop\catkin_ws\build\ssafy_msgs\rosidl_generator_py\ssafy_msgs\ssafy_msgs_s__rosidl_typesupport_introspection_c.pyd
[7.719s]   Building Custom Rule C:/Users/SSAFY/Desktop/catkin_ws/src/ssafy_msgs/CMakeLists.txt
[7.813s]   ssafy_msgs__rosidl_typesupport_opensplice_c__pyext.vcxproj -> C:\Users\SSAFY\Desktop\catkin_ws\build\ssafy_msgs\rosidl_generator_py\ssafy_msgs\ssafy_msgs_s__rosidl_typesupport_opensplice_c.pyd
[7.907s]   Building Custom Rule C:/Users/SSAFY/Desktop/catkin_ws/src/ssafy_msgs/CMakeLists.txt
[8.016s] Invoked command in 'C:\Users\SSAFY\Desktop\catkin_ws\build\ssafy_msgs' returned '0': CL=/MP installDir=%installDir%
IntelliJ IDEA=C:\Program Files\JetBrains\IntelliJ IDEA 2024.1.4\bin;
IntelliJ IDEA Community Edition=C:\Program Files\JetBrains\IntelliJ IDEA Community Edition 2024.1.4\bin; C:\Program Files (x86)\Microsoft Visual Studio\2019\BuildTools\Common7\IDE\CommonExtensions\Microsoft\CMake\CMake\bin\cmake.EXE --build C:\Users\SSAFY\Desktop\catkin_ws\build\ssafy_msgs --config Release
[8.063s] Invoking command in 'C:\Users\SSAFY\Desktop\catkin_ws\build\ssafy_msgs': installDir=%installDir%
IntelliJ IDEA=C:\Program Files\JetBrains\IntelliJ IDEA 2024.1.4\bin;
IntelliJ IDEA Community Edition=C:\Program Files\JetBrains\IntelliJ IDEA Community Edition 2024.1.4\bin; C:\Program Files (x86)\Microsoft Visual Studio\2019\BuildTools\Common7\IDE\CommonExtensions\Microsoft\CMake\CMake\bin\cmake.EXE --install C:\Users\SSAFY\Desktop\catkin_ws\build\ssafy_msgs --config Release
[8.094s] -- Up-to-date: C:/Users/SSAFY/Desktop/catkin_ws/install/ssafy_msgs/share/ament_index/resource_index/rosidl_interfaces/ssafy_msgs
[8.110s] -- Up-to-date: C:/Users/SSAFY/Desktop/catkin_ws/install/ssafy_msgs/lib/ssafy_msgs__rosidl_typesupport_c.lib
[8.125s] -- Up-to-date: C:/Users/SSAFY/Desktop/catkin_ws/install/ssafy_msgs/bin/ssafy_msgs__rosidl_typesupport_c.dll
[8.125s] -- Up-to-date: C:/Users/SSAFY/Desktop/catkin_ws/install/ssafy_msgs/lib/ssafy_msgs__rosidl_typesupport_cpp.lib
[8.172s] -- Up-to-date: C:/Users/SSAFY/Desktop/catkin_ws/install/ssafy_msgs/bin/ssafy_msgs__rosidl_typesupport_cpp.dll
[8.172s] -- Up-to-date: C:/Users/SSAFY/Desktop/catkin_ws/install/ssafy_msgs/include/ssafy_msgs
[8.172s] -- Up-to-date: C:/Users/SSAFY/Desktop/catkin_ws/install/ssafy_msgs/include/ssafy_msgs/msg
[8.172s] -- Up-to-date: C:/Users/SSAFY/Desktop/catkin_ws/install/ssafy_msgs/include/ssafy_msgs/msg/b_box__rosidl_typesupport_connext_c.h
[8.172s] -- Up-to-date: C:/Users/SSAFY/Desktop/catkin_ws/install/ssafy_msgs/include/ssafy_msgs/msg/custom_object_info__rosidl_typesupport_connext_c.h
[8.172s] -- Up-to-date: C:/Users/SSAFY/Desktop/catkin_ws/install/ssafy_msgs/include/ssafy_msgs/msg/dds_connext
[8.188s] -- Up-to-date: C:/Users/SSAFY/Desktop/catkin_ws/install/ssafy_msgs/include/ssafy_msgs/msg/enviroment_status__rosidl_typesupport_connext_c.h
[8.188s] -- Up-to-date: C:/Users/SSAFY/Desktop/catkin_ws/install/ssafy_msgs/include/ssafy_msgs/msg/hand_control__rosidl_typesupport_connext_c.h
[8.188s] -- Up-to-date: C:/Users/SSAFY/Desktop/catkin_ws/install/ssafy_msgs/include/ssafy_msgs/msg/num__rosidl_typesupport_connext_c.h
[8.203s] -- Up-to-date: C:/Users/SSAFY/Desktop/catkin_ws/install/ssafy_msgs/include/ssafy_msgs/msg/object_info__rosidl_typesupport_connext_c.h
[8.203s] -- Up-to-date: C:/Users/SSAFY/Desktop/catkin_ws/install/ssafy_msgs/include/ssafy_msgs/msg/rosidl_typesupport_connext_c__visibility_control.h
[8.203s] -- Up-to-date: C:/Users/SSAFY/Desktop/catkin_ws/install/ssafy_msgs/include/ssafy_msgs/msg/turtlebot_status__rosidl_typesupport_connext_c.h
[8.203s] -- Up-to-date: C:/Users/SSAFY/Desktop/catkin_ws/install/ssafy_msgs/lib/ssafy_msgs__rosidl_typesupport_connext_c.lib
[8.250s] -- Up-to-date: C:/Users/SSAFY/Desktop/catkin_ws/install/ssafy_msgs/bin/ssafy_msgs__rosidl_typesupport_connext_c.dll
[8.250s] -- Up-to-date: C:/Users/SSAFY/Desktop/catkin_ws/install/ssafy_msgs/include/ssafy_msgs
[8.250s] -- Up-to-date: C:/Users/SSAFY/Desktop/catkin_ws/install/ssafy_msgs/include/ssafy_msgs/msg
[8.250s] -- Up-to-date: C:/Users/SSAFY/Desktop/catkin_ws/install/ssafy_msgs/include/ssafy_msgs/msg/b_box.h
[8.266s] -- Up-to-date: C:/Users/SSAFY/Desktop/catkin_ws/install/ssafy_msgs/include/ssafy_msgs/msg/b_box__functions.c
[8.282s] -- Up-to-date: C:/Users/SSAFY/Desktop/catkin_ws/install/ssafy_msgs/include/ssafy_msgs/msg/b_box__functions.h
[8.282s] -- Up-to-date: C:/Users/SSAFY/Desktop/catkin_ws/install/ssafy_msgs/include/ssafy_msgs/msg/b_box__struct.h
[8.282s] -- Up-to-date: C:/Users/SSAFY/Desktop/catkin_ws/install/ssafy_msgs/include/ssafy_msgs/msg/b_box__type_support.h
[8.282s] -- Up-to-date: C:/Users/SSAFY/Desktop/catkin_ws/install/ssafy_msgs/include/ssafy_msgs/msg/custom_object_info.h
[8.297s] -- Up-to-date: C:/Users/SSAFY/Desktop/catkin_ws/install/ssafy_msgs/include/ssafy_msgs/msg/custom_object_info__functions.c
[8.297s] -- Up-to-date: C:/Users/SSAFY/Desktop/catkin_ws/install/ssafy_msgs/include/ssafy_msgs/msg/custom_object_info__functions.h
[8.297s] -- Up-to-date: C:/Users/SSAFY/Desktop/catkin_ws/install/ssafy_msgs/include/ssafy_msgs/msg/custom_object_info__struct.h
[8.313s] -- Up-to-date: C:/Users/SSAFY/Desktop/catkin_ws/install/ssafy_msgs/include/ssafy_msgs/msg/custom_object_info__type_support.h
[8.313s] -- Up-to-date: C:/Users/SSAFY/Desktop/catkin_ws/install/ssafy_msgs/include/ssafy_msgs/msg/enviroment_status.h
[8.328s] -- Up-to-date: C:/Users/SSAFY/Desktop/catkin_ws/install/ssafy_msgs/include/ssafy_msgs/msg/enviroment_status__functions.c
[8.328s] -- Up-to-date: C:/Users/SSAFY/Desktop/catkin_ws/install/ssafy_msgs/include/ssafy_msgs/msg/enviroment_status__functions.h
[8.328s] -- Up-to-date: C:/Users/SSAFY/Desktop/catkin_ws/install/ssafy_msgs/include/ssafy_msgs/msg/enviroment_status__struct.h
[8.344s] -- Up-to-date: C:/Users/SSAFY/Desktop/catkin_ws/install/ssafy_msgs/include/ssafy_msgs/msg/enviroment_status__type_support.h
[8.344s] -- Up-to-date: C:/Users/SSAFY/Desktop/catkin_ws/install/ssafy_msgs/include/ssafy_msgs/msg/hand_control.h
[8.344s] -- Up-to-date: C:/Users/SSAFY/Desktop/catkin_ws/install/ssafy_msgs/include/ssafy_msgs/msg/hand_control__functions.c
[8.360s] -- Up-to-date: C:/Users/SSAFY/Desktop/catkin_ws/install/ssafy_msgs/include/ssafy_msgs/msg/hand_control__functions.h
[8.360s] -- Up-to-date: C:/Users/SSAFY/Desktop/catkin_ws/install/ssafy_msgs/include/ssafy_msgs/msg/hand_control__struct.h
[8.360s] -- Up-to-date: C:/Users/SSAFY/Desktop/catkin_ws/install/ssafy_msgs/include/ssafy_msgs/msg/hand_control__type_support.h
[8.360s] -- Up-to-date: C:/Users/SSAFY/Desktop/catkin_ws/install/ssafy_msgs/include/ssafy_msgs/msg/num.h
[8.375s] -- Up-to-date: C:/Users/SSAFY/Desktop/catkin_ws/install/ssafy_msgs/include/ssafy_msgs/msg/num__functions.c
[8.375s] -- Up-to-date: C:/Users/SSAFY/Desktop/catkin_ws/install/ssafy_msgs/include/ssafy_msgs/msg/num__functions.h
[8.375s] -- Up-to-date: C:/Users/SSAFY/Desktop/catkin_ws/install/ssafy_msgs/include/ssafy_msgs/msg/num__struct.h
[8.375s] -- Up-to-date: C:/Users/SSAFY/Desktop/catkin_ws/install/ssafy_msgs/include/ssafy_msgs/msg/num__type_support.h
[8.375s] -- Up-to-date: C:/Users/SSAFY/Desktop/catkin_ws/install/ssafy_msgs/include/ssafy_msgs/msg/object_info.h
[8.391s] -- Up-to-date: C:/Users/SSAFY/Desktop/catkin_ws/install/ssafy_msgs/include/ssafy_msgs/msg/object_info__functions.c
[8.391s] -- Up-to-date: C:/Users/SSAFY/Desktop/catkin_ws/install/ssafy_msgs/include/ssafy_msgs/msg/object_info__functions.h
[8.407s] -- Up-to-date: C:/Users/SSAFY/Desktop/catkin_ws/install/ssafy_msgs/include/ssafy_msgs/msg/object_info__struct.h
[8.407s] -- Up-to-date: C:/Users/SSAFY/Desktop/catkin_ws/install/ssafy_msgs/include/ssafy_msgs/msg/object_info__type_support.h
[8.407s] -- Up-to-date: C:/Users/SSAFY/Desktop/catkin_ws/install/ssafy_msgs/include/ssafy_msgs/msg/rosidl_generator_c__visibility_control.h
[8.407s] -- Up-to-date: C:/Users/SSAFY/Desktop/catkin_ws/install/ssafy_msgs/include/ssafy_msgs/msg/turtlebot_status.h
[8.422s] -- Up-to-date: C:/Users/SSAFY/Desktop/catkin_ws/install/ssafy_msgs/include/ssafy_msgs/msg/turtlebot_status__functions.c
[8.422s] -- Up-to-date: C:/Users/SSAFY/Desktop/catkin_ws/install/ssafy_msgs/include/ssafy_msgs/msg/turtlebot_status__functions.h
[8.422s] -- Up-to-date: C:/Users/SSAFY/Desktop/catkin_ws/install/ssafy_msgs/include/ssafy_msgs/msg/turtlebot_status__struct.h
[8.438s] -- Up-to-date: C:/Users/SSAFY/Desktop/catkin_ws/install/ssafy_msgs/include/ssafy_msgs/msg/turtlebot_status__type_support.h
[8.438s] -- Up-to-date: C:/Users/SSAFY/Desktop/catkin_ws/install/ssafy_msgs/lib/ssafy_msgs__rosidl_generator_c.lib
[8.453s] -- Up-to-date: C:/Users/SSAFY/Desktop/catkin_ws/install/ssafy_msgs/bin/ssafy_msgs__rosidl_generator_c.dll
[8.453s] -- Up-to-date: C:/Users/SSAFY/Desktop/catkin_ws/install/ssafy_msgs/share/ssafy_msgs/msg/dds_connext
[8.453s] -- Up-to-date: C:/Users/SSAFY/Desktop/catkin_ws/install/ssafy_msgs/share/ssafy_msgs/msg/dds_connext/BBox_.idl
[8.453s] -- Up-to-date: C:/Users/SSAFY/Desktop/catkin_ws/install/ssafy_msgs/share/ssafy_msgs/msg/dds_connext/CustomObjectInfo_.idl
[8.469s] -- Up-to-date: C:/Users/SSAFY/Desktop/catkin_ws/install/ssafy_msgs/share/ssafy_msgs/msg/dds_connext/EnviromentStatus_.idl
[8.469s] -- Up-to-date: C:/Users/SSAFY/Desktop/catkin_ws/install/ssafy_msgs/share/ssafy_msgs/msg/dds_connext/HandControl_.idl
[8.469s] -- Up-to-date: C:/Users/SSAFY/Desktop/catkin_ws/install/ssafy_msgs/share/ssafy_msgs/msg/dds_connext/Num_.idl
[8.469s] -- Up-to-date: C:/Users/SSAFY/Desktop/catkin_ws/install/ssafy_msgs/share/ssafy_msgs/msg/dds_connext/ObjectInfo_.idl
[8.469s] -- Up-to-date: C:/Users/SSAFY/Desktop/catkin_ws/install/ssafy_msgs/share/ssafy_msgs/msg/dds_connext/TurtlebotStatus_.idl
[8.469s] -- Up-to-date: C:/Users/SSAFY/Desktop/catkin_ws/install/ssafy_msgs/include/ssafy_msgs
[8.469s] -- Up-to-date: C:/Users/SSAFY/Desktop/catkin_ws/install/ssafy_msgs/include/ssafy_msgs/msg
[8.485s] -- Up-to-date: C:/Users/SSAFY/Desktop/catkin_ws/install/ssafy_msgs/include/ssafy_msgs/msg/b_box__rosidl_typesupport_connext_cpp.hpp
[8.485s] -- Up-to-date: C:/Users/SSAFY/Desktop/catkin_ws/install/ssafy_msgs/include/ssafy_msgs/msg/custom_object_info__rosidl_typesupport_connext_cpp.hpp
[8.485s] -- Up-to-date: C:/Users/SSAFY/Desktop/catkin_ws/install/ssafy_msgs/include/ssafy_msgs/msg/dds_connext
[8.500s] -- Up-to-date: C:/Users/SSAFY/Desktop/catkin_ws/install/ssafy_msgs/include/ssafy_msgs/msg/dds_connext/BBox_.cxx
[8.500s] -- Up-to-date: C:/Users/SSAFY/Desktop/catkin_ws/install/ssafy_msgs/include/ssafy_msgs/msg/dds_connext/BBox_.h
[8.532s] -- Up-to-date: C:/Users/SSAFY/Desktop/catkin_ws/install/ssafy_msgs/include/ssafy_msgs/msg/dds_connext/BBox_Plugin.cxx
[8.532s] -- Up-to-date: C:/Users/SSAFY/Desktop/catkin_ws/install/ssafy_msgs/include/ssafy_msgs/msg/dds_connext/BBox_Plugin.h
[8.547s] -- Up-to-date: C:/Users/SSAFY/Desktop/catkin_ws/install/ssafy_msgs/include/ssafy_msgs/msg/dds_connext/BBox_Support.cxx
[8.547s] -- Up-to-date: C:/Users/SSAFY/Desktop/catkin_ws/install/ssafy_msgs/include/ssafy_msgs/msg/dds_connext/BBox_Support.h
[8.563s] -- Up-to-date: C:/Users/SSAFY/Desktop/catkin_ws/install/ssafy_msgs/include/ssafy_msgs/msg/dds_connext/CustomObjectInfo_.cxx
[8.563s] -- Up-to-date: C:/Users/SSAFY/Desktop/catkin_ws/install/ssafy_msgs/include/ssafy_msgs/msg/dds_connext/CustomObjectInfo_.h
[8.594s] -- Up-to-date: C:/Users/SSAFY/Desktop/catkin_ws/install/ssafy_msgs/include/ssafy_msgs/msg/dds_connext/CustomObjectInfo_Plugin.cxx
[8.594s] -- Up-to-date: C:/Users/SSAFY/Desktop/catkin_ws/install/ssafy_msgs/include/ssafy_msgs/msg/dds_connext/CustomObjectInfo_Plugin.h
[8.610s] -- Up-to-date: C:/Users/SSAFY/Desktop/catkin_ws/install/ssafy_msgs/include/ssafy_msgs/msg/dds_connext/CustomObjectInfo_Support.cxx
[8.610s] -- Up-to-date: C:/Users/SSAFY/Desktop/catkin_ws/install/ssafy_msgs/include/ssafy_msgs/msg/dds_connext/CustomObjectInfo_Support.h
[8.625s] -- Up-to-date: C:/Users/SSAFY/Desktop/catkin_ws/install/ssafy_msgs/include/ssafy_msgs/msg/dds_connext/EnviromentStatus_.cxx
[8.641s] -- Up-to-date: C:/Users/SSAFY/Desktop/catkin_ws/install/ssafy_msgs/include/ssafy_msgs/msg/dds_connext/EnviromentStatus_.h
[8.657s] -- Up-to-date: C:/Users/SSAFY/Desktop/catkin_ws/install/ssafy_msgs/include/ssafy_msgs/msg/dds_connext/EnviromentStatus_Plugin.cxx
[8.672s] -- Up-to-date: C:/Users/SSAFY/Desktop/catkin_ws/install/ssafy_msgs/include/ssafy_msgs/msg/dds_connext/EnviromentStatus_Plugin.h
[8.672s] -- Up-to-date: C:/Users/SSAFY/Desktop/catkin_ws/install/ssafy_msgs/include/ssafy_msgs/msg/dds_connext/EnviromentStatus_Support.cxx
[8.688s] -- Up-to-date: C:/Users/SSAFY/Desktop/catkin_ws/install/ssafy_msgs/include/ssafy_msgs/msg/dds_connext/EnviromentStatus_Support.h
[8.703s] -- Up-to-date: C:/Users/SSAFY/Desktop/catkin_ws/install/ssafy_msgs/include/ssafy_msgs/msg/dds_connext/HandControl_.cxx
[8.703s] -- Up-to-date: C:/Users/SSAFY/Desktop/catkin_ws/install/ssafy_msgs/include/ssafy_msgs/msg/dds_connext/HandControl_.h
[8.735s] -- Up-to-date: C:/Users/SSAFY/Desktop/catkin_ws/install/ssafy_msgs/include/ssafy_msgs/msg/dds_connext/HandControl_Plugin.cxx
[8.750s] -- Up-to-date: C:/Users/SSAFY/Desktop/catkin_ws/install/ssafy_msgs/include/ssafy_msgs/msg/dds_connext/HandControl_Plugin.h
[8.750s] -- Up-to-date: C:/Users/SSAFY/Desktop/catkin_ws/install/ssafy_msgs/include/ssafy_msgs/msg/dds_connext/HandControl_Support.cxx
[8.766s] -- Up-to-date: C:/Users/SSAFY/Desktop/catkin_ws/install/ssafy_msgs/include/ssafy_msgs/msg/dds_connext/HandControl_Support.h
[8.782s] -- Up-to-date: C:/Users/SSAFY/Desktop/catkin_ws/install/ssafy_msgs/include/ssafy_msgs/msg/dds_connext/Num_.cxx
[8.782s] -- Up-to-date: C:/Users/SSAFY/Desktop/catkin_ws/install/ssafy_msgs/include/ssafy_msgs/msg/dds_connext/Num_.h
[8.797s] -- Up-to-date: C:/Users/SSAFY/Desktop/catkin_ws/install/ssafy_msgs/include/ssafy_msgs/msg/dds_connext/Num_Plugin.cxx
[8.813s] -- Up-to-date: C:/Users/SSAFY/Desktop/catkin_ws/install/ssafy_msgs/include/ssafy_msgs/msg/dds_connext/Num_Plugin.h
[8.828s] -- Up-to-date: C:/Users/SSAFY/Desktop/catkin_ws/install/ssafy_msgs/include/ssafy_msgs/msg/dds_connext/Num_Support.cxx
[8.828s] -- Up-to-date: C:/Users/SSAFY/Desktop/catkin_ws/install/ssafy_msgs/include/ssafy_msgs/msg/dds_connext/Num_Support.h
[8.844s] -- Up-to-date: C:/Users/SSAFY/Desktop/catkin_ws/install/ssafy_msgs/include/ssafy_msgs/msg/dds_connext/ObjectInfo_.cxx
[8.844s] -- Up-to-date: C:/Users/SSAFY/Desktop/catkin_ws/install/ssafy_msgs/include/ssafy_msgs/msg/dds_connext/ObjectInfo_.h
[8.875s] -- Up-to-date: C:/Users/SSAFY/Desktop/catkin_ws/install/ssafy_msgs/include/ssafy_msgs/msg/dds_connext/ObjectInfo_Plugin.cxx
[8.875s] -- Up-to-date: C:/Users/SSAFY/Desktop/catkin_ws/install/ssafy_msgs/include/ssafy_msgs/msg/dds_connext/ObjectInfo_Plugin.h
[8.891s] -- Up-to-date: C:/Users/SSAFY/Desktop/catkin_ws/install/ssafy_msgs/include/ssafy_msgs/msg/dds_connext/ObjectInfo_Support.cxx
[8.891s] -- Up-to-date: C:/Users/SSAFY/Desktop/catkin_ws/install/ssafy_msgs/include/ssafy_msgs/msg/dds_connext/ObjectInfo_Support.h
[8.907s] -- Up-to-date: C:/Users/SSAFY/Desktop/catkin_ws/install/ssafy_msgs/include/ssafy_msgs/msg/dds_connext/TurtlebotStatus_.cxx
[8.922s] -- Up-to-date: C:/Users/SSAFY/Desktop/catkin_ws/install/ssafy_msgs/include/ssafy_msgs/msg/dds_connext/TurtlebotStatus_.h
[8.938s] -- Up-to-date: C:/Users/SSAFY/Desktop/catkin_ws/install/ssafy_msgs/include/ssafy_msgs/msg/dds_connext/TurtlebotStatus_Plugin.cxx
[8.953s] -- Up-to-date: C:/Users/SSAFY/Desktop/catkin_ws/install/ssafy_msgs/include/ssafy_msgs/msg/dds_connext/TurtlebotStatus_Plugin.h
[8.953s] -- Up-to-date: C:/Users/SSAFY/Desktop/catkin_ws/install/ssafy_msgs/include/ssafy_msgs/msg/dds_connext/TurtlebotStatus_Support.cxx
[8.969s] -- Up-to-date: C:/Users/SSAFY/Desktop/catkin_ws/install/ssafy_msgs/include/ssafy_msgs/msg/dds_connext/TurtlebotStatus_Support.h
[8.969s] -- Up-to-date: C:/Users/SSAFY/Desktop/catkin_ws/install/ssafy_msgs/include/ssafy_msgs/msg/enviroment_status__rosidl_typesupport_connext_cpp.hpp
[8.985s] -- Up-to-date: C:/Users/SSAFY/Desktop/catkin_ws/install/ssafy_msgs/include/ssafy_msgs/msg/hand_control__rosidl_typesupport_connext_cpp.hpp
[8.985s] -- Up-to-date: C:/Users/SSAFY/Desktop/catkin_ws/install/ssafy_msgs/include/ssafy_msgs/msg/num__rosidl_typesupport_connext_cpp.hpp
[9.000s] -- Up-to-date: C:/Users/SSAFY/Desktop/catkin_ws/install/ssafy_msgs/include/ssafy_msgs/msg/object_info__rosidl_typesupport_connext_cpp.hpp
[9.000s] -- Up-to-date: C:/Users/SSAFY/Desktop/catkin_ws/install/ssafy_msgs/include/ssafy_msgs/msg/rosidl_typesupport_connext_cpp__visibility_control.h
[9.016s] -- Up-to-date: C:/Users/SSAFY/Desktop/catkin_ws/install/ssafy_msgs/include/ssafy_msgs/msg/turtlebot_status__rosidl_typesupport_connext_cpp.hpp
[9.016s] -- Up-to-date: C:/Users/SSAFY/Desktop/catkin_ws/install/ssafy_msgs/lib/ssafy_msgs__rosidl_typesupport_connext_cpp.lib
[9.063s] -- Up-to-date: C:/Users/SSAFY/Desktop/catkin_ws/install/ssafy_msgs/bin/ssafy_msgs__rosidl_typesupport_connext_cpp.dll
[9.063s] -- Up-to-date: C:/Users/SSAFY/Desktop/catkin_ws/install/ssafy_msgs/include/ssafy_msgs
[9.063s] -- Up-to-date: C:/Users/SSAFY/Desktop/catkin_ws/install/ssafy_msgs/include/ssafy_msgs/msg
[9.063s] -- Up-to-date: C:/Users/SSAFY/Desktop/catkin_ws/install/ssafy_msgs/include/ssafy_msgs/msg/b_box.hpp
[9.078s] -- Up-to-date: C:/Users/SSAFY/Desktop/catkin_ws/install/ssafy_msgs/include/ssafy_msgs/msg/b_box__struct.hpp
[9.094s] -- Up-to-date: C:/Users/SSAFY/Desktop/catkin_ws/install/ssafy_msgs/include/ssafy_msgs/msg/b_box__traits.hpp
[9.094s] -- Up-to-date: C:/Users/SSAFY/Desktop/catkin_ws/install/ssafy_msgs/include/ssafy_msgs/msg/custom_object_info.hpp
[9.110s] -- Up-to-date: C:/Users/SSAFY/Desktop/catkin_ws/install/ssafy_msgs/include/ssafy_msgs/msg/custom_object_info__struct.hpp
[9.110s] -- Up-to-date: C:/Users/SSAFY/Desktop/catkin_ws/install/ssafy_msgs/include/ssafy_msgs/msg/custom_object_info__traits.hpp
[9.110s] -- Up-to-date: C:/Users/SSAFY/Desktop/catkin_ws/install/ssafy_msgs/include/ssafy_msgs/msg/enviroment_status.hpp
[9.125s] -- Up-to-date: C:/Users/SSAFY/Desktop/catkin_ws/install/ssafy_msgs/include/ssafy_msgs/msg/enviroment_status__struct.hpp
[9.125s] -- Up-to-date: C:/Users/SSAFY/Desktop/catkin_ws/install/ssafy_msgs/include/ssafy_msgs/msg/enviroment_status__traits.hpp
[9.141s] -- Up-to-date: C:/Users/SSAFY/Desktop/catkin_ws/install/ssafy_msgs/include/ssafy_msgs/msg/hand_control.hpp
[9.141s] -- Up-to-date: C:/Users/SSAFY/Desktop/catkin_ws/install/ssafy_msgs/include/ssafy_msgs/msg/hand_control__struct.hpp
[9.141s] -- Up-to-date: C:/Users/SSAFY/Desktop/catkin_ws/install/ssafy_msgs/include/ssafy_msgs/msg/hand_control__traits.hpp
[9.157s] -- Up-to-date: C:/Users/SSAFY/Desktop/catkin_ws/install/ssafy_msgs/include/ssafy_msgs/msg/num.hpp
[9.157s] -- Up-to-date: C:/Users/SSAFY/Desktop/catkin_ws/install/ssafy_msgs/include/ssafy_msgs/msg/num__struct.hpp
[9.157s] -- Up-to-date: C:/Users/SSAFY/Desktop/catkin_ws/install/ssafy_msgs/include/ssafy_msgs/msg/num__traits.hpp
[9.172s] -- Up-to-date: C:/Users/SSAFY/Desktop/catkin_ws/install/ssafy_msgs/include/ssafy_msgs/msg/object_info.hpp
[9.172s] -- Up-to-date: C:/Users/SSAFY/Desktop/catkin_ws/install/ssafy_msgs/include/ssafy_msgs/msg/object_info__struct.hpp
[9.172s] -- Up-to-date: C:/Users/SSAFY/Desktop/catkin_ws/install/ssafy_msgs/include/ssafy_msgs/msg/object_info__traits.hpp
[9.188s] -- Up-to-date: C:/Users/SSAFY/Desktop/catkin_ws/install/ssafy_msgs/include/ssafy_msgs/msg/turtlebot_status.hpp
[9.188s] -- Up-to-date: C:/Users/SSAFY/Desktop/catkin_ws/install/ssafy_msgs/include/ssafy_msgs/msg/turtlebot_status__struct.hpp
[9.203s] -- Up-to-date: C:/Users/SSAFY/Desktop/catkin_ws/install/ssafy_msgs/include/ssafy_msgs/msg/turtlebot_status__traits.hpp
[9.203s] -- Up-to-date: C:/Users/SSAFY/Desktop/catkin_ws/install/ssafy_msgs/include/ssafy_msgs
[9.203s] -- Up-to-date: C:/Users/SSAFY/Desktop/catkin_ws/install/ssafy_msgs/include/ssafy_msgs/msg
[9.203s] -- Up-to-date: C:/Users/SSAFY/Desktop/catkin_ws/install/ssafy_msgs/include/ssafy_msgs/msg/b_box__rosidl_typesupport_fastrtps_c.h
[9.203s] -- Up-to-date: C:/Users/SSAFY/Desktop/catkin_ws/install/ssafy_msgs/include/ssafy_msgs/msg/custom_object_info__rosidl_typesupport_fastrtps_c.h
[9.219s] -- Up-to-date: C:/Users/SSAFY/Desktop/catkin_ws/install/ssafy_msgs/include/ssafy_msgs/msg/enviroment_status__rosidl_typesupport_fastrtps_c.h
[9.219s] -- Up-to-date: C:/Users/SSAFY/Desktop/catkin_ws/install/ssafy_msgs/include/ssafy_msgs/msg/hand_control__rosidl_typesupport_fastrtps_c.h
[9.219s] -- Up-to-date: C:/Users/SSAFY/Desktop/catkin_ws/install/ssafy_msgs/include/ssafy_msgs/msg/num__rosidl_typesupport_fastrtps_c.h
[9.235s] -- Up-to-date: C:/Users/SSAFY/Desktop/catkin_ws/install/ssafy_msgs/include/ssafy_msgs/msg/object_info__rosidl_typesupport_fastrtps_c.h
[9.235s] -- Up-to-date: C:/Users/SSAFY/Desktop/catkin_ws/install/ssafy_msgs/include/ssafy_msgs/msg/rosidl_typesupport_fastrtps_c__visibility_control.h
[9.235s] -- Up-to-date: C:/Users/SSAFY/Desktop/catkin_ws/install/ssafy_msgs/include/ssafy_msgs/msg/turtlebot_status__rosidl_typesupport_fastrtps_c.h
[9.235s] -- Up-to-date: C:/Users/SSAFY/Desktop/catkin_ws/install/ssafy_msgs/lib/ssafy_msgs__rosidl_typesupport_fastrtps_c.lib
[9.266s] -- Up-to-date: C:/Users/SSAFY/Desktop/catkin_ws/install/ssafy_msgs/bin/ssafy_msgs__rosidl_typesupport_fastrtps_c.dll
[9.266s] -- Up-to-date: C:/Users/SSAFY/Desktop/catkin_ws/install/ssafy_msgs/include/ssafy_msgs
[9.266s] -- Up-to-date: C:/Users/SSAFY/Desktop/catkin_ws/install/ssafy_msgs/include/ssafy_msgs/msg
[9.266s] -- Up-to-date: C:/Users/SSAFY/Desktop/catkin_ws/install/ssafy_msgs/include/ssafy_msgs/msg/b_box__rosidl_typesupport_fastrtps_cpp.hpp
[9.282s] -- Up-to-date: C:/Users/SSAFY/Desktop/catkin_ws/install/ssafy_msgs/include/ssafy_msgs/msg/custom_object_info__rosidl_typesupport_fastrtps_cpp.hpp
[9.282s] -- Up-to-date: C:/Users/SSAFY/Desktop/catkin_ws/install/ssafy_msgs/include/ssafy_msgs/msg/dds_fastrtps
[9.282s] -- Up-to-date: C:/Users/SSAFY/Desktop/catkin_ws/install/ssafy_msgs/include/ssafy_msgs/msg/enviroment_status__rosidl_typesupport_fastrtps_cpp.hpp
[9.297s] -- Up-to-date: C:/Users/SSAFY/Desktop/catkin_ws/install/ssafy_msgs/include/ssafy_msgs/msg/hand_control__rosidl_typesupport_fastrtps_cpp.hpp
[9.297s] -- Up-to-date: C:/Users/SSAFY/Desktop/catkin_ws/install/ssafy_msgs/include/ssafy_msgs/msg/num__rosidl_typesupport_fastrtps_cpp.hpp
[9.313s] -- Up-to-date: C:/Users/SSAFY/Desktop/catkin_ws/install/ssafy_msgs/include/ssafy_msgs/msg/object_info__rosidl_typesupport_fastrtps_cpp.hpp
[9.313s] -- Up-to-date: C:/Users/SSAFY/Desktop/catkin_ws/install/ssafy_msgs/include/ssafy_msgs/msg/rosidl_typesupport_fastrtps_cpp__visibility_control.h
[9.328s] -- Up-to-date: C:/Users/SSAFY/Desktop/catkin_ws/install/ssafy_msgs/include/ssafy_msgs/msg/turtlebot_status__rosidl_typesupport_fastrtps_cpp.hpp
[9.328s] -- Up-to-date: C:/Users/SSAFY/Desktop/catkin_ws/install/ssafy_msgs/lib/ssafy_msgs__rosidl_typesupport_fastrtps_cpp.lib
[9.360s] -- Up-to-date: C:/Users/SSAFY/Desktop/catkin_ws/install/ssafy_msgs/bin/ssafy_msgs__rosidl_typesupport_fastrtps_cpp.dll
[9.360s] -- Up-to-date: C:/Users/SSAFY/Desktop/catkin_ws/install/ssafy_msgs/include/ssafy_msgs
[9.360s] -- Up-to-date: C:/Users/SSAFY/Desktop/catkin_ws/install/ssafy_msgs/include/ssafy_msgs/msg
[9.375s] -- Up-to-date: C:/Users/SSAFY/Desktop/catkin_ws/install/ssafy_msgs/include/ssafy_msgs/msg/b_box__rosidl_typesupport_introspection_c.h
[9.391s] -- Up-to-date: C:/Users/SSAFY/Desktop/catkin_ws/install/ssafy_msgs/include/ssafy_msgs/msg/b_box__type_support.c
[9.391s] -- Up-to-date: C:/Users/SSAFY/Desktop/catkin_ws/install/ssafy_msgs/include/ssafy_msgs/msg/custom_object_info__rosidl_typesupport_introspection_c.h
[9.407s] -- Up-to-date: C:/Users/SSAFY/Desktop/catkin_ws/install/ssafy_msgs/include/ssafy_msgs/msg/custom_object_info__type_support.c
[9.407s] -- Up-to-date: C:/Users/SSAFY/Desktop/catkin_ws/install/ssafy_msgs/include/ssafy_msgs/msg/enviroment_status__rosidl_typesupport_introspection_c.h
[9.422s] -- Up-to-date: C:/Users/SSAFY/Desktop/catkin_ws/install/ssafy_msgs/include/ssafy_msgs/msg/enviroment_status__type_support.c
[9.422s] -- Up-to-date: C:/Users/SSAFY/Desktop/catkin_ws/install/ssafy_msgs/include/ssafy_msgs/msg/hand_control__rosidl_typesupport_introspection_c.h
[9.438s] -- Up-to-date: C:/Users/SSAFY/Desktop/catkin_ws/install/ssafy_msgs/include/ssafy_msgs/msg/hand_control__type_support.c
[9.438s] -- Up-to-date: C:/Users/SSAFY/Desktop/catkin_ws/install/ssafy_msgs/include/ssafy_msgs/msg/num__rosidl_typesupport_introspection_c.h
[9.453s] -- Up-to-date: C:/Users/SSAFY/Desktop/catkin_ws/install/ssafy_msgs/include/ssafy_msgs/msg/num__type_support.c
[9.453s] -- Up-to-date: C:/Users/SSAFY/Desktop/catkin_ws/install/ssafy_msgs/include/ssafy_msgs/msg/object_info__rosidl_typesupport_introspection_c.h
[9.469s] -- Up-to-date: C:/Users/SSAFY/Desktop/catkin_ws/install/ssafy_msgs/include/ssafy_msgs/msg/object_info__type_support.c
[9.469s] -- Up-to-date: C:/Users/SSAFY/Desktop/catkin_ws/install/ssafy_msgs/include/ssafy_msgs/msg/rosidl_typesupport_introspection_c__visibility_control.h
[9.469s] -- Up-to-date: C:/Users/SSAFY/Desktop/catkin_ws/install/ssafy_msgs/include/ssafy_msgs/msg/turtlebot_status__rosidl_typesupport_introspection_c.h
[9.485s] -- Up-to-date: C:/Users/SSAFY/Desktop/catkin_ws/install/ssafy_msgs/include/ssafy_msgs/msg/turtlebot_status__type_support.c
[9.485s] -- Up-to-date: C:/Users/SSAFY/Desktop/catkin_ws/install/ssafy_msgs/lib/ssafy_msgs__rosidl_typesupport_introspection_c.lib
[9.532s] -- Up-to-date: C:/Users/SSAFY/Desktop/catkin_ws/install/ssafy_msgs/bin/ssafy_msgs__rosidl_typesupport_introspection_c.dll
[9.532s] -- Up-to-date: C:/Users/SSAFY/Desktop/catkin_ws/install/ssafy_msgs/include/ssafy_msgs
[9.532s] -- Up-to-date: C:/Users/SSAFY/Desktop/catkin_ws/install/ssafy_msgs/include/ssafy_msgs/msg
[9.532s] -- Up-to-date: C:/Users/SSAFY/Desktop/catkin_ws/install/ssafy_msgs/include/ssafy_msgs/msg/b_box__rosidl_typesupport_opensplice_c.h
[9.547s] -- Up-to-date: C:/Users/SSAFY/Desktop/catkin_ws/install/ssafy_msgs/include/ssafy_msgs/msg/custom_object_info__rosidl_typesupport_opensplice_c.h
[9.547s] -- Up-to-date: C:/Users/SSAFY/Desktop/catkin_ws/install/ssafy_msgs/include/ssafy_msgs/msg/dds_opensplice_c
[9.547s] -- Up-to-date: C:/Users/SSAFY/Desktop/catkin_ws/install/ssafy_msgs/include/ssafy_msgs/msg/enviroment_status__rosidl_typesupport_opensplice_c.h
[9.547s] -- Up-to-date: C:/Users/SSAFY/Desktop/catkin_ws/install/ssafy_msgs/include/ssafy_msgs/msg/hand_control__rosidl_typesupport_opensplice_c.h
[9.563s] -- Up-to-date: C:/Users/SSAFY/Desktop/catkin_ws/install/ssafy_msgs/include/ssafy_msgs/msg/num__rosidl_typesupport_opensplice_c.h
[9.563s] -- Up-to-date: C:/Users/SSAFY/Desktop/catkin_ws/install/ssafy_msgs/include/ssafy_msgs/msg/object_info__rosidl_typesupport_opensplice_c.h
[9.563s] -- Up-to-date: C:/Users/SSAFY/Desktop/catkin_ws/install/ssafy_msgs/include/ssafy_msgs/msg/rosidl_typesupport_opensplice_c__visibility_control.h
[9.563s] -- Up-to-date: C:/Users/SSAFY/Desktop/catkin_ws/install/ssafy_msgs/include/ssafy_msgs/msg/turtlebot_status__rosidl_typesupport_opensplice_c.h
[9.578s] -- Up-to-date: C:/Users/SSAFY/Desktop/catkin_ws/install/ssafy_msgs/lib/ssafy_msgs__rosidl_typesupport_opensplice_c.lib
[9.610s] -- Up-to-date: C:/Users/SSAFY/Desktop/catkin_ws/install/ssafy_msgs/bin/ssafy_msgs__rosidl_typesupport_opensplice_c.dll
[9.610s] -- Up-to-date: C:/Users/SSAFY/Desktop/catkin_ws/install/ssafy_msgs/share/ssafy_msgs/msg/dds_opensplice
[9.625s] -- Up-to-date: C:/Users/SSAFY/Desktop/catkin_ws/install/ssafy_msgs/share/ssafy_msgs/msg/dds_opensplice/BBox_.idl
[9.625s] -- Up-to-date: C:/Users/SSAFY/Desktop/catkin_ws/install/ssafy_msgs/share/ssafy_msgs/msg/dds_opensplice/CustomObjectInfo_.idl
[9.625s] -- Up-to-date: C:/Users/SSAFY/Desktop/catkin_ws/install/ssafy_msgs/share/ssafy_msgs/msg/dds_opensplice/EnviromentStatus_.idl
[9.625s] -- Up-to-date: C:/Users/SSAFY/Desktop/catkin_ws/install/ssafy_msgs/share/ssafy_msgs/msg/dds_opensplice/HandControl_.idl
[9.625s] -- Up-to-date: C:/Users/SSAFY/Desktop/catkin_ws/install/ssafy_msgs/share/ssafy_msgs/msg/dds_opensplice/Num_.idl
[9.625s] -- Up-to-date: C:/Users/SSAFY/Desktop/catkin_ws/install/ssafy_msgs/share/ssafy_msgs/msg/dds_opensplice/ObjectInfo_.idl
[9.625s] -- Up-to-date: C:/Users/SSAFY/Desktop/catkin_ws/install/ssafy_msgs/share/ssafy_msgs/msg/dds_opensplice/TurtlebotStatus_.idl
[9.625s] -- Up-to-date: C:/Users/SSAFY/Desktop/catkin_ws/install/ssafy_msgs/include/ssafy_msgs
[9.625s] -- Up-to-date: C:/Users/SSAFY/Desktop/catkin_ws/install/ssafy_msgs/include/ssafy_msgs/msg
[9.641s] -- Up-to-date: C:/Users/SSAFY/Desktop/catkin_ws/install/ssafy_msgs/include/ssafy_msgs/msg/b_box__rosidl_typesupport_opensplice_cpp.hpp
[9.657s] -- Up-to-date: C:/Users/SSAFY/Desktop/catkin_ws/install/ssafy_msgs/include/ssafy_msgs/msg/custom_object_info__rosidl_typesupport_opensplice_cpp.hpp
[9.657s] -- Up-to-date: C:/Users/SSAFY/Desktop/catkin_ws/install/ssafy_msgs/include/ssafy_msgs/msg/dds_opensplice
[9.657s] -- Up-to-date: C:/Users/SSAFY/Desktop/catkin_ws/install/ssafy_msgs/include/ssafy_msgs/msg/dds_opensplice/BBox_.h
[9.672s] -- Up-to-date: C:/Users/SSAFY/Desktop/catkin_ws/install/ssafy_msgs/include/ssafy_msgs/msg/dds_opensplice/BBox_Dcps.h
[9.672s] -- Up-to-date: C:/Users/SSAFY/Desktop/catkin_ws/install/ssafy_msgs/include/ssafy_msgs/msg/dds_opensplice/BBox_Dcps_impl.h
[9.672s] -- Up-to-date: C:/Users/SSAFY/Desktop/catkin_ws/install/ssafy_msgs/include/ssafy_msgs/msg/dds_opensplice/BBox_SplDcps.h
[9.672s] -- Up-to-date: C:/Users/SSAFY/Desktop/catkin_ws/install/ssafy_msgs/include/ssafy_msgs/msg/dds_opensplice/ccpp_BBox_.h
[9.672s] -- Up-to-date: C:/Users/SSAFY/Desktop/catkin_ws/install/ssafy_msgs/include/ssafy_msgs/msg/dds_opensplice/ccpp_CustomObjectInfo_.h
[9.688s] -- Up-to-date: C:/Users/SSAFY/Desktop/catkin_ws/install/ssafy_msgs/include/ssafy_msgs/msg/dds_opensplice/ccpp_EnviromentStatus_.h
[9.688s] -- Up-to-date: C:/Users/SSAFY/Desktop/catkin_ws/install/ssafy_msgs/include/ssafy_msgs/msg/dds_opensplice/ccpp_HandControl_.h
[9.688s] -- Up-to-date: C:/Users/SSAFY/Desktop/catkin_ws/install/ssafy_msgs/include/ssafy_msgs/msg/dds_opensplice/ccpp_Num_.h
[9.688s] -- Up-to-date: C:/Users/SSAFY/Desktop/catkin_ws/install/ssafy_msgs/include/ssafy_msgs/msg/dds_opensplice/ccpp_ObjectInfo_.h
[9.688s] -- Up-to-date: C:/Users/SSAFY/Desktop/catkin_ws/install/ssafy_msgs/include/ssafy_msgs/msg/dds_opensplice/ccpp_TurtlebotStatus_.h
[9.688s] -- Up-to-date: C:/Users/SSAFY/Desktop/catkin_ws/install/ssafy_msgs/include/ssafy_msgs/msg/dds_opensplice/CustomObjectInfo_.h
[9.703s] -- Up-to-date: C:/Users/SSAFY/Desktop/catkin_ws/install/ssafy_msgs/include/ssafy_msgs/msg/dds_opensplice/CustomObjectInfo_Dcps.h
[9.703s] -- Up-to-date: C:/Users/SSAFY/Desktop/catkin_ws/install/ssafy_msgs/include/ssafy_msgs/msg/dds_opensplice/CustomObjectInfo_Dcps_impl.h
[9.703s] -- Up-to-date: C:/Users/SSAFY/Desktop/catkin_ws/install/ssafy_msgs/include/ssafy_msgs/msg/dds_opensplice/CustomObjectInfo_SplDcps.h
[9.703s] -- Up-to-date: C:/Users/SSAFY/Desktop/catkin_ws/install/ssafy_msgs/include/ssafy_msgs/msg/dds_opensplice/EnviromentStatus_.h
[9.719s] -- Up-to-date: C:/Users/SSAFY/Desktop/catkin_ws/install/ssafy_msgs/include/ssafy_msgs/msg/dds_opensplice/EnviromentStatus_Dcps.h
[9.719s] -- Up-to-date: C:/Users/SSAFY/Desktop/catkin_ws/install/ssafy_msgs/include/ssafy_msgs/msg/dds_opensplice/EnviromentStatus_Dcps_impl.h
[9.719s] -- Up-to-date: C:/Users/SSAFY/Desktop/catkin_ws/install/ssafy_msgs/include/ssafy_msgs/msg/dds_opensplice/EnviromentStatus_SplDcps.h
[9.735s] -- Up-to-date: C:/Users/SSAFY/Desktop/catkin_ws/install/ssafy_msgs/include/ssafy_msgs/msg/dds_opensplice/HandControl_.h
[9.735s] -- Up-to-date: C:/Users/SSAFY/Desktop/catkin_ws/install/ssafy_msgs/include/ssafy_msgs/msg/dds_opensplice/HandControl_Dcps.h
[9.735s] -- Up-to-date: C:/Users/SSAFY/Desktop/catkin_ws/install/ssafy_msgs/include/ssafy_msgs/msg/dds_opensplice/HandControl_Dcps_impl.h
[9.735s] -- Up-to-date: C:/Users/SSAFY/Desktop/catkin_ws/install/ssafy_msgs/include/ssafy_msgs/msg/dds_opensplice/HandControl_SplDcps.h
[9.750s] -- Up-to-date: C:/Users/SSAFY/Desktop/catkin_ws/install/ssafy_msgs/include/ssafy_msgs/msg/dds_opensplice/Num_.h
[9.750s] -- Up-to-date: C:/Users/SSAFY/Desktop/catkin_ws/install/ssafy_msgs/include/ssafy_msgs/msg/dds_opensplice/Num_Dcps.h
[9.750s] -- Up-to-date: C:/Users/SSAFY/Desktop/catkin_ws/install/ssafy_msgs/include/ssafy_msgs/msg/dds_opensplice/Num_Dcps_impl.h
[9.766s] -- Up-to-date: C:/Users/SSAFY/Desktop/catkin_ws/install/ssafy_msgs/include/ssafy_msgs/msg/dds_opensplice/Num_SplDcps.h
[9.766s] -- Up-to-date: C:/Users/SSAFY/Desktop/catkin_ws/install/ssafy_msgs/include/ssafy_msgs/msg/dds_opensplice/ObjectInfo_.h
[9.766s] -- Up-to-date: C:/Users/SSAFY/Desktop/catkin_ws/install/ssafy_msgs/include/ssafy_msgs/msg/dds_opensplice/ObjectInfo_Dcps.h
[9.782s] -- Up-to-date: C:/Users/SSAFY/Desktop/catkin_ws/install/ssafy_msgs/include/ssafy_msgs/msg/dds_opensplice/ObjectInfo_Dcps_impl.h
[9.782s] -- Up-to-date: C:/Users/SSAFY/Desktop/catkin_ws/install/ssafy_msgs/include/ssafy_msgs/msg/dds_opensplice/ObjectInfo_SplDcps.h
[9.782s] -- Up-to-date: C:/Users/SSAFY/Desktop/catkin_ws/install/ssafy_msgs/include/ssafy_msgs/msg/dds_opensplice/TurtlebotStatus_.h
[9.782s] -- Up-to-date: C:/Users/SSAFY/Desktop/catkin_ws/install/ssafy_msgs/include/ssafy_msgs/msg/dds_opensplice/TurtlebotStatus_Dcps.h
[9.797s] -- Up-to-date: C:/Users/SSAFY/Desktop/catkin_ws/install/ssafy_msgs/include/ssafy_msgs/msg/dds_opensplice/TurtlebotStatus_Dcps_impl.h
[9.797s] -- Up-to-date: C:/Users/SSAFY/Desktop/catkin_ws/install/ssafy_msgs/include/ssafy_msgs/msg/dds_opensplice/TurtlebotStatus_SplDcps.h
[9.797s] -- Up-to-date: C:/Users/SSAFY/Desktop/catkin_ws/install/ssafy_msgs/include/ssafy_msgs/msg/enviroment_status__rosidl_typesupport_opensplice_cpp.hpp
[9.813s] -- Up-to-date: C:/Users/SSAFY/Desktop/catkin_ws/install/ssafy_msgs/include/ssafy_msgs/msg/hand_control__rosidl_typesupport_opensplice_cpp.hpp
[9.828s] -- Up-to-date: C:/Users/SSAFY/Desktop/catkin_ws/install/ssafy_msgs/include/ssafy_msgs/msg/num__rosidl_typesupport_opensplice_cpp.hpp
[9.828s] -- Up-to-date: C:/Users/SSAFY/Desktop/catkin_ws/install/ssafy_msgs/include/ssafy_msgs/msg/object_info__rosidl_typesupport_opensplice_cpp.hpp
[9.828s] -- Up-to-date: C:/Users/SSAFY/Desktop/catkin_ws/install/ssafy_msgs/include/ssafy_msgs/msg/rosidl_typesupport_opensplice_cpp__visibility_control.h
[9.844s] -- Up-to-date: C:/Users/SSAFY/Desktop/catkin_ws/install/ssafy_msgs/include/ssafy_msgs/msg/turtlebot_status__rosidl_typesupport_opensplice_cpp.hpp
[9.844s] -- Up-to-date: C:/Users/SSAFY/Desktop/catkin_ws/install/ssafy_msgs/lib/ssafy_msgs__rosidl_typesupport_opensplice_cpp.lib
[9.891s] -- Up-to-date: C:/Users/SSAFY/Desktop/catkin_ws/install/ssafy_msgs/bin/ssafy_msgs__rosidl_typesupport_opensplice_cpp.dll
[9.891s] -- Up-to-date: C:/Users/SSAFY/Desktop/catkin_ws/install/ssafy_msgs/include/ssafy_msgs
[9.891s] -- Up-to-date: C:/Users/SSAFY/Desktop/catkin_ws/install/ssafy_msgs/include/ssafy_msgs/msg
[9.907s] -- Up-to-date: C:/Users/SSAFY/Desktop/catkin_ws/install/ssafy_msgs/include/ssafy_msgs/msg/b_box__rosidl_typesupport_introspection_cpp.hpp
[9.922s] -- Up-to-date: C:/Users/SSAFY/Desktop/catkin_ws/install/ssafy_msgs/include/ssafy_msgs/msg/b_box__type_support.cpp
[9.922s] -- Up-to-date: C:/Users/SSAFY/Desktop/catkin_ws/install/ssafy_msgs/include/ssafy_msgs/msg/custom_object_info__rosidl_typesupport_introspection_cpp.hpp
[9.938s] -- Up-to-date: C:/Users/SSAFY/Desktop/catkin_ws/install/ssafy_msgs/include/ssafy_msgs/msg/custom_object_info__type_support.cpp
[9.938s] -- Up-to-date: C:/Users/SSAFY/Desktop/catkin_ws/install/ssafy_msgs/include/ssafy_msgs/msg/enviroment_status__rosidl_typesupport_introspection_cpp.hpp
[9.953s] -- Up-to-date: C:/Users/SSAFY/Desktop/catkin_ws/install/ssafy_msgs/include/ssafy_msgs/msg/enviroment_status__type_support.cpp
[9.953s] -- Up-to-date: C:/Users/SSAFY/Desktop/catkin_ws/install/ssafy_msgs/include/ssafy_msgs/msg/hand_control__rosidl_typesupport_introspection_cpp.hpp
[9.969s] -- Up-to-date: C:/Users/SSAFY/Desktop/catkin_ws/install/ssafy_msgs/include/ssafy_msgs/msg/hand_control__type_support.cpp
[9.985s] -- Up-to-date: C:/Users/SSAFY/Desktop/catkin_ws/install/ssafy_msgs/include/ssafy_msgs/msg/num__rosidl_typesupport_introspection_cpp.hpp
[9.985s] -- Up-to-date: C:/Users/SSAFY/Desktop/catkin_ws/install/ssafy_msgs/include/ssafy_msgs/msg/num__type_support.cpp
[10.000s] -- Up-to-date: C:/Users/SSAFY/Desktop/catkin_ws/install/ssafy_msgs/include/ssafy_msgs/msg/object_info__rosidl_typesupport_introspection_cpp.hpp
[10.000s] -- Up-to-date: C:/Users/SSAFY/Desktop/catkin_ws/install/ssafy_msgs/include/ssafy_msgs/msg/object_info__type_support.cpp
[10.016s] -- Up-to-date: C:/Users/SSAFY/Desktop/catkin_ws/install/ssafy_msgs/include/ssafy_msgs/msg/turtlebot_status__rosidl_typesupport_introspection_cpp.hpp
[10.016s] -- Up-to-date: C:/Users/SSAFY/Desktop/catkin_ws/install/ssafy_msgs/include/ssafy_msgs/msg/turtlebot_status__type_support.cpp
[10.032s] -- Up-to-date: C:/Users/SSAFY/Desktop/catkin_ws/install/ssafy_msgs/lib/ssafy_msgs__rosidl_typesupport_introspection_cpp.lib
[10.063s] -- Up-to-date: C:/Users/SSAFY/Desktop/catkin_ws/install/ssafy_msgs/bin/ssafy_msgs__rosidl_typesupport_introspection_cpp.dll
[10.063s] -- Up-to-date: C:/Users/SSAFY/Desktop/catkin_ws/install/ssafy_msgs/share/ssafy_msgs/environment/pythonpath.bat
[10.078s] -- Up-to-date: C:/Users/SSAFY/Desktop/catkin_ws/install/ssafy_msgs/share/ssafy_msgs/environment/pythonpath.dsv
[10.078s] -- Up-to-date: C:/Users/SSAFY/Desktop/catkin_ws/install/ssafy_msgs/Lib/site-packages/ssafy_msgs/__init__.py
[10.157s] -- Up-to-date: C:/Users/SSAFY/Desktop/catkin_ws/install/ssafy_msgs/Lib/site-packages/ssafy_msgs/msg
[10.157s] -- Up-to-date: C:/Users/SSAFY/Desktop/catkin_ws/install/ssafy_msgs/Lib/site-packages/ssafy_msgs/msg/_b_box.py
[10.172s] -- Up-to-date: C:/Users/SSAFY/Desktop/catkin_ws/install/ssafy_msgs/Lib/site-packages/ssafy_msgs/msg/_b_box_s.c
[10.172s] -- Up-to-date: C:/Users/SSAFY/Desktop/catkin_ws/install/ssafy_msgs/Lib/site-packages/ssafy_msgs/msg/_custom_object_info.py
[10.188s] -- Up-to-date: C:/Users/SSAFY/Desktop/catkin_ws/install/ssafy_msgs/Lib/site-packages/ssafy_msgs/msg/_custom_object_info_s.c
[10.188s] -- Up-to-date: C:/Users/SSAFY/Desktop/catkin_ws/install/ssafy_msgs/Lib/site-packages/ssafy_msgs/msg/_enviroment_status.py
[10.203s] -- Up-to-date: C:/Users/SSAFY/Desktop/catkin_ws/install/ssafy_msgs/Lib/site-packages/ssafy_msgs/msg/_enviroment_status_s.c
[10.219s] -- Up-to-date: C:/Users/SSAFY/Desktop/catkin_ws/install/ssafy_msgs/Lib/site-packages/ssafy_msgs/msg/_hand_control.py
[10.219s] -- Up-to-date: C:/Users/SSAFY/Desktop/catkin_ws/install/ssafy_msgs/Lib/site-packages/ssafy_msgs/msg/_hand_control_s.c
[10.235s] -- Up-to-date: C:/Users/SSAFY/Desktop/catkin_ws/install/ssafy_msgs/Lib/site-packages/ssafy_msgs/msg/_num.py
[10.235s] -- Up-to-date: C:/Users/SSAFY/Desktop/catkin_ws/install/ssafy_msgs/Lib/site-packages/ssafy_msgs/msg/_num_s.c
[10.250s] -- Up-to-date: C:/Users/SSAFY/Desktop/catkin_ws/install/ssafy_msgs/Lib/site-packages/ssafy_msgs/msg/_object_info.py
[10.266s] -- Up-to-date: C:/Users/SSAFY/Desktop/catkin_ws/install/ssafy_msgs/Lib/site-packages/ssafy_msgs/msg/_object_info_s.c
[10.266s] -- Up-to-date: C:/Users/SSAFY/Desktop/catkin_ws/install/ssafy_msgs/Lib/site-packages/ssafy_msgs/msg/_turtlebot_status.py
[10.282s] -- Up-to-date: C:/Users/SSAFY/Desktop/catkin_ws/install/ssafy_msgs/Lib/site-packages/ssafy_msgs/msg/_turtlebot_status_s.c
[10.282s] -- Up-to-date: C:/Users/SSAFY/Desktop/catkin_ws/install/ssafy_msgs/Lib/site-packages/ssafy_msgs/msg/__init__.py
[10.282s] -- Up-to-date: C:/Users/SSAFY/Desktop/catkin_ws/install/ssafy_msgs/Lib/site-packages/ssafy_msgs/ssafy_msgs_s__rosidl_typesupport_c.lib
[10.313s] -- Up-to-date: C:/Users/SSAFY/Desktop/catkin_ws/install/ssafy_msgs/Lib/site-packages/ssafy_msgs/ssafy_msgs_s__rosidl_typesupport_c.pyd
[10.313s] -- Up-to-date: C:/Users/SSAFY/Desktop/catkin_ws/install/ssafy_msgs/Lib/site-packages/ssafy_msgs/ssafy_msgs_s__rosidl_typesupport_connext_c.lib
[10.344s] -- Up-to-date: C:/Users/SSAFY/Desktop/catkin_ws/install/ssafy_msgs/Lib/site-packages/ssafy_msgs/ssafy_msgs_s__rosidl_typesupport_connext_c.pyd
[10.360s] -- Up-to-date: C:/Users/SSAFY/Desktop/catkin_ws/install/ssafy_msgs/Lib/site-packages/ssafy_msgs/ssafy_msgs_s__rosidl_typesupport_introspection_c.lib
[10.391s] -- Up-to-date: C:/Users/SSAFY/Desktop/catkin_ws/install/ssafy_msgs/Lib/site-packages/ssafy_msgs/ssafy_msgs_s__rosidl_typesupport_introspection_c.pyd
[10.391s] -- Up-to-date: C:/Users/SSAFY/Desktop/catkin_ws/install/ssafy_msgs/Lib/site-packages/ssafy_msgs/ssafy_msgs_s__rosidl_typesupport_fastrtps_c.lib
[10.438s] -- Up-to-date: C:/Users/SSAFY/Desktop/catkin_ws/install/ssafy_msgs/Lib/site-packages/ssafy_msgs/ssafy_msgs_s__rosidl_typesupport_fastrtps_c.pyd
[10.438s] -- Up-to-date: C:/Users/SSAFY/Desktop/catkin_ws/install/ssafy_msgs/Lib/site-packages/ssafy_msgs/ssafy_msgs_s__rosidl_typesupport_opensplice_c.lib
[10.485s] -- Up-to-date: C:/Users/SSAFY/Desktop/catkin_ws/install/ssafy_msgs/Lib/site-packages/ssafy_msgs/ssafy_msgs_s__rosidl_typesupport_opensplice_c.pyd
[10.485s] -- Up-to-date: C:/Users/SSAFY/Desktop/catkin_ws/install/ssafy_msgs/lib/ssafy_msgs__python.lib
[10.516s] -- Up-to-date: C:/Users/SSAFY/Desktop/catkin_ws/install/ssafy_msgs/bin/ssafy_msgs__python.dll
[10.516s] -- Up-to-date: C:/Users/SSAFY/Desktop/catkin_ws/install/ssafy_msgs/share/ssafy_msgs/msg/Num.idl
[10.516s] -- Up-to-date: C:/Users/SSAFY/Desktop/catkin_ws/install/ssafy_msgs/share/ssafy_msgs/msg/EnviromentStatus.idl
[10.516s] -- Up-to-date: C:/Users/SSAFY/Desktop/catkin_ws/install/ssafy_msgs/share/ssafy_msgs/msg/TurtlebotStatus.idl
[10.516s] -- Up-to-date: C:/Users/SSAFY/Desktop/catkin_ws/install/ssafy_msgs/share/ssafy_msgs/msg/BBox.idl
[10.532s] -- Up-to-date: C:/Users/SSAFY/Desktop/catkin_ws/install/ssafy_msgs/share/ssafy_msgs/msg/ObjectInfo.idl
[10.532s] -- Up-to-date: C:/Users/SSAFY/Desktop/catkin_ws/install/ssafy_msgs/share/ssafy_msgs/msg/HandControl.idl
[10.532s] -- Up-to-date: C:/Users/SSAFY/Desktop/catkin_ws/install/ssafy_msgs/share/ssafy_msgs/msg/CustomObjectInfo.idl
[10.532s] -- Up-to-date: C:/Users/SSAFY/Desktop/catkin_ws/install/ssafy_msgs/share/ssafy_msgs/msg/Num.msg
[10.532s] -- Up-to-date: C:/Users/SSAFY/Desktop/catkin_ws/install/ssafy_msgs/share/ssafy_msgs/msg/EnviromentStatus.msg
[10.532s] -- Up-to-date: C:/Users/SSAFY/Desktop/catkin_ws/install/ssafy_msgs/share/ssafy_msgs/msg/TurtlebotStatus.msg
[10.532s] -- Up-to-date: C:/Users/SSAFY/Desktop/catkin_ws/install/ssafy_msgs/share/ssafy_msgs/msg/BBox.msg
[10.547s] -- Up-to-date: C:/Users/SSAFY/Desktop/catkin_ws/install/ssafy_msgs/share/ssafy_msgs/msg/ObjectInfo.msg
[10.547s] -- Up-to-date: C:/Users/SSAFY/Desktop/catkin_ws/install/ssafy_msgs/share/ssafy_msgs/msg/HandControl.msg
[10.547s] -- Up-to-date: C:/Users/SSAFY/Desktop/catkin_ws/install/ssafy_msgs/share/ssafy_msgs/msg/CustomObjectInfo.msg
[10.547s] -- Up-to-date: C:/Users/SSAFY/Desktop/catkin_ws/install/ssafy_msgs/share/ament_index/resource_index/package_run_dependencies/ssafy_msgs
[10.547s] -- Up-to-date: C:/Users/SSAFY/Desktop/catkin_ws/install/ssafy_msgs/share/ament_index/resource_index/parent_prefix_path/ssafy_msgs
[10.563s] -- Up-to-date: C:/Users/SSAFY/Desktop/catkin_ws/install/ssafy_msgs/share/ssafy_msgs/environment/ament_prefix_path.bat
[10.563s] -- Up-to-date: C:/Users/SSAFY/Desktop/catkin_ws/install/ssafy_msgs/share/ssafy_msgs/environment/ament_prefix_path.dsv
[10.563s] -- Up-to-date: C:/Users/SSAFY/Desktop/catkin_ws/install/ssafy_msgs/share/ssafy_msgs/environment/path.bat
[10.578s] -- Up-to-date: C:/Users/SSAFY/Desktop/catkin_ws/install/ssafy_msgs/share/ssafy_msgs/environment/path.dsv
[10.578s] -- Up-to-date: C:/Users/SSAFY/Desktop/catkin_ws/install/ssafy_msgs/share/ssafy_msgs/local_setup.bat
[10.578s] -- Up-to-date: C:/Users/SSAFY/Desktop/catkin_ws/install/ssafy_msgs/share/ssafy_msgs/local_setup.dsv
[10.594s] -- Installing: C:/Users/SSAFY/Desktop/catkin_ws/install/ssafy_msgs/share/ssafy_msgs/package.dsv
[10.594s] -- Up-to-date: C:/Users/SSAFY/Desktop/catkin_ws/install/ssafy_msgs/share/ament_index/resource_index/packages/ssafy_msgs
[10.594s] -- Up-to-date: C:/Users/SSAFY/Desktop/catkin_ws/install/ssafy_msgs/share/ssafy_msgs/cmake/rosidl_cmake-extras.cmake
[10.610s] -- Up-to-date: C:/Users/SSAFY/Desktop/catkin_ws/install/ssafy_msgs/share/ssafy_msgs/cmake/ament_cmake_export_dependencies-extras.cmake
[10.610s] -- Up-to-date: C:/Users/SSAFY/Desktop/catkin_ws/install/ssafy_msgs/share/ssafy_msgs/cmake/ament_cmake_export_libraries-extras.cmake
[10.625s] -- Up-to-date: C:/Users/SSAFY/Desktop/catkin_ws/install/ssafy_msgs/share/ssafy_msgs/cmake/ament_cmake_export_include_directories-extras.cmake
[10.625s] -- Up-to-date: C:/Users/SSAFY/Desktop/catkin_ws/install/ssafy_msgs/share/ssafy_msgs/cmake/rosidl_cmake_export_typesupport_libraries-extras.cmake
[10.641s] -- Up-to-date: C:/Users/SSAFY/Desktop/catkin_ws/install/ssafy_msgs/share/ssafy_msgs/cmake/ssafy_msgsConfig.cmake
[10.641s] -- Up-to-date: C:/Users/SSAFY/Desktop/catkin_ws/install/ssafy_msgs/share/ssafy_msgs/cmake/ssafy_msgsConfig-version.cmake
[10.641s] -- Up-to-date: C:/Users/SSAFY/Desktop/catkin_ws/install/ssafy_msgs/share/ssafy_msgs/package.xml
[10.657s] Invoked command in 'C:\Users\SSAFY\Desktop\catkin_ws\build\ssafy_msgs' returned '0': installDir=%installDir%
IntelliJ IDEA=C:\Program Files\JetBrains\IntelliJ IDEA 2024.1.4\bin;
IntelliJ IDEA Community Edition=C:\Program Files\JetBrains\IntelliJ IDEA Community Edition 2024.1.4\bin; C:\Program Files (x86)\Microsoft Visual Studio\2019\BuildTools\Common7\IDE\CommonExtensions\Microsoft\CMake\CMake\bin\cmake.EXE --install C:\Users\SSAFY\Desktop\catkin_ws\build\ssafy_msgs --config Release
