[0.781s] Invoking command in 'C:\Users\SSAFY\Desktop\git_clone\S11P21B209\ROS2\src\my_package': INCLUDE=%INCLUDE%
IntelliJ IDEA Community Edition=C:\Program Files\JetBrains\IntelliJ IDEA Community Edition 2024.2\bin; PYTHONPATH=C:\Users\SSAFY\Desktop\git_clone\S11P21B209\ROS2\build\my_package\prefix_override;c:\python37\lib\site-packages\colcon_core\task\python\colcon_distutils_commands;C:\Users\SSAFY\Desktop\git_clone\S11P21B209\ROS2\install\my_package\Lib\site-packages; c:\python37\python.exe -W ignore:setup.py install is deprecated setup.py egg_info --egg-base ..\..\build\my_package build --build-base C:\Users\SSAFY\Desktop\git_clone\S11P21B209\ROS2\build\my_package\build install --record C:\Users\SSAFY\Desktop\git_clone\S11P21B209\ROS2\build\my_package\install.log --install-scripts $base/lib/my_package --single-version-externally-managed install_data
[1.015s] running egg_info
[1.015s] creating ..\..\build\my_package\my_package.egg-info
[1.031s] writing ..\..\build\my_package\my_package.egg-info\PKG-INFO
[1.031s] writing dependency_links to ..\..\build\my_package\my_package.egg-info\dependency_links.txt
[1.031s] writing entry points to ..\..\build\my_package\my_package.egg-info\entry_points.txt
[1.031s] writing requirements to ..\..\build\my_package\my_package.egg-info\requires.txt
[1.047s] writing top-level names to ..\..\build\my_package\my_package.egg-info\top_level.txt
[1.047s] writing manifest file '..\..\build\my_package\my_package.egg-info\SOURCES.txt'
[1.078s] reading manifest file '..\..\build\my_package\my_package.egg-info\SOURCES.txt'
[1.078s] writing manifest file '..\..\build\my_package\my_package.egg-info\SOURCES.txt'
[1.078s] running build
[1.078s] running build_py
[1.078s] creating C:\Users\SSAFY\Desktop\git_clone\S11P21B209\ROS2\build\my_package\build
[1.078s] creating C:\Users\SSAFY\Desktop\git_clone\S11P21B209\ROS2\build\my_package\build\lib
[1.078s] creating C:\Users\SSAFY\Desktop\git_clone\S11P21B209\ROS2\build\my_package\build\lib\my_package
[1.078s] copying my_package\__init__.py -> C:\Users\SSAFY\Desktop\git_clone\S11P21B209\ROS2\build\my_package\build\lib\my_package
[1.078s] copying my_package\dynamic_window_approach.py -> C:\Users\SSAFY\Desktop\git_clone\S11P21B209\ROS2\build\my_package\build\lib\my_package
[1.078s] copying my_package\a_star.py -> C:\Users\SSAFY\Desktop\git_clone\S11P21B209\ROS2\build\my_package\build\lib\my_package
[1.078s] copying my_package\a_star_local_path.py -> C:\Users\SSAFY\Desktop\git_clone\S11P21B209\ROS2\build\my_package\build\lib\my_package
[1.078s] copying my_package\data_socket.py -> C:\Users\SSAFY\Desktop\git_clone\S11P21B209\ROS2\build\my_package\build\lib\my_package
[1.078s] copying my_package\dwa_local_path.py -> C:\Users\SSAFY\Desktop\git_clone\S11P21B209\ROS2\build\my_package\build\lib\my_package
[1.078s] copying my_package\follow_the_carrot.py -> C:\Users\SSAFY\Desktop\git_clone\S11P21B209\ROS2\build\my_package\build\lib\my_package
[1.078s] copying my_package\load_map.py -> C:\Users\SSAFY\Desktop\git_clone\S11P21B209\ROS2\build\my_package\build\lib\my_package
[1.078s] copying my_package\my_node.py -> C:\Users\SSAFY\Desktop\git_clone\S11P21B209\ROS2\build\my_package\build\lib\my_package
[1.078s] copying my_package\odometry.py -> C:\Users\SSAFY\Desktop\git_clone\S11P21B209\ROS2\build\my_package\build\lib\my_package
[1.078s] copying my_package\path_publisher.py -> C:\Users\SSAFY\Desktop\git_clone\S11P21B209\ROS2\build\my_package\build\lib\my_package
[1.078s] copying my_package\publisher_member_function.py -> C:\Users\SSAFY\Desktop\git_clone\S11P21B209\ROS2\build\my_package\build\lib\my_package
[1.078s] copying my_package\run_localization.py -> C:\Users\SSAFY\Desktop\git_clone\S11P21B209\ROS2\build\my_package\build\lib\my_package
[1.094s] copying my_package\run_mapping.py -> C:\Users\SSAFY\Desktop\git_clone\S11P21B209\ROS2\build\my_package\build\lib\my_package
[1.094s] copying my_package\subscriber_member_function.py -> C:\Users\SSAFY\Desktop\git_clone\S11P21B209\ROS2\build\my_package\build\lib\my_package
[1.094s] copying my_package\utils.py -> C:\Users\SSAFY\Desktop\git_clone\S11P21B209\ROS2\build\my_package\build\lib\my_package
[1.094s] running install
[1.094s] running install_lib
[1.109s] creating C:\Users\SSAFY\Desktop\git_clone\S11P21B209\ROS2\install\my_package\Lib\site-packages\my_package
[1.109s] copying C:\Users\SSAFY\Desktop\git_clone\S11P21B209\ROS2\build\my_package\build\lib\my_package\a_star.py -> C:\Users\SSAFY\Desktop\git_clone\S11P21B209\ROS2\install\my_package\Lib\site-packages\my_package
[1.109s] copying C:\Users\SSAFY\Desktop\git_clone\S11P21B209\ROS2\build\my_package\build\lib\my_package\a_star_local_path.py -> C:\Users\SSAFY\Desktop\git_clone\S11P21B209\ROS2\install\my_package\Lib\site-packages\my_package
[1.109s] copying C:\Users\SSAFY\Desktop\git_clone\S11P21B209\ROS2\build\my_package\build\lib\my_package\data_socket.py -> C:\Users\SSAFY\Desktop\git_clone\S11P21B209\ROS2\install\my_package\Lib\site-packages\my_package
[1.109s] copying C:\Users\SSAFY\Desktop\git_clone\S11P21B209\ROS2\build\my_package\build\lib\my_package\dwa_local_path.py -> C:\Users\SSAFY\Desktop\git_clone\S11P21B209\ROS2\install\my_package\Lib\site-packages\my_package
[1.109s] copying C:\Users\SSAFY\Desktop\git_clone\S11P21B209\ROS2\build\my_package\build\lib\my_package\dynamic_window_approach.py -> C:\Users\SSAFY\Desktop\git_clone\S11P21B209\ROS2\install\my_package\Lib\site-packages\my_package
[1.109s] copying C:\Users\SSAFY\Desktop\git_clone\S11P21B209\ROS2\build\my_package\build\lib\my_package\follow_the_carrot.py -> C:\Users\SSAFY\Desktop\git_clone\S11P21B209\ROS2\install\my_package\Lib\site-packages\my_package
[1.109s] copying C:\Users\SSAFY\Desktop\git_clone\S11P21B209\ROS2\build\my_package\build\lib\my_package\load_map.py -> C:\Users\SSAFY\Desktop\git_clone\S11P21B209\ROS2\install\my_package\Lib\site-packages\my_package
[1.125s] copying C:\Users\SSAFY\Desktop\git_clone\S11P21B209\ROS2\build\my_package\build\lib\my_package\my_node.py -> C:\Users\SSAFY\Desktop\git_clone\S11P21B209\ROS2\install\my_package\Lib\site-packages\my_package
[1.125s] copying C:\Users\SSAFY\Desktop\git_clone\S11P21B209\ROS2\build\my_package\build\lib\my_package\odometry.py -> C:\Users\SSAFY\Desktop\git_clone\S11P21B209\ROS2\install\my_package\Lib\site-packages\my_package
[1.125s] copying C:\Users\SSAFY\Desktop\git_clone\S11P21B209\ROS2\build\my_package\build\lib\my_package\path_publisher.py -> C:\Users\SSAFY\Desktop\git_clone\S11P21B209\ROS2\install\my_package\Lib\site-packages\my_package
[1.125s] copying C:\Users\SSAFY\Desktop\git_clone\S11P21B209\ROS2\build\my_package\build\lib\my_package\publisher_member_function.py -> C:\Users\SSAFY\Desktop\git_clone\S11P21B209\ROS2\install\my_package\Lib\site-packages\my_package
[1.125s] copying C:\Users\SSAFY\Desktop\git_clone\S11P21B209\ROS2\build\my_package\build\lib\my_package\run_localization.py -> C:\Users\SSAFY\Desktop\git_clone\S11P21B209\ROS2\install\my_package\Lib\site-packages\my_package
[1.125s] copying C:\Users\SSAFY\Desktop\git_clone\S11P21B209\ROS2\build\my_package\build\lib\my_package\run_mapping.py -> C:\Users\SSAFY\Desktop\git_clone\S11P21B209\ROS2\install\my_package\Lib\site-packages\my_package
[1.140s] copying C:\Users\SSAFY\Desktop\git_clone\S11P21B209\ROS2\build\my_package\build\lib\my_package\subscriber_member_function.py -> C:\Users\SSAFY\Desktop\git_clone\S11P21B209\ROS2\install\my_package\Lib\site-packages\my_package
[1.140s] copying C:\Users\SSAFY\Desktop\git_clone\S11P21B209\ROS2\build\my_package\build\lib\my_package\utils.py -> C:\Users\SSAFY\Desktop\git_clone\S11P21B209\ROS2\install\my_package\Lib\site-packages\my_package
[1.140s] copying C:\Users\SSAFY\Desktop\git_clone\S11P21B209\ROS2\build\my_package\build\lib\my_package\__init__.py -> C:\Users\SSAFY\Desktop\git_clone\S11P21B209\ROS2\install\my_package\Lib\site-packages\my_package
[1.140s] byte-compiling C:\Users\SSAFY\Desktop\git_clone\S11P21B209\ROS2\install\my_package\Lib\site-packages\my_package\a_star.py to a_star.cpython-37.pyc
[1.140s] byte-compiling C:\Users\SSAFY\Desktop\git_clone\S11P21B209\ROS2\install\my_package\Lib\site-packages\my_package\a_star_local_path.py to a_star_local_path.cpython-37.pyc
[1.140s] byte-compiling C:\Users\SSAFY\Desktop\git_clone\S11P21B209\ROS2\install\my_package\Lib\site-packages\my_package\data_socket.py to data_socket.cpython-37.pyc
[1.140s] byte-compiling C:\Users\SSAFY\Desktop\git_clone\S11P21B209\ROS2\install\my_package\Lib\site-packages\my_package\dwa_local_path.py to dwa_local_path.cpython-37.pyc
[1.156s] byte-compiling C:\Users\SSAFY\Desktop\git_clone\S11P21B209\ROS2\install\my_package\Lib\site-packages\my_package\dynamic_window_approach.py to dynamic_window_approach.cpython-37.pyc
[1.156s] byte-compiling C:\Users\SSAFY\Desktop\git_clone\S11P21B209\ROS2\install\my_package\Lib\site-packages\my_package\follow_the_carrot.py to follow_the_carrot.cpython-37.pyc
[1.156s] byte-compiling C:\Users\SSAFY\Desktop\git_clone\S11P21B209\ROS2\install\my_package\Lib\site-packages\my_package\load_map.py to load_map.cpython-37.pyc
[1.156s] byte-compiling C:\Users\SSAFY\Desktop\git_clone\S11P21B209\ROS2\install\my_package\Lib\site-packages\my_package\my_node.py to my_node.cpython-37.pyc
[1.156s] byte-compiling C:\Users\SSAFY\Desktop\git_clone\S11P21B209\ROS2\install\my_package\Lib\site-packages\my_package\odometry.py to odometry.cpython-37.pyc
[1.156s] byte-compiling C:\Users\SSAFY\Desktop\git_clone\S11P21B209\ROS2\install\my_package\Lib\site-packages\my_package\path_publisher.py to path_publisher.cpython-37.pyc
[1.156s] byte-compiling C:\Users\SSAFY\Desktop\git_clone\S11P21B209\ROS2\install\my_package\Lib\site-packages\my_package\publisher_member_function.py to publisher_member_function.cpython-37.pyc
[1.156s] byte-compiling C:\Users\SSAFY\Desktop\git_clone\S11P21B209\ROS2\install\my_package\Lib\site-packages\my_package\run_localization.py to run_localization.cpython-37.pyc
[1.172s] byte-compiling C:\Users\SSAFY\Desktop\git_clone\S11P21B209\ROS2\install\my_package\Lib\site-packages\my_package\run_mapping.py to run_mapping.cpython-37.pyc
[1.172s] byte-compiling C:\Users\SSAFY\Desktop\git_clone\S11P21B209\ROS2\install\my_package\Lib\site-packages\my_package\subscriber_member_function.py to subscriber_member_function.cpython-37.pyc
[1.172s] byte-compiling C:\Users\SSAFY\Desktop\git_clone\S11P21B209\ROS2\install\my_package\Lib\site-packages\my_package\utils.py to utils.cpython-37.pyc
[1.172s] byte-compiling C:\Users\SSAFY\Desktop\git_clone\S11P21B209\ROS2\install\my_package\Lib\site-packages\my_package\__init__.py to __init__.cpython-37.pyc
[1.172s] running install_data
[1.172s] copying resource\my_package -> C:\Users\SSAFY\Desktop\git_clone\S11P21B209\ROS2\install\my_package\share\ament_index\resource_index\packages
[1.172s] c:\python37\lib\site-packages\setuptools\dist.py:745: SetuptoolsDeprecationWarning: Invalid dash-separated options
[1.172s] !!
[1.172s] 
[1.172s]         ********************************************************************************
[1.172s]         Usage of dash-separated 'script-dir' will not be supported in future
[1.172s]         versions. Please use the underscore name 'script_dir' instead.
[1.172s] 
[1.172s]         This deprecation is overdue, please update your project and remove deprecated
[1.172s]         calls to avoid build errors in the future.
[1.172s] 
[1.172s]         See https://setuptools.pypa.io/en/latest/userguide/declarative_config.html for details.
[1.172s]         ********************************************************************************
[1.172s] 
[1.172s] !!
[1.172s]   opt = self.warn_dash_deprecation(opt, section)
[1.172s] error: could not create 'C:\Users\SSAFY\Desktop\git_clone\S11P21B209\ROS2\install\my_package\share\ament_index\resource_index\packages\my_package': No such file or directory
[1.187s] Invoked command in 'C:\Users\SSAFY\Desktop\git_clone\S11P21B209\ROS2\src\my_package' returned '1': INCLUDE=%INCLUDE%
IntelliJ IDEA Community Edition=C:\Program Files\JetBrains\IntelliJ IDEA Community Edition 2024.2\bin; PYTHONPATH=C:\Users\SSAFY\Desktop\git_clone\S11P21B209\ROS2\build\my_package\prefix_override;c:\python37\lib\site-packages\colcon_core\task\python\colcon_distutils_commands;C:\Users\SSAFY\Desktop\git_clone\S11P21B209\ROS2\install\my_package\Lib\site-packages; c:\python37\python.exe -W ignore:setup.py install is deprecated setup.py egg_info --egg-base ..\..\build\my_package build --build-base C:\Users\SSAFY\Desktop\git_clone\S11P21B209\ROS2\build\my_package\build install --record C:\Users\SSAFY\Desktop\git_clone\S11P21B209\ROS2\build\my_package\install.log --install-scripts $base/lib/my_package --single-version-externally-managed install_data
